[2023-02-18T07:48:37.417+0000] {processor.py:153} INFO - Started process (PID=108) to work on /home/airflow/.local/lib/python3.7/site-packages/airflow/example_dags/example_kubernetes_executor.py
[2023-02-18T07:48:37.434+0000] {processor.py:743} INFO - Processing file /home/airflow/.local/lib/python3.7/site-packages/airflow/example_dags/example_kubernetes_executor.py for tasks to queue
[2023-02-18T07:48:37.463+0000] {logging_mixin.py:137} INFO - [2023-02-18T07:48:37.463+0000] {dagbag.py:538} INFO - Filling up the DagBag from /home/airflow/.local/lib/python3.7/site-packages/airflow/example_dags/example_kubernetes_executor.py
[2023-02-18T07:48:38.208+0000] {processor.py:753} INFO - DAG(s) dict_keys(['example_kubernetes_executor']) retrieved from /home/airflow/.local/lib/python3.7/site-packages/airflow/example_dags/example_kubernetes_executor.py
[2023-02-18T07:48:39.296+0000] {logging_mixin.py:137} INFO - [2023-02-18T07:48:39.296+0000] {dag.py:2690} INFO - Sync 1 DAGs
[2023-02-18T07:48:39.616+0000] {logging_mixin.py:137} INFO - [2023-02-18T07:48:39.615+0000] {dag.py:3441} INFO - Setting next_dagrun for example_kubernetes_executor to None, run_after=None
[2023-02-18T07:48:40.097+0000] {processor.py:175} INFO - Processing /home/airflow/.local/lib/python3.7/site-packages/airflow/example_dags/example_kubernetes_executor.py took 2.839 seconds
[2023-02-18T07:50:03.410+0000] {processor.py:153} INFO - Started process (PID=179) to work on /home/airflow/.local/lib/python3.7/site-packages/airflow/example_dags/example_kubernetes_executor.py
[2023-02-18T07:50:03.426+0000] {processor.py:743} INFO - Processing file /home/airflow/.local/lib/python3.7/site-packages/airflow/example_dags/example_kubernetes_executor.py for tasks to queue
[2023-02-18T07:50:03.429+0000] {logging_mixin.py:137} INFO - [2023-02-18T07:50:03.428+0000] {dagbag.py:538} INFO - Filling up the DagBag from /home/airflow/.local/lib/python3.7/site-packages/airflow/example_dags/example_kubernetes_executor.py
[2023-02-18T07:50:06.049+0000] {processor.py:753} INFO - DAG(s) dict_keys(['example_kubernetes_executor']) retrieved from /home/airflow/.local/lib/python3.7/site-packages/airflow/example_dags/example_kubernetes_executor.py
[2023-02-18T07:50:07.211+0000] {logging_mixin.py:137} INFO - [2023-02-18T07:50:07.210+0000] {dag.py:2690} INFO - Sync 1 DAGs
[2023-02-18T07:50:08.157+0000] {logging_mixin.py:137} INFO - [2023-02-18T07:50:08.157+0000] {dag.py:3441} INFO - Setting next_dagrun for example_kubernetes_executor to None, run_after=None
[2023-02-18T07:50:09.067+0000] {processor.py:175} INFO - Processing /home/airflow/.local/lib/python3.7/site-packages/airflow/example_dags/example_kubernetes_executor.py took 5.875 seconds
[2023-02-18T07:50:59.581+0000] {processor.py:153} INFO - Started process (PID=231) to work on /home/airflow/.local/lib/python3.7/site-packages/airflow/example_dags/example_kubernetes_executor.py
[2023-02-18T07:50:59.596+0000] {processor.py:743} INFO - Processing file /home/airflow/.local/lib/python3.7/site-packages/airflow/example_dags/example_kubernetes_executor.py for tasks to queue
[2023-02-18T07:50:59.598+0000] {logging_mixin.py:137} INFO - [2023-02-18T07:50:59.598+0000] {dagbag.py:538} INFO - Filling up the DagBag from /home/airflow/.local/lib/python3.7/site-packages/airflow/example_dags/example_kubernetes_executor.py
[2023-02-18T07:51:01.040+0000] {processor.py:753} INFO - DAG(s) dict_keys(['example_kubernetes_executor']) retrieved from /home/airflow/.local/lib/python3.7/site-packages/airflow/example_dags/example_kubernetes_executor.py
[2023-02-18T07:51:01.887+0000] {logging_mixin.py:137} INFO - [2023-02-18T07:51:01.887+0000] {dag.py:2690} INFO - Sync 1 DAGs
[2023-02-18T07:51:03.021+0000] {logging_mixin.py:137} INFO - [2023-02-18T07:51:03.020+0000] {dag.py:3441} INFO - Setting next_dagrun for example_kubernetes_executor to None, run_after=None
[2023-02-18T07:51:03.757+0000] {processor.py:175} INFO - Processing /home/airflow/.local/lib/python3.7/site-packages/airflow/example_dags/example_kubernetes_executor.py took 4.415 seconds
[2023-02-18T07:51:55.889+0000] {processor.py:153} INFO - Started process (PID=282) to work on /home/airflow/.local/lib/python3.7/site-packages/airflow/example_dags/example_kubernetes_executor.py
[2023-02-18T07:51:55.904+0000] {processor.py:743} INFO - Processing file /home/airflow/.local/lib/python3.7/site-packages/airflow/example_dags/example_kubernetes_executor.py for tasks to queue
[2023-02-18T07:51:55.907+0000] {logging_mixin.py:137} INFO - [2023-02-18T07:51:55.907+0000] {dagbag.py:538} INFO - Filling up the DagBag from /home/airflow/.local/lib/python3.7/site-packages/airflow/example_dags/example_kubernetes_executor.py
[2023-02-18T07:51:57.004+0000] {processor.py:753} INFO - DAG(s) dict_keys(['example_kubernetes_executor']) retrieved from /home/airflow/.local/lib/python3.7/site-packages/airflow/example_dags/example_kubernetes_executor.py
[2023-02-18T07:51:58.703+0000] {logging_mixin.py:137} INFO - [2023-02-18T07:51:58.691+0000] {dag.py:2690} INFO - Sync 1 DAGs
[2023-02-18T07:51:59.999+0000] {logging_mixin.py:137} INFO - [2023-02-18T07:51:59.998+0000] {dag.py:3441} INFO - Setting next_dagrun for example_kubernetes_executor to None, run_after=None
[2023-02-18T07:52:01.023+0000] {processor.py:175} INFO - Processing /home/airflow/.local/lib/python3.7/site-packages/airflow/example_dags/example_kubernetes_executor.py took 5.438 seconds
[2023-02-18T07:52:46.087+0000] {processor.py:153} INFO - Started process (PID=325) to work on /home/airflow/.local/lib/python3.7/site-packages/airflow/example_dags/example_kubernetes_executor.py
[2023-02-18T07:52:46.135+0000] {processor.py:743} INFO - Processing file /home/airflow/.local/lib/python3.7/site-packages/airflow/example_dags/example_kubernetes_executor.py for tasks to queue
[2023-02-18T07:52:46.172+0000] {logging_mixin.py:137} INFO - [2023-02-18T07:52:46.172+0000] {dagbag.py:538} INFO - Filling up the DagBag from /home/airflow/.local/lib/python3.7/site-packages/airflow/example_dags/example_kubernetes_executor.py
[2023-02-18T07:52:47.027+0000] {processor.py:753} INFO - DAG(s) dict_keys(['example_kubernetes_executor']) retrieved from /home/airflow/.local/lib/python3.7/site-packages/airflow/example_dags/example_kubernetes_executor.py
[2023-02-18T07:52:48.814+0000] {logging_mixin.py:137} INFO - [2023-02-18T07:52:48.813+0000] {dag.py:2690} INFO - Sync 1 DAGs
[2023-02-18T07:52:49.918+0000] {logging_mixin.py:137} INFO - [2023-02-18T07:52:49.918+0000] {dag.py:3441} INFO - Setting next_dagrun for example_kubernetes_executor to None, run_after=None
[2023-02-18T07:52:51.058+0000] {processor.py:175} INFO - Processing /home/airflow/.local/lib/python3.7/site-packages/airflow/example_dags/example_kubernetes_executor.py took 5.108 seconds
[2023-02-18T07:53:27.826+0000] {processor.py:153} INFO - Started process (PID=366) to work on /home/airflow/.local/lib/python3.7/site-packages/airflow/example_dags/example_kubernetes_executor.py
[2023-02-18T07:53:27.881+0000] {processor.py:743} INFO - Processing file /home/airflow/.local/lib/python3.7/site-packages/airflow/example_dags/example_kubernetes_executor.py for tasks to queue
[2023-02-18T07:53:27.884+0000] {logging_mixin.py:137} INFO - [2023-02-18T07:53:27.883+0000] {dagbag.py:538} INFO - Filling up the DagBag from /home/airflow/.local/lib/python3.7/site-packages/airflow/example_dags/example_kubernetes_executor.py
[2023-02-18T07:53:28.564+0000] {processor.py:753} INFO - DAG(s) dict_keys(['example_kubernetes_executor']) retrieved from /home/airflow/.local/lib/python3.7/site-packages/airflow/example_dags/example_kubernetes_executor.py
[2023-02-18T07:53:29.124+0000] {logging_mixin.py:137} INFO - [2023-02-18T07:53:29.124+0000] {dag.py:2690} INFO - Sync 1 DAGs
[2023-02-18T07:53:30.293+0000] {logging_mixin.py:137} INFO - [2023-02-18T07:53:30.293+0000] {dag.py:3441} INFO - Setting next_dagrun for example_kubernetes_executor to None, run_after=None
[2023-02-18T07:53:31.356+0000] {processor.py:175} INFO - Processing /home/airflow/.local/lib/python3.7/site-packages/airflow/example_dags/example_kubernetes_executor.py took 3.610 seconds
[2023-02-18T07:54:11.086+0000] {processor.py:153} INFO - Started process (PID=406) to work on /home/airflow/.local/lib/python3.7/site-packages/airflow/example_dags/example_kubernetes_executor.py
[2023-02-18T07:54:11.132+0000] {processor.py:743} INFO - Processing file /home/airflow/.local/lib/python3.7/site-packages/airflow/example_dags/example_kubernetes_executor.py for tasks to queue
[2023-02-18T07:54:11.150+0000] {logging_mixin.py:137} INFO - [2023-02-18T07:54:11.146+0000] {dagbag.py:538} INFO - Filling up the DagBag from /home/airflow/.local/lib/python3.7/site-packages/airflow/example_dags/example_kubernetes_executor.py
[2023-02-18T07:54:11.653+0000] {processor.py:753} INFO - DAG(s) dict_keys(['example_kubernetes_executor']) retrieved from /home/airflow/.local/lib/python3.7/site-packages/airflow/example_dags/example_kubernetes_executor.py
[2023-02-18T07:54:13.257+0000] {logging_mixin.py:137} INFO - [2023-02-18T07:54:13.256+0000] {dag.py:2690} INFO - Sync 1 DAGs
[2023-02-18T07:54:14.187+0000] {logging_mixin.py:137} INFO - [2023-02-18T07:54:14.078+0000] {dag.py:3441} INFO - Setting next_dagrun for example_kubernetes_executor to None, run_after=None
[2023-02-18T07:54:15.089+0000] {processor.py:175} INFO - Processing /home/airflow/.local/lib/python3.7/site-packages/airflow/example_dags/example_kubernetes_executor.py took 4.244 seconds
[2023-02-18T07:55:00.943+0000] {processor.py:153} INFO - Started process (PID=454) to work on /home/airflow/.local/lib/python3.7/site-packages/airflow/example_dags/example_kubernetes_executor.py
[2023-02-18T07:55:00.959+0000] {processor.py:743} INFO - Processing file /home/airflow/.local/lib/python3.7/site-packages/airflow/example_dags/example_kubernetes_executor.py for tasks to queue
[2023-02-18T07:55:00.961+0000] {logging_mixin.py:137} INFO - [2023-02-18T07:55:00.961+0000] {dagbag.py:538} INFO - Filling up the DagBag from /home/airflow/.local/lib/python3.7/site-packages/airflow/example_dags/example_kubernetes_executor.py
[2023-02-18T07:55:02.050+0000] {processor.py:753} INFO - DAG(s) dict_keys(['example_kubernetes_executor']) retrieved from /home/airflow/.local/lib/python3.7/site-packages/airflow/example_dags/example_kubernetes_executor.py
[2023-02-18T07:55:03.248+0000] {logging_mixin.py:137} INFO - [2023-02-18T07:55:03.247+0000] {dag.py:2690} INFO - Sync 1 DAGs
[2023-02-18T07:55:04.745+0000] {logging_mixin.py:137} INFO - [2023-02-18T07:55:04.744+0000] {dag.py:3441} INFO - Setting next_dagrun for example_kubernetes_executor to None, run_after=None
[2023-02-18T07:55:05.569+0000] {processor.py:175} INFO - Processing /home/airflow/.local/lib/python3.7/site-packages/airflow/example_dags/example_kubernetes_executor.py took 4.744 seconds
[2023-02-18T07:56:07.161+0000] {processor.py:153} INFO - Started process (PID=506) to work on /home/airflow/.local/lib/python3.7/site-packages/airflow/example_dags/example_kubernetes_executor.py
[2023-02-18T07:56:07.479+0000] {processor.py:743} INFO - Processing file /home/airflow/.local/lib/python3.7/site-packages/airflow/example_dags/example_kubernetes_executor.py for tasks to queue
[2023-02-18T07:56:07.508+0000] {logging_mixin.py:137} INFO - [2023-02-18T07:56:07.507+0000] {dagbag.py:538} INFO - Filling up the DagBag from /home/airflow/.local/lib/python3.7/site-packages/airflow/example_dags/example_kubernetes_executor.py
[2023-02-18T07:56:08.322+0000] {processor.py:753} INFO - DAG(s) dict_keys(['example_kubernetes_executor']) retrieved from /home/airflow/.local/lib/python3.7/site-packages/airflow/example_dags/example_kubernetes_executor.py
[2023-02-18T07:56:10.022+0000] {logging_mixin.py:137} INFO - [2023-02-18T07:56:10.021+0000] {dag.py:2690} INFO - Sync 1 DAGs
[2023-02-18T07:56:11.956+0000] {logging_mixin.py:137} INFO - [2023-02-18T07:56:11.956+0000] {dag.py:3441} INFO - Setting next_dagrun for example_kubernetes_executor to None, run_after=None
[2023-02-18T07:56:13.627+0000] {processor.py:175} INFO - Processing /home/airflow/.local/lib/python3.7/site-packages/airflow/example_dags/example_kubernetes_executor.py took 6.737 seconds
[2023-02-18T07:58:10.918+0000] {processor.py:153} INFO - Started process (PID=585) to work on /home/airflow/.local/lib/python3.7/site-packages/airflow/example_dags/example_kubernetes_executor.py
[2023-02-18T07:58:10.971+0000] {processor.py:743} INFO - Processing file /home/airflow/.local/lib/python3.7/site-packages/airflow/example_dags/example_kubernetes_executor.py for tasks to queue
[2023-02-18T07:58:10.974+0000] {logging_mixin.py:137} INFO - [2023-02-18T07:58:10.974+0000] {dagbag.py:538} INFO - Filling up the DagBag from /home/airflow/.local/lib/python3.7/site-packages/airflow/example_dags/example_kubernetes_executor.py
[2023-02-18T07:58:14.149+0000] {processor.py:753} INFO - DAG(s) dict_keys(['example_kubernetes_executor']) retrieved from /home/airflow/.local/lib/python3.7/site-packages/airflow/example_dags/example_kubernetes_executor.py
[2023-02-18T07:58:17.960+0000] {logging_mixin.py:137} INFO - [2023-02-18T07:58:17.960+0000] {dag.py:2690} INFO - Sync 1 DAGs
[2023-02-18T07:58:19.344+0000] {logging_mixin.py:137} INFO - [2023-02-18T07:58:19.344+0000] {dag.py:3441} INFO - Setting next_dagrun for example_kubernetes_executor to None, run_after=None
[2023-02-18T07:58:21.935+0000] {processor.py:175} INFO - Processing /home/airflow/.local/lib/python3.7/site-packages/airflow/example_dags/example_kubernetes_executor.py took 11.061 seconds
[2023-02-18T08:01:13.366+0000] {processor.py:153} INFO - Started process (PID=698) to work on /home/airflow/.local/lib/python3.7/site-packages/airflow/example_dags/example_kubernetes_executor.py
[2023-02-18T08:01:13.537+0000] {processor.py:743} INFO - Processing file /home/airflow/.local/lib/python3.7/site-packages/airflow/example_dags/example_kubernetes_executor.py for tasks to queue
[2023-02-18T08:01:13.541+0000] {logging_mixin.py:137} INFO - [2023-02-18T08:01:13.540+0000] {dagbag.py:538} INFO - Filling up the DagBag from /home/airflow/.local/lib/python3.7/site-packages/airflow/example_dags/example_kubernetes_executor.py
[2023-02-18T08:01:14.990+0000] {processor.py:753} INFO - DAG(s) dict_keys(['example_kubernetes_executor']) retrieved from /home/airflow/.local/lib/python3.7/site-packages/airflow/example_dags/example_kubernetes_executor.py
[2023-02-18T08:01:16.205+0000] {logging_mixin.py:137} INFO - [2023-02-18T08:01:16.205+0000] {dag.py:2690} INFO - Sync 1 DAGs
[2023-02-18T08:01:16.630+0000] {logging_mixin.py:137} INFO - [2023-02-18T08:01:16.629+0000] {dag.py:3441} INFO - Setting next_dagrun for example_kubernetes_executor to None, run_after=None
[2023-02-18T08:01:17.283+0000] {processor.py:175} INFO - Processing /home/airflow/.local/lib/python3.7/site-packages/airflow/example_dags/example_kubernetes_executor.py took 4.291 seconds
[2023-02-18T08:04:30.868+0000] {processor.py:153} INFO - Started process (PID=817) to work on /home/airflow/.local/lib/python3.7/site-packages/airflow/example_dags/example_kubernetes_executor.py
[2023-02-18T08:04:31.053+0000] {processor.py:743} INFO - Processing file /home/airflow/.local/lib/python3.7/site-packages/airflow/example_dags/example_kubernetes_executor.py for tasks to queue
[2023-02-18T08:04:31.070+0000] {logging_mixin.py:137} INFO - [2023-02-18T08:04:31.069+0000] {dagbag.py:538} INFO - Filling up the DagBag from /home/airflow/.local/lib/python3.7/site-packages/airflow/example_dags/example_kubernetes_executor.py
[2023-02-18T08:04:34.542+0000] {processor.py:753} INFO - DAG(s) dict_keys(['example_kubernetes_executor']) retrieved from /home/airflow/.local/lib/python3.7/site-packages/airflow/example_dags/example_kubernetes_executor.py
[2023-02-18T08:04:38.321+0000] {logging_mixin.py:137} INFO - [2023-02-18T08:04:38.321+0000] {dag.py:2690} INFO - Sync 1 DAGs
[2023-02-18T08:04:43.029+0000] {logging_mixin.py:137} INFO - [2023-02-18T08:04:43.028+0000] {dag.py:3441} INFO - Setting next_dagrun for example_kubernetes_executor to None, run_after=None
[2023-02-18T08:04:45.005+0000] {processor.py:175} INFO - Processing /home/airflow/.local/lib/python3.7/site-packages/airflow/example_dags/example_kubernetes_executor.py took 14.574 seconds
[2023-02-18T08:09:14.782+0000] {processor.py:153} INFO - Started process (PID=979) to work on /home/airflow/.local/lib/python3.7/site-packages/airflow/example_dags/example_kubernetes_executor.py
[2023-02-18T08:09:15.175+0000] {processor.py:743} INFO - Processing file /home/airflow/.local/lib/python3.7/site-packages/airflow/example_dags/example_kubernetes_executor.py for tasks to queue
[2023-02-18T08:09:15.178+0000] {logging_mixin.py:137} INFO - [2023-02-18T08:09:15.177+0000] {dagbag.py:538} INFO - Filling up the DagBag from /home/airflow/.local/lib/python3.7/site-packages/airflow/example_dags/example_kubernetes_executor.py
[2023-02-18T08:09:18.717+0000] {processor.py:753} INFO - DAG(s) dict_keys(['example_kubernetes_executor']) retrieved from /home/airflow/.local/lib/python3.7/site-packages/airflow/example_dags/example_kubernetes_executor.py
[2023-02-18T08:09:21.870+0000] {logging_mixin.py:137} INFO - [2023-02-18T08:09:21.869+0000] {dag.py:2690} INFO - Sync 1 DAGs
[2023-02-18T08:09:25.133+0000] {logging_mixin.py:137} INFO - [2023-02-18T08:09:25.133+0000] {dag.py:3441} INFO - Setting next_dagrun for example_kubernetes_executor to None, run_after=None
[2023-02-18T08:09:26.719+0000] {processor.py:175} INFO - Processing /home/airflow/.local/lib/python3.7/site-packages/airflow/example_dags/example_kubernetes_executor.py took 12.089 seconds
[2023-02-18T08:12:40.781+0000] {processor.py:153} INFO - Started process (PID=1101) to work on /home/airflow/.local/lib/python3.7/site-packages/airflow/example_dags/example_kubernetes_executor.py
[2023-02-18T08:12:40.861+0000] {processor.py:743} INFO - Processing file /home/airflow/.local/lib/python3.7/site-packages/airflow/example_dags/example_kubernetes_executor.py for tasks to queue
[2023-02-18T08:12:40.864+0000] {logging_mixin.py:137} INFO - [2023-02-18T08:12:40.863+0000] {dagbag.py:538} INFO - Filling up the DagBag from /home/airflow/.local/lib/python3.7/site-packages/airflow/example_dags/example_kubernetes_executor.py
[2023-02-18T08:12:43.442+0000] {processor.py:753} INFO - DAG(s) dict_keys(['example_kubernetes_executor']) retrieved from /home/airflow/.local/lib/python3.7/site-packages/airflow/example_dags/example_kubernetes_executor.py
[2023-02-18T08:12:47.645+0000] {logging_mixin.py:137} INFO - [2023-02-18T08:12:47.644+0000] {dag.py:2690} INFO - Sync 1 DAGs
[2023-02-18T08:12:51.092+0000] {logging_mixin.py:137} INFO - [2023-02-18T08:12:51.091+0000] {dag.py:3441} INFO - Setting next_dagrun for example_kubernetes_executor to None, run_after=None
[2023-02-18T08:12:52.178+0000] {processor.py:175} INFO - Processing /home/airflow/.local/lib/python3.7/site-packages/airflow/example_dags/example_kubernetes_executor.py took 11.917 seconds
[2023-02-18T08:16:09.679+0000] {processor.py:153} INFO - Started process (PID=1227) to work on /home/airflow/.local/lib/python3.7/site-packages/airflow/example_dags/example_kubernetes_executor.py
[2023-02-18T08:16:09.701+0000] {processor.py:743} INFO - Processing file /home/airflow/.local/lib/python3.7/site-packages/airflow/example_dags/example_kubernetes_executor.py for tasks to queue
[2023-02-18T08:16:09.704+0000] {logging_mixin.py:137} INFO - [2023-02-18T08:16:09.704+0000] {dagbag.py:538} INFO - Filling up the DagBag from /home/airflow/.local/lib/python3.7/site-packages/airflow/example_dags/example_kubernetes_executor.py
[2023-02-18T08:16:10.864+0000] {processor.py:753} INFO - DAG(s) dict_keys(['example_kubernetes_executor']) retrieved from /home/airflow/.local/lib/python3.7/site-packages/airflow/example_dags/example_kubernetes_executor.py
[2023-02-18T08:16:12.794+0000] {logging_mixin.py:137} INFO - [2023-02-18T08:16:12.793+0000] {dag.py:2690} INFO - Sync 1 DAGs
[2023-02-18T08:16:14.553+0000] {logging_mixin.py:137} INFO - [2023-02-18T08:16:14.553+0000] {dag.py:3441} INFO - Setting next_dagrun for example_kubernetes_executor to None, run_after=None
[2023-02-18T08:16:17.111+0000] {processor.py:175} INFO - Processing /home/airflow/.local/lib/python3.7/site-packages/airflow/example_dags/example_kubernetes_executor.py took 8.001 seconds
[2023-02-18T08:19:16.946+0000] {processor.py:153} INFO - Started process (PID=1344) to work on /home/airflow/.local/lib/python3.7/site-packages/airflow/example_dags/example_kubernetes_executor.py
[2023-02-18T08:19:16.960+0000] {processor.py:743} INFO - Processing file /home/airflow/.local/lib/python3.7/site-packages/airflow/example_dags/example_kubernetes_executor.py for tasks to queue
[2023-02-18T08:19:16.989+0000] {logging_mixin.py:137} INFO - [2023-02-18T08:19:16.989+0000] {dagbag.py:538} INFO - Filling up the DagBag from /home/airflow/.local/lib/python3.7/site-packages/airflow/example_dags/example_kubernetes_executor.py
[2023-02-18T08:19:20.683+0000] {processor.py:753} INFO - DAG(s) dict_keys(['example_kubernetes_executor']) retrieved from /home/airflow/.local/lib/python3.7/site-packages/airflow/example_dags/example_kubernetes_executor.py
[2023-02-18T08:19:25.224+0000] {logging_mixin.py:137} INFO - [2023-02-18T08:19:25.223+0000] {dag.py:2690} INFO - Sync 1 DAGs
[2023-02-18T08:19:26.139+0000] {logging_mixin.py:137} INFO - [2023-02-18T08:19:26.138+0000] {dag.py:3441} INFO - Setting next_dagrun for example_kubernetes_executor to None, run_after=None
[2023-02-18T08:19:26.864+0000] {processor.py:175} INFO - Processing /home/airflow/.local/lib/python3.7/site-packages/airflow/example_dags/example_kubernetes_executor.py took 10.245 seconds
[2023-02-18T08:22:15.260+0000] {processor.py:153} INFO - Started process (PID=1456) to work on /home/airflow/.local/lib/python3.7/site-packages/airflow/example_dags/example_kubernetes_executor.py
[2023-02-18T08:22:15.354+0000] {processor.py:743} INFO - Processing file /home/airflow/.local/lib/python3.7/site-packages/airflow/example_dags/example_kubernetes_executor.py for tasks to queue
[2023-02-18T08:22:15.357+0000] {logging_mixin.py:137} INFO - [2023-02-18T08:22:15.356+0000] {dagbag.py:538} INFO - Filling up the DagBag from /home/airflow/.local/lib/python3.7/site-packages/airflow/example_dags/example_kubernetes_executor.py
[2023-02-18T08:22:19.475+0000] {processor.py:753} INFO - DAG(s) dict_keys(['example_kubernetes_executor']) retrieved from /home/airflow/.local/lib/python3.7/site-packages/airflow/example_dags/example_kubernetes_executor.py
[2023-02-18T08:22:22.320+0000] {logging_mixin.py:137} INFO - [2023-02-18T08:22:22.319+0000] {dag.py:2690} INFO - Sync 1 DAGs
[2023-02-18T08:22:23.572+0000] {logging_mixin.py:137} INFO - [2023-02-18T08:22:23.571+0000] {dag.py:3441} INFO - Setting next_dagrun for example_kubernetes_executor to None, run_after=None
[2023-02-18T08:22:24.958+0000] {processor.py:175} INFO - Processing /home/airflow/.local/lib/python3.7/site-packages/airflow/example_dags/example_kubernetes_executor.py took 10.668 seconds
[2023-02-18T08:25:22.016+0000] {processor.py:153} INFO - Started process (PID=1572) to work on /home/airflow/.local/lib/python3.7/site-packages/airflow/example_dags/example_kubernetes_executor.py
[2023-02-18T08:25:22.049+0000] {processor.py:743} INFO - Processing file /home/airflow/.local/lib/python3.7/site-packages/airflow/example_dags/example_kubernetes_executor.py for tasks to queue
[2023-02-18T08:25:22.225+0000] {logging_mixin.py:137} INFO - [2023-02-18T08:25:22.224+0000] {dagbag.py:538} INFO - Filling up the DagBag from /home/airflow/.local/lib/python3.7/site-packages/airflow/example_dags/example_kubernetes_executor.py
[2023-02-18T08:25:27.971+0000] {processor.py:753} INFO - DAG(s) dict_keys(['example_kubernetes_executor']) retrieved from /home/airflow/.local/lib/python3.7/site-packages/airflow/example_dags/example_kubernetes_executor.py
[2023-02-18T08:25:31.308+0000] {logging_mixin.py:137} INFO - [2023-02-18T08:25:31.216+0000] {dag.py:2690} INFO - Sync 1 DAGs
[2023-02-18T08:25:34.728+0000] {logging_mixin.py:137} INFO - [2023-02-18T08:25:34.728+0000] {dag.py:3441} INFO - Setting next_dagrun for example_kubernetes_executor to None, run_after=None
[2023-02-18T08:25:37.811+0000] {processor.py:175} INFO - Processing /home/airflow/.local/lib/python3.7/site-packages/airflow/example_dags/example_kubernetes_executor.py took 16.627 seconds
[2023-02-18T08:31:03.609+0000] {processor.py:153} INFO - Started process (PID=1752) to work on /home/airflow/.local/lib/python3.7/site-packages/airflow/example_dags/example_kubernetes_executor.py
[2023-02-18T08:31:03.856+0000] {processor.py:743} INFO - Processing file /home/airflow/.local/lib/python3.7/site-packages/airflow/example_dags/example_kubernetes_executor.py for tasks to queue
[2023-02-18T08:31:04.096+0000] {logging_mixin.py:137} INFO - [2023-02-18T08:31:04.096+0000] {dagbag.py:538} INFO - Filling up the DagBag from /home/airflow/.local/lib/python3.7/site-packages/airflow/example_dags/example_kubernetes_executor.py
[2023-02-18T08:31:08.497+0000] {processor.py:753} INFO - DAG(s) dict_keys(['example_kubernetes_executor']) retrieved from /home/airflow/.local/lib/python3.7/site-packages/airflow/example_dags/example_kubernetes_executor.py
[2023-02-18T08:31:09.791+0000] {logging_mixin.py:137} INFO - [2023-02-18T08:31:09.791+0000] {dag.py:2690} INFO - Sync 1 DAGs
[2023-02-18T08:31:14.252+0000] {logging_mixin.py:137} INFO - [2023-02-18T08:31:14.251+0000] {dag.py:3441} INFO - Setting next_dagrun for example_kubernetes_executor to None, run_after=None
[2023-02-18T08:31:17.901+0000] {processor.py:175} INFO - Processing /home/airflow/.local/lib/python3.7/site-packages/airflow/example_dags/example_kubernetes_executor.py took 14.443 seconds
[2023-02-18T08:39:58.372+0000] {processor.py:153} INFO - Started process (PID=2022) to work on /home/airflow/.local/lib/python3.7/site-packages/airflow/example_dags/example_kubernetes_executor.py
[2023-02-18T08:39:58.499+0000] {processor.py:743} INFO - Processing file /home/airflow/.local/lib/python3.7/site-packages/airflow/example_dags/example_kubernetes_executor.py for tasks to queue
[2023-02-18T08:39:58.667+0000] {logging_mixin.py:137} INFO - [2023-02-18T08:39:58.666+0000] {dagbag.py:538} INFO - Filling up the DagBag from /home/airflow/.local/lib/python3.7/site-packages/airflow/example_dags/example_kubernetes_executor.py
[2023-02-18T08:40:11.875+0000] {processor.py:753} INFO - DAG(s) dict_keys(['example_kubernetes_executor']) retrieved from /home/airflow/.local/lib/python3.7/site-packages/airflow/example_dags/example_kubernetes_executor.py
[2023-02-18T08:40:33.408+0000] {logging_mixin.py:137} INFO - [2023-02-18T08:40:33.407+0000] {dag.py:2690} INFO - Sync 1 DAGs
[2023-02-18T09:51:29.738+0000] {processor.py:153} INFO - Started process (PID=147) to work on /home/airflow/.local/lib/python3.7/site-packages/airflow/example_dags/example_kubernetes_executor.py
[2023-02-18T09:51:29.786+0000] {processor.py:743} INFO - Processing file /home/airflow/.local/lib/python3.7/site-packages/airflow/example_dags/example_kubernetes_executor.py for tasks to queue
[2023-02-18T09:51:29.866+0000] {logging_mixin.py:137} INFO - [2023-02-18T09:51:29.866+0000] {dagbag.py:538} INFO - Filling up the DagBag from /home/airflow/.local/lib/python3.7/site-packages/airflow/example_dags/example_kubernetes_executor.py
[2023-02-18T09:51:33.481+0000] {processor.py:753} INFO - DAG(s) dict_keys(['example_kubernetes_executor']) retrieved from /home/airflow/.local/lib/python3.7/site-packages/airflow/example_dags/example_kubernetes_executor.py
[2023-02-18T09:51:37.621+0000] {logging_mixin.py:137} INFO - [2023-02-18T09:51:37.620+0000] {dag.py:2690} INFO - Sync 1 DAGs
[2023-02-18T09:51:39.685+0000] {logging_mixin.py:137} INFO - [2023-02-18T09:51:39.685+0000] {dag.py:3441} INFO - Setting next_dagrun for example_kubernetes_executor to None, run_after=None
[2023-02-18T09:51:41.606+0000] {processor.py:175} INFO - Processing /home/airflow/.local/lib/python3.7/site-packages/airflow/example_dags/example_kubernetes_executor.py took 12.043 seconds
[2023-02-18T09:53:25.623+0000] {processor.py:153} INFO - Started process (PID=242) to work on /home/airflow/.local/lib/python3.7/site-packages/airflow/example_dags/example_kubernetes_executor.py
[2023-02-18T09:53:25.646+0000] {processor.py:743} INFO - Processing file /home/airflow/.local/lib/python3.7/site-packages/airflow/example_dags/example_kubernetes_executor.py for tasks to queue
[2023-02-18T09:53:25.743+0000] {logging_mixin.py:137} INFO - [2023-02-18T09:53:25.695+0000] {dagbag.py:538} INFO - Filling up the DagBag from /home/airflow/.local/lib/python3.7/site-packages/airflow/example_dags/example_kubernetes_executor.py
[2023-02-18T09:53:26.861+0000] {processor.py:753} INFO - DAG(s) dict_keys(['example_kubernetes_executor']) retrieved from /home/airflow/.local/lib/python3.7/site-packages/airflow/example_dags/example_kubernetes_executor.py
[2023-02-18T09:53:27.625+0000] {logging_mixin.py:137} INFO - [2023-02-18T09:53:27.625+0000] {dag.py:2690} INFO - Sync 1 DAGs
[2023-02-18T09:53:27.954+0000] {logging_mixin.py:137} INFO - [2023-02-18T09:53:27.953+0000] {dag.py:3441} INFO - Setting next_dagrun for example_kubernetes_executor to None, run_after=None
[2023-02-18T09:53:28.970+0000] {processor.py:175} INFO - Processing /home/airflow/.local/lib/python3.7/site-packages/airflow/example_dags/example_kubernetes_executor.py took 3.380 seconds
[2023-02-18T09:54:46.720+0000] {processor.py:153} INFO - Started process (PID=323) to work on /home/airflow/.local/lib/python3.7/site-packages/airflow/example_dags/example_kubernetes_executor.py
[2023-02-18T09:54:46.735+0000] {processor.py:743} INFO - Processing file /home/airflow/.local/lib/python3.7/site-packages/airflow/example_dags/example_kubernetes_executor.py for tasks to queue
[2023-02-18T09:54:46.737+0000] {logging_mixin.py:137} INFO - [2023-02-18T09:54:46.737+0000] {dagbag.py:538} INFO - Filling up the DagBag from /home/airflow/.local/lib/python3.7/site-packages/airflow/example_dags/example_kubernetes_executor.py
[2023-02-18T09:54:47.201+0000] {processor.py:753} INFO - DAG(s) dict_keys(['example_kubernetes_executor']) retrieved from /home/airflow/.local/lib/python3.7/site-packages/airflow/example_dags/example_kubernetes_executor.py
[2023-02-18T09:54:48.359+0000] {logging_mixin.py:137} INFO - [2023-02-18T09:54:48.359+0000] {dag.py:2690} INFO - Sync 1 DAGs
[2023-02-18T09:54:49.401+0000] {logging_mixin.py:137} INFO - [2023-02-18T09:54:49.401+0000] {dag.py:3441} INFO - Setting next_dagrun for example_kubernetes_executor to None, run_after=None
[2023-02-18T09:54:50.386+0000] {processor.py:175} INFO - Processing /home/airflow/.local/lib/python3.7/site-packages/airflow/example_dags/example_kubernetes_executor.py took 3.775 seconds
[2023-02-18T09:55:59.637+0000] {processor.py:153} INFO - Started process (PID=377) to work on /home/airflow/.local/lib/python3.7/site-packages/airflow/example_dags/example_kubernetes_executor.py
[2023-02-18T09:55:59.699+0000] {processor.py:743} INFO - Processing file /home/airflow/.local/lib/python3.7/site-packages/airflow/example_dags/example_kubernetes_executor.py for tasks to queue
[2023-02-18T09:55:59.701+0000] {logging_mixin.py:137} INFO - [2023-02-18T09:55:59.701+0000] {dagbag.py:538} INFO - Filling up the DagBag from /home/airflow/.local/lib/python3.7/site-packages/airflow/example_dags/example_kubernetes_executor.py
[2023-02-18T09:56:01.974+0000] {processor.py:753} INFO - DAG(s) dict_keys(['example_kubernetes_executor']) retrieved from /home/airflow/.local/lib/python3.7/site-packages/airflow/example_dags/example_kubernetes_executor.py
[2023-02-18T09:56:04.416+0000] {logging_mixin.py:137} INFO - [2023-02-18T09:56:04.416+0000] {dag.py:2690} INFO - Sync 1 DAGs
[2023-02-18T09:56:06.361+0000] {logging_mixin.py:137} INFO - [2023-02-18T09:56:06.360+0000] {dag.py:3441} INFO - Setting next_dagrun for example_kubernetes_executor to None, run_after=None
[2023-02-18T09:56:07.483+0000] {processor.py:175} INFO - Processing /home/airflow/.local/lib/python3.7/site-packages/airflow/example_dags/example_kubernetes_executor.py took 8.022 seconds
[2023-02-18T09:58:37.086+0000] {processor.py:153} INFO - Started process (PID=475) to work on /home/airflow/.local/lib/python3.7/site-packages/airflow/example_dags/example_kubernetes_executor.py
[2023-02-18T09:58:37.275+0000] {processor.py:743} INFO - Processing file /home/airflow/.local/lib/python3.7/site-packages/airflow/example_dags/example_kubernetes_executor.py for tasks to queue
[2023-02-18T09:58:37.425+0000] {logging_mixin.py:137} INFO - [2023-02-18T09:58:37.425+0000] {dagbag.py:538} INFO - Filling up the DagBag from /home/airflow/.local/lib/python3.7/site-packages/airflow/example_dags/example_kubernetes_executor.py
[2023-02-18T09:58:40.212+0000] {processor.py:753} INFO - DAG(s) dict_keys(['example_kubernetes_executor']) retrieved from /home/airflow/.local/lib/python3.7/site-packages/airflow/example_dags/example_kubernetes_executor.py
[2023-02-18T09:58:43.266+0000] {logging_mixin.py:137} INFO - [2023-02-18T09:58:43.231+0000] {dag.py:2690} INFO - Sync 1 DAGs
[2023-02-18T09:58:45.988+0000] {logging_mixin.py:137} INFO - [2023-02-18T09:58:45.988+0000] {dag.py:3441} INFO - Setting next_dagrun for example_kubernetes_executor to None, run_after=None
[2023-02-18T09:58:47.520+0000] {processor.py:175} INFO - Processing /home/airflow/.local/lib/python3.7/site-packages/airflow/example_dags/example_kubernetes_executor.py took 10.770 seconds
[2023-02-18T10:00:43.816+0000] {processor.py:153} INFO - Started process (PID=560) to work on /home/airflow/.local/lib/python3.7/site-packages/airflow/example_dags/example_kubernetes_executor.py
[2023-02-18T10:00:43.894+0000] {processor.py:743} INFO - Processing file /home/airflow/.local/lib/python3.7/site-packages/airflow/example_dags/example_kubernetes_executor.py for tasks to queue
[2023-02-18T10:00:43.896+0000] {logging_mixin.py:137} INFO - [2023-02-18T10:00:43.896+0000] {dagbag.py:538} INFO - Filling up the DagBag from /home/airflow/.local/lib/python3.7/site-packages/airflow/example_dags/example_kubernetes_executor.py
[2023-02-18T10:00:45.929+0000] {processor.py:753} INFO - DAG(s) dict_keys(['example_kubernetes_executor']) retrieved from /home/airflow/.local/lib/python3.7/site-packages/airflow/example_dags/example_kubernetes_executor.py
[2023-02-18T10:00:47.178+0000] {logging_mixin.py:137} INFO - [2023-02-18T10:00:47.178+0000] {dag.py:2690} INFO - Sync 1 DAGs
[2023-02-18T10:00:47.854+0000] {logging_mixin.py:137} INFO - [2023-02-18T10:00:47.853+0000] {dag.py:3441} INFO - Setting next_dagrun for example_kubernetes_executor to None, run_after=None
[2023-02-18T10:00:49.572+0000] {processor.py:175} INFO - Processing /home/airflow/.local/lib/python3.7/site-packages/airflow/example_dags/example_kubernetes_executor.py took 6.071 seconds
[2023-02-18T10:02:17.090+0000] {processor.py:153} INFO - Started process (PID=633) to work on /home/airflow/.local/lib/python3.7/site-packages/airflow/example_dags/example_kubernetes_executor.py
[2023-02-18T10:02:17.136+0000] {processor.py:743} INFO - Processing file /home/airflow/.local/lib/python3.7/site-packages/airflow/example_dags/example_kubernetes_executor.py for tasks to queue
[2023-02-18T10:02:17.138+0000] {logging_mixin.py:137} INFO - [2023-02-18T10:02:17.137+0000] {dagbag.py:538} INFO - Filling up the DagBag from /home/airflow/.local/lib/python3.7/site-packages/airflow/example_dags/example_kubernetes_executor.py
[2023-02-18T10:02:18.498+0000] {processor.py:753} INFO - DAG(s) dict_keys(['example_kubernetes_executor']) retrieved from /home/airflow/.local/lib/python3.7/site-packages/airflow/example_dags/example_kubernetes_executor.py
[2023-02-18T10:02:20.216+0000] {logging_mixin.py:137} INFO - [2023-02-18T10:02:20.205+0000] {dag.py:2690} INFO - Sync 1 DAGs
[2023-02-18T10:02:21.022+0000] {logging_mixin.py:137} INFO - [2023-02-18T10:02:21.021+0000] {dag.py:3441} INFO - Setting next_dagrun for example_kubernetes_executor to None, run_after=None
[2023-02-18T10:02:22.262+0000] {processor.py:175} INFO - Processing /home/airflow/.local/lib/python3.7/site-packages/airflow/example_dags/example_kubernetes_executor.py took 5.365 seconds
[2023-02-18T10:04:22.268+0000] {processor.py:153} INFO - Started process (PID=717) to work on /home/airflow/.local/lib/python3.7/site-packages/airflow/example_dags/example_kubernetes_executor.py
[2023-02-18T10:04:22.353+0000] {processor.py:743} INFO - Processing file /home/airflow/.local/lib/python3.7/site-packages/airflow/example_dags/example_kubernetes_executor.py for tasks to queue
[2023-02-18T10:04:22.394+0000] {logging_mixin.py:137} INFO - [2023-02-18T10:04:22.393+0000] {dagbag.py:538} INFO - Filling up the DagBag from /home/airflow/.local/lib/python3.7/site-packages/airflow/example_dags/example_kubernetes_executor.py
[2023-02-18T10:04:26.783+0000] {processor.py:753} INFO - DAG(s) dict_keys(['example_kubernetes_executor']) retrieved from /home/airflow/.local/lib/python3.7/site-packages/airflow/example_dags/example_kubernetes_executor.py
[2023-02-18T10:04:29.236+0000] {logging_mixin.py:137} INFO - [2023-02-18T10:04:29.235+0000] {dag.py:2690} INFO - Sync 1 DAGs
[2023-02-18T10:04:31.732+0000] {logging_mixin.py:137} INFO - [2023-02-18T10:04:31.732+0000] {dag.py:3441} INFO - Setting next_dagrun for example_kubernetes_executor to None, run_after=None
[2023-02-18T10:04:33.785+0000] {processor.py:175} INFO - Processing /home/airflow/.local/lib/python3.7/site-packages/airflow/example_dags/example_kubernetes_executor.py took 12.011 seconds
[2023-02-18T10:07:26.037+0000] {processor.py:153} INFO - Started process (PID=821) to work on /home/airflow/.local/lib/python3.7/site-packages/airflow/example_dags/example_kubernetes_executor.py
[2023-02-18T10:07:26.114+0000] {processor.py:743} INFO - Processing file /home/airflow/.local/lib/python3.7/site-packages/airflow/example_dags/example_kubernetes_executor.py for tasks to queue
[2023-02-18T10:07:26.117+0000] {logging_mixin.py:137} INFO - [2023-02-18T10:07:26.116+0000] {dagbag.py:538} INFO - Filling up the DagBag from /home/airflow/.local/lib/python3.7/site-packages/airflow/example_dags/example_kubernetes_executor.py
[2023-02-18T10:07:30.414+0000] {processor.py:753} INFO - DAG(s) dict_keys(['example_kubernetes_executor']) retrieved from /home/airflow/.local/lib/python3.7/site-packages/airflow/example_dags/example_kubernetes_executor.py
[2023-02-18T10:07:32.817+0000] {logging_mixin.py:137} INFO - [2023-02-18T10:07:32.816+0000] {dag.py:2690} INFO - Sync 1 DAGs
[2023-02-18T10:07:35.068+0000] {logging_mixin.py:137} INFO - [2023-02-18T10:07:35.067+0000] {dag.py:3441} INFO - Setting next_dagrun for example_kubernetes_executor to None, run_after=None
[2023-02-18T10:07:36.502+0000] {processor.py:175} INFO - Processing /home/airflow/.local/lib/python3.7/site-packages/airflow/example_dags/example_kubernetes_executor.py took 10.611 seconds
