[2023-02-18T07:48:55.341+0000] {processor.py:153} INFO - Started process (PID=119) to work on /home/airflow/.local/lib/python3.7/site-packages/airflow/example_dags/example_skip_dag.py
[2023-02-18T07:48:55.372+0000] {processor.py:743} INFO - Processing file /home/airflow/.local/lib/python3.7/site-packages/airflow/example_dags/example_skip_dag.py for tasks to queue
[2023-02-18T07:48:55.374+0000] {logging_mixin.py:137} INFO - [2023-02-18T07:48:55.374+0000] {dagbag.py:538} INFO - Filling up the DagBag from /home/airflow/.local/lib/python3.7/site-packages/airflow/example_dags/example_skip_dag.py
[2023-02-18T07:48:55.756+0000] {processor.py:753} INFO - DAG(s) dict_keys(['example_skip_dag']) retrieved from /home/airflow/.local/lib/python3.7/site-packages/airflow/example_dags/example_skip_dag.py
[2023-02-18T07:48:56.533+0000] {logging_mixin.py:137} INFO - [2023-02-18T07:48:56.533+0000] {dag.py:2690} INFO - Sync 1 DAGs
[2023-02-18T07:48:57.260+0000] {logging_mixin.py:137} INFO - [2023-02-18T07:48:57.259+0000] {dag.py:3441} INFO - Setting next_dagrun for example_skip_dag to 2023-02-17T07:48:57.258753+00:00, run_after=2023-02-18T07:48:57.258753+00:00
[2023-02-18T07:48:58.042+0000] {processor.py:175} INFO - Processing /home/airflow/.local/lib/python3.7/site-packages/airflow/example_dags/example_skip_dag.py took 2.877 seconds
[2023-02-18T07:50:22.320+0000] {processor.py:153} INFO - Started process (PID=196) to work on /home/airflow/.local/lib/python3.7/site-packages/airflow/example_dags/example_skip_dag.py
[2023-02-18T07:50:22.348+0000] {processor.py:743} INFO - Processing file /home/airflow/.local/lib/python3.7/site-packages/airflow/example_dags/example_skip_dag.py for tasks to queue
[2023-02-18T07:50:22.351+0000] {logging_mixin.py:137} INFO - [2023-02-18T07:50:22.350+0000] {dagbag.py:538} INFO - Filling up the DagBag from /home/airflow/.local/lib/python3.7/site-packages/airflow/example_dags/example_skip_dag.py
[2023-02-18T07:50:22.859+0000] {processor.py:753} INFO - DAG(s) dict_keys(['example_skip_dag']) retrieved from /home/airflow/.local/lib/python3.7/site-packages/airflow/example_dags/example_skip_dag.py
[2023-02-18T07:50:23.888+0000] {logging_mixin.py:137} INFO - [2023-02-18T07:50:23.888+0000] {dag.py:2690} INFO - Sync 1 DAGs
[2023-02-18T07:50:25.231+0000] {logging_mixin.py:137} INFO - [2023-02-18T07:50:25.231+0000] {dag.py:3441} INFO - Setting next_dagrun for example_skip_dag to 2023-02-17T07:50:25.230428+00:00, run_after=2023-02-18T07:50:25.230428+00:00
[2023-02-18T07:50:26.490+0000] {processor.py:175} INFO - Processing /home/airflow/.local/lib/python3.7/site-packages/airflow/example_dags/example_skip_dag.py took 4.171 seconds
[2023-02-18T07:52:10.048+0000] {processor.py:153} INFO - Started process (PID=297) to work on /home/airflow/.local/lib/python3.7/site-packages/airflow/example_dags/example_skip_dag.py
[2023-02-18T07:52:10.251+0000] {processor.py:743} INFO - Processing file /home/airflow/.local/lib/python3.7/site-packages/airflow/example_dags/example_skip_dag.py for tasks to queue
[2023-02-18T07:52:10.314+0000] {logging_mixin.py:137} INFO - [2023-02-18T07:52:10.313+0000] {dagbag.py:538} INFO - Filling up the DagBag from /home/airflow/.local/lib/python3.7/site-packages/airflow/example_dags/example_skip_dag.py
[2023-02-18T07:52:11.344+0000] {processor.py:753} INFO - DAG(s) dict_keys(['example_skip_dag']) retrieved from /home/airflow/.local/lib/python3.7/site-packages/airflow/example_dags/example_skip_dag.py
[2023-02-18T07:52:12.407+0000] {logging_mixin.py:137} INFO - [2023-02-18T07:52:12.406+0000] {dag.py:2690} INFO - Sync 1 DAGs
[2023-02-18T07:52:13.575+0000] {logging_mixin.py:137} INFO - [2023-02-18T07:52:13.575+0000] {dag.py:3441} INFO - Setting next_dagrun for example_skip_dag to 2023-02-17T07:52:13.574223+00:00, run_after=2023-02-18T07:52:13.574223+00:00
[2023-02-18T07:52:14.139+0000] {processor.py:175} INFO - Processing /home/airflow/.local/lib/python3.7/site-packages/airflow/example_dags/example_skip_dag.py took 4.467 seconds
[2023-02-18T07:53:38.152+0000] {processor.py:153} INFO - Started process (PID=379) to work on /home/airflow/.local/lib/python3.7/site-packages/airflow/example_dags/example_skip_dag.py
[2023-02-18T07:53:38.231+0000] {processor.py:743} INFO - Processing file /home/airflow/.local/lib/python3.7/site-packages/airflow/example_dags/example_skip_dag.py for tasks to queue
[2023-02-18T07:53:38.233+0000] {logging_mixin.py:137} INFO - [2023-02-18T07:53:38.233+0000] {dagbag.py:538} INFO - Filling up the DagBag from /home/airflow/.local/lib/python3.7/site-packages/airflow/example_dags/example_skip_dag.py
[2023-02-18T07:53:38.424+0000] {processor.py:753} INFO - DAG(s) dict_keys(['example_skip_dag']) retrieved from /home/airflow/.local/lib/python3.7/site-packages/airflow/example_dags/example_skip_dag.py
[2023-02-18T07:53:39.193+0000] {logging_mixin.py:137} INFO - [2023-02-18T07:53:39.164+0000] {dag.py:2690} INFO - Sync 1 DAGs
[2023-02-18T07:53:40.731+0000] {logging_mixin.py:137} INFO - [2023-02-18T07:53:40.731+0000] {dag.py:3441} INFO - Setting next_dagrun for example_skip_dag to 2023-02-17T07:53:40.730189+00:00, run_after=2023-02-18T07:53:40.730189+00:00
[2023-02-18T07:53:41.538+0000] {processor.py:175} INFO - Processing /home/airflow/.local/lib/python3.7/site-packages/airflow/example_dags/example_skip_dag.py took 3.419 seconds
[2023-02-18T07:55:17.309+0000] {processor.py:153} INFO - Started process (PID=469) to work on /home/airflow/.local/lib/python3.7/site-packages/airflow/example_dags/example_skip_dag.py
[2023-02-18T07:55:17.420+0000] {processor.py:743} INFO - Processing file /home/airflow/.local/lib/python3.7/site-packages/airflow/example_dags/example_skip_dag.py for tasks to queue
[2023-02-18T07:55:17.422+0000] {logging_mixin.py:137} INFO - [2023-02-18T07:55:17.422+0000] {dagbag.py:538} INFO - Filling up the DagBag from /home/airflow/.local/lib/python3.7/site-packages/airflow/example_dags/example_skip_dag.py
[2023-02-18T07:55:17.752+0000] {processor.py:753} INFO - DAG(s) dict_keys(['example_skip_dag']) retrieved from /home/airflow/.local/lib/python3.7/site-packages/airflow/example_dags/example_skip_dag.py
[2023-02-18T07:55:18.748+0000] {logging_mixin.py:137} INFO - [2023-02-18T07:55:18.748+0000] {dag.py:2690} INFO - Sync 1 DAGs
[2023-02-18T07:55:20.599+0000] {logging_mixin.py:137} INFO - [2023-02-18T07:55:20.598+0000] {dag.py:3441} INFO - Setting next_dagrun for example_skip_dag to 2023-02-17T07:55:20.586240+00:00, run_after=2023-02-18T07:55:20.586240+00:00
[2023-02-18T07:55:21.196+0000] {processor.py:175} INFO - Processing /home/airflow/.local/lib/python3.7/site-packages/airflow/example_dags/example_skip_dag.py took 4.110 seconds
[2023-02-18T07:58:59.053+0000] {processor.py:153} INFO - Started process (PID=619) to work on /home/airflow/.local/lib/python3.7/site-packages/airflow/example_dags/example_skip_dag.py
[2023-02-18T07:58:59.078+0000] {processor.py:743} INFO - Processing file /home/airflow/.local/lib/python3.7/site-packages/airflow/example_dags/example_skip_dag.py for tasks to queue
[2023-02-18T07:58:59.137+0000] {logging_mixin.py:137} INFO - [2023-02-18T07:58:59.081+0000] {dagbag.py:538} INFO - Filling up the DagBag from /home/airflow/.local/lib/python3.7/site-packages/airflow/example_dags/example_skip_dag.py
[2023-02-18T07:59:01.272+0000] {processor.py:753} INFO - DAG(s) dict_keys(['example_skip_dag']) retrieved from /home/airflow/.local/lib/python3.7/site-packages/airflow/example_dags/example_skip_dag.py
[2023-02-18T07:59:04.071+0000] {logging_mixin.py:137} INFO - [2023-02-18T07:59:04.070+0000] {dag.py:2690} INFO - Sync 1 DAGs
[2023-02-18T07:59:06.743+0000] {logging_mixin.py:137} INFO - [2023-02-18T07:59:06.743+0000] {dag.py:3441} INFO - Setting next_dagrun for example_skip_dag to 2023-02-17T07:59:06.742230+00:00, run_after=2023-02-18T07:59:06.742230+00:00
[2023-02-18T07:59:07.686+0000] {processor.py:175} INFO - Processing /home/airflow/.local/lib/python3.7/site-packages/airflow/example_dags/example_skip_dag.py took 8.870 seconds
[2023-02-18T08:02:05.987+0000] {processor.py:153} INFO - Started process (PID=732) to work on /home/airflow/.local/lib/python3.7/site-packages/airflow/example_dags/example_skip_dag.py
[2023-02-18T08:02:06.043+0000] {processor.py:743} INFO - Processing file /home/airflow/.local/lib/python3.7/site-packages/airflow/example_dags/example_skip_dag.py for tasks to queue
[2023-02-18T08:02:06.178+0000] {logging_mixin.py:137} INFO - [2023-02-18T08:02:06.173+0000] {dagbag.py:538} INFO - Filling up the DagBag from /home/airflow/.local/lib/python3.7/site-packages/airflow/example_dags/example_skip_dag.py
[2023-02-18T08:02:08.071+0000] {processor.py:753} INFO - DAG(s) dict_keys(['example_skip_dag']) retrieved from /home/airflow/.local/lib/python3.7/site-packages/airflow/example_dags/example_skip_dag.py
[2023-02-18T08:02:08.777+0000] {logging_mixin.py:137} INFO - [2023-02-18T08:02:08.776+0000] {dag.py:2690} INFO - Sync 1 DAGs
[2023-02-18T08:02:10.744+0000] {logging_mixin.py:137} INFO - [2023-02-18T08:02:10.744+0000] {dag.py:3441} INFO - Setting next_dagrun for example_skip_dag to 2023-02-17T08:02:10.743531+00:00, run_after=2023-02-18T08:02:10.743531+00:00
[2023-02-18T08:02:12.905+0000] {processor.py:175} INFO - Processing /home/airflow/.local/lib/python3.7/site-packages/airflow/example_dags/example_skip_dag.py took 7.583 seconds
[2023-02-18T08:05:59.155+0000] {processor.py:153} INFO - Started process (PID=863) to work on /home/airflow/.local/lib/python3.7/site-packages/airflow/example_dags/example_skip_dag.py
[2023-02-18T08:05:59.338+0000] {processor.py:743} INFO - Processing file /home/airflow/.local/lib/python3.7/site-packages/airflow/example_dags/example_skip_dag.py for tasks to queue
[2023-02-18T08:05:59.341+0000] {logging_mixin.py:137} INFO - [2023-02-18T08:05:59.340+0000] {dagbag.py:538} INFO - Filling up the DagBag from /home/airflow/.local/lib/python3.7/site-packages/airflow/example_dags/example_skip_dag.py
[2023-02-18T08:06:02.722+0000] {processor.py:753} INFO - DAG(s) dict_keys(['example_skip_dag']) retrieved from /home/airflow/.local/lib/python3.7/site-packages/airflow/example_dags/example_skip_dag.py
[2023-02-18T08:06:07.114+0000] {logging_mixin.py:137} INFO - [2023-02-18T08:06:07.113+0000] {dag.py:2690} INFO - Sync 1 DAGs
[2023-02-18T08:06:11.087+0000] {logging_mixin.py:137} INFO - [2023-02-18T08:06:11.082+0000] {dag.py:3441} INFO - Setting next_dagrun for example_skip_dag to 2023-02-17T08:06:11.081502+00:00, run_after=2023-02-18T08:06:11.081502+00:00
[2023-02-18T08:06:14.420+0000] {processor.py:175} INFO - Processing /home/airflow/.local/lib/python3.7/site-packages/airflow/example_dags/example_skip_dag.py took 15.666 seconds
[2023-02-18T08:10:17.145+0000] {processor.py:153} INFO - Started process (PID=1015) to work on /home/airflow/.local/lib/python3.7/site-packages/airflow/example_dags/example_skip_dag.py
[2023-02-18T08:10:17.249+0000] {processor.py:743} INFO - Processing file /home/airflow/.local/lib/python3.7/site-packages/airflow/example_dags/example_skip_dag.py for tasks to queue
[2023-02-18T08:10:17.449+0000] {logging_mixin.py:137} INFO - [2023-02-18T08:10:17.444+0000] {dagbag.py:538} INFO - Filling up the DagBag from /home/airflow/.local/lib/python3.7/site-packages/airflow/example_dags/example_skip_dag.py
[2023-02-18T08:10:17.976+0000] {processor.py:753} INFO - DAG(s) dict_keys(['example_skip_dag']) retrieved from /home/airflow/.local/lib/python3.7/site-packages/airflow/example_dags/example_skip_dag.py
[2023-02-18T08:10:19.365+0000] {logging_mixin.py:137} INFO - [2023-02-18T08:10:19.365+0000] {dag.py:2690} INFO - Sync 1 DAGs
[2023-02-18T08:10:21.211+0000] {logging_mixin.py:137} INFO - [2023-02-18T08:10:21.211+0000] {dag.py:3441} INFO - Setting next_dagrun for example_skip_dag to 2023-02-17T08:10:21.210072+00:00, run_after=2023-02-18T08:10:21.210072+00:00
[2023-02-18T08:10:22.888+0000] {processor.py:175} INFO - Processing /home/airflow/.local/lib/python3.7/site-packages/airflow/example_dags/example_skip_dag.py took 6.086 seconds
[2023-02-18T08:13:41.937+0000] {processor.py:153} INFO - Started process (PID=1136) to work on /home/airflow/.local/lib/python3.7/site-packages/airflow/example_dags/example_skip_dag.py
[2023-02-18T08:13:41.972+0000] {processor.py:743} INFO - Processing file /home/airflow/.local/lib/python3.7/site-packages/airflow/example_dags/example_skip_dag.py for tasks to queue
[2023-02-18T08:13:42.061+0000] {logging_mixin.py:137} INFO - [2023-02-18T08:13:41.975+0000] {dagbag.py:538} INFO - Filling up the DagBag from /home/airflow/.local/lib/python3.7/site-packages/airflow/example_dags/example_skip_dag.py
[2023-02-18T08:13:43.168+0000] {processor.py:753} INFO - DAG(s) dict_keys(['example_skip_dag']) retrieved from /home/airflow/.local/lib/python3.7/site-packages/airflow/example_dags/example_skip_dag.py
[2023-02-18T08:13:44.426+0000] {logging_mixin.py:137} INFO - [2023-02-18T08:13:44.425+0000] {dag.py:2690} INFO - Sync 1 DAGs
[2023-02-18T08:13:48.169+0000] {logging_mixin.py:137} INFO - [2023-02-18T08:13:48.139+0000] {dag.py:3441} INFO - Setting next_dagrun for example_skip_dag to 2023-02-17T08:13:47.972780+00:00, run_after=2023-02-18T08:13:47.972780+00:00
[2023-02-18T08:13:50.854+0000] {processor.py:175} INFO - Processing /home/airflow/.local/lib/python3.7/site-packages/airflow/example_dags/example_skip_dag.py took 9.059 seconds
[2023-02-18T08:16:59.123+0000] {processor.py:153} INFO - Started process (PID=1253) to work on /home/airflow/.local/lib/python3.7/site-packages/airflow/example_dags/example_skip_dag.py
[2023-02-18T08:16:59.345+0000] {processor.py:743} INFO - Processing file /home/airflow/.local/lib/python3.7/site-packages/airflow/example_dags/example_skip_dag.py for tasks to queue
[2023-02-18T08:16:59.365+0000] {logging_mixin.py:137} INFO - [2023-02-18T08:16:59.364+0000] {dagbag.py:538} INFO - Filling up the DagBag from /home/airflow/.local/lib/python3.7/site-packages/airflow/example_dags/example_skip_dag.py
[2023-02-18T08:17:00.810+0000] {processor.py:753} INFO - DAG(s) dict_keys(['example_skip_dag']) retrieved from /home/airflow/.local/lib/python3.7/site-packages/airflow/example_dags/example_skip_dag.py
[2023-02-18T08:17:03.131+0000] {logging_mixin.py:137} INFO - [2023-02-18T08:17:03.130+0000] {dag.py:2690} INFO - Sync 1 DAGs
[2023-02-18T08:17:04.500+0000] {logging_mixin.py:137} INFO - [2023-02-18T08:17:04.497+0000] {dag.py:3441} INFO - Setting next_dagrun for example_skip_dag to 2023-02-17T08:17:04.474148+00:00, run_after=2023-02-18T08:17:04.474148+00:00
[2023-02-18T08:17:06.641+0000] {processor.py:175} INFO - Processing /home/airflow/.local/lib/python3.7/site-packages/airflow/example_dags/example_skip_dag.py took 7.833 seconds
[2023-02-18T08:20:10.008+0000] {processor.py:153} INFO - Started process (PID=1377) to work on /home/airflow/.local/lib/python3.7/site-packages/airflow/example_dags/example_skip_dag.py
[2023-02-18T08:20:10.041+0000] {processor.py:743} INFO - Processing file /home/airflow/.local/lib/python3.7/site-packages/airflow/example_dags/example_skip_dag.py for tasks to queue
[2023-02-18T08:20:10.056+0000] {logging_mixin.py:137} INFO - [2023-02-18T08:20:10.055+0000] {dagbag.py:538} INFO - Filling up the DagBag from /home/airflow/.local/lib/python3.7/site-packages/airflow/example_dags/example_skip_dag.py
[2023-02-18T08:20:11.079+0000] {processor.py:753} INFO - DAG(s) dict_keys(['example_skip_dag']) retrieved from /home/airflow/.local/lib/python3.7/site-packages/airflow/example_dags/example_skip_dag.py
[2023-02-18T08:20:14.175+0000] {logging_mixin.py:137} INFO - [2023-02-18T08:20:14.175+0000] {dag.py:2690} INFO - Sync 1 DAGs
[2023-02-18T08:20:15.282+0000] {logging_mixin.py:137} INFO - [2023-02-18T08:20:15.276+0000] {dag.py:3441} INFO - Setting next_dagrun for example_skip_dag to 2023-02-17T08:20:15.275432+00:00, run_after=2023-02-18T08:20:15.275432+00:00
[2023-02-18T08:20:16.266+0000] {processor.py:175} INFO - Processing /home/airflow/.local/lib/python3.7/site-packages/airflow/example_dags/example_skip_dag.py took 7.101 seconds
[2023-02-18T08:23:04.774+0000] {processor.py:153} INFO - Started process (PID=1483) to work on /home/airflow/.local/lib/python3.7/site-packages/airflow/example_dags/example_skip_dag.py
[2023-02-18T08:23:04.850+0000] {processor.py:743} INFO - Processing file /home/airflow/.local/lib/python3.7/site-packages/airflow/example_dags/example_skip_dag.py for tasks to queue
[2023-02-18T08:23:04.852+0000] {logging_mixin.py:137} INFO - [2023-02-18T08:23:04.852+0000] {dagbag.py:538} INFO - Filling up the DagBag from /home/airflow/.local/lib/python3.7/site-packages/airflow/example_dags/example_skip_dag.py
[2023-02-18T08:23:07.162+0000] {processor.py:753} INFO - DAG(s) dict_keys(['example_skip_dag']) retrieved from /home/airflow/.local/lib/python3.7/site-packages/airflow/example_dags/example_skip_dag.py
[2023-02-18T08:23:09.317+0000] {logging_mixin.py:137} INFO - [2023-02-18T08:23:09.316+0000] {dag.py:2690} INFO - Sync 1 DAGs
[2023-02-18T08:23:11.207+0000] {logging_mixin.py:137} INFO - [2023-02-18T08:23:11.206+0000] {dag.py:3441} INFO - Setting next_dagrun for example_skip_dag to 2023-02-17T08:23:11.189599+00:00, run_after=2023-02-18T08:23:11.189599+00:00
[2023-02-18T08:23:12.054+0000] {processor.py:175} INFO - Processing /home/airflow/.local/lib/python3.7/site-packages/airflow/example_dags/example_skip_dag.py took 7.585 seconds
[2023-02-18T08:26:33.086+0000] {processor.py:153} INFO - Started process (PID=1614) to work on /home/airflow/.local/lib/python3.7/site-packages/airflow/example_dags/example_skip_dag.py
[2023-02-18T08:26:33.119+0000] {processor.py:743} INFO - Processing file /home/airflow/.local/lib/python3.7/site-packages/airflow/example_dags/example_skip_dag.py for tasks to queue
[2023-02-18T08:26:33.133+0000] {logging_mixin.py:137} INFO - [2023-02-18T08:26:33.121+0000] {dagbag.py:538} INFO - Filling up the DagBag from /home/airflow/.local/lib/python3.7/site-packages/airflow/example_dags/example_skip_dag.py
[2023-02-18T08:26:34.610+0000] {processor.py:753} INFO - DAG(s) dict_keys(['example_skip_dag']) retrieved from /home/airflow/.local/lib/python3.7/site-packages/airflow/example_dags/example_skip_dag.py
[2023-02-18T08:26:40.580+0000] {logging_mixin.py:137} INFO - [2023-02-18T08:26:40.368+0000] {dag.py:2690} INFO - Sync 1 DAGs
[2023-02-18T08:26:44.726+0000] {logging_mixin.py:137} INFO - [2023-02-18T08:26:44.725+0000] {dag.py:3441} INFO - Setting next_dagrun for example_skip_dag to 2023-02-17T08:26:44.724739+00:00, run_after=2023-02-18T08:26:44.724739+00:00
[2023-02-18T08:26:47.189+0000] {processor.py:175} INFO - Processing /home/airflow/.local/lib/python3.7/site-packages/airflow/example_dags/example_skip_dag.py took 14.180 seconds
[2023-02-18T08:33:15.469+0000] {processor.py:153} INFO - Started process (PID=1816) to work on /home/airflow/.local/lib/python3.7/site-packages/airflow/example_dags/example_skip_dag.py
[2023-02-18T08:33:15.572+0000] {processor.py:743} INFO - Processing file /home/airflow/.local/lib/python3.7/site-packages/airflow/example_dags/example_skip_dag.py for tasks to queue
[2023-02-18T08:33:15.574+0000] {logging_mixin.py:137} INFO - [2023-02-18T08:33:15.574+0000] {dagbag.py:538} INFO - Filling up the DagBag from /home/airflow/.local/lib/python3.7/site-packages/airflow/example_dags/example_skip_dag.py
[2023-02-18T08:33:18.666+0000] {processor.py:753} INFO - DAG(s) dict_keys(['example_skip_dag']) retrieved from /home/airflow/.local/lib/python3.7/site-packages/airflow/example_dags/example_skip_dag.py
[2023-02-18T08:33:24.707+0000] {logging_mixin.py:137} INFO - [2023-02-18T08:33:24.707+0000] {dag.py:2690} INFO - Sync 1 DAGs
[2023-02-18T08:33:31.885+0000] {logging_mixin.py:137} INFO - [2023-02-18T08:33:31.885+0000] {dag.py:3441} INFO - Setting next_dagrun for example_skip_dag to 2023-02-17T08:33:31.884291+00:00, run_after=2023-02-18T08:33:31.884291+00:00
[2023-02-18T08:33:37.314+0000] {processor.py:175} INFO - Processing /home/airflow/.local/lib/python3.7/site-packages/airflow/example_dags/example_skip_dag.py took 22.697 seconds
[2023-02-18T08:44:13.079+0000] {processor.py:153} INFO - Started process (PID=2128) to work on /home/airflow/.local/lib/python3.7/site-packages/airflow/example_dags/example_skip_dag.py
[2023-02-18T08:44:13.678+0000] {processor.py:743} INFO - Processing file /home/airflow/.local/lib/python3.7/site-packages/airflow/example_dags/example_skip_dag.py for tasks to queue
[2023-02-18T08:44:13.681+0000] {logging_mixin.py:137} INFO - [2023-02-18T08:44:13.680+0000] {dagbag.py:538} INFO - Filling up the DagBag from /home/airflow/.local/lib/python3.7/site-packages/airflow/example_dags/example_skip_dag.py
[2023-02-18T08:44:26.382+0000] {processor.py:753} INFO - DAG(s) dict_keys(['example_skip_dag']) retrieved from /home/airflow/.local/lib/python3.7/site-packages/airflow/example_dags/example_skip_dag.py
[2023-02-18T08:44:44.711+0000] {logging_mixin.py:137} INFO - [2023-02-18T08:44:44.711+0000] {dag.py:2690} INFO - Sync 1 DAGs
[2023-02-18T08:45:05.141+0000] {logging_mixin.py:137} INFO - [2023-02-18T08:45:05.141+0000] {dag.py:3441} INFO - Setting next_dagrun for example_skip_dag to 2023-02-17T08:45:05.137665+00:00, run_after=2023-02-18T08:45:05.137665+00:00
[2023-02-18T09:52:08.877+0000] {processor.py:153} INFO - Started process (PID=174) to work on /home/airflow/.local/lib/python3.7/site-packages/airflow/example_dags/example_skip_dag.py
[2023-02-18T09:52:08.900+0000] {processor.py:743} INFO - Processing file /home/airflow/.local/lib/python3.7/site-packages/airflow/example_dags/example_skip_dag.py for tasks to queue
[2023-02-18T09:52:08.943+0000] {logging_mixin.py:137} INFO - [2023-02-18T09:52:08.942+0000] {dagbag.py:538} INFO - Filling up the DagBag from /home/airflow/.local/lib/python3.7/site-packages/airflow/example_dags/example_skip_dag.py
[2023-02-18T09:52:10.069+0000] {processor.py:753} INFO - DAG(s) dict_keys(['example_skip_dag']) retrieved from /home/airflow/.local/lib/python3.7/site-packages/airflow/example_dags/example_skip_dag.py
[2023-02-18T09:52:12.632+0000] {logging_mixin.py:137} INFO - [2023-02-18T09:52:12.632+0000] {dag.py:2690} INFO - Sync 1 DAGs
[2023-02-18T09:52:13.188+0000] {logging_mixin.py:137} INFO - [2023-02-18T09:52:13.175+0000] {dag.py:3441} INFO - Setting next_dagrun for example_skip_dag to 2023-02-17T09:52:13.174300+00:00, run_after=2023-02-18T09:52:13.174300+00:00
[2023-02-18T09:52:13.911+0000] {processor.py:175} INFO - Processing /home/airflow/.local/lib/python3.7/site-packages/airflow/example_dags/example_skip_dag.py took 5.271 seconds
[2023-02-18T09:53:44.258+0000] {processor.py:153} INFO - Started process (PID=261) to work on /home/airflow/.local/lib/python3.7/site-packages/airflow/example_dags/example_skip_dag.py
[2023-02-18T09:53:44.277+0000] {processor.py:743} INFO - Processing file /home/airflow/.local/lib/python3.7/site-packages/airflow/example_dags/example_skip_dag.py for tasks to queue
[2023-02-18T09:53:44.279+0000] {logging_mixin.py:137} INFO - [2023-02-18T09:53:44.279+0000] {dagbag.py:538} INFO - Filling up the DagBag from /home/airflow/.local/lib/python3.7/site-packages/airflow/example_dags/example_skip_dag.py
[2023-02-18T09:53:44.435+0000] {processor.py:753} INFO - DAG(s) dict_keys(['example_skip_dag']) retrieved from /home/airflow/.local/lib/python3.7/site-packages/airflow/example_dags/example_skip_dag.py
[2023-02-18T09:53:45.451+0000] {logging_mixin.py:137} INFO - [2023-02-18T09:53:45.450+0000] {dag.py:2690} INFO - Sync 1 DAGs
[2023-02-18T09:53:46.531+0000] {logging_mixin.py:137} INFO - [2023-02-18T09:53:46.531+0000] {dag.py:3441} INFO - Setting next_dagrun for example_skip_dag to 2023-02-17T09:53:46.530379+00:00, run_after=2023-02-18T09:53:46.530379+00:00
[2023-02-18T09:53:47.182+0000] {processor.py:175} INFO - Processing /home/airflow/.local/lib/python3.7/site-packages/airflow/example_dags/example_skip_dag.py took 3.066 seconds
[2023-02-18T09:55:11.096+0000] {processor.py:153} INFO - Started process (PID=340) to work on /home/airflow/.local/lib/python3.7/site-packages/airflow/example_dags/example_skip_dag.py
[2023-02-18T09:55:11.240+0000] {processor.py:743} INFO - Processing file /home/airflow/.local/lib/python3.7/site-packages/airflow/example_dags/example_skip_dag.py for tasks to queue
[2023-02-18T09:55:11.288+0000] {logging_mixin.py:137} INFO - [2023-02-18T09:55:11.288+0000] {dagbag.py:538} INFO - Filling up the DagBag from /home/airflow/.local/lib/python3.7/site-packages/airflow/example_dags/example_skip_dag.py
[2023-02-18T09:55:11.977+0000] {processor.py:753} INFO - DAG(s) dict_keys(['example_skip_dag']) retrieved from /home/airflow/.local/lib/python3.7/site-packages/airflow/example_dags/example_skip_dag.py
[2023-02-18T09:55:13.140+0000] {logging_mixin.py:137} INFO - [2023-02-18T09:55:13.140+0000] {dag.py:2690} INFO - Sync 1 DAGs
[2023-02-18T09:55:15.351+0000] {logging_mixin.py:137} INFO - [2023-02-18T09:55:15.308+0000] {dag.py:3441} INFO - Setting next_dagrun for example_skip_dag to 2023-02-17T09:55:15.308229+00:00, run_after=2023-02-18T09:55:15.308229+00:00
[2023-02-18T09:55:18.015+0000] {processor.py:175} INFO - Processing /home/airflow/.local/lib/python3.7/site-packages/airflow/example_dags/example_skip_dag.py took 7.081 seconds
[2023-02-18T09:59:18.119+0000] {processor.py:153} INFO - Started process (PID=500) to work on /home/airflow/.local/lib/python3.7/site-packages/airflow/example_dags/example_skip_dag.py
[2023-02-18T09:59:18.133+0000] {processor.py:743} INFO - Processing file /home/airflow/.local/lib/python3.7/site-packages/airflow/example_dags/example_skip_dag.py for tasks to queue
[2023-02-18T09:59:18.149+0000] {logging_mixin.py:137} INFO - [2023-02-18T09:59:18.137+0000] {dagbag.py:538} INFO - Filling up the DagBag from /home/airflow/.local/lib/python3.7/site-packages/airflow/example_dags/example_skip_dag.py
[2023-02-18T09:59:18.773+0000] {processor.py:753} INFO - DAG(s) dict_keys(['example_skip_dag']) retrieved from /home/airflow/.local/lib/python3.7/site-packages/airflow/example_dags/example_skip_dag.py
[2023-02-18T09:59:20.240+0000] {logging_mixin.py:137} INFO - [2023-02-18T09:59:20.239+0000] {dag.py:2690} INFO - Sync 1 DAGs
[2023-02-18T09:59:22.412+0000] {logging_mixin.py:137} INFO - [2023-02-18T09:59:22.172+0000] {dag.py:3441} INFO - Setting next_dagrun for example_skip_dag to 2023-02-17T09:59:22.171906+00:00, run_after=2023-02-18T09:59:22.171906+00:00
[2023-02-18T09:59:23.496+0000] {processor.py:175} INFO - Processing /home/airflow/.local/lib/python3.7/site-packages/airflow/example_dags/example_skip_dag.py took 5.495 seconds
[2023-02-18T10:01:10.951+0000] {processor.py:153} INFO - Started process (PID=584) to work on /home/airflow/.local/lib/python3.7/site-packages/airflow/example_dags/example_skip_dag.py
[2023-02-18T10:01:11.025+0000] {processor.py:743} INFO - Processing file /home/airflow/.local/lib/python3.7/site-packages/airflow/example_dags/example_skip_dag.py for tasks to queue
[2023-02-18T10:01:11.064+0000] {logging_mixin.py:137} INFO - [2023-02-18T10:01:11.063+0000] {dagbag.py:538} INFO - Filling up the DagBag from /home/airflow/.local/lib/python3.7/site-packages/airflow/example_dags/example_skip_dag.py
[2023-02-18T10:01:12.671+0000] {processor.py:753} INFO - DAG(s) dict_keys(['example_skip_dag']) retrieved from /home/airflow/.local/lib/python3.7/site-packages/airflow/example_dags/example_skip_dag.py
[2023-02-18T10:01:13.800+0000] {logging_mixin.py:137} INFO - [2023-02-18T10:01:13.800+0000] {dag.py:2690} INFO - Sync 1 DAGs
[2023-02-18T10:01:15.526+0000] {logging_mixin.py:137} INFO - [2023-02-18T10:01:15.525+0000] {dag.py:3441} INFO - Setting next_dagrun for example_skip_dag to 2023-02-17T10:01:15.524720+00:00, run_after=2023-02-18T10:01:15.524720+00:00
[2023-02-18T10:01:16.261+0000] {processor.py:175} INFO - Processing /home/airflow/.local/lib/python3.7/site-packages/airflow/example_dags/example_skip_dag.py took 5.359 seconds
[2023-02-18T10:02:56.998+0000] {processor.py:153} INFO - Started process (PID=660) to work on /home/airflow/.local/lib/python3.7/site-packages/airflow/example_dags/example_skip_dag.py
[2023-02-18T10:02:57.175+0000] {processor.py:743} INFO - Processing file /home/airflow/.local/lib/python3.7/site-packages/airflow/example_dags/example_skip_dag.py for tasks to queue
[2023-02-18T10:02:57.318+0000] {logging_mixin.py:137} INFO - [2023-02-18T10:02:57.317+0000] {dagbag.py:538} INFO - Filling up the DagBag from /home/airflow/.local/lib/python3.7/site-packages/airflow/example_dags/example_skip_dag.py
[2023-02-18T10:02:59.389+0000] {processor.py:753} INFO - DAG(s) dict_keys(['example_skip_dag']) retrieved from /home/airflow/.local/lib/python3.7/site-packages/airflow/example_dags/example_skip_dag.py
[2023-02-18T10:03:00.418+0000] {logging_mixin.py:137} INFO - [2023-02-18T10:03:00.216+0000] {dag.py:2690} INFO - Sync 1 DAGs
[2023-02-18T10:03:02.360+0000] {logging_mixin.py:137} INFO - [2023-02-18T10:03:02.360+0000] {dag.py:3441} INFO - Setting next_dagrun for example_skip_dag to 2023-02-17T10:03:02.359635+00:00, run_after=2023-02-18T10:03:02.359635+00:00
[2023-02-18T10:03:03.257+0000] {processor.py:175} INFO - Processing /home/airflow/.local/lib/python3.7/site-packages/airflow/example_dags/example_skip_dag.py took 6.795 seconds
[2023-02-18T10:05:22.614+0000] {processor.py:153} INFO - Started process (PID=750) to work on /home/airflow/.local/lib/python3.7/site-packages/airflow/example_dags/example_skip_dag.py
[2023-02-18T10:05:22.877+0000] {processor.py:743} INFO - Processing file /home/airflow/.local/lib/python3.7/site-packages/airflow/example_dags/example_skip_dag.py for tasks to queue
[2023-02-18T10:05:22.879+0000] {logging_mixin.py:137} INFO - [2023-02-18T10:05:22.879+0000] {dagbag.py:538} INFO - Filling up the DagBag from /home/airflow/.local/lib/python3.7/site-packages/airflow/example_dags/example_skip_dag.py
[2023-02-18T10:05:25.111+0000] {processor.py:753} INFO - DAG(s) dict_keys(['example_skip_dag']) retrieved from /home/airflow/.local/lib/python3.7/site-packages/airflow/example_dags/example_skip_dag.py
[2023-02-18T10:05:25.578+0000] {logging_mixin.py:137} INFO - [2023-02-18T10:05:25.578+0000] {dag.py:2690} INFO - Sync 1 DAGs
[2023-02-18T10:05:28.273+0000] {logging_mixin.py:137} INFO - [2023-02-18T10:05:28.272+0000] {dag.py:3441} INFO - Setting next_dagrun for example_skip_dag to 2023-02-17T10:05:28.242681+00:00, run_after=2023-02-18T10:05:28.242681+00:00
[2023-02-18T10:05:33.495+0000] {processor.py:175} INFO - Processing /home/airflow/.local/lib/python3.7/site-packages/airflow/example_dags/example_skip_dag.py took 11.282 seconds
[2023-02-18T10:08:15.605+0000] {processor.py:153} INFO - Started process (PID=857) to work on /home/airflow/.local/lib/python3.7/site-packages/airflow/example_dags/example_skip_dag.py
[2023-02-18T10:08:15.683+0000] {processor.py:743} INFO - Processing file /home/airflow/.local/lib/python3.7/site-packages/airflow/example_dags/example_skip_dag.py for tasks to queue
[2023-02-18T10:08:15.686+0000] {logging_mixin.py:137} INFO - [2023-02-18T10:08:15.685+0000] {dagbag.py:538} INFO - Filling up the DagBag from /home/airflow/.local/lib/python3.7/site-packages/airflow/example_dags/example_skip_dag.py
[2023-02-18T10:08:17.128+0000] {processor.py:753} INFO - DAG(s) dict_keys(['example_skip_dag']) retrieved from /home/airflow/.local/lib/python3.7/site-packages/airflow/example_dags/example_skip_dag.py
[2023-02-18T10:08:18.702+0000] {logging_mixin.py:137} INFO - [2023-02-18T10:08:18.702+0000] {dag.py:2690} INFO - Sync 1 DAGs
[2023-02-18T10:08:19.420+0000] {logging_mixin.py:137} INFO - [2023-02-18T10:08:19.420+0000] {dag.py:3441} INFO - Setting next_dagrun for example_skip_dag to 2023-02-17T10:08:19.419666+00:00, run_after=2023-02-18T10:08:19.419666+00:00
[2023-02-18T10:08:21.083+0000] {processor.py:175} INFO - Processing /home/airflow/.local/lib/python3.7/site-packages/airflow/example_dags/example_skip_dag.py took 5.794 seconds
