[2023-02-18T07:49:53.316+0000] {processor.py:153} INFO - Started process (PID=171) to work on /home/airflow/.local/lib/python3.7/site-packages/airflow/example_dags/example_external_task_marker_dag.py
[2023-02-18T07:49:53.365+0000] {processor.py:743} INFO - Processing file /home/airflow/.local/lib/python3.7/site-packages/airflow/example_dags/example_external_task_marker_dag.py for tasks to queue
[2023-02-18T07:49:53.380+0000] {logging_mixin.py:137} INFO - [2023-02-18T07:49:53.368+0000] {dagbag.py:538} INFO - Filling up the DagBag from /home/airflow/.local/lib/python3.7/site-packages/airflow/example_dags/example_external_task_marker_dag.py
[2023-02-18T07:49:53.778+0000] {processor.py:753} INFO - DAG(s) dict_keys(['example_external_task_marker_parent', 'example_external_task_marker_child']) retrieved from /home/airflow/.local/lib/python3.7/site-packages/airflow/example_dags/example_external_task_marker_dag.py
[2023-02-18T07:49:54.759+0000] {logging_mixin.py:137} INFO - [2023-02-18T07:49:54.759+0000] {dag.py:2690} INFO - Sync 2 DAGs
[2023-02-18T07:49:55.348+0000] {logging_mixin.py:137} INFO - [2023-02-18T07:49:55.347+0000] {dag.py:3441} INFO - Setting next_dagrun for example_external_task_marker_child to None, run_after=None
[2023-02-18T07:49:55.415+0000] {logging_mixin.py:137} INFO - [2023-02-18T07:49:55.414+0000] {dag.py:3441} INFO - Setting next_dagrun for example_external_task_marker_parent to None, run_after=None
[2023-02-18T07:49:56.321+0000] {processor.py:175} INFO - Processing /home/airflow/.local/lib/python3.7/site-packages/airflow/example_dags/example_external_task_marker_dag.py took 3.276 seconds
[2023-02-18T07:51:42.241+0000] {processor.py:153} INFO - Started process (PID=266) to work on /home/airflow/.local/lib/python3.7/site-packages/airflow/example_dags/example_external_task_marker_dag.py
[2023-02-18T07:51:42.271+0000] {processor.py:743} INFO - Processing file /home/airflow/.local/lib/python3.7/site-packages/airflow/example_dags/example_external_task_marker_dag.py for tasks to queue
[2023-02-18T07:51:42.273+0000] {logging_mixin.py:137} INFO - [2023-02-18T07:51:42.272+0000] {dagbag.py:538} INFO - Filling up the DagBag from /home/airflow/.local/lib/python3.7/site-packages/airflow/example_dags/example_external_task_marker_dag.py
[2023-02-18T07:51:42.590+0000] {processor.py:753} INFO - DAG(s) dict_keys(['example_external_task_marker_child', 'example_external_task_marker_parent']) retrieved from /home/airflow/.local/lib/python3.7/site-packages/airflow/example_dags/example_external_task_marker_dag.py
[2023-02-18T07:51:43.399+0000] {logging_mixin.py:137} INFO - [2023-02-18T07:51:43.399+0000] {dag.py:2690} INFO - Sync 2 DAGs
[2023-02-18T07:51:43.803+0000] {logging_mixin.py:137} INFO - [2023-02-18T07:51:43.803+0000] {dag.py:3441} INFO - Setting next_dagrun for example_external_task_marker_child to None, run_after=None
[2023-02-18T07:51:43.930+0000] {logging_mixin.py:137} INFO - [2023-02-18T07:51:43.930+0000] {dag.py:3441} INFO - Setting next_dagrun for example_external_task_marker_parent to None, run_after=None
[2023-02-18T07:51:44.313+0000] {processor.py:175} INFO - Processing /home/airflow/.local/lib/python3.7/site-packages/airflow/example_dags/example_external_task_marker_dag.py took 2.108 seconds
[2023-02-18T07:53:16.848+0000] {processor.py:153} INFO - Started process (PID=356) to work on /home/airflow/.local/lib/python3.7/site-packages/airflow/example_dags/example_external_task_marker_dag.py
[2023-02-18T07:53:16.925+0000] {processor.py:743} INFO - Processing file /home/airflow/.local/lib/python3.7/site-packages/airflow/example_dags/example_external_task_marker_dag.py for tasks to queue
[2023-02-18T07:53:16.928+0000] {logging_mixin.py:137} INFO - [2023-02-18T07:53:16.927+0000] {dagbag.py:538} INFO - Filling up the DagBag from /home/airflow/.local/lib/python3.7/site-packages/airflow/example_dags/example_external_task_marker_dag.py
[2023-02-18T07:53:17.610+0000] {processor.py:753} INFO - DAG(s) dict_keys(['example_external_task_marker_parent', 'example_external_task_marker_child']) retrieved from /home/airflow/.local/lib/python3.7/site-packages/airflow/example_dags/example_external_task_marker_dag.py
[2023-02-18T07:53:18.538+0000] {logging_mixin.py:137} INFO - [2023-02-18T07:53:18.538+0000] {dag.py:2690} INFO - Sync 2 DAGs
[2023-02-18T07:53:19.910+0000] {logging_mixin.py:137} INFO - [2023-02-18T07:53:19.882+0000] {dag.py:3441} INFO - Setting next_dagrun for example_external_task_marker_child to None, run_after=None
[2023-02-18T07:53:19.993+0000] {logging_mixin.py:137} INFO - [2023-02-18T07:53:19.992+0000] {dag.py:3441} INFO - Setting next_dagrun for example_external_task_marker_parent to None, run_after=None
[2023-02-18T07:53:20.578+0000] {processor.py:175} INFO - Processing /home/airflow/.local/lib/python3.7/site-packages/airflow/example_dags/example_external_task_marker_dag.py took 4.005 seconds
[2023-02-18T07:54:47.596+0000] {processor.py:153} INFO - Started process (PID=439) to work on /home/airflow/.local/lib/python3.7/site-packages/airflow/example_dags/example_external_task_marker_dag.py
[2023-02-18T07:54:47.660+0000] {processor.py:743} INFO - Processing file /home/airflow/.local/lib/python3.7/site-packages/airflow/example_dags/example_external_task_marker_dag.py for tasks to queue
[2023-02-18T07:54:47.676+0000] {logging_mixin.py:137} INFO - [2023-02-18T07:54:47.675+0000] {dagbag.py:538} INFO - Filling up the DagBag from /home/airflow/.local/lib/python3.7/site-packages/airflow/example_dags/example_external_task_marker_dag.py
[2023-02-18T07:54:48.211+0000] {processor.py:753} INFO - DAG(s) dict_keys(['example_external_task_marker_parent', 'example_external_task_marker_child']) retrieved from /home/airflow/.local/lib/python3.7/site-packages/airflow/example_dags/example_external_task_marker_dag.py
[2023-02-18T07:54:48.825+0000] {logging_mixin.py:137} INFO - [2023-02-18T07:54:48.825+0000] {dag.py:2690} INFO - Sync 2 DAGs
[2023-02-18T07:54:50.010+0000] {logging_mixin.py:137} INFO - [2023-02-18T07:54:50.010+0000] {dag.py:3441} INFO - Setting next_dagrun for example_external_task_marker_child to None, run_after=None
[2023-02-18T07:54:50.151+0000] {logging_mixin.py:137} INFO - [2023-02-18T07:54:50.150+0000] {dag.py:3441} INFO - Setting next_dagrun for example_external_task_marker_parent to None, run_after=None
[2023-02-18T07:54:50.764+0000] {processor.py:175} INFO - Processing /home/airflow/.local/lib/python3.7/site-packages/airflow/example_dags/example_external_task_marker_dag.py took 3.315 seconds
[2023-02-18T07:57:44.305+0000] {processor.py:153} INFO - Started process (PID=568) to work on /home/airflow/.local/lib/python3.7/site-packages/airflow/example_dags/example_external_task_marker_dag.py
[2023-02-18T07:57:44.541+0000] {processor.py:743} INFO - Processing file /home/airflow/.local/lib/python3.7/site-packages/airflow/example_dags/example_external_task_marker_dag.py for tasks to queue
[2023-02-18T07:57:44.544+0000] {logging_mixin.py:137} INFO - [2023-02-18T07:57:44.543+0000] {dagbag.py:538} INFO - Filling up the DagBag from /home/airflow/.local/lib/python3.7/site-packages/airflow/example_dags/example_external_task_marker_dag.py
[2023-02-18T07:57:44.683+0000] {processor.py:753} INFO - DAG(s) dict_keys(['example_external_task_marker_child', 'example_external_task_marker_parent']) retrieved from /home/airflow/.local/lib/python3.7/site-packages/airflow/example_dags/example_external_task_marker_dag.py
[2023-02-18T07:57:46.405+0000] {logging_mixin.py:137} INFO - [2023-02-18T07:57:46.404+0000] {dag.py:2690} INFO - Sync 2 DAGs
[2023-02-18T07:57:50.271+0000] {logging_mixin.py:137} INFO - [2023-02-18T07:57:49.929+0000] {dag.py:3441} INFO - Setting next_dagrun for example_external_task_marker_child to None, run_after=None
[2023-02-18T07:57:51.189+0000] {logging_mixin.py:137} INFO - [2023-02-18T07:57:51.189+0000] {dag.py:3441} INFO - Setting next_dagrun for example_external_task_marker_parent to None, run_after=None
[2023-02-18T07:57:51.956+0000] {processor.py:175} INFO - Processing /home/airflow/.local/lib/python3.7/site-packages/airflow/example_dags/example_external_task_marker_dag.py took 7.964 seconds
[2023-02-18T08:03:47.920+0000] {processor.py:153} INFO - Started process (PID=791) to work on /home/airflow/.local/lib/python3.7/site-packages/airflow/example_dags/example_external_task_marker_dag.py
[2023-02-18T08:03:48.883+0000] {processor.py:743} INFO - Processing file /home/airflow/.local/lib/python3.7/site-packages/airflow/example_dags/example_external_task_marker_dag.py for tasks to queue
[2023-02-18T08:03:48.927+0000] {logging_mixin.py:137} INFO - [2023-02-18T08:03:48.926+0000] {dagbag.py:538} INFO - Filling up the DagBag from /home/airflow/.local/lib/python3.7/site-packages/airflow/example_dags/example_external_task_marker_dag.py
[2023-02-18T08:03:51.644+0000] {processor.py:753} INFO - DAG(s) dict_keys(['example_external_task_marker_parent', 'example_external_task_marker_child']) retrieved from /home/airflow/.local/lib/python3.7/site-packages/airflow/example_dags/example_external_task_marker_dag.py
[2023-02-18T08:03:56.341+0000] {logging_mixin.py:137} INFO - [2023-02-18T08:03:56.341+0000] {dag.py:2690} INFO - Sync 2 DAGs
[2023-02-18T08:04:01.081+0000] {logging_mixin.py:137} INFO - [2023-02-18T08:04:01.080+0000] {dag.py:3441} INFO - Setting next_dagrun for example_external_task_marker_child to None, run_after=None
[2023-02-18T08:04:02.488+0000] {logging_mixin.py:137} INFO - [2023-02-18T08:04:02.487+0000] {dag.py:3441} INFO - Setting next_dagrun for example_external_task_marker_parent to None, run_after=None
[2023-02-18T08:04:04.437+0000] {processor.py:175} INFO - Processing /home/airflow/.local/lib/python3.7/site-packages/airflow/example_dags/example_external_task_marker_dag.py took 17.389 seconds
[2023-02-18T08:12:01.682+0000] {processor.py:153} INFO - Started process (PID=1076) to work on /home/airflow/.local/lib/python3.7/site-packages/airflow/example_dags/example_external_task_marker_dag.py
[2023-02-18T08:12:01.745+0000] {processor.py:743} INFO - Processing file /home/airflow/.local/lib/python3.7/site-packages/airflow/example_dags/example_external_task_marker_dag.py for tasks to queue
[2023-02-18T08:12:01.748+0000] {logging_mixin.py:137} INFO - [2023-02-18T08:12:01.747+0000] {dagbag.py:538} INFO - Filling up the DagBag from /home/airflow/.local/lib/python3.7/site-packages/airflow/example_dags/example_external_task_marker_dag.py
[2023-02-18T08:12:03.757+0000] {processor.py:753} INFO - DAG(s) dict_keys(['example_external_task_marker_child', 'example_external_task_marker_parent']) retrieved from /home/airflow/.local/lib/python3.7/site-packages/airflow/example_dags/example_external_task_marker_dag.py
[2023-02-18T08:12:07.718+0000] {logging_mixin.py:137} INFO - [2023-02-18T08:12:07.717+0000] {dag.py:2690} INFO - Sync 2 DAGs
[2023-02-18T08:12:10.447+0000] {logging_mixin.py:137} INFO - [2023-02-18T08:12:10.446+0000] {dag.py:3441} INFO - Setting next_dagrun for example_external_task_marker_child to None, run_after=None
[2023-02-18T08:12:10.920+0000] {logging_mixin.py:137} INFO - [2023-02-18T08:12:10.907+0000] {dag.py:3441} INFO - Setting next_dagrun for example_external_task_marker_parent to None, run_after=None
[2023-02-18T08:12:12.323+0000] {processor.py:175} INFO - Processing /home/airflow/.local/lib/python3.7/site-packages/airflow/example_dags/example_external_task_marker_dag.py took 11.320 seconds
[2023-02-18T08:18:36.832+0000] {processor.py:153} INFO - Started process (PID=1318) to work on /home/airflow/.local/lib/python3.7/site-packages/airflow/example_dags/example_external_task_marker_dag.py
[2023-02-18T08:18:36.864+0000] {processor.py:743} INFO - Processing file /home/airflow/.local/lib/python3.7/site-packages/airflow/example_dags/example_external_task_marker_dag.py for tasks to queue
[2023-02-18T08:18:36.885+0000] {logging_mixin.py:137} INFO - [2023-02-18T08:18:36.884+0000] {dagbag.py:538} INFO - Filling up the DagBag from /home/airflow/.local/lib/python3.7/site-packages/airflow/example_dags/example_external_task_marker_dag.py
[2023-02-18T08:18:38.593+0000] {processor.py:753} INFO - DAG(s) dict_keys(['example_external_task_marker_parent', 'example_external_task_marker_child']) retrieved from /home/airflow/.local/lib/python3.7/site-packages/airflow/example_dags/example_external_task_marker_dag.py
[2023-02-18T08:18:41.338+0000] {logging_mixin.py:137} INFO - [2023-02-18T08:18:41.338+0000] {dag.py:2690} INFO - Sync 2 DAGs
[2023-02-18T08:18:44.541+0000] {logging_mixin.py:137} INFO - [2023-02-18T08:18:44.540+0000] {dag.py:3441} INFO - Setting next_dagrun for example_external_task_marker_child to None, run_after=None
[2023-02-18T08:18:44.908+0000] {logging_mixin.py:137} INFO - [2023-02-18T08:18:44.907+0000] {dag.py:3441} INFO - Setting next_dagrun for example_external_task_marker_parent to None, run_after=None
[2023-02-18T08:18:48.262+0000] {processor.py:175} INFO - Processing /home/airflow/.local/lib/python3.7/site-packages/airflow/example_dags/example_external_task_marker_dag.py took 11.560 seconds
[2023-02-18T08:24:37.498+0000] {processor.py:153} INFO - Started process (PID=1548) to work on /home/airflow/.local/lib/python3.7/site-packages/airflow/example_dags/example_external_task_marker_dag.py
[2023-02-18T08:24:37.594+0000] {processor.py:743} INFO - Processing file /home/airflow/.local/lib/python3.7/site-packages/airflow/example_dags/example_external_task_marker_dag.py for tasks to queue
[2023-02-18T08:24:37.596+0000] {logging_mixin.py:137} INFO - [2023-02-18T08:24:37.596+0000] {dagbag.py:538} INFO - Filling up the DagBag from /home/airflow/.local/lib/python3.7/site-packages/airflow/example_dags/example_external_task_marker_dag.py
[2023-02-18T08:24:39.434+0000] {processor.py:753} INFO - DAG(s) dict_keys(['example_external_task_marker_child', 'example_external_task_marker_parent']) retrieved from /home/airflow/.local/lib/python3.7/site-packages/airflow/example_dags/example_external_task_marker_dag.py
[2023-02-18T08:24:42.800+0000] {logging_mixin.py:137} INFO - [2023-02-18T08:24:42.655+0000] {dag.py:2690} INFO - Sync 2 DAGs
[2023-02-18T08:24:45.850+0000] {logging_mixin.py:137} INFO - [2023-02-18T08:24:45.850+0000] {dag.py:3441} INFO - Setting next_dagrun for example_external_task_marker_child to None, run_after=None
[2023-02-18T08:24:46.176+0000] {logging_mixin.py:137} INFO - [2023-02-18T08:24:46.161+0000] {dag.py:3441} INFO - Setting next_dagrun for example_external_task_marker_parent to None, run_after=None
[2023-02-18T08:24:47.283+0000] {processor.py:175} INFO - Processing /home/airflow/.local/lib/python3.7/site-packages/airflow/example_dags/example_external_task_marker_dag.py took 9.848 seconds
[2023-02-18T08:37:55.570+0000] {processor.py:153} INFO - Started process (PID=1963) to work on /home/airflow/.local/lib/python3.7/site-packages/airflow/example_dags/example_external_task_marker_dag.py
[2023-02-18T08:37:55.711+0000] {processor.py:743} INFO - Processing file /home/airflow/.local/lib/python3.7/site-packages/airflow/example_dags/example_external_task_marker_dag.py for tasks to queue
[2023-02-18T08:37:55.714+0000] {logging_mixin.py:137} INFO - [2023-02-18T08:37:55.713+0000] {dagbag.py:538} INFO - Filling up the DagBag from /home/airflow/.local/lib/python3.7/site-packages/airflow/example_dags/example_external_task_marker_dag.py
[2023-02-18T08:37:59.952+0000] {processor.py:753} INFO - DAG(s) dict_keys(['example_external_task_marker_parent', 'example_external_task_marker_child']) retrieved from /home/airflow/.local/lib/python3.7/site-packages/airflow/example_dags/example_external_task_marker_dag.py
[2023-02-18T08:38:06.298+0000] {logging_mixin.py:137} INFO - [2023-02-18T08:38:06.298+0000] {dag.py:2690} INFO - Sync 2 DAGs
[2023-02-18T08:38:16.720+0000] {logging_mixin.py:137} INFO - [2023-02-18T08:38:16.720+0000] {dag.py:3441} INFO - Setting next_dagrun for example_external_task_marker_child to None, run_after=None
[2023-02-18T08:38:18.102+0000] {logging_mixin.py:137} INFO - [2023-02-18T08:38:18.101+0000] {dag.py:3441} INFO - Setting next_dagrun for example_external_task_marker_parent to None, run_after=None
[2023-02-18T08:38:22.068+0000] {processor.py:175} INFO - Processing /home/airflow/.local/lib/python3.7/site-packages/airflow/example_dags/example_external_task_marker_dag.py took 27.671 seconds
[2023-02-18T09:53:16.337+0000] {processor.py:153} INFO - Started process (PID=228) to work on /home/airflow/.local/lib/python3.7/site-packages/airflow/example_dags/example_external_task_marker_dag.py
[2023-02-18T09:53:16.383+0000] {processor.py:743} INFO - Processing file /home/airflow/.local/lib/python3.7/site-packages/airflow/example_dags/example_external_task_marker_dag.py for tasks to queue
[2023-02-18T09:53:16.404+0000] {logging_mixin.py:137} INFO - [2023-02-18T09:53:16.385+0000] {dagbag.py:538} INFO - Filling up the DagBag from /home/airflow/.local/lib/python3.7/site-packages/airflow/example_dags/example_external_task_marker_dag.py
[2023-02-18T09:53:16.699+0000] {processor.py:753} INFO - DAG(s) dict_keys(['example_external_task_marker_parent', 'example_external_task_marker_child']) retrieved from /home/airflow/.local/lib/python3.7/site-packages/airflow/example_dags/example_external_task_marker_dag.py
[2023-02-18T09:53:19.050+0000] {logging_mixin.py:137} INFO - [2023-02-18T09:53:19.049+0000] {dag.py:2690} INFO - Sync 2 DAGs
[2023-02-18T09:53:19.668+0000] {logging_mixin.py:137} INFO - [2023-02-18T09:53:19.667+0000] {dag.py:3441} INFO - Setting next_dagrun for example_external_task_marker_child to None, run_after=None
[2023-02-18T09:53:19.757+0000] {logging_mixin.py:137} INFO - [2023-02-18T09:53:19.757+0000] {dag.py:3441} INFO - Setting next_dagrun for example_external_task_marker_parent to None, run_after=None
[2023-02-18T09:53:20.369+0000] {processor.py:175} INFO - Processing /home/airflow/.local/lib/python3.7/site-packages/airflow/example_dags/example_external_task_marker_dag.py took 4.164 seconds
[2023-02-18T09:54:33.032+0000] {processor.py:153} INFO - Started process (PID=308) to work on /home/airflow/.local/lib/python3.7/site-packages/airflow/example_dags/example_external_task_marker_dag.py
[2023-02-18T09:54:33.048+0000] {processor.py:743} INFO - Processing file /home/airflow/.local/lib/python3.7/site-packages/airflow/example_dags/example_external_task_marker_dag.py for tasks to queue
[2023-02-18T09:54:33.064+0000] {logging_mixin.py:137} INFO - [2023-02-18T09:54:33.064+0000] {dagbag.py:538} INFO - Filling up the DagBag from /home/airflow/.local/lib/python3.7/site-packages/airflow/example_dags/example_external_task_marker_dag.py
[2023-02-18T09:54:33.353+0000] {processor.py:753} INFO - DAG(s) dict_keys(['example_external_task_marker_child', 'example_external_task_marker_parent']) retrieved from /home/airflow/.local/lib/python3.7/site-packages/airflow/example_dags/example_external_task_marker_dag.py
[2023-02-18T09:54:34.083+0000] {logging_mixin.py:137} INFO - [2023-02-18T09:54:34.082+0000] {dag.py:2690} INFO - Sync 2 DAGs
[2023-02-18T09:54:35.958+0000] {logging_mixin.py:137} INFO - [2023-02-18T09:54:35.957+0000] {dag.py:3441} INFO - Setting next_dagrun for example_external_task_marker_child to None, run_after=None
[2023-02-18T09:54:36.112+0000] {logging_mixin.py:137} INFO - [2023-02-18T09:54:36.111+0000] {dag.py:3441} INFO - Setting next_dagrun for example_external_task_marker_parent to None, run_after=None
[2023-02-18T09:54:37.154+0000] {processor.py:175} INFO - Processing /home/airflow/.local/lib/python3.7/site-packages/airflow/example_dags/example_external_task_marker_dag.py took 4.196 seconds
[2023-02-18T09:58:10.569+0000] {processor.py:153} INFO - Started process (PID=459) to work on /home/airflow/.local/lib/python3.7/site-packages/airflow/example_dags/example_external_task_marker_dag.py
[2023-02-18T09:58:10.701+0000] {processor.py:743} INFO - Processing file /home/airflow/.local/lib/python3.7/site-packages/airflow/example_dags/example_external_task_marker_dag.py for tasks to queue
[2023-02-18T09:58:10.861+0000] {logging_mixin.py:137} INFO - [2023-02-18T09:58:10.861+0000] {dagbag.py:538} INFO - Filling up the DagBag from /home/airflow/.local/lib/python3.7/site-packages/airflow/example_dags/example_external_task_marker_dag.py
[2023-02-18T09:58:12.439+0000] {processor.py:753} INFO - DAG(s) dict_keys(['example_external_task_marker_child', 'example_external_task_marker_parent']) retrieved from /home/airflow/.local/lib/python3.7/site-packages/airflow/example_dags/example_external_task_marker_dag.py
[2023-02-18T09:58:14.996+0000] {logging_mixin.py:137} INFO - [2023-02-18T09:58:14.996+0000] {dag.py:2690} INFO - Sync 2 DAGs
[2023-02-18T09:58:17.628+0000] {logging_mixin.py:137} INFO - [2023-02-18T09:58:17.600+0000] {dag.py:3441} INFO - Setting next_dagrun for example_external_task_marker_child to None, run_after=None
[2023-02-18T09:58:17.755+0000] {logging_mixin.py:137} INFO - [2023-02-18T09:58:17.755+0000] {dag.py:3441} INFO - Setting next_dagrun for example_external_task_marker_parent to None, run_after=None
[2023-02-18T09:58:20.105+0000] {processor.py:175} INFO - Processing /home/airflow/.local/lib/python3.7/site-packages/airflow/example_dags/example_external_task_marker_dag.py took 10.120 seconds
[2023-02-18T10:01:51.877+0000] {processor.py:153} INFO - Started process (PID=610) to work on /home/airflow/.local/lib/python3.7/site-packages/airflow/example_dags/example_external_task_marker_dag.py
[2023-02-18T10:01:51.984+0000] {processor.py:743} INFO - Processing file /home/airflow/.local/lib/python3.7/site-packages/airflow/example_dags/example_external_task_marker_dag.py for tasks to queue
[2023-02-18T10:01:52.000+0000] {logging_mixin.py:137} INFO - [2023-02-18T10:01:51.999+0000] {dagbag.py:538} INFO - Filling up the DagBag from /home/airflow/.local/lib/python3.7/site-packages/airflow/example_dags/example_external_task_marker_dag.py
[2023-02-18T10:01:52.424+0000] {processor.py:753} INFO - DAG(s) dict_keys(['example_external_task_marker_parent', 'example_external_task_marker_child']) retrieved from /home/airflow/.local/lib/python3.7/site-packages/airflow/example_dags/example_external_task_marker_dag.py
[2023-02-18T10:01:54.817+0000] {logging_mixin.py:137} INFO - [2023-02-18T10:01:54.817+0000] {dag.py:2690} INFO - Sync 2 DAGs
[2023-02-18T10:01:56.373+0000] {logging_mixin.py:137} INFO - [2023-02-18T10:01:56.372+0000] {dag.py:3441} INFO - Setting next_dagrun for example_external_task_marker_child to None, run_after=None
[2023-02-18T10:01:56.468+0000] {logging_mixin.py:137} INFO - [2023-02-18T10:01:56.467+0000] {dag.py:3441} INFO - Setting next_dagrun for example_external_task_marker_parent to None, run_after=None
[2023-02-18T10:01:57.033+0000] {processor.py:175} INFO - Processing /home/airflow/.local/lib/python3.7/site-packages/airflow/example_dags/example_external_task_marker_dag.py took 5.488 seconds
[2023-02-18T10:06:42.983+0000] {processor.py:153} INFO - Started process (PID=795) to work on /home/airflow/.local/lib/python3.7/site-packages/airflow/example_dags/example_external_task_marker_dag.py
[2023-02-18T10:06:43.267+0000] {processor.py:743} INFO - Processing file /home/airflow/.local/lib/python3.7/site-packages/airflow/example_dags/example_external_task_marker_dag.py for tasks to queue
[2023-02-18T10:06:43.330+0000] {logging_mixin.py:137} INFO - [2023-02-18T10:06:43.329+0000] {dagbag.py:538} INFO - Filling up the DagBag from /home/airflow/.local/lib/python3.7/site-packages/airflow/example_dags/example_external_task_marker_dag.py
[2023-02-18T10:06:45.292+0000] {processor.py:753} INFO - DAG(s) dict_keys(['example_external_task_marker_child', 'example_external_task_marker_parent']) retrieved from /home/airflow/.local/lib/python3.7/site-packages/airflow/example_dags/example_external_task_marker_dag.py
[2023-02-18T10:06:47.849+0000] {logging_mixin.py:137} INFO - [2023-02-18T10:06:47.848+0000] {dag.py:2690} INFO - Sync 2 DAGs
[2023-02-18T10:06:49.058+0000] {logging_mixin.py:137} INFO - [2023-02-18T10:06:49.058+0000] {dag.py:3441} INFO - Setting next_dagrun for example_external_task_marker_child to None, run_after=None
[2023-02-18T10:06:49.103+0000] {logging_mixin.py:137} INFO - [2023-02-18T10:06:49.103+0000] {dag.py:3441} INFO - Setting next_dagrun for example_external_task_marker_parent to None, run_after=None
[2023-02-18T10:06:50.645+0000] {processor.py:175} INFO - Processing /home/airflow/.local/lib/python3.7/site-packages/airflow/example_dags/example_external_task_marker_dag.py took 8.415 seconds
