[2023-02-18T07:49:20.108+0000] {processor.py:153} INFO - Started process (PID=147) to work on /home/airflow/.local/lib/python3.7/site-packages/airflow/example_dags/example_branch_operator.py
[2023-02-18T07:49:20.110+0000] {processor.py:743} INFO - Processing file /home/airflow/.local/lib/python3.7/site-packages/airflow/example_dags/example_branch_operator.py for tasks to queue
[2023-02-18T07:49:20.112+0000] {logging_mixin.py:137} INFO - [2023-02-18T07:49:20.111+0000] {dagbag.py:538} INFO - Filling up the DagBag from /home/airflow/.local/lib/python3.7/site-packages/airflow/example_dags/example_branch_operator.py
[2023-02-18T07:49:20.473+0000] {processor.py:753} INFO - DAG(s) dict_keys(['example_branch_operator']) retrieved from /home/airflow/.local/lib/python3.7/site-packages/airflow/example_dags/example_branch_operator.py
[2023-02-18T07:49:21.451+0000] {logging_mixin.py:137} INFO - [2023-02-18T07:49:21.450+0000] {dag.py:2690} INFO - Sync 1 DAGs
[2023-02-18T07:49:22.364+0000] {logging_mixin.py:137} INFO - [2023-02-18T07:49:22.364+0000] {dag.py:3441} INFO - Setting next_dagrun for example_branch_operator to 2023-02-17T00:00:00+00:00, run_after=2023-02-18T00:00:00+00:00
[2023-02-18T07:49:23.504+0000] {processor.py:175} INFO - Processing /home/airflow/.local/lib/python3.7/site-packages/airflow/example_dags/example_branch_operator.py took 3.622 seconds
[2023-02-18T07:50:44.695+0000] {processor.py:153} INFO - Started process (PID=216) to work on /home/airflow/.local/lib/python3.7/site-packages/airflow/example_dags/example_branch_operator.py
[2023-02-18T07:50:44.713+0000] {processor.py:743} INFO - Processing file /home/airflow/.local/lib/python3.7/site-packages/airflow/example_dags/example_branch_operator.py for tasks to queue
[2023-02-18T07:50:44.736+0000] {logging_mixin.py:137} INFO - [2023-02-18T07:50:44.735+0000] {dagbag.py:538} INFO - Filling up the DagBag from /home/airflow/.local/lib/python3.7/site-packages/airflow/example_dags/example_branch_operator.py
[2023-02-18T07:50:45.245+0000] {processor.py:753} INFO - DAG(s) dict_keys(['example_branch_operator']) retrieved from /home/airflow/.local/lib/python3.7/site-packages/airflow/example_dags/example_branch_operator.py
[2023-02-18T07:50:46.126+0000] {logging_mixin.py:137} INFO - [2023-02-18T07:50:46.126+0000] {dag.py:2690} INFO - Sync 1 DAGs
[2023-02-18T07:50:48.136+0000] {logging_mixin.py:137} INFO - [2023-02-18T07:50:48.135+0000] {dag.py:3441} INFO - Setting next_dagrun for example_branch_operator to 2023-02-17T00:00:00+00:00, run_after=2023-02-18T00:00:00+00:00
[2023-02-18T07:50:49.618+0000] {processor.py:175} INFO - Processing /home/airflow/.local/lib/python3.7/site-packages/airflow/example_dags/example_branch_operator.py took 5.001 seconds
[2023-02-18T07:52:33.739+0000] {processor.py:153} INFO - Started process (PID=317) to work on /home/airflow/.local/lib/python3.7/site-packages/airflow/example_dags/example_branch_operator.py
[2023-02-18T07:52:33.785+0000] {processor.py:743} INFO - Processing file /home/airflow/.local/lib/python3.7/site-packages/airflow/example_dags/example_branch_operator.py for tasks to queue
[2023-02-18T07:52:33.788+0000] {logging_mixin.py:137} INFO - [2023-02-18T07:52:33.788+0000] {dagbag.py:538} INFO - Filling up the DagBag from /home/airflow/.local/lib/python3.7/site-packages/airflow/example_dags/example_branch_operator.py
[2023-02-18T07:52:34.883+0000] {processor.py:753} INFO - DAG(s) dict_keys(['example_branch_operator']) retrieved from /home/airflow/.local/lib/python3.7/site-packages/airflow/example_dags/example_branch_operator.py
[2023-02-18T07:52:35.912+0000] {logging_mixin.py:137} INFO - [2023-02-18T07:52:35.911+0000] {dag.py:2690} INFO - Sync 1 DAGs
[2023-02-18T07:52:37.443+0000] {logging_mixin.py:137} INFO - [2023-02-18T07:52:37.443+0000] {dag.py:3441} INFO - Setting next_dagrun for example_branch_operator to 2023-02-17T00:00:00+00:00, run_after=2023-02-18T00:00:00+00:00
[2023-02-18T07:52:38.111+0000] {processor.py:175} INFO - Processing /home/airflow/.local/lib/python3.7/site-packages/airflow/example_dags/example_branch_operator.py took 4.613 seconds
[2023-02-18T07:54:02.519+0000] {processor.py:153} INFO - Started process (PID=400) to work on /home/airflow/.local/lib/python3.7/site-packages/airflow/example_dags/example_branch_operator.py
[2023-02-18T07:54:02.603+0000] {processor.py:743} INFO - Processing file /home/airflow/.local/lib/python3.7/site-packages/airflow/example_dags/example_branch_operator.py for tasks to queue
[2023-02-18T07:54:02.606+0000] {logging_mixin.py:137} INFO - [2023-02-18T07:54:02.605+0000] {dagbag.py:538} INFO - Filling up the DagBag from /home/airflow/.local/lib/python3.7/site-packages/airflow/example_dags/example_branch_operator.py
[2023-02-18T07:54:03.611+0000] {processor.py:753} INFO - DAG(s) dict_keys(['example_branch_operator']) retrieved from /home/airflow/.local/lib/python3.7/site-packages/airflow/example_dags/example_branch_operator.py
[2023-02-18T07:54:04.942+0000] {logging_mixin.py:137} INFO - [2023-02-18T07:54:04.942+0000] {dag.py:2690} INFO - Sync 1 DAGs
[2023-02-18T07:54:06.034+0000] {logging_mixin.py:137} INFO - [2023-02-18T07:54:06.033+0000] {dag.py:3441} INFO - Setting next_dagrun for example_branch_operator to 2023-02-17T00:00:00+00:00, run_after=2023-02-18T00:00:00+00:00
[2023-02-18T07:54:06.496+0000] {processor.py:175} INFO - Processing /home/airflow/.local/lib/python3.7/site-packages/airflow/example_dags/example_branch_operator.py took 4.261 seconds
[2023-02-18T07:55:50.040+0000] {processor.py:153} INFO - Started process (PID=491) to work on /home/airflow/.local/lib/python3.7/site-packages/airflow/example_dags/example_branch_operator.py
[2023-02-18T07:55:50.103+0000] {processor.py:743} INFO - Processing file /home/airflow/.local/lib/python3.7/site-packages/airflow/example_dags/example_branch_operator.py for tasks to queue
[2023-02-18T07:55:50.117+0000] {logging_mixin.py:137} INFO - [2023-02-18T07:55:50.105+0000] {dagbag.py:538} INFO - Filling up the DagBag from /home/airflow/.local/lib/python3.7/site-packages/airflow/example_dags/example_branch_operator.py
[2023-02-18T07:55:51.368+0000] {processor.py:753} INFO - DAG(s) dict_keys(['example_branch_operator']) retrieved from /home/airflow/.local/lib/python3.7/site-packages/airflow/example_dags/example_branch_operator.py
[2023-02-18T07:55:53.376+0000] {logging_mixin.py:137} INFO - [2023-02-18T07:55:53.375+0000] {dag.py:2690} INFO - Sync 1 DAGs
[2023-02-18T07:55:54.974+0000] {logging_mixin.py:137} INFO - [2023-02-18T07:55:54.974+0000] {dag.py:3441} INFO - Setting next_dagrun for example_branch_operator to 2023-02-17T00:00:00+00:00, run_after=2023-02-18T00:00:00+00:00
[2023-02-18T07:55:56.477+0000] {processor.py:175} INFO - Processing /home/airflow/.local/lib/python3.7/site-packages/airflow/example_dags/example_branch_operator.py took 6.533 seconds
[2023-02-18T08:00:06.746+0000] {processor.py:153} INFO - Started process (PID=657) to work on /home/airflow/.local/lib/python3.7/site-packages/airflow/example_dags/example_branch_operator.py
[2023-02-18T08:00:06.828+0000] {processor.py:743} INFO - Processing file /home/airflow/.local/lib/python3.7/site-packages/airflow/example_dags/example_branch_operator.py for tasks to queue
[2023-02-18T08:00:06.832+0000] {logging_mixin.py:137} INFO - [2023-02-18T08:00:06.831+0000] {dagbag.py:538} INFO - Filling up the DagBag from /home/airflow/.local/lib/python3.7/site-packages/airflow/example_dags/example_branch_operator.py
[2023-02-18T08:00:09.316+0000] {processor.py:753} INFO - DAG(s) dict_keys(['example_branch_operator']) retrieved from /home/airflow/.local/lib/python3.7/site-packages/airflow/example_dags/example_branch_operator.py
[2023-02-18T08:00:12.087+0000] {logging_mixin.py:137} INFO - [2023-02-18T08:00:12.087+0000] {dag.py:2690} INFO - Sync 1 DAGs
[2023-02-18T08:00:14.165+0000] {logging_mixin.py:137} INFO - [2023-02-18T08:00:14.164+0000] {dag.py:3441} INFO - Setting next_dagrun for example_branch_operator to 2023-02-17T00:00:00+00:00, run_after=2023-02-18T00:00:00+00:00
[2023-02-18T08:00:15.639+0000] {processor.py:175} INFO - Processing /home/airflow/.local/lib/python3.7/site-packages/airflow/example_dags/example_branch_operator.py took 9.781 seconds
[2023-02-18T08:03:08.250+0000] {processor.py:153} INFO - Started process (PID=768) to work on /home/airflow/.local/lib/python3.7/site-packages/airflow/example_dags/example_branch_operator.py
[2023-02-18T08:03:08.286+0000] {processor.py:743} INFO - Processing file /home/airflow/.local/lib/python3.7/site-packages/airflow/example_dags/example_branch_operator.py for tasks to queue
[2023-02-18T08:03:08.349+0000] {logging_mixin.py:137} INFO - [2023-02-18T08:03:08.349+0000] {dagbag.py:538} INFO - Filling up the DagBag from /home/airflow/.local/lib/python3.7/site-packages/airflow/example_dags/example_branch_operator.py
[2023-02-18T08:03:09.753+0000] {processor.py:753} INFO - DAG(s) dict_keys(['example_branch_operator']) retrieved from /home/airflow/.local/lib/python3.7/site-packages/airflow/example_dags/example_branch_operator.py
[2023-02-18T08:03:12.161+0000] {logging_mixin.py:137} INFO - [2023-02-18T08:03:12.160+0000] {dag.py:2690} INFO - Sync 1 DAGs
[2023-02-18T08:03:16.768+0000] {logging_mixin.py:137} INFO - [2023-02-18T08:03:16.734+0000] {dag.py:3441} INFO - Setting next_dagrun for example_branch_operator to 2023-02-17T00:00:00+00:00, run_after=2023-02-18T00:00:00+00:00
[2023-02-18T08:03:19.156+0000] {processor.py:175} INFO - Processing /home/airflow/.local/lib/python3.7/site-packages/airflow/example_dags/example_branch_operator.py took 11.132 seconds
[2023-02-18T08:07:30.311+0000] {processor.py:153} INFO - Started process (PID=920) to work on /home/airflow/.local/lib/python3.7/site-packages/airflow/example_dags/example_branch_operator.py
[2023-02-18T08:07:30.710+0000] {processor.py:743} INFO - Processing file /home/airflow/.local/lib/python3.7/site-packages/airflow/example_dags/example_branch_operator.py for tasks to queue
[2023-02-18T08:07:30.869+0000] {logging_mixin.py:137} INFO - [2023-02-18T08:07:30.868+0000] {dagbag.py:538} INFO - Filling up the DagBag from /home/airflow/.local/lib/python3.7/site-packages/airflow/example_dags/example_branch_operator.py
[2023-02-18T08:07:33.228+0000] {processor.py:753} INFO - DAG(s) dict_keys(['example_branch_operator']) retrieved from /home/airflow/.local/lib/python3.7/site-packages/airflow/example_dags/example_branch_operator.py
[2023-02-18T08:07:36.955+0000] {logging_mixin.py:137} INFO - [2023-02-18T08:07:36.951+0000] {dag.py:2690} INFO - Sync 1 DAGs
[2023-02-18T08:07:39.738+0000] {logging_mixin.py:137} INFO - [2023-02-18T08:07:39.738+0000] {dag.py:3441} INFO - Setting next_dagrun for example_branch_operator to 2023-02-17T00:00:00+00:00, run_after=2023-02-18T00:00:00+00:00
[2023-02-18T08:07:42.243+0000] {processor.py:175} INFO - Processing /home/airflow/.local/lib/python3.7/site-packages/airflow/example_dags/example_branch_operator.py took 12.514 seconds
[2023-02-18T08:11:26.779+0000] {processor.py:153} INFO - Started process (PID=1054) to work on /home/airflow/.local/lib/python3.7/site-packages/airflow/example_dags/example_branch_operator.py
[2023-02-18T08:11:26.843+0000] {processor.py:743} INFO - Processing file /home/airflow/.local/lib/python3.7/site-packages/airflow/example_dags/example_branch_operator.py for tasks to queue
[2023-02-18T08:11:26.868+0000] {logging_mixin.py:137} INFO - [2023-02-18T08:11:26.867+0000] {dagbag.py:538} INFO - Filling up the DagBag from /home/airflow/.local/lib/python3.7/site-packages/airflow/example_dags/example_branch_operator.py
[2023-02-18T08:11:28.875+0000] {processor.py:753} INFO - DAG(s) dict_keys(['example_branch_operator']) retrieved from /home/airflow/.local/lib/python3.7/site-packages/airflow/example_dags/example_branch_operator.py
[2023-02-18T08:11:33.022+0000] {logging_mixin.py:137} INFO - [2023-02-18T08:11:33.008+0000] {dag.py:2690} INFO - Sync 1 DAGs
[2023-02-18T08:11:34.525+0000] {logging_mixin.py:137} INFO - [2023-02-18T08:11:34.524+0000] {dag.py:3441} INFO - Setting next_dagrun for example_branch_operator to 2023-02-17T00:00:00+00:00, run_after=2023-02-18T00:00:00+00:00
[2023-02-18T08:11:35.996+0000] {processor.py:175} INFO - Processing /home/airflow/.local/lib/python3.7/site-packages/airflow/example_dags/example_branch_operator.py took 9.816 seconds
[2023-02-18T08:14:53.847+0000] {processor.py:153} INFO - Started process (PID=1176) to work on /home/airflow/.local/lib/python3.7/site-packages/airflow/example_dags/example_branch_operator.py
[2023-02-18T08:14:53.899+0000] {processor.py:743} INFO - Processing file /home/airflow/.local/lib/python3.7/site-packages/airflow/example_dags/example_branch_operator.py for tasks to queue
[2023-02-18T08:14:54.144+0000] {logging_mixin.py:137} INFO - [2023-02-18T08:14:54.144+0000] {dagbag.py:538} INFO - Filling up the DagBag from /home/airflow/.local/lib/python3.7/site-packages/airflow/example_dags/example_branch_operator.py
[2023-02-18T08:14:56.101+0000] {processor.py:753} INFO - DAG(s) dict_keys(['example_branch_operator']) retrieved from /home/airflow/.local/lib/python3.7/site-packages/airflow/example_dags/example_branch_operator.py
[2023-02-18T08:14:59.859+0000] {logging_mixin.py:137} INFO - [2023-02-18T08:14:59.858+0000] {dag.py:2690} INFO - Sync 1 DAGs
[2023-02-18T08:15:03.274+0000] {logging_mixin.py:137} INFO - [2023-02-18T08:15:03.258+0000] {dag.py:3441} INFO - Setting next_dagrun for example_branch_operator to 2023-02-17T00:00:00+00:00, run_after=2023-02-18T00:00:00+00:00
[2023-02-18T08:15:04.721+0000] {processor.py:175} INFO - Processing /home/airflow/.local/lib/python3.7/site-packages/airflow/example_dags/example_branch_operator.py took 10.928 seconds
[2023-02-18T08:18:03.528+0000] {processor.py:153} INFO - Started process (PID=1301) to work on /home/airflow/.local/lib/python3.7/site-packages/airflow/example_dags/example_branch_operator.py
[2023-02-18T08:18:03.763+0000] {processor.py:743} INFO - Processing file /home/airflow/.local/lib/python3.7/site-packages/airflow/example_dags/example_branch_operator.py for tasks to queue
[2023-02-18T08:18:03.827+0000] {logging_mixin.py:137} INFO - [2023-02-18T08:18:03.826+0000] {dagbag.py:538} INFO - Filling up the DagBag from /home/airflow/.local/lib/python3.7/site-packages/airflow/example_dags/example_branch_operator.py
[2023-02-18T08:18:04.545+0000] {processor.py:753} INFO - DAG(s) dict_keys(['example_branch_operator']) retrieved from /home/airflow/.local/lib/python3.7/site-packages/airflow/example_dags/example_branch_operator.py
[2023-02-18T08:18:07.953+0000] {logging_mixin.py:137} INFO - [2023-02-18T08:18:07.953+0000] {dag.py:2690} INFO - Sync 1 DAGs
[2023-02-18T08:18:13.041+0000] {logging_mixin.py:137} INFO - [2023-02-18T08:18:12.985+0000] {dag.py:3441} INFO - Setting next_dagrun for example_branch_operator to 2023-02-17T00:00:00+00:00, run_after=2023-02-18T00:00:00+00:00
[2023-02-18T08:18:14.545+0000] {processor.py:175} INFO - Processing /home/airflow/.local/lib/python3.7/site-packages/airflow/example_dags/example_branch_operator.py took 11.590 seconds
[2023-02-18T08:21:06.958+0000] {processor.py:153} INFO - Started process (PID=1414) to work on /home/airflow/.local/lib/python3.7/site-packages/airflow/example_dags/example_branch_operator.py
[2023-02-18T08:21:06.997+0000] {processor.py:743} INFO - Processing file /home/airflow/.local/lib/python3.7/site-packages/airflow/example_dags/example_branch_operator.py for tasks to queue
[2023-02-18T08:21:07.045+0000] {logging_mixin.py:137} INFO - [2023-02-18T08:21:07.045+0000] {dagbag.py:538} INFO - Filling up the DagBag from /home/airflow/.local/lib/python3.7/site-packages/airflow/example_dags/example_branch_operator.py
[2023-02-18T08:21:08.454+0000] {processor.py:753} INFO - DAG(s) dict_keys(['example_branch_operator']) retrieved from /home/airflow/.local/lib/python3.7/site-packages/airflow/example_dags/example_branch_operator.py
[2023-02-18T08:21:09.804+0000] {logging_mixin.py:137} INFO - [2023-02-18T08:21:09.804+0000] {dag.py:2690} INFO - Sync 1 DAGs
[2023-02-18T08:21:12.078+0000] {logging_mixin.py:137} INFO - [2023-02-18T08:21:12.078+0000] {dag.py:3441} INFO - Setting next_dagrun for example_branch_operator to 2023-02-17T00:00:00+00:00, run_after=2023-02-18T00:00:00+00:00
[2023-02-18T08:21:13.152+0000] {processor.py:175} INFO - Processing /home/airflow/.local/lib/python3.7/site-packages/airflow/example_dags/example_branch_operator.py took 6.376 seconds
[2023-02-18T08:24:00.158+0000] {processor.py:153} INFO - Started process (PID=1521) to work on /home/airflow/.local/lib/python3.7/site-packages/airflow/example_dags/example_branch_operator.py
[2023-02-18T08:24:00.333+0000] {processor.py:743} INFO - Processing file /home/airflow/.local/lib/python3.7/site-packages/airflow/example_dags/example_branch_operator.py for tasks to queue
[2023-02-18T08:24:00.492+0000] {logging_mixin.py:137} INFO - [2023-02-18T08:24:00.491+0000] {dagbag.py:538} INFO - Filling up the DagBag from /home/airflow/.local/lib/python3.7/site-packages/airflow/example_dags/example_branch_operator.py
[2023-02-18T08:24:01.548+0000] {processor.py:753} INFO - DAG(s) dict_keys(['example_branch_operator']) retrieved from /home/airflow/.local/lib/python3.7/site-packages/airflow/example_dags/example_branch_operator.py
[2023-02-18T08:24:02.838+0000] {logging_mixin.py:137} INFO - [2023-02-18T08:24:02.837+0000] {dag.py:2690} INFO - Sync 1 DAGs
[2023-02-18T08:24:06.701+0000] {logging_mixin.py:137} INFO - [2023-02-18T08:24:06.701+0000] {dag.py:3441} INFO - Setting next_dagrun for example_branch_operator to 2023-02-17T00:00:00+00:00, run_after=2023-02-18T00:00:00+00:00
[2023-02-18T08:24:08.951+0000] {processor.py:175} INFO - Processing /home/airflow/.local/lib/python3.7/site-packages/airflow/example_dags/example_branch_operator.py took 9.483 seconds
[2023-02-18T08:28:17.452+0000] {processor.py:153} INFO - Started process (PID=1669) to work on /home/airflow/.local/lib/python3.7/site-packages/airflow/example_dags/example_branch_operator.py
[2023-02-18T08:28:17.602+0000] {processor.py:743} INFO - Processing file /home/airflow/.local/lib/python3.7/site-packages/airflow/example_dags/example_branch_operator.py for tasks to queue
[2023-02-18T08:28:17.820+0000] {logging_mixin.py:137} INFO - [2023-02-18T08:28:17.819+0000] {dagbag.py:538} INFO - Filling up the DagBag from /home/airflow/.local/lib/python3.7/site-packages/airflow/example_dags/example_branch_operator.py
[2023-02-18T08:28:24.130+0000] {processor.py:753} INFO - DAG(s) dict_keys(['example_branch_operator']) retrieved from /home/airflow/.local/lib/python3.7/site-packages/airflow/example_dags/example_branch_operator.py
[2023-02-18T08:28:28.833+0000] {logging_mixin.py:137} INFO - [2023-02-18T08:28:28.833+0000] {dag.py:2690} INFO - Sync 1 DAGs
[2023-02-18T08:28:33.323+0000] {logging_mixin.py:137} INFO - [2023-02-18T08:28:33.322+0000] {dag.py:3441} INFO - Setting next_dagrun for example_branch_operator to 2023-02-17T00:00:00+00:00, run_after=2023-02-18T00:00:00+00:00
[2023-02-18T08:28:36.961+0000] {processor.py:175} INFO - Processing /home/airflow/.local/lib/python3.7/site-packages/airflow/example_dags/example_branch_operator.py took 20.160 seconds
[2023-02-18T08:35:48.523+0000] {processor.py:153} INFO - Started process (PID=1901) to work on /home/airflow/.local/lib/python3.7/site-packages/airflow/example_dags/example_branch_operator.py
[2023-02-18T08:35:48.817+0000] {processor.py:743} INFO - Processing file /home/airflow/.local/lib/python3.7/site-packages/airflow/example_dags/example_branch_operator.py for tasks to queue
[2023-02-18T08:35:48.820+0000] {logging_mixin.py:137} INFO - [2023-02-18T08:35:48.820+0000] {dagbag.py:538} INFO - Filling up the DagBag from /home/airflow/.local/lib/python3.7/site-packages/airflow/example_dags/example_branch_operator.py
[2023-02-18T08:35:54.236+0000] {processor.py:753} INFO - DAG(s) dict_keys(['example_branch_operator']) retrieved from /home/airflow/.local/lib/python3.7/site-packages/airflow/example_dags/example_branch_operator.py
[2023-02-18T08:36:00.263+0000] {logging_mixin.py:137} INFO - [2023-02-18T08:36:00.263+0000] {dag.py:2690} INFO - Sync 1 DAGs
[2023-02-18T08:36:06.186+0000] {logging_mixin.py:137} INFO - [2023-02-18T08:36:06.185+0000] {dag.py:3441} INFO - Setting next_dagrun for example_branch_operator to 2023-02-17T00:00:00+00:00, run_after=2023-02-18T00:00:00+00:00
[2023-02-18T08:36:11.072+0000] {processor.py:175} INFO - Processing /home/airflow/.local/lib/python3.7/site-packages/airflow/example_dags/example_branch_operator.py took 23.932 seconds
[2023-02-18T09:52:49.790+0000] {processor.py:153} INFO - Started process (PID=206) to work on /home/airflow/.local/lib/python3.7/site-packages/airflow/example_dags/example_branch_operator.py
[2023-02-18T09:52:49.838+0000] {processor.py:743} INFO - Processing file /home/airflow/.local/lib/python3.7/site-packages/airflow/example_dags/example_branch_operator.py for tasks to queue
[2023-02-18T09:52:49.841+0000] {logging_mixin.py:137} INFO - [2023-02-18T09:52:49.840+0000] {dagbag.py:538} INFO - Filling up the DagBag from /home/airflow/.local/lib/python3.7/site-packages/airflow/example_dags/example_branch_operator.py
[2023-02-18T09:52:50.873+0000] {processor.py:753} INFO - DAG(s) dict_keys(['example_branch_operator']) retrieved from /home/airflow/.local/lib/python3.7/site-packages/airflow/example_dags/example_branch_operator.py
[2023-02-18T09:52:51.551+0000] {logging_mixin.py:137} INFO - [2023-02-18T09:52:51.539+0000] {dag.py:2690} INFO - Sync 1 DAGs
[2023-02-18T09:52:52.280+0000] {logging_mixin.py:137} INFO - [2023-02-18T09:52:52.279+0000] {dag.py:3441} INFO - Setting next_dagrun for example_branch_operator to 2023-02-17T00:00:00+00:00, run_after=2023-02-18T00:00:00+00:00
[2023-02-18T09:52:52.960+0000] {processor.py:175} INFO - Processing /home/airflow/.local/lib/python3.7/site-packages/airflow/example_dags/example_branch_operator.py took 3.347 seconds
[2023-02-18T09:54:04.997+0000] {processor.py:153} INFO - Started process (PID=284) to work on /home/airflow/.local/lib/python3.7/site-packages/airflow/example_dags/example_branch_operator.py
[2023-02-18T09:54:05.042+0000] {processor.py:743} INFO - Processing file /home/airflow/.local/lib/python3.7/site-packages/airflow/example_dags/example_branch_operator.py for tasks to queue
[2023-02-18T09:54:05.044+0000] {logging_mixin.py:137} INFO - [2023-02-18T09:54:05.044+0000] {dagbag.py:538} INFO - Filling up the DagBag from /home/airflow/.local/lib/python3.7/site-packages/airflow/example_dags/example_branch_operator.py
[2023-02-18T09:54:05.699+0000] {processor.py:753} INFO - DAG(s) dict_keys(['example_branch_operator']) retrieved from /home/airflow/.local/lib/python3.7/site-packages/airflow/example_dags/example_branch_operator.py
[2023-02-18T09:54:06.321+0000] {logging_mixin.py:137} INFO - [2023-02-18T09:54:06.320+0000] {dag.py:2690} INFO - Sync 1 DAGs
[2023-02-18T09:54:07.460+0000] {logging_mixin.py:137} INFO - [2023-02-18T09:54:07.459+0000] {dag.py:3441} INFO - Setting next_dagrun for example_branch_operator to 2023-02-17T00:00:00+00:00, run_after=2023-02-18T00:00:00+00:00
[2023-02-18T09:54:08.202+0000] {processor.py:175} INFO - Processing /home/airflow/.local/lib/python3.7/site-packages/airflow/example_dags/example_branch_operator.py took 3.361 seconds
[2023-02-18T09:55:43.811+0000] {processor.py:153} INFO - Started process (PID=362) to work on /home/airflow/.local/lib/python3.7/site-packages/airflow/example_dags/example_branch_operator.py
[2023-02-18T09:55:43.941+0000] {processor.py:743} INFO - Processing file /home/airflow/.local/lib/python3.7/site-packages/airflow/example_dags/example_branch_operator.py for tasks to queue
[2023-02-18T09:55:43.944+0000] {logging_mixin.py:137} INFO - [2023-02-18T09:55:43.943+0000] {dagbag.py:538} INFO - Filling up the DagBag from /home/airflow/.local/lib/python3.7/site-packages/airflow/example_dags/example_branch_operator.py
[2023-02-18T09:55:45.684+0000] {processor.py:753} INFO - DAG(s) dict_keys(['example_branch_operator']) retrieved from /home/airflow/.local/lib/python3.7/site-packages/airflow/example_dags/example_branch_operator.py
[2023-02-18T09:55:47.119+0000] {logging_mixin.py:137} INFO - [2023-02-18T09:55:47.118+0000] {dag.py:2690} INFO - Sync 1 DAGs
[2023-02-18T09:55:49.544+0000] {logging_mixin.py:137} INFO - [2023-02-18T09:55:49.543+0000] {dag.py:3441} INFO - Setting next_dagrun for example_branch_operator to 2023-02-17T00:00:00+00:00, run_after=2023-02-18T00:00:00+00:00
[2023-02-18T09:55:50.278+0000] {processor.py:175} INFO - Processing /home/airflow/.local/lib/python3.7/site-packages/airflow/example_dags/example_branch_operator.py took 6.519 seconds
[2023-02-18T09:59:56.018+0000] {processor.py:153} INFO - Started process (PID=528) to work on /home/airflow/.local/lib/python3.7/site-packages/airflow/example_dags/example_branch_operator.py
[2023-02-18T09:59:56.082+0000] {processor.py:743} INFO - Processing file /home/airflow/.local/lib/python3.7/site-packages/airflow/example_dags/example_branch_operator.py for tasks to queue
[2023-02-18T09:59:56.084+0000] {logging_mixin.py:137} INFO - [2023-02-18T09:59:56.083+0000] {dagbag.py:538} INFO - Filling up the DagBag from /home/airflow/.local/lib/python3.7/site-packages/airflow/example_dags/example_branch_operator.py
[2023-02-18T09:59:56.818+0000] {processor.py:753} INFO - DAG(s) dict_keys(['example_branch_operator']) retrieved from /home/airflow/.local/lib/python3.7/site-packages/airflow/example_dags/example_branch_operator.py
[2023-02-18T09:59:59.181+0000] {logging_mixin.py:137} INFO - [2023-02-18T09:59:59.181+0000] {dag.py:2690} INFO - Sync 1 DAGs
[2023-02-18T10:00:02.650+0000] {logging_mixin.py:137} INFO - [2023-02-18T10:00:02.649+0000] {dag.py:3441} INFO - Setting next_dagrun for example_branch_operator to 2023-02-17T00:00:00+00:00, run_after=2023-02-18T00:00:00+00:00
[2023-02-18T10:00:04.577+0000] {processor.py:175} INFO - Processing /home/airflow/.local/lib/python3.7/site-packages/airflow/example_dags/example_branch_operator.py took 8.864 seconds
[2023-02-18T10:03:19.389+0000] {processor.py:153} INFO - Started process (PID=675) to work on /home/airflow/.local/lib/python3.7/site-packages/airflow/example_dags/example_branch_operator.py
[2023-02-18T10:03:19.555+0000] {processor.py:743} INFO - Processing file /home/airflow/.local/lib/python3.7/site-packages/airflow/example_dags/example_branch_operator.py for tasks to queue
[2023-02-18T10:03:19.558+0000] {logging_mixin.py:137} INFO - [2023-02-18T10:03:19.558+0000] {dagbag.py:538} INFO - Filling up the DagBag from /home/airflow/.local/lib/python3.7/site-packages/airflow/example_dags/example_branch_operator.py
[2023-02-18T10:03:23.272+0000] {processor.py:753} INFO - DAG(s) dict_keys(['example_branch_operator']) retrieved from /home/airflow/.local/lib/python3.7/site-packages/airflow/example_dags/example_branch_operator.py
[2023-02-18T10:03:25.324+0000] {logging_mixin.py:137} INFO - [2023-02-18T10:03:25.323+0000] {dag.py:2690} INFO - Sync 1 DAGs
[2023-02-18T10:03:28.222+0000] {logging_mixin.py:137} INFO - [2023-02-18T10:03:28.222+0000] {dag.py:3441} INFO - Setting next_dagrun for example_branch_operator to 2023-02-17T00:00:00+00:00, run_after=2023-02-18T00:00:00+00:00
[2023-02-18T10:03:30.650+0000] {processor.py:175} INFO - Processing /home/airflow/.local/lib/python3.7/site-packages/airflow/example_dags/example_branch_operator.py took 11.515 seconds
[2023-02-18T10:08:57.971+0000] {processor.py:153} INFO - Started process (PID=887) to work on /home/airflow/.local/lib/python3.7/site-packages/airflow/example_dags/example_branch_operator.py
[2023-02-18T10:08:58.002+0000] {processor.py:743} INFO - Processing file /home/airflow/.local/lib/python3.7/site-packages/airflow/example_dags/example_branch_operator.py for tasks to queue
[2023-02-18T10:08:58.052+0000] {logging_mixin.py:137} INFO - [2023-02-18T10:08:58.051+0000] {dagbag.py:538} INFO - Filling up the DagBag from /home/airflow/.local/lib/python3.7/site-packages/airflow/example_dags/example_branch_operator.py
[2023-02-18T10:08:59.776+0000] {processor.py:753} INFO - DAG(s) dict_keys(['example_branch_operator']) retrieved from /home/airflow/.local/lib/python3.7/site-packages/airflow/example_dags/example_branch_operator.py
[2023-02-18T10:09:01.618+0000] {logging_mixin.py:137} INFO - [2023-02-18T10:09:01.617+0000] {dag.py:2690} INFO - Sync 1 DAGs
[2023-02-18T10:09:05.264+0000] {logging_mixin.py:137} INFO - [2023-02-18T10:09:05.172+0000] {dag.py:3441} INFO - Setting next_dagrun for example_branch_operator to 2023-02-17T00:00:00+00:00, run_after=2023-02-18T00:00:00+00:00
[2023-02-18T10:09:06.610+0000] {processor.py:175} INFO - Processing /home/airflow/.local/lib/python3.7/site-packages/airflow/example_dags/example_branch_operator.py took 9.085 seconds
