[2023-02-18T07:48:50.365+0000] {processor.py:153} INFO - Started process (PID=117) to work on /home/airflow/.local/lib/python3.7/site-packages/airflow/example_dags/example_datasets.py
[2023-02-18T07:48:50.394+0000] {processor.py:743} INFO - Processing file /home/airflow/.local/lib/python3.7/site-packages/airflow/example_dags/example_datasets.py for tasks to queue
[2023-02-18T07:48:50.397+0000] {logging_mixin.py:137} INFO - [2023-02-18T07:48:50.396+0000] {dagbag.py:538} INFO - Filling up the DagBag from /home/airflow/.local/lib/python3.7/site-packages/airflow/example_dags/example_datasets.py
[2023-02-18T07:48:51.036+0000] {processor.py:753} INFO - DAG(s) dict_keys(['dataset_produces_1', 'dataset_consumes_1_never_scheduled', 'dataset_produces_2', 'dataset_consumes_1_and_2', 'dataset_consumes_1', 'dataset_consumes_unknown_never_scheduled']) retrieved from /home/airflow/.local/lib/python3.7/site-packages/airflow/example_dags/example_datasets.py
[2023-02-18T07:48:53.172+0000] {logging_mixin.py:137} INFO - [2023-02-18T07:48:53.172+0000] {dag.py:2690} INFO - Sync 6 DAGs
[2023-02-18T07:48:54.380+0000] {logging_mixin.py:137} INFO - [2023-02-18T07:48:54.379+0000] {dag.py:3441} INFO - Setting next_dagrun for dataset_consumes_1 to None, run_after=None
[2023-02-18T07:48:54.477+0000] {logging_mixin.py:137} INFO - [2023-02-18T07:48:54.476+0000] {dag.py:3441} INFO - Setting next_dagrun for dataset_consumes_1_and_2 to None, run_after=None
[2023-02-18T07:48:54.559+0000] {logging_mixin.py:137} INFO - [2023-02-18T07:48:54.558+0000] {dag.py:3441} INFO - Setting next_dagrun for dataset_consumes_1_never_scheduled to None, run_after=None
[2023-02-18T07:48:54.639+0000] {logging_mixin.py:137} INFO - [2023-02-18T07:48:54.639+0000] {dag.py:3441} INFO - Setting next_dagrun for dataset_consumes_unknown_never_scheduled to None, run_after=None
[2023-02-18T07:48:54.799+0000] {logging_mixin.py:137} INFO - [2023-02-18T07:48:54.799+0000] {dag.py:3441} INFO - Setting next_dagrun for dataset_produces_1 to 2023-02-17T00:00:00+00:00, run_after=2023-02-18T00:00:00+00:00
[2023-02-18T07:48:54.887+0000] {logging_mixin.py:137} INFO - [2023-02-18T07:48:54.886+0000] {dag.py:3441} INFO - Setting next_dagrun for dataset_produces_2 to None, run_after=None
[2023-02-18T07:48:56.788+0000] {processor.py:175} INFO - Processing /home/airflow/.local/lib/python3.7/site-packages/airflow/example_dags/example_datasets.py took 6.559 seconds
[2023-02-18T07:50:17.760+0000] {processor.py:153} INFO - Started process (PID=194) to work on /home/airflow/.local/lib/python3.7/site-packages/airflow/example_dags/example_datasets.py
[2023-02-18T07:50:17.839+0000] {processor.py:743} INFO - Processing file /home/airflow/.local/lib/python3.7/site-packages/airflow/example_dags/example_datasets.py for tasks to queue
[2023-02-18T07:50:17.870+0000] {logging_mixin.py:137} INFO - [2023-02-18T07:50:17.870+0000] {dagbag.py:538} INFO - Filling up the DagBag from /home/airflow/.local/lib/python3.7/site-packages/airflow/example_dags/example_datasets.py
[2023-02-18T07:50:18.790+0000] {processor.py:753} INFO - DAG(s) dict_keys(['dataset_consumes_1', 'dataset_produces_1', 'dataset_consumes_unknown_never_scheduled', 'dataset_consumes_1_never_scheduled', 'dataset_consumes_1_and_2', 'dataset_produces_2']) retrieved from /home/airflow/.local/lib/python3.7/site-packages/airflow/example_dags/example_datasets.py
[2023-02-18T07:50:20.586+0000] {logging_mixin.py:137} INFO - [2023-02-18T07:50:20.586+0000] {dag.py:2690} INFO - Sync 6 DAGs
[2023-02-18T07:50:21.210+0000] {logging_mixin.py:137} INFO - [2023-02-18T07:50:21.210+0000] {dag.py:3441} INFO - Setting next_dagrun for dataset_consumes_1 to None, run_after=None
[2023-02-18T07:50:21.302+0000] {logging_mixin.py:137} INFO - [2023-02-18T07:50:21.302+0000] {dag.py:3441} INFO - Setting next_dagrun for dataset_consumes_1_and_2 to None, run_after=None
[2023-02-18T07:50:21.319+0000] {logging_mixin.py:137} INFO - [2023-02-18T07:50:21.318+0000] {dag.py:3441} INFO - Setting next_dagrun for dataset_consumes_1_never_scheduled to None, run_after=None
[2023-02-18T07:50:21.349+0000] {logging_mixin.py:137} INFO - [2023-02-18T07:50:21.322+0000] {dag.py:3441} INFO - Setting next_dagrun for dataset_consumes_unknown_never_scheduled to None, run_after=None
[2023-02-18T07:50:21.430+0000] {logging_mixin.py:137} INFO - [2023-02-18T07:50:21.430+0000] {dag.py:3441} INFO - Setting next_dagrun for dataset_produces_1 to 2023-02-17T00:00:00+00:00, run_after=2023-02-18T00:00:00+00:00
[2023-02-18T07:50:21.478+0000] {logging_mixin.py:137} INFO - [2023-02-18T07:50:21.435+0000] {dag.py:3441} INFO - Setting next_dagrun for dataset_produces_2 to None, run_after=None
[2023-02-18T07:50:22.184+0000] {processor.py:175} INFO - Processing /home/airflow/.local/lib/python3.7/site-packages/airflow/example_dags/example_datasets.py took 4.552 seconds
[2023-02-18T07:52:04.683+0000] {processor.py:153} INFO - Started process (PID=288) to work on /home/airflow/.local/lib/python3.7/site-packages/airflow/example_dags/example_datasets.py
[2023-02-18T07:52:04.746+0000] {processor.py:743} INFO - Processing file /home/airflow/.local/lib/python3.7/site-packages/airflow/example_dags/example_datasets.py for tasks to queue
[2023-02-18T07:52:04.777+0000] {logging_mixin.py:137} INFO - [2023-02-18T07:52:04.776+0000] {dagbag.py:538} INFO - Filling up the DagBag from /home/airflow/.local/lib/python3.7/site-packages/airflow/example_dags/example_datasets.py
[2023-02-18T07:52:05.226+0000] {processor.py:753} INFO - DAG(s) dict_keys(['dataset_consumes_1_and_2', 'dataset_produces_1', 'dataset_produces_2', 'dataset_consumes_unknown_never_scheduled', 'dataset_consumes_1', 'dataset_consumes_1_never_scheduled']) retrieved from /home/airflow/.local/lib/python3.7/site-packages/airflow/example_dags/example_datasets.py
[2023-02-18T07:52:06.008+0000] {logging_mixin.py:137} INFO - [2023-02-18T07:52:06.007+0000] {dag.py:2690} INFO - Sync 6 DAGs
[2023-02-18T07:52:06.971+0000] {logging_mixin.py:137} INFO - [2023-02-18T07:52:06.970+0000] {dag.py:3441} INFO - Setting next_dagrun for dataset_consumes_1 to None, run_after=None
[2023-02-18T07:52:07.068+0000] {logging_mixin.py:137} INFO - [2023-02-18T07:52:07.068+0000] {dag.py:3441} INFO - Setting next_dagrun for dataset_consumes_1_and_2 to None, run_after=None
[2023-02-18T07:52:07.096+0000] {logging_mixin.py:137} INFO - [2023-02-18T07:52:07.084+0000] {dag.py:3441} INFO - Setting next_dagrun for dataset_consumes_1_never_scheduled to None, run_after=None
[2023-02-18T07:52:07.113+0000] {logging_mixin.py:137} INFO - [2023-02-18T07:52:07.101+0000] {dag.py:3441} INFO - Setting next_dagrun for dataset_consumes_unknown_never_scheduled to None, run_after=None
[2023-02-18T07:52:07.194+0000] {logging_mixin.py:137} INFO - [2023-02-18T07:52:07.194+0000] {dag.py:3441} INFO - Setting next_dagrun for dataset_produces_1 to 2023-02-17T00:00:00+00:00, run_after=2023-02-18T00:00:00+00:00
[2023-02-18T07:52:07.212+0000] {logging_mixin.py:137} INFO - [2023-02-18T07:52:07.212+0000] {dag.py:3441} INFO - Setting next_dagrun for dataset_produces_2 to None, run_after=None
[2023-02-18T07:52:08.999+0000] {processor.py:175} INFO - Processing /home/airflow/.local/lib/python3.7/site-packages/airflow/example_dags/example_datasets.py took 4.385 seconds
[2023-02-18T07:53:33.066+0000] {processor.py:153} INFO - Started process (PID=375) to work on /home/airflow/.local/lib/python3.7/site-packages/airflow/example_dags/example_datasets.py
[2023-02-18T07:53:33.074+0000] {processor.py:743} INFO - Processing file /home/airflow/.local/lib/python3.7/site-packages/airflow/example_dags/example_datasets.py for tasks to queue
[2023-02-18T07:53:33.148+0000] {logging_mixin.py:137} INFO - [2023-02-18T07:53:33.076+0000] {dagbag.py:538} INFO - Filling up the DagBag from /home/airflow/.local/lib/python3.7/site-packages/airflow/example_dags/example_datasets.py
[2023-02-18T07:53:34.016+0000] {processor.py:753} INFO - DAG(s) dict_keys(['dataset_consumes_unknown_never_scheduled', 'dataset_consumes_1_never_scheduled', 'dataset_produces_1', 'dataset_produces_2', 'dataset_consumes_1', 'dataset_consumes_1_and_2']) retrieved from /home/airflow/.local/lib/python3.7/site-packages/airflow/example_dags/example_datasets.py
[2023-02-18T07:53:35.344+0000] {logging_mixin.py:137} INFO - [2023-02-18T07:53:35.343+0000] {dag.py:2690} INFO - Sync 6 DAGs
[2023-02-18T07:53:36.136+0000] {logging_mixin.py:137} INFO - [2023-02-18T07:53:36.135+0000] {dag.py:3441} INFO - Setting next_dagrun for dataset_consumes_1 to None, run_after=None
[2023-02-18T07:53:36.215+0000] {logging_mixin.py:137} INFO - [2023-02-18T07:53:36.214+0000] {dag.py:3441} INFO - Setting next_dagrun for dataset_consumes_1_and_2 to None, run_after=None
[2023-02-18T07:53:36.230+0000] {logging_mixin.py:137} INFO - [2023-02-18T07:53:36.230+0000] {dag.py:3441} INFO - Setting next_dagrun for dataset_consumes_1_never_scheduled to None, run_after=None
[2023-02-18T07:53:36.247+0000] {logging_mixin.py:137} INFO - [2023-02-18T07:53:36.246+0000] {dag.py:3441} INFO - Setting next_dagrun for dataset_consumes_unknown_never_scheduled to None, run_after=None
[2023-02-18T07:53:36.355+0000] {logging_mixin.py:137} INFO - [2023-02-18T07:53:36.354+0000] {dag.py:3441} INFO - Setting next_dagrun for dataset_produces_1 to 2023-02-17T00:00:00+00:00, run_after=2023-02-18T00:00:00+00:00
[2023-02-18T07:53:36.433+0000] {logging_mixin.py:137} INFO - [2023-02-18T07:53:36.432+0000] {dag.py:3441} INFO - Setting next_dagrun for dataset_produces_2 to None, run_after=None
[2023-02-18T07:53:37.639+0000] {processor.py:175} INFO - Processing /home/airflow/.local/lib/python3.7/site-packages/airflow/example_dags/example_datasets.py took 5.088 seconds
[2023-02-18T07:55:10.183+0000] {processor.py:153} INFO - Started process (PID=460) to work on /home/airflow/.local/lib/python3.7/site-packages/airflow/example_dags/example_datasets.py
[2023-02-18T07:55:10.206+0000] {processor.py:743} INFO - Processing file /home/airflow/.local/lib/python3.7/site-packages/airflow/example_dags/example_datasets.py for tasks to queue
[2023-02-18T07:55:10.214+0000] {logging_mixin.py:137} INFO - [2023-02-18T07:55:10.207+0000] {dagbag.py:538} INFO - Filling up the DagBag from /home/airflow/.local/lib/python3.7/site-packages/airflow/example_dags/example_datasets.py
[2023-02-18T07:55:10.915+0000] {processor.py:753} INFO - DAG(s) dict_keys(['dataset_consumes_1', 'dataset_consumes_1_never_scheduled', 'dataset_consumes_unknown_never_scheduled', 'dataset_consumes_1_and_2', 'dataset_produces_2', 'dataset_produces_1']) retrieved from /home/airflow/.local/lib/python3.7/site-packages/airflow/example_dags/example_datasets.py
[2023-02-18T07:55:12.776+0000] {logging_mixin.py:137} INFO - [2023-02-18T07:55:12.776+0000] {dag.py:2690} INFO - Sync 6 DAGs
[2023-02-18T07:55:13.767+0000] {logging_mixin.py:137} INFO - [2023-02-18T07:55:13.766+0000] {dag.py:3441} INFO - Setting next_dagrun for dataset_consumes_1 to None, run_after=None
[2023-02-18T07:55:14.005+0000] {logging_mixin.py:137} INFO - [2023-02-18T07:55:13.975+0000] {dag.py:3441} INFO - Setting next_dagrun for dataset_consumes_1_and_2 to None, run_after=None
[2023-02-18T07:55:14.068+0000] {logging_mixin.py:137} INFO - [2023-02-18T07:55:14.008+0000] {dag.py:3441} INFO - Setting next_dagrun for dataset_consumes_1_never_scheduled to None, run_after=None
[2023-02-18T07:55:14.119+0000] {logging_mixin.py:137} INFO - [2023-02-18T07:55:14.118+0000] {dag.py:3441} INFO - Setting next_dagrun for dataset_consumes_unknown_never_scheduled to None, run_after=None
[2023-02-18T07:55:14.422+0000] {logging_mixin.py:137} INFO - [2023-02-18T07:55:14.421+0000] {dag.py:3441} INFO - Setting next_dagrun for dataset_produces_1 to 2023-02-17T00:00:00+00:00, run_after=2023-02-18T00:00:00+00:00
[2023-02-18T07:55:14.460+0000] {logging_mixin.py:137} INFO - [2023-02-18T07:55:14.460+0000] {dag.py:3441} INFO - Setting next_dagrun for dataset_produces_2 to None, run_after=None
[2023-02-18T07:55:16.520+0000] {processor.py:175} INFO - Processing /home/airflow/.local/lib/python3.7/site-packages/airflow/example_dags/example_datasets.py took 6.414 seconds
[2023-02-18T07:56:29.333+0000] {processor.py:153} INFO - Started process (PID=521) to work on /home/airflow/.local/lib/python3.7/site-packages/airflow/example_dags/example_datasets.py
[2023-02-18T07:56:29.368+0000] {processor.py:743} INFO - Processing file /home/airflow/.local/lib/python3.7/site-packages/airflow/example_dags/example_datasets.py for tasks to queue
[2023-02-18T07:56:29.446+0000] {logging_mixin.py:137} INFO - [2023-02-18T07:56:29.445+0000] {dagbag.py:538} INFO - Filling up the DagBag from /home/airflow/.local/lib/python3.7/site-packages/airflow/example_dags/example_datasets.py
[2023-02-18T07:56:30.303+0000] {processor.py:753} INFO - DAG(s) dict_keys(['dataset_produces_2', 'dataset_consumes_unknown_never_scheduled', 'dataset_consumes_1', 'dataset_produces_1', 'dataset_consumes_1_never_scheduled', 'dataset_consumes_1_and_2']) retrieved from /home/airflow/.local/lib/python3.7/site-packages/airflow/example_dags/example_datasets.py
[2023-02-18T07:56:31.368+0000] {logging_mixin.py:137} INFO - [2023-02-18T07:56:31.367+0000] {dag.py:2690} INFO - Sync 6 DAGs
[2023-02-18T07:56:33.217+0000] {logging_mixin.py:137} INFO - [2023-02-18T07:56:33.216+0000] {dag.py:3441} INFO - Setting next_dagrun for dataset_consumes_1 to None, run_after=None
[2023-02-18T07:56:33.295+0000] {logging_mixin.py:137} INFO - [2023-02-18T07:56:33.268+0000] {dag.py:3441} INFO - Setting next_dagrun for dataset_consumes_1_and_2 to None, run_after=None
[2023-02-18T07:56:33.451+0000] {logging_mixin.py:137} INFO - [2023-02-18T07:56:33.299+0000] {dag.py:3441} INFO - Setting next_dagrun for dataset_consumes_1_never_scheduled to None, run_after=None
[2023-02-18T07:56:33.516+0000] {logging_mixin.py:137} INFO - [2023-02-18T07:56:33.516+0000] {dag.py:3441} INFO - Setting next_dagrun for dataset_consumes_unknown_never_scheduled to None, run_after=None
[2023-02-18T07:56:33.647+0000] {logging_mixin.py:137} INFO - [2023-02-18T07:56:33.646+0000] {dag.py:3441} INFO - Setting next_dagrun for dataset_produces_1 to 2023-02-17T00:00:00+00:00, run_after=2023-02-18T00:00:00+00:00
[2023-02-18T07:56:33.779+0000] {logging_mixin.py:137} INFO - [2023-02-18T07:56:33.779+0000] {dag.py:3441} INFO - Setting next_dagrun for dataset_produces_2 to None, run_after=None
[2023-02-18T07:56:36.827+0000] {processor.py:175} INFO - Processing /home/airflow/.local/lib/python3.7/site-packages/airflow/example_dags/example_datasets.py took 7.886 seconds
[2023-02-18T07:58:49.272+0000] {processor.py:153} INFO - Started process (PID=608) to work on /home/airflow/.local/lib/python3.7/site-packages/airflow/example_dags/example_datasets.py
[2023-02-18T07:58:49.317+0000] {processor.py:743} INFO - Processing file /home/airflow/.local/lib/python3.7/site-packages/airflow/example_dags/example_datasets.py for tasks to queue
[2023-02-18T07:58:49.406+0000] {logging_mixin.py:137} INFO - [2023-02-18T07:58:49.319+0000] {dagbag.py:538} INFO - Filling up the DagBag from /home/airflow/.local/lib/python3.7/site-packages/airflow/example_dags/example_datasets.py
[2023-02-18T07:58:51.214+0000] {processor.py:753} INFO - DAG(s) dict_keys(['dataset_produces_2', 'dataset_consumes_1_and_2', 'dataset_consumes_1_never_scheduled', 'dataset_produces_1', 'dataset_consumes_unknown_never_scheduled', 'dataset_consumes_1']) retrieved from /home/airflow/.local/lib/python3.7/site-packages/airflow/example_dags/example_datasets.py
[2023-02-18T07:58:54.221+0000] {logging_mixin.py:137} INFO - [2023-02-18T07:58:54.221+0000] {dag.py:2690} INFO - Sync 6 DAGs
[2023-02-18T07:58:57.109+0000] {logging_mixin.py:137} INFO - [2023-02-18T07:58:57.108+0000] {dag.py:3441} INFO - Setting next_dagrun for dataset_consumes_1 to None, run_after=None
[2023-02-18T07:58:57.245+0000] {logging_mixin.py:137} INFO - [2023-02-18T07:58:57.245+0000] {dag.py:3441} INFO - Setting next_dagrun for dataset_consumes_1_and_2 to None, run_after=None
[2023-02-18T07:58:57.301+0000] {logging_mixin.py:137} INFO - [2023-02-18T07:58:57.300+0000] {dag.py:3441} INFO - Setting next_dagrun for dataset_consumes_1_never_scheduled to None, run_after=None
[2023-02-18T07:58:57.368+0000] {logging_mixin.py:137} INFO - [2023-02-18T07:58:57.367+0000] {dag.py:3441} INFO - Setting next_dagrun for dataset_consumes_unknown_never_scheduled to None, run_after=None
[2023-02-18T07:58:57.487+0000] {logging_mixin.py:137} INFO - [2023-02-18T07:58:57.458+0000] {dag.py:3441} INFO - Setting next_dagrun for dataset_produces_1 to 2023-02-17T00:00:00+00:00, run_after=2023-02-18T00:00:00+00:00
[2023-02-18T07:58:57.505+0000] {logging_mixin.py:137} INFO - [2023-02-18T07:58:57.504+0000] {dag.py:3441} INFO - Setting next_dagrun for dataset_produces_2 to None, run_after=None
[2023-02-18T07:58:59.327+0000] {processor.py:175} INFO - Processing /home/airflow/.local/lib/python3.7/site-packages/airflow/example_dags/example_datasets.py took 10.596 seconds
[2023-02-18T08:01:52.728+0000] {processor.py:153} INFO - Started process (PID=721) to work on /home/airflow/.local/lib/python3.7/site-packages/airflow/example_dags/example_datasets.py
[2023-02-18T08:01:53.137+0000] {processor.py:743} INFO - Processing file /home/airflow/.local/lib/python3.7/site-packages/airflow/example_dags/example_datasets.py for tasks to queue
[2023-02-18T08:01:53.275+0000] {logging_mixin.py:137} INFO - [2023-02-18T08:01:53.274+0000] {dagbag.py:538} INFO - Filling up the DagBag from /home/airflow/.local/lib/python3.7/site-packages/airflow/example_dags/example_datasets.py
[2023-02-18T08:01:54.038+0000] {processor.py:753} INFO - DAG(s) dict_keys(['dataset_consumes_1', 'dataset_consumes_unknown_never_scheduled', 'dataset_produces_2', 'dataset_produces_1', 'dataset_consumes_1_never_scheduled', 'dataset_consumes_1_and_2']) retrieved from /home/airflow/.local/lib/python3.7/site-packages/airflow/example_dags/example_datasets.py
[2023-02-18T08:01:57.998+0000] {logging_mixin.py:137} INFO - [2023-02-18T08:01:57.997+0000] {dag.py:2690} INFO - Sync 6 DAGs
[2023-02-18T08:02:00.946+0000] {logging_mixin.py:137} INFO - [2023-02-18T08:02:00.921+0000] {dag.py:3441} INFO - Setting next_dagrun for dataset_consumes_1 to None, run_after=None
[2023-02-18T08:02:01.245+0000] {logging_mixin.py:137} INFO - [2023-02-18T08:02:01.245+0000] {dag.py:3441} INFO - Setting next_dagrun for dataset_consumes_1_and_2 to None, run_after=None
[2023-02-18T08:02:01.689+0000] {logging_mixin.py:137} INFO - [2023-02-18T08:02:01.688+0000] {dag.py:3441} INFO - Setting next_dagrun for dataset_consumes_1_never_scheduled to None, run_after=None
[2023-02-18T08:02:02.051+0000] {logging_mixin.py:137} INFO - [2023-02-18T08:02:02.050+0000] {dag.py:3441} INFO - Setting next_dagrun for dataset_consumes_unknown_never_scheduled to None, run_after=None
[2023-02-18T08:02:02.277+0000] {logging_mixin.py:137} INFO - [2023-02-18T08:02:02.277+0000] {dag.py:3441} INFO - Setting next_dagrun for dataset_produces_1 to 2023-02-17T00:00:00+00:00, run_after=2023-02-18T00:00:00+00:00
[2023-02-18T08:02:02.341+0000] {logging_mixin.py:137} INFO - [2023-02-18T08:02:02.318+0000] {dag.py:3441} INFO - Setting next_dagrun for dataset_produces_2 to None, run_after=None
[2023-02-18T08:02:05.082+0000] {processor.py:175} INFO - Processing /home/airflow/.local/lib/python3.7/site-packages/airflow/example_dags/example_datasets.py took 12.756 seconds
[2023-02-18T08:05:34.027+0000] {processor.py:153} INFO - Started process (PID=852) to work on /home/airflow/.local/lib/python3.7/site-packages/airflow/example_dags/example_datasets.py
[2023-02-18T08:05:34.088+0000] {processor.py:743} INFO - Processing file /home/airflow/.local/lib/python3.7/site-packages/airflow/example_dags/example_datasets.py for tasks to queue
[2023-02-18T08:05:34.477+0000] {logging_mixin.py:137} INFO - [2023-02-18T08:05:34.121+0000] {dagbag.py:538} INFO - Filling up the DagBag from /home/airflow/.local/lib/python3.7/site-packages/airflow/example_dags/example_datasets.py
[2023-02-18T08:05:37.455+0000] {processor.py:753} INFO - DAG(s) dict_keys(['dataset_produces_2', 'dataset_consumes_1_never_scheduled', 'dataset_consumes_unknown_never_scheduled', 'dataset_produces_1', 'dataset_consumes_1_and_2', 'dataset_consumes_1']) retrieved from /home/airflow/.local/lib/python3.7/site-packages/airflow/example_dags/example_datasets.py
[2023-02-18T08:05:41.402+0000] {logging_mixin.py:137} INFO - [2023-02-18T08:05:41.401+0000] {dag.py:2690} INFO - Sync 6 DAGs
[2023-02-18T08:05:51.913+0000] {logging_mixin.py:137} INFO - [2023-02-18T08:05:51.912+0000] {dag.py:3441} INFO - Setting next_dagrun for dataset_consumes_1 to None, run_after=None
[2023-02-18T08:05:52.396+0000] {logging_mixin.py:137} INFO - [2023-02-18T08:05:52.396+0000] {dag.py:3441} INFO - Setting next_dagrun for dataset_consumes_1_and_2 to None, run_after=None
[2023-02-18T08:05:52.588+0000] {logging_mixin.py:137} INFO - [2023-02-18T08:05:52.587+0000] {dag.py:3441} INFO - Setting next_dagrun for dataset_consumes_1_never_scheduled to None, run_after=None
[2023-02-18T08:05:52.668+0000] {logging_mixin.py:137} INFO - [2023-02-18T08:05:52.668+0000] {dag.py:3441} INFO - Setting next_dagrun for dataset_consumes_unknown_never_scheduled to None, run_after=None
[2023-02-18T08:05:53.262+0000] {logging_mixin.py:137} INFO - [2023-02-18T08:05:53.259+0000] {dag.py:3441} INFO - Setting next_dagrun for dataset_produces_1 to 2023-02-17T00:00:00+00:00, run_after=2023-02-18T00:00:00+00:00
[2023-02-18T08:05:53.354+0000] {logging_mixin.py:137} INFO - [2023-02-18T08:05:53.353+0000] {dag.py:3441} INFO - Setting next_dagrun for dataset_produces_2 to None, run_after=None
[2023-02-18T08:05:56.957+0000] {processor.py:175} INFO - Processing /home/airflow/.local/lib/python3.7/site-packages/airflow/example_dags/example_datasets.py took 23.228 seconds
[2023-02-18T08:09:59.202+0000] {processor.py:153} INFO - Started process (PID=1006) to work on /home/airflow/.local/lib/python3.7/site-packages/airflow/example_dags/example_datasets.py
[2023-02-18T08:09:59.427+0000] {processor.py:743} INFO - Processing file /home/airflow/.local/lib/python3.7/site-packages/airflow/example_dags/example_datasets.py for tasks to queue
[2023-02-18T08:09:59.430+0000] {logging_mixin.py:137} INFO - [2023-02-18T08:09:59.429+0000] {dagbag.py:538} INFO - Filling up the DagBag from /home/airflow/.local/lib/python3.7/site-packages/airflow/example_dags/example_datasets.py
[2023-02-18T08:10:00.053+0000] {processor.py:753} INFO - DAG(s) dict_keys(['dataset_consumes_1_never_scheduled', 'dataset_consumes_1_and_2', 'dataset_produces_1', 'dataset_consumes_unknown_never_scheduled', 'dataset_consumes_1', 'dataset_produces_2']) retrieved from /home/airflow/.local/lib/python3.7/site-packages/airflow/example_dags/example_datasets.py
[2023-02-18T08:10:05.754+0000] {logging_mixin.py:137} INFO - [2023-02-18T08:10:05.754+0000] {dag.py:2690} INFO - Sync 6 DAGs
[2023-02-18T08:10:10.059+0000] {logging_mixin.py:137} INFO - [2023-02-18T08:10:10.058+0000] {dag.py:3441} INFO - Setting next_dagrun for dataset_consumes_1 to None, run_after=None
[2023-02-18T08:10:10.519+0000] {logging_mixin.py:137} INFO - [2023-02-18T08:10:10.518+0000] {dag.py:3441} INFO - Setting next_dagrun for dataset_consumes_1_and_2 to None, run_after=None
[2023-02-18T08:10:10.524+0000] {logging_mixin.py:137} INFO - [2023-02-18T08:10:10.523+0000] {dag.py:3441} INFO - Setting next_dagrun for dataset_consumes_1_never_scheduled to None, run_after=None
[2023-02-18T08:10:10.569+0000] {logging_mixin.py:137} INFO - [2023-02-18T08:10:10.568+0000] {dag.py:3441} INFO - Setting next_dagrun for dataset_consumes_unknown_never_scheduled to None, run_after=None
[2023-02-18T08:10:11.517+0000] {logging_mixin.py:137} INFO - [2023-02-18T08:10:11.202+0000] {dag.py:3441} INFO - Setting next_dagrun for dataset_produces_1 to 2023-02-17T00:00:00+00:00, run_after=2023-02-18T00:00:00+00:00
[2023-02-18T08:10:11.636+0000] {logging_mixin.py:137} INFO - [2023-02-18T08:10:11.635+0000] {dag.py:3441} INFO - Setting next_dagrun for dataset_produces_2 to None, run_after=None
[2023-02-18T08:10:16.071+0000] {processor.py:175} INFO - Processing /home/airflow/.local/lib/python3.7/site-packages/airflow/example_dags/example_datasets.py took 17.194 seconds
[2023-02-18T08:13:28.631+0000] {processor.py:153} INFO - Started process (PID=1127) to work on /home/airflow/.local/lib/python3.7/site-packages/airflow/example_dags/example_datasets.py
[2023-02-18T08:13:28.726+0000] {processor.py:743} INFO - Processing file /home/airflow/.local/lib/python3.7/site-packages/airflow/example_dags/example_datasets.py for tasks to queue
[2023-02-18T08:13:28.728+0000] {logging_mixin.py:137} INFO - [2023-02-18T08:13:28.728+0000] {dagbag.py:538} INFO - Filling up the DagBag from /home/airflow/.local/lib/python3.7/site-packages/airflow/example_dags/example_datasets.py
[2023-02-18T08:13:30.272+0000] {processor.py:753} INFO - DAG(s) dict_keys(['dataset_consumes_unknown_never_scheduled', 'dataset_consumes_1_and_2', 'dataset_consumes_1_never_scheduled', 'dataset_produces_1', 'dataset_consumes_1', 'dataset_produces_2']) retrieved from /home/airflow/.local/lib/python3.7/site-packages/airflow/example_dags/example_datasets.py
[2023-02-18T08:13:33.372+0000] {logging_mixin.py:137} INFO - [2023-02-18T08:13:33.370+0000] {dag.py:2690} INFO - Sync 6 DAGs
[2023-02-18T08:13:36.680+0000] {logging_mixin.py:137} INFO - [2023-02-18T08:13:36.679+0000] {dag.py:3441} INFO - Setting next_dagrun for dataset_consumes_1 to None, run_after=None
[2023-02-18T08:13:36.737+0000] {logging_mixin.py:137} INFO - [2023-02-18T08:13:36.737+0000] {dag.py:3441} INFO - Setting next_dagrun for dataset_consumes_1_and_2 to None, run_after=None
[2023-02-18T08:13:36.753+0000] {logging_mixin.py:137} INFO - [2023-02-18T08:13:36.752+0000] {dag.py:3441} INFO - Setting next_dagrun for dataset_consumes_1_never_scheduled to None, run_after=None
[2023-02-18T08:13:36.768+0000] {logging_mixin.py:137} INFO - [2023-02-18T08:13:36.768+0000] {dag.py:3441} INFO - Setting next_dagrun for dataset_consumes_unknown_never_scheduled to None, run_after=None
[2023-02-18T08:13:36.868+0000] {logging_mixin.py:137} INFO - [2023-02-18T08:13:36.868+0000] {dag.py:3441} INFO - Setting next_dagrun for dataset_produces_1 to 2023-02-17T00:00:00+00:00, run_after=2023-02-18T00:00:00+00:00
[2023-02-18T08:13:36.920+0000] {logging_mixin.py:137} INFO - [2023-02-18T08:13:36.919+0000] {dag.py:3441} INFO - Setting next_dagrun for dataset_produces_2 to None, run_after=None
[2023-02-18T08:13:39.781+0000] {processor.py:175} INFO - Processing /home/airflow/.local/lib/python3.7/site-packages/airflow/example_dags/example_datasets.py took 11.402 seconds
[2023-02-18T08:16:44.716+0000] {processor.py:153} INFO - Started process (PID=1251) to work on /home/airflow/.local/lib/python3.7/site-packages/airflow/example_dags/example_datasets.py
[2023-02-18T08:16:44.734+0000] {processor.py:743} INFO - Processing file /home/airflow/.local/lib/python3.7/site-packages/airflow/example_dags/example_datasets.py for tasks to queue
[2023-02-18T08:16:44.801+0000] {logging_mixin.py:137} INFO - [2023-02-18T08:16:44.801+0000] {dagbag.py:538} INFO - Filling up the DagBag from /home/airflow/.local/lib/python3.7/site-packages/airflow/example_dags/example_datasets.py
[2023-02-18T08:16:45.732+0000] {processor.py:753} INFO - DAG(s) dict_keys(['dataset_produces_2', 'dataset_consumes_1_and_2', 'dataset_produces_1', 'dataset_consumes_1_never_scheduled', 'dataset_consumes_unknown_never_scheduled', 'dataset_consumes_1']) retrieved from /home/airflow/.local/lib/python3.7/site-packages/airflow/example_dags/example_datasets.py
[2023-02-18T08:16:51.090+0000] {logging_mixin.py:137} INFO - [2023-02-18T08:16:51.089+0000] {dag.py:2690} INFO - Sync 6 DAGs
[2023-02-18T08:16:53.596+0000] {logging_mixin.py:137} INFO - [2023-02-18T08:16:53.596+0000] {dag.py:3441} INFO - Setting next_dagrun for dataset_consumes_1 to None, run_after=None
[2023-02-18T08:16:54.133+0000] {logging_mixin.py:137} INFO - [2023-02-18T08:16:54.130+0000] {dag.py:3441} INFO - Setting next_dagrun for dataset_consumes_1_and_2 to None, run_after=None
[2023-02-18T08:16:54.153+0000] {logging_mixin.py:137} INFO - [2023-02-18T08:16:54.153+0000] {dag.py:3441} INFO - Setting next_dagrun for dataset_consumes_1_never_scheduled to None, run_after=None
[2023-02-18T08:16:54.187+0000] {logging_mixin.py:137} INFO - [2023-02-18T08:16:54.186+0000] {dag.py:3441} INFO - Setting next_dagrun for dataset_consumes_unknown_never_scheduled to None, run_after=None
[2023-02-18T08:16:54.544+0000] {logging_mixin.py:137} INFO - [2023-02-18T08:16:54.420+0000] {dag.py:3441} INFO - Setting next_dagrun for dataset_produces_1 to 2023-02-17T00:00:00+00:00, run_after=2023-02-18T00:00:00+00:00
[2023-02-18T08:16:54.732+0000] {logging_mixin.py:137} INFO - [2023-02-18T08:16:54.731+0000] {dag.py:3441} INFO - Setting next_dagrun for dataset_produces_2 to None, run_after=None
[2023-02-18T08:16:57.638+0000] {processor.py:175} INFO - Processing /home/airflow/.local/lib/python3.7/site-packages/airflow/example_dags/example_datasets.py took 12.977 seconds
[2023-02-18T08:19:55.760+0000] {processor.py:153} INFO - Started process (PID=1366) to work on /home/airflow/.local/lib/python3.7/site-packages/airflow/example_dags/example_datasets.py
[2023-02-18T08:19:55.889+0000] {processor.py:743} INFO - Processing file /home/airflow/.local/lib/python3.7/site-packages/airflow/example_dags/example_datasets.py for tasks to queue
[2023-02-18T08:19:55.892+0000] {logging_mixin.py:137} INFO - [2023-02-18T08:19:55.892+0000] {dagbag.py:538} INFO - Filling up the DagBag from /home/airflow/.local/lib/python3.7/site-packages/airflow/example_dags/example_datasets.py
[2023-02-18T08:19:57.516+0000] {processor.py:753} INFO - DAG(s) dict_keys(['dataset_consumes_1_never_scheduled', 'dataset_produces_1', 'dataset_consumes_1_and_2', 'dataset_consumes_unknown_never_scheduled', 'dataset_produces_2', 'dataset_consumes_1']) retrieved from /home/airflow/.local/lib/python3.7/site-packages/airflow/example_dags/example_datasets.py
[2023-02-18T08:20:02.348+0000] {logging_mixin.py:137} INFO - [2023-02-18T08:20:02.348+0000] {dag.py:2690} INFO - Sync 6 DAGs
[2023-02-18T08:20:05.777+0000] {logging_mixin.py:137} INFO - [2023-02-18T08:20:05.776+0000] {dag.py:3441} INFO - Setting next_dagrun for dataset_consumes_1 to None, run_after=None
[2023-02-18T08:20:05.848+0000] {logging_mixin.py:137} INFO - [2023-02-18T08:20:05.847+0000] {dag.py:3441} INFO - Setting next_dagrun for dataset_consumes_1_and_2 to None, run_after=None
[2023-02-18T08:20:06.028+0000] {logging_mixin.py:137} INFO - [2023-02-18T08:20:06.028+0000] {dag.py:3441} INFO - Setting next_dagrun for dataset_consumes_1_never_scheduled to None, run_after=None
[2023-02-18T08:20:06.091+0000] {logging_mixin.py:137} INFO - [2023-02-18T08:20:06.091+0000] {dag.py:3441} INFO - Setting next_dagrun for dataset_consumes_unknown_never_scheduled to None, run_after=None
[2023-02-18T08:20:06.369+0000] {logging_mixin.py:137} INFO - [2023-02-18T08:20:06.369+0000] {dag.py:3441} INFO - Setting next_dagrun for dataset_produces_1 to 2023-02-17T00:00:00+00:00, run_after=2023-02-18T00:00:00+00:00
[2023-02-18T08:20:06.548+0000] {logging_mixin.py:137} INFO - [2023-02-18T08:20:06.547+0000] {dag.py:3441} INFO - Setting next_dagrun for dataset_produces_2 to None, run_after=None
[2023-02-18T08:20:08.321+0000] {processor.py:175} INFO - Processing /home/airflow/.local/lib/python3.7/site-packages/airflow/example_dags/example_datasets.py took 12.855 seconds
[2023-02-18T08:22:53.929+0000] {processor.py:153} INFO - Started process (PID=1481) to work on /home/airflow/.local/lib/python3.7/site-packages/airflow/example_dags/example_datasets.py
[2023-02-18T08:22:53.989+0000] {processor.py:743} INFO - Processing file /home/airflow/.local/lib/python3.7/site-packages/airflow/example_dags/example_datasets.py for tasks to queue
[2023-02-18T08:22:54.080+0000] {logging_mixin.py:137} INFO - [2023-02-18T08:22:54.079+0000] {dagbag.py:538} INFO - Filling up the DagBag from /home/airflow/.local/lib/python3.7/site-packages/airflow/example_dags/example_datasets.py
[2023-02-18T08:22:55.018+0000] {processor.py:753} INFO - DAG(s) dict_keys(['dataset_consumes_1_never_scheduled', 'dataset_produces_1', 'dataset_consumes_1', 'dataset_consumes_unknown_never_scheduled', 'dataset_consumes_1_and_2', 'dataset_produces_2']) retrieved from /home/airflow/.local/lib/python3.7/site-packages/airflow/example_dags/example_datasets.py
[2023-02-18T08:22:58.041+0000] {logging_mixin.py:137} INFO - [2023-02-18T08:22:58.041+0000] {dag.py:2690} INFO - Sync 6 DAGs
[2023-02-18T08:22:59.826+0000] {logging_mixin.py:137} INFO - [2023-02-18T08:22:59.825+0000] {dag.py:3441} INFO - Setting next_dagrun for dataset_consumes_1 to None, run_after=None
[2023-02-18T08:22:59.934+0000] {logging_mixin.py:137} INFO - [2023-02-18T08:22:59.933+0000] {dag.py:3441} INFO - Setting next_dagrun for dataset_consumes_1_and_2 to None, run_after=None
[2023-02-18T08:23:00.124+0000] {logging_mixin.py:137} INFO - [2023-02-18T08:23:00.124+0000] {dag.py:3441} INFO - Setting next_dagrun for dataset_consumes_1_never_scheduled to None, run_after=None
[2023-02-18T08:23:00.133+0000] {logging_mixin.py:137} INFO - [2023-02-18T08:23:00.132+0000] {dag.py:3441} INFO - Setting next_dagrun for dataset_consumes_unknown_never_scheduled to None, run_after=None
[2023-02-18T08:23:00.365+0000] {logging_mixin.py:137} INFO - [2023-02-18T08:23:00.365+0000] {dag.py:3441} INFO - Setting next_dagrun for dataset_produces_1 to 2023-02-17T00:00:00+00:00, run_after=2023-02-18T00:00:00+00:00
[2023-02-18T08:23:00.622+0000] {logging_mixin.py:137} INFO - [2023-02-18T08:23:00.621+0000] {dag.py:3441} INFO - Setting next_dagrun for dataset_produces_2 to None, run_after=None
[2023-02-18T08:23:04.070+0000] {processor.py:175} INFO - Processing /home/airflow/.local/lib/python3.7/site-packages/airflow/example_dags/example_datasets.py took 10.196 seconds
[2023-02-18T08:26:19.276+0000] {processor.py:153} INFO - Started process (PID=1604) to work on /home/airflow/.local/lib/python3.7/site-packages/airflow/example_dags/example_datasets.py
[2023-02-18T08:26:19.330+0000] {processor.py:743} INFO - Processing file /home/airflow/.local/lib/python3.7/site-packages/airflow/example_dags/example_datasets.py for tasks to queue
[2023-02-18T08:26:19.611+0000] {logging_mixin.py:137} INFO - [2023-02-18T08:26:19.421+0000] {dagbag.py:538} INFO - Filling up the DagBag from /home/airflow/.local/lib/python3.7/site-packages/airflow/example_dags/example_datasets.py
[2023-02-18T08:26:21.130+0000] {processor.py:753} INFO - DAG(s) dict_keys(['dataset_consumes_1', 'dataset_consumes_unknown_never_scheduled', 'dataset_produces_1', 'dataset_consumes_1_never_scheduled', 'dataset_consumes_1_and_2', 'dataset_produces_2']) retrieved from /home/airflow/.local/lib/python3.7/site-packages/airflow/example_dags/example_datasets.py
[2023-02-18T08:26:23.883+0000] {logging_mixin.py:137} INFO - [2023-02-18T08:26:23.882+0000] {dag.py:2690} INFO - Sync 6 DAGs
[2023-02-18T08:26:27.723+0000] {logging_mixin.py:137} INFO - [2023-02-18T08:26:27.723+0000] {dag.py:3441} INFO - Setting next_dagrun for dataset_consumes_1 to None, run_after=None
[2023-02-18T08:26:28.089+0000] {logging_mixin.py:137} INFO - [2023-02-18T08:26:28.089+0000] {dag.py:3441} INFO - Setting next_dagrun for dataset_consumes_1_and_2 to None, run_after=None
[2023-02-18T08:26:28.169+0000] {logging_mixin.py:137} INFO - [2023-02-18T08:26:28.169+0000] {dag.py:3441} INFO - Setting next_dagrun for dataset_consumes_1_never_scheduled to None, run_after=None
[2023-02-18T08:26:28.444+0000] {logging_mixin.py:137} INFO - [2023-02-18T08:26:28.395+0000] {dag.py:3441} INFO - Setting next_dagrun for dataset_consumes_unknown_never_scheduled to None, run_after=None
[2023-02-18T08:26:28.844+0000] {logging_mixin.py:137} INFO - [2023-02-18T08:26:28.844+0000] {dag.py:3441} INFO - Setting next_dagrun for dataset_produces_1 to 2023-02-17T00:00:00+00:00, run_after=2023-02-18T00:00:00+00:00
[2023-02-18T08:26:29.065+0000] {logging_mixin.py:137} INFO - [2023-02-18T08:26:29.065+0000] {dag.py:3441} INFO - Setting next_dagrun for dataset_produces_2 to None, run_after=None
[2023-02-18T08:26:31.781+0000] {processor.py:175} INFO - Processing /home/airflow/.local/lib/python3.7/site-packages/airflow/example_dags/example_datasets.py took 13.147 seconds
[2023-02-18T08:32:37.134+0000] {processor.py:153} INFO - Started process (PID=1794) to work on /home/airflow/.local/lib/python3.7/site-packages/airflow/example_dags/example_datasets.py
[2023-02-18T08:32:37.158+0000] {processor.py:743} INFO - Processing file /home/airflow/.local/lib/python3.7/site-packages/airflow/example_dags/example_datasets.py for tasks to queue
[2023-02-18T08:32:37.432+0000] {logging_mixin.py:137} INFO - [2023-02-18T08:32:37.431+0000] {dagbag.py:538} INFO - Filling up the DagBag from /home/airflow/.local/lib/python3.7/site-packages/airflow/example_dags/example_datasets.py
[2023-02-18T08:32:43.002+0000] {processor.py:753} INFO - DAG(s) dict_keys(['dataset_consumes_1_and_2', 'dataset_consumes_1', 'dataset_consumes_1_never_scheduled', 'dataset_produces_2', 'dataset_produces_1', 'dataset_consumes_unknown_never_scheduled']) retrieved from /home/airflow/.local/lib/python3.7/site-packages/airflow/example_dags/example_datasets.py
[2023-02-18T08:32:55.993+0000] {logging_mixin.py:137} INFO - [2023-02-18T08:32:55.992+0000] {dag.py:2690} INFO - Sync 6 DAGs
[2023-02-18T08:33:04.233+0000] {logging_mixin.py:137} INFO - [2023-02-18T08:33:04.233+0000] {dag.py:3441} INFO - Setting next_dagrun for dataset_consumes_1 to None, run_after=None
[2023-02-18T08:33:04.633+0000] {logging_mixin.py:137} INFO - [2023-02-18T08:33:04.633+0000] {dag.py:3441} INFO - Setting next_dagrun for dataset_consumes_1_and_2 to None, run_after=None
[2023-02-18T08:33:04.761+0000] {logging_mixin.py:137} INFO - [2023-02-18T08:33:04.760+0000] {dag.py:3441} INFO - Setting next_dagrun for dataset_consumes_1_never_scheduled to None, run_after=None
[2023-02-18T08:33:05.009+0000] {logging_mixin.py:137} INFO - [2023-02-18T08:33:05.009+0000] {dag.py:3441} INFO - Setting next_dagrun for dataset_consumes_unknown_never_scheduled to None, run_after=None
[2023-02-18T08:33:05.658+0000] {logging_mixin.py:137} INFO - [2023-02-18T08:33:05.657+0000] {dag.py:3441} INFO - Setting next_dagrun for dataset_produces_1 to 2023-02-17T00:00:00+00:00, run_after=2023-02-18T00:00:00+00:00
[2023-02-18T08:33:05.841+0000] {logging_mixin.py:137} INFO - [2023-02-18T08:33:05.840+0000] {dag.py:3441} INFO - Setting next_dagrun for dataset_produces_2 to None, run_after=None
[2023-02-18T08:33:12.288+0000] {processor.py:175} INFO - Processing /home/airflow/.local/lib/python3.7/site-packages/airflow/example_dags/example_datasets.py took 36.628 seconds
[2023-02-18T08:43:09.938+0000] {processor.py:153} INFO - Started process (PID=2093) to work on /home/airflow/.local/lib/python3.7/site-packages/airflow/example_dags/example_datasets.py
[2023-02-18T08:43:09.964+0000] {processor.py:743} INFO - Processing file /home/airflow/.local/lib/python3.7/site-packages/airflow/example_dags/example_datasets.py for tasks to queue
[2023-02-18T08:43:10.144+0000] {logging_mixin.py:137} INFO - [2023-02-18T08:43:09.966+0000] {dagbag.py:538} INFO - Filling up the DagBag from /home/airflow/.local/lib/python3.7/site-packages/airflow/example_dags/example_datasets.py
[2023-02-18T08:43:34.527+0000] {processor.py:753} INFO - DAG(s) dict_keys(['dataset_consumes_1', 'dataset_produces_1', 'dataset_produces_2', 'dataset_consumes_1_and_2', 'dataset_consumes_1_never_scheduled', 'dataset_consumes_unknown_never_scheduled']) retrieved from /home/airflow/.local/lib/python3.7/site-packages/airflow/example_dags/example_datasets.py
[2023-02-18T09:51:57.044+0000] {processor.py:153} INFO - Started process (PID=164) to work on /home/airflow/.local/lib/python3.7/site-packages/airflow/example_dags/example_datasets.py
[2023-02-18T09:51:57.162+0000] {processor.py:743} INFO - Processing file /home/airflow/.local/lib/python3.7/site-packages/airflow/example_dags/example_datasets.py for tasks to queue
[2023-02-18T09:51:57.164+0000] {logging_mixin.py:137} INFO - [2023-02-18T09:51:57.163+0000] {dagbag.py:538} INFO - Filling up the DagBag from /home/airflow/.local/lib/python3.7/site-packages/airflow/example_dags/example_datasets.py
[2023-02-18T09:51:58.805+0000] {processor.py:753} INFO - DAG(s) dict_keys(['dataset_produces_2', 'dataset_produces_1', 'dataset_consumes_unknown_never_scheduled', 'dataset_consumes_1_and_2', 'dataset_consumes_1', 'dataset_consumes_1_never_scheduled']) retrieved from /home/airflow/.local/lib/python3.7/site-packages/airflow/example_dags/example_datasets.py
[2023-02-18T09:52:04.076+0000] {logging_mixin.py:137} INFO - [2023-02-18T09:52:04.075+0000] {dag.py:2690} INFO - Sync 6 DAGs
[2023-02-18T09:52:05.122+0000] {logging_mixin.py:137} INFO - [2023-02-18T09:52:05.121+0000] {dag.py:3441} INFO - Setting next_dagrun for dataset_consumes_1 to None, run_after=None
[2023-02-18T09:52:05.188+0000] {logging_mixin.py:137} INFO - [2023-02-18T09:52:05.187+0000] {dag.py:3441} INFO - Setting next_dagrun for dataset_consumes_1_and_2 to None, run_after=None
[2023-02-18T09:52:05.220+0000] {logging_mixin.py:137} INFO - [2023-02-18T09:52:05.220+0000] {dag.py:3441} INFO - Setting next_dagrun for dataset_consumes_1_never_scheduled to None, run_after=None
[2023-02-18T09:52:05.237+0000] {logging_mixin.py:137} INFO - [2023-02-18T09:52:05.237+0000] {dag.py:3441} INFO - Setting next_dagrun for dataset_consumes_unknown_never_scheduled to None, run_after=None
[2023-02-18T09:52:05.419+0000] {logging_mixin.py:137} INFO - [2023-02-18T09:52:05.405+0000] {dag.py:3441} INFO - Setting next_dagrun for dataset_produces_1 to 2023-02-17T00:00:00+00:00, run_after=2023-02-18T00:00:00+00:00
[2023-02-18T09:52:05.466+0000] {logging_mixin.py:137} INFO - [2023-02-18T09:52:05.465+0000] {dag.py:3441} INFO - Setting next_dagrun for dataset_produces_2 to None, run_after=None
[2023-02-18T09:52:07.921+0000] {processor.py:175} INFO - Processing /home/airflow/.local/lib/python3.7/site-packages/airflow/example_dags/example_datasets.py took 10.960 seconds
[2023-02-18T09:53:39.625+0000] {processor.py:153} INFO - Started process (PID=250) to work on /home/airflow/.local/lib/python3.7/site-packages/airflow/example_dags/example_datasets.py
[2023-02-18T09:53:39.897+0000] {processor.py:743} INFO - Processing file /home/airflow/.local/lib/python3.7/site-packages/airflow/example_dags/example_datasets.py for tasks to queue
[2023-02-18T09:53:39.902+0000] {logging_mixin.py:137} INFO - [2023-02-18T09:53:39.901+0000] {dagbag.py:538} INFO - Filling up the DagBag from /home/airflow/.local/lib/python3.7/site-packages/airflow/example_dags/example_datasets.py
[2023-02-18T09:53:40.436+0000] {processor.py:753} INFO - DAG(s) dict_keys(['dataset_produces_1', 'dataset_consumes_1', 'dataset_consumes_1_and_2', 'dataset_consumes_1_never_scheduled', 'dataset_produces_2', 'dataset_consumes_unknown_never_scheduled']) retrieved from /home/airflow/.local/lib/python3.7/site-packages/airflow/example_dags/example_datasets.py
[2023-02-18T09:53:41.517+0000] {logging_mixin.py:137} INFO - [2023-02-18T09:53:41.516+0000] {dag.py:2690} INFO - Sync 6 DAGs
[2023-02-18T09:53:42.718+0000] {logging_mixin.py:137} INFO - [2023-02-18T09:53:42.718+0000] {dag.py:3441} INFO - Setting next_dagrun for dataset_consumes_1 to None, run_after=None
[2023-02-18T09:53:42.855+0000] {logging_mixin.py:137} INFO - [2023-02-18T09:53:42.855+0000] {dag.py:3441} INFO - Setting next_dagrun for dataset_consumes_1_and_2 to None, run_after=None
[2023-02-18T09:53:42.872+0000] {logging_mixin.py:137} INFO - [2023-02-18T09:53:42.872+0000] {dag.py:3441} INFO - Setting next_dagrun for dataset_consumes_1_never_scheduled to None, run_after=None
[2023-02-18T09:53:42.908+0000] {logging_mixin.py:137} INFO - [2023-02-18T09:53:42.907+0000] {dag.py:3441} INFO - Setting next_dagrun for dataset_consumes_unknown_never_scheduled to None, run_after=None
[2023-02-18T09:53:43.057+0000] {logging_mixin.py:137} INFO - [2023-02-18T09:53:43.056+0000] {dag.py:3441} INFO - Setting next_dagrun for dataset_produces_1 to 2023-02-17T00:00:00+00:00, run_after=2023-02-18T00:00:00+00:00
[2023-02-18T09:53:43.073+0000] {logging_mixin.py:137} INFO - [2023-02-18T09:53:43.073+0000] {dag.py:3441} INFO - Setting next_dagrun for dataset_produces_2 to None, run_after=None
[2023-02-18T09:53:44.550+0000] {processor.py:175} INFO - Processing /home/airflow/.local/lib/python3.7/site-packages/airflow/example_dags/example_datasets.py took 5.106 seconds
[2023-02-18T09:55:04.252+0000] {processor.py:153} INFO - Started process (PID=337) to work on /home/airflow/.local/lib/python3.7/site-packages/airflow/example_dags/example_datasets.py
[2023-02-18T09:55:04.285+0000] {processor.py:743} INFO - Processing file /home/airflow/.local/lib/python3.7/site-packages/airflow/example_dags/example_datasets.py for tasks to queue
[2023-02-18T09:55:04.287+0000] {logging_mixin.py:137} INFO - [2023-02-18T09:55:04.287+0000] {dagbag.py:538} INFO - Filling up the DagBag from /home/airflow/.local/lib/python3.7/site-packages/airflow/example_dags/example_datasets.py
[2023-02-18T09:55:05.604+0000] {processor.py:753} INFO - DAG(s) dict_keys(['dataset_consumes_1_and_2', 'dataset_consumes_unknown_never_scheduled', 'dataset_produces_1', 'dataset_consumes_1_never_scheduled', 'dataset_consumes_1', 'dataset_produces_2']) retrieved from /home/airflow/.local/lib/python3.7/site-packages/airflow/example_dags/example_datasets.py
[2023-02-18T09:55:07.853+0000] {logging_mixin.py:137} INFO - [2023-02-18T09:55:07.853+0000] {dag.py:2690} INFO - Sync 6 DAGs
[2023-02-18T09:55:09.700+0000] {logging_mixin.py:137} INFO - [2023-02-18T09:55:09.672+0000] {dag.py:3441} INFO - Setting next_dagrun for dataset_consumes_1 to None, run_after=None
[2023-02-18T09:55:09.770+0000] {logging_mixin.py:137} INFO - [2023-02-18T09:55:09.743+0000] {dag.py:3441} INFO - Setting next_dagrun for dataset_consumes_1_and_2 to None, run_after=None
[2023-02-18T09:55:09.784+0000] {logging_mixin.py:137} INFO - [2023-02-18T09:55:09.783+0000] {dag.py:3441} INFO - Setting next_dagrun for dataset_consumes_1_never_scheduled to None, run_after=None
[2023-02-18T09:55:09.799+0000] {logging_mixin.py:137} INFO - [2023-02-18T09:55:09.798+0000] {dag.py:3441} INFO - Setting next_dagrun for dataset_consumes_unknown_never_scheduled to None, run_after=None
[2023-02-18T09:55:09.854+0000] {logging_mixin.py:137} INFO - [2023-02-18T09:55:09.854+0000] {dag.py:3441} INFO - Setting next_dagrun for dataset_produces_1 to 2023-02-17T00:00:00+00:00, run_after=2023-02-18T00:00:00+00:00
[2023-02-18T09:55:09.941+0000] {logging_mixin.py:137} INFO - [2023-02-18T09:55:09.941+0000] {dag.py:3441} INFO - Setting next_dagrun for dataset_produces_2 to None, run_after=None
[2023-02-18T09:55:12.141+0000] {processor.py:175} INFO - Processing /home/airflow/.local/lib/python3.7/site-packages/airflow/example_dags/example_datasets.py took 7.983 seconds
[2023-02-18T09:56:33.415+0000] {processor.py:153} INFO - Started process (PID=399) to work on /home/airflow/.local/lib/python3.7/site-packages/airflow/example_dags/example_datasets.py
[2023-02-18T09:56:33.437+0000] {processor.py:743} INFO - Processing file /home/airflow/.local/lib/python3.7/site-packages/airflow/example_dags/example_datasets.py for tasks to queue
[2023-02-18T09:56:33.493+0000] {logging_mixin.py:137} INFO - [2023-02-18T09:56:33.439+0000] {dagbag.py:538} INFO - Filling up the DagBag from /home/airflow/.local/lib/python3.7/site-packages/airflow/example_dags/example_datasets.py
[2023-02-18T09:56:34.967+0000] {processor.py:753} INFO - DAG(s) dict_keys(['dataset_consumes_unknown_never_scheduled', 'dataset_produces_1', 'dataset_produces_2', 'dataset_consumes_1_never_scheduled', 'dataset_consumes_1_and_2', 'dataset_consumes_1']) retrieved from /home/airflow/.local/lib/python3.7/site-packages/airflow/example_dags/example_datasets.py
[2023-02-18T09:56:39.988+0000] {logging_mixin.py:137} INFO - [2023-02-18T09:56:39.886+0000] {dag.py:2690} INFO - Sync 6 DAGs
[2023-02-18T09:56:42.610+0000] {logging_mixin.py:137} INFO - [2023-02-18T09:56:42.610+0000] {dag.py:3441} INFO - Setting next_dagrun for dataset_consumes_1 to None, run_after=None
[2023-02-18T09:56:42.863+0000] {logging_mixin.py:137} INFO - [2023-02-18T09:56:42.862+0000] {dag.py:3441} INFO - Setting next_dagrun for dataset_consumes_1_and_2 to None, run_after=None
[2023-02-18T09:56:42.912+0000] {logging_mixin.py:137} INFO - [2023-02-18T09:56:42.912+0000] {dag.py:3441} INFO - Setting next_dagrun for dataset_consumes_1_never_scheduled to None, run_after=None
[2023-02-18T09:56:42.945+0000] {logging_mixin.py:137} INFO - [2023-02-18T09:56:42.944+0000] {dag.py:3441} INFO - Setting next_dagrun for dataset_consumes_unknown_never_scheduled to None, run_after=None
[2023-02-18T09:56:43.145+0000] {logging_mixin.py:137} INFO - [2023-02-18T09:56:43.144+0000] {dag.py:3441} INFO - Setting next_dagrun for dataset_produces_1 to 2023-02-17T00:00:00+00:00, run_after=2023-02-18T00:00:00+00:00
[2023-02-18T09:56:43.768+0000] {logging_mixin.py:137} INFO - [2023-02-18T09:56:43.768+0000] {dag.py:3441} INFO - Setting next_dagrun for dataset_produces_2 to None, run_after=None
[2023-02-18T09:56:47.921+0000] {processor.py:175} INFO - Processing /home/airflow/.local/lib/python3.7/site-packages/airflow/example_dags/example_datasets.py took 14.696 seconds
[2023-02-18T09:59:08.310+0000] {processor.py:153} INFO - Started process (PID=497) to work on /home/airflow/.local/lib/python3.7/site-packages/airflow/example_dags/example_datasets.py
[2023-02-18T09:59:08.487+0000] {processor.py:743} INFO - Processing file /home/airflow/.local/lib/python3.7/site-packages/airflow/example_dags/example_datasets.py for tasks to queue
[2023-02-18T09:59:08.489+0000] {logging_mixin.py:137} INFO - [2023-02-18T09:59:08.489+0000] {dagbag.py:538} INFO - Filling up the DagBag from /home/airflow/.local/lib/python3.7/site-packages/airflow/example_dags/example_datasets.py
[2023-02-18T09:59:10.114+0000] {processor.py:753} INFO - DAG(s) dict_keys(['dataset_consumes_unknown_never_scheduled', 'dataset_produces_1', 'dataset_consumes_1_and_2', 'dataset_produces_2', 'dataset_consumes_1_never_scheduled', 'dataset_consumes_1']) retrieved from /home/airflow/.local/lib/python3.7/site-packages/airflow/example_dags/example_datasets.py
[2023-02-18T09:59:13.988+0000] {logging_mixin.py:137} INFO - [2023-02-18T09:59:13.988+0000] {dag.py:2690} INFO - Sync 6 DAGs
[2023-02-18T09:59:16.728+0000] {logging_mixin.py:137} INFO - [2023-02-18T09:59:16.728+0000] {dag.py:3441} INFO - Setting next_dagrun for dataset_consumes_1 to None, run_after=None
[2023-02-18T09:59:16.984+0000] {logging_mixin.py:137} INFO - [2023-02-18T09:59:16.984+0000] {dag.py:3441} INFO - Setting next_dagrun for dataset_consumes_1_and_2 to None, run_after=None
[2023-02-18T09:59:17.064+0000] {logging_mixin.py:137} INFO - [2023-02-18T09:59:17.064+0000] {dag.py:3441} INFO - Setting next_dagrun for dataset_consumes_1_never_scheduled to None, run_after=None
[2023-02-18T09:59:17.097+0000] {logging_mixin.py:137} INFO - [2023-02-18T09:59:17.097+0000] {dag.py:3441} INFO - Setting next_dagrun for dataset_consumes_unknown_never_scheduled to None, run_after=None
[2023-02-18T09:59:17.176+0000] {logging_mixin.py:137} INFO - [2023-02-18T09:59:17.175+0000] {dag.py:3441} INFO - Setting next_dagrun for dataset_produces_1 to 2023-02-17T00:00:00+00:00, run_after=2023-02-18T00:00:00+00:00
[2023-02-18T09:59:17.191+0000] {logging_mixin.py:137} INFO - [2023-02-18T09:59:17.191+0000] {dag.py:3441} INFO - Setting next_dagrun for dataset_produces_2 to None, run_after=None
[2023-02-18T09:59:20.050+0000] {processor.py:175} INFO - Processing /home/airflow/.local/lib/python3.7/site-packages/airflow/example_dags/example_datasets.py took 12.030 seconds
[2023-02-18T10:01:06.425+0000] {processor.py:153} INFO - Started process (PID=577) to work on /home/airflow/.local/lib/python3.7/site-packages/airflow/example_dags/example_datasets.py
[2023-02-18T10:01:06.441+0000] {processor.py:743} INFO - Processing file /home/airflow/.local/lib/python3.7/site-packages/airflow/example_dags/example_datasets.py for tasks to queue
[2023-02-18T10:01:06.443+0000] {logging_mixin.py:137} INFO - [2023-02-18T10:01:06.443+0000] {dagbag.py:538} INFO - Filling up the DagBag from /home/airflow/.local/lib/python3.7/site-packages/airflow/example_dags/example_datasets.py
[2023-02-18T10:01:06.731+0000] {processor.py:753} INFO - DAG(s) dict_keys(['dataset_consumes_unknown_never_scheduled', 'dataset_produces_1', 'dataset_consumes_1', 'dataset_produces_2', 'dataset_consumes_1_and_2', 'dataset_consumes_1_never_scheduled']) retrieved from /home/airflow/.local/lib/python3.7/site-packages/airflow/example_dags/example_datasets.py
[2023-02-18T10:01:08.217+0000] {logging_mixin.py:137} INFO - [2023-02-18T10:01:08.216+0000] {dag.py:2690} INFO - Sync 6 DAGs
[2023-02-18T10:01:09.405+0000] {logging_mixin.py:137} INFO - [2023-02-18T10:01:09.404+0000] {dag.py:3441} INFO - Setting next_dagrun for dataset_consumes_1 to None, run_after=None
[2023-02-18T10:01:09.468+0000] {logging_mixin.py:137} INFO - [2023-02-18T10:01:09.467+0000] {dag.py:3441} INFO - Setting next_dagrun for dataset_consumes_1_and_2 to None, run_after=None
[2023-02-18T10:01:09.472+0000] {logging_mixin.py:137} INFO - [2023-02-18T10:01:09.471+0000] {dag.py:3441} INFO - Setting next_dagrun for dataset_consumes_1_never_scheduled to None, run_after=None
[2023-02-18T10:01:09.582+0000] {logging_mixin.py:137} INFO - [2023-02-18T10:01:09.581+0000] {dag.py:3441} INFO - Setting next_dagrun for dataset_consumes_unknown_never_scheduled to None, run_after=None
[2023-02-18T10:01:09.643+0000] {logging_mixin.py:137} INFO - [2023-02-18T10:01:09.631+0000] {dag.py:3441} INFO - Setting next_dagrun for dataset_produces_1 to 2023-02-17T00:00:00+00:00, run_after=2023-02-18T00:00:00+00:00
[2023-02-18T10:01:09.660+0000] {logging_mixin.py:137} INFO - [2023-02-18T10:01:09.659+0000] {dag.py:3441} INFO - Setting next_dagrun for dataset_produces_2 to None, run_after=None
[2023-02-18T10:01:10.502+0000] {processor.py:175} INFO - Processing /home/airflow/.local/lib/python3.7/site-packages/airflow/example_dags/example_datasets.py took 4.124 seconds
[2023-02-18T10:02:43.554+0000] {processor.py:153} INFO - Started process (PID=648) to work on /home/airflow/.local/lib/python3.7/site-packages/airflow/example_dags/example_datasets.py
[2023-02-18T10:02:43.703+0000] {processor.py:743} INFO - Processing file /home/airflow/.local/lib/python3.7/site-packages/airflow/example_dags/example_datasets.py for tasks to queue
[2023-02-18T10:02:43.705+0000] {logging_mixin.py:137} INFO - [2023-02-18T10:02:43.705+0000] {dagbag.py:538} INFO - Filling up the DagBag from /home/airflow/.local/lib/python3.7/site-packages/airflow/example_dags/example_datasets.py
[2023-02-18T10:02:44.584+0000] {processor.py:753} INFO - DAG(s) dict_keys(['dataset_consumes_unknown_never_scheduled', 'dataset_produces_2', 'dataset_produces_1', 'dataset_consumes_1', 'dataset_consumes_1_never_scheduled', 'dataset_consumes_1_and_2']) retrieved from /home/airflow/.local/lib/python3.7/site-packages/airflow/example_dags/example_datasets.py
[2023-02-18T10:02:47.727+0000] {logging_mixin.py:137} INFO - [2023-02-18T10:02:47.727+0000] {dag.py:2690} INFO - Sync 6 DAGs
[2023-02-18T10:02:50.972+0000] {logging_mixin.py:137} INFO - [2023-02-18T10:02:50.971+0000] {dag.py:3441} INFO - Setting next_dagrun for dataset_consumes_1 to None, run_after=None
[2023-02-18T10:02:51.678+0000] {logging_mixin.py:137} INFO - [2023-02-18T10:02:51.678+0000] {dag.py:3441} INFO - Setting next_dagrun for dataset_consumes_1_and_2 to None, run_after=None
[2023-02-18T10:02:51.693+0000] {logging_mixin.py:137} INFO - [2023-02-18T10:02:51.693+0000] {dag.py:3441} INFO - Setting next_dagrun for dataset_consumes_1_never_scheduled to None, run_after=None
[2023-02-18T10:02:51.734+0000] {logging_mixin.py:137} INFO - [2023-02-18T10:02:51.733+0000] {dag.py:3441} INFO - Setting next_dagrun for dataset_consumes_unknown_never_scheduled to None, run_after=None
[2023-02-18T10:02:52.388+0000] {logging_mixin.py:137} INFO - [2023-02-18T10:02:52.281+0000] {dag.py:3441} INFO - Setting next_dagrun for dataset_produces_1 to 2023-02-17T00:00:00+00:00, run_after=2023-02-18T00:00:00+00:00
[2023-02-18T10:02:52.666+0000] {logging_mixin.py:137} INFO - [2023-02-18T10:02:52.666+0000] {dag.py:3441} INFO - Setting next_dagrun for dataset_produces_2 to None, run_after=None
[2023-02-18T10:02:55.238+0000] {processor.py:175} INFO - Processing /home/airflow/.local/lib/python3.7/site-packages/airflow/example_dags/example_datasets.py took 12.182 seconds
[2023-02-18T10:05:06.326+0000] {processor.py:153} INFO - Started process (PID=741) to work on /home/airflow/.local/lib/python3.7/site-packages/airflow/example_dags/example_datasets.py
[2023-02-18T10:05:06.374+0000] {processor.py:743} INFO - Processing file /home/airflow/.local/lib/python3.7/site-packages/airflow/example_dags/example_datasets.py for tasks to queue
[2023-02-18T10:05:06.377+0000] {logging_mixin.py:137} INFO - [2023-02-18T10:05:06.377+0000] {dagbag.py:538} INFO - Filling up the DagBag from /home/airflow/.local/lib/python3.7/site-packages/airflow/example_dags/example_datasets.py
[2023-02-18T10:05:07.963+0000] {processor.py:753} INFO - DAG(s) dict_keys(['dataset_consumes_1', 'dataset_consumes_unknown_never_scheduled', 'dataset_produces_1', 'dataset_consumes_1_never_scheduled', 'dataset_produces_2', 'dataset_consumes_1_and_2']) retrieved from /home/airflow/.local/lib/python3.7/site-packages/airflow/example_dags/example_datasets.py
[2023-02-18T10:05:12.641+0000] {logging_mixin.py:137} INFO - [2023-02-18T10:05:12.640+0000] {dag.py:2690} INFO - Sync 6 DAGs
[2023-02-18T10:05:15.862+0000] {logging_mixin.py:137} INFO - [2023-02-18T10:05:15.861+0000] {dag.py:3441} INFO - Setting next_dagrun for dataset_consumes_1 to None, run_after=None
[2023-02-18T10:05:16.330+0000] {logging_mixin.py:137} INFO - [2023-02-18T10:05:16.329+0000] {dag.py:3441} INFO - Setting next_dagrun for dataset_consumes_1_and_2 to None, run_after=None
[2023-02-18T10:05:16.472+0000] {logging_mixin.py:137} INFO - [2023-02-18T10:05:16.472+0000] {dag.py:3441} INFO - Setting next_dagrun for dataset_consumes_1_never_scheduled to None, run_after=None
[2023-02-18T10:05:16.581+0000] {logging_mixin.py:137} INFO - [2023-02-18T10:05:16.581+0000] {dag.py:3441} INFO - Setting next_dagrun for dataset_consumes_unknown_never_scheduled to None, run_after=None
[2023-02-18T10:05:17.260+0000] {logging_mixin.py:137} INFO - [2023-02-18T10:05:17.259+0000] {dag.py:3441} INFO - Setting next_dagrun for dataset_produces_1 to 2023-02-17T00:00:00+00:00, run_after=2023-02-18T00:00:00+00:00
[2023-02-18T10:05:17.452+0000] {logging_mixin.py:137} INFO - [2023-02-18T10:05:17.452+0000] {dag.py:3441} INFO - Setting next_dagrun for dataset_produces_2 to None, run_after=None
[2023-02-18T10:05:20.698+0000] {processor.py:175} INFO - Processing /home/airflow/.local/lib/python3.7/site-packages/airflow/example_dags/example_datasets.py took 14.849 seconds
[2023-02-18T10:08:02.835+0000] {processor.py:153} INFO - Started process (PID=846) to work on /home/airflow/.local/lib/python3.7/site-packages/airflow/example_dags/example_datasets.py
[2023-02-18T10:08:03.019+0000] {processor.py:743} INFO - Processing file /home/airflow/.local/lib/python3.7/site-packages/airflow/example_dags/example_datasets.py for tasks to queue
[2023-02-18T10:08:03.021+0000] {logging_mixin.py:137} INFO - [2023-02-18T10:08:03.021+0000] {dagbag.py:538} INFO - Filling up the DagBag from /home/airflow/.local/lib/python3.7/site-packages/airflow/example_dags/example_datasets.py
[2023-02-18T10:08:03.675+0000] {processor.py:753} INFO - DAG(s) dict_keys(['dataset_consumes_unknown_never_scheduled', 'dataset_produces_1', 'dataset_consumes_1_never_scheduled', 'dataset_consumes_1', 'dataset_produces_2', 'dataset_consumes_1_and_2']) retrieved from /home/airflow/.local/lib/python3.7/site-packages/airflow/example_dags/example_datasets.py
[2023-02-18T10:08:07.564+0000] {logging_mixin.py:137} INFO - [2023-02-18T10:08:07.563+0000] {dag.py:2690} INFO - Sync 6 DAGs
[2023-02-18T10:08:08.986+0000] {logging_mixin.py:137} INFO - [2023-02-18T10:08:08.986+0000] {dag.py:3441} INFO - Setting next_dagrun for dataset_consumes_1 to None, run_after=None
[2023-02-18T10:08:09.350+0000] {logging_mixin.py:137} INFO - [2023-02-18T10:08:09.350+0000] {dag.py:3441} INFO - Setting next_dagrun for dataset_consumes_1_and_2 to None, run_after=None
[2023-02-18T10:08:09.510+0000] {logging_mixin.py:137} INFO - [2023-02-18T10:08:09.509+0000] {dag.py:3441} INFO - Setting next_dagrun for dataset_consumes_1_never_scheduled to None, run_after=None
[2023-02-18T10:08:09.513+0000] {logging_mixin.py:137} INFO - [2023-02-18T10:08:09.513+0000] {dag.py:3441} INFO - Setting next_dagrun for dataset_consumes_unknown_never_scheduled to None, run_after=None
[2023-02-18T10:08:09.893+0000] {logging_mixin.py:137} INFO - [2023-02-18T10:08:09.892+0000] {dag.py:3441} INFO - Setting next_dagrun for dataset_produces_1 to 2023-02-17T00:00:00+00:00, run_after=2023-02-18T00:00:00+00:00
[2023-02-18T10:08:09.986+0000] {logging_mixin.py:137} INFO - [2023-02-18T10:08:09.986+0000] {dag.py:3441} INFO - Setting next_dagrun for dataset_produces_2 to None, run_after=None
[2023-02-18T10:08:13.906+0000] {processor.py:175} INFO - Processing /home/airflow/.local/lib/python3.7/site-packages/airflow/example_dags/example_datasets.py took 11.455 seconds
