[2023-02-18T07:48:44.140+0000] {processor.py:153} INFO - Started process (PID=115) to work on /home/airflow/.local/lib/python3.7/site-packages/airflow/example_dags/example_dag_decorator.py
[2023-02-18T07:48:44.215+0000] {processor.py:743} INFO - Processing file /home/airflow/.local/lib/python3.7/site-packages/airflow/example_dags/example_dag_decorator.py for tasks to queue
[2023-02-18T07:48:44.231+0000] {logging_mixin.py:137} INFO - [2023-02-18T07:48:44.230+0000] {dagbag.py:538} INFO - Filling up the DagBag from /home/airflow/.local/lib/python3.7/site-packages/airflow/example_dags/example_dag_decorator.py
[2023-02-18T07:48:45.014+0000] {logging_mixin.py:137} INFO - [2023-02-18T07:48:45.013+0000] {taskmixin.py:205} WARNING - Dependency <Task(_PythonDecoratedOperator): prepare_email>, send_email already registered for DAG: example_dag_decorator
[2023-02-18T07:48:45.014+0000] {logging_mixin.py:137} INFO - [2023-02-18T07:48:45.014+0000] {taskmixin.py:205} WARNING - Dependency <Task(EmailOperator): send_email>, prepare_email already registered for DAG: example_dag_decorator
[2023-02-18T07:48:45.325+0000] {processor.py:753} INFO - DAG(s) dict_keys(['example_dag_decorator']) retrieved from /home/airflow/.local/lib/python3.7/site-packages/airflow/example_dags/example_dag_decorator.py
[2023-02-18T07:48:48.009+0000] {logging_mixin.py:137} INFO - [2023-02-18T07:48:47.994+0000] {dag.py:2690} INFO - Sync 1 DAGs
[2023-02-18T07:48:49.086+0000] {logging_mixin.py:137} INFO - [2023-02-18T07:48:49.086+0000] {dag.py:3441} INFO - Setting next_dagrun for example_dag_decorator to None, run_after=None
[2023-02-18T07:48:49.648+0000] {processor.py:175} INFO - Processing /home/airflow/.local/lib/python3.7/site-packages/airflow/example_dags/example_dag_decorator.py took 5.694 seconds
[2023-02-18T07:50:12.772+0000] {processor.py:153} INFO - Started process (PID=190) to work on /home/airflow/.local/lib/python3.7/site-packages/airflow/example_dags/example_dag_decorator.py
[2023-02-18T07:50:12.819+0000] {processor.py:743} INFO - Processing file /home/airflow/.local/lib/python3.7/site-packages/airflow/example_dags/example_dag_decorator.py for tasks to queue
[2023-02-18T07:50:12.821+0000] {logging_mixin.py:137} INFO - [2023-02-18T07:50:12.821+0000] {dagbag.py:538} INFO - Filling up the DagBag from /home/airflow/.local/lib/python3.7/site-packages/airflow/example_dags/example_dag_decorator.py
[2023-02-18T07:50:13.139+0000] {logging_mixin.py:137} INFO - [2023-02-18T07:50:13.125+0000] {taskmixin.py:205} WARNING - Dependency <Task(_PythonDecoratedOperator): prepare_email>, send_email already registered for DAG: example_dag_decorator
[2023-02-18T07:50:13.141+0000] {logging_mixin.py:137} INFO - [2023-02-18T07:50:13.140+0000] {taskmixin.py:205} WARNING - Dependency <Task(EmailOperator): send_email>, prepare_email already registered for DAG: example_dag_decorator
[2023-02-18T07:50:13.333+0000] {processor.py:753} INFO - DAG(s) dict_keys(['example_dag_decorator']) retrieved from /home/airflow/.local/lib/python3.7/site-packages/airflow/example_dags/example_dag_decorator.py
[2023-02-18T07:50:15.746+0000] {logging_mixin.py:137} INFO - [2023-02-18T07:50:15.746+0000] {dag.py:2690} INFO - Sync 1 DAGs
[2023-02-18T07:50:16.498+0000] {logging_mixin.py:137} INFO - [2023-02-18T07:50:16.498+0000] {dag.py:3441} INFO - Setting next_dagrun for example_dag_decorator to None, run_after=None
[2023-02-18T07:50:17.231+0000] {processor.py:175} INFO - Processing /home/airflow/.local/lib/python3.7/site-packages/airflow/example_dags/example_dag_decorator.py took 4.520 seconds
[2023-02-18T07:51:08.763+0000] {processor.py:153} INFO - Started process (PID=243) to work on /home/airflow/.local/lib/python3.7/site-packages/airflow/example_dags/example_dag_decorator.py
[2023-02-18T07:51:08.877+0000] {processor.py:743} INFO - Processing file /home/airflow/.local/lib/python3.7/site-packages/airflow/example_dags/example_dag_decorator.py for tasks to queue
[2023-02-18T07:51:09.104+0000] {logging_mixin.py:137} INFO - [2023-02-18T07:51:09.103+0000] {dagbag.py:538} INFO - Filling up the DagBag from /home/airflow/.local/lib/python3.7/site-packages/airflow/example_dags/example_dag_decorator.py
[2023-02-18T07:51:10.513+0000] {logging_mixin.py:137} INFO - [2023-02-18T07:51:10.483+0000] {taskmixin.py:205} WARNING - Dependency <Task(_PythonDecoratedOperator): prepare_email>, send_email already registered for DAG: example_dag_decorator
[2023-02-18T07:51:10.514+0000] {logging_mixin.py:137} INFO - [2023-02-18T07:51:10.513+0000] {taskmixin.py:205} WARNING - Dependency <Task(EmailOperator): send_email>, prepare_email already registered for DAG: example_dag_decorator
[2023-02-18T07:51:11.453+0000] {processor.py:753} INFO - DAG(s) dict_keys(['example_dag_decorator']) retrieved from /home/airflow/.local/lib/python3.7/site-packages/airflow/example_dags/example_dag_decorator.py
[2023-02-18T07:51:13.962+0000] {logging_mixin.py:137} INFO - [2023-02-18T07:51:13.962+0000] {dag.py:2690} INFO - Sync 1 DAGs
[2023-02-18T07:51:14.949+0000] {logging_mixin.py:137} INFO - [2023-02-18T07:51:14.949+0000] {dag.py:3441} INFO - Setting next_dagrun for example_dag_decorator to None, run_after=None
[2023-02-18T07:51:15.642+0000] {processor.py:175} INFO - Processing /home/airflow/.local/lib/python3.7/site-packages/airflow/example_dags/example_dag_decorator.py took 7.356 seconds
[2023-02-18T07:52:53.662+0000] {processor.py:153} INFO - Started process (PID=335) to work on /home/airflow/.local/lib/python3.7/site-packages/airflow/example_dags/example_dag_decorator.py
[2023-02-18T07:52:53.723+0000] {processor.py:743} INFO - Processing file /home/airflow/.local/lib/python3.7/site-packages/airflow/example_dags/example_dag_decorator.py for tasks to queue
[2023-02-18T07:52:53.725+0000] {logging_mixin.py:137} INFO - [2023-02-18T07:52:53.725+0000] {dagbag.py:538} INFO - Filling up the DagBag from /home/airflow/.local/lib/python3.7/site-packages/airflow/example_dags/example_dag_decorator.py
[2023-02-18T07:52:54.399+0000] {logging_mixin.py:137} INFO - [2023-02-18T07:52:54.398+0000] {taskmixin.py:205} WARNING - Dependency <Task(_PythonDecoratedOperator): prepare_email>, send_email already registered for DAG: example_dag_decorator
[2023-02-18T07:52:54.427+0000] {logging_mixin.py:137} INFO - [2023-02-18T07:52:54.427+0000] {taskmixin.py:205} WARNING - Dependency <Task(EmailOperator): send_email>, prepare_email already registered for DAG: example_dag_decorator
[2023-02-18T07:52:54.685+0000] {processor.py:753} INFO - DAG(s) dict_keys(['example_dag_decorator']) retrieved from /home/airflow/.local/lib/python3.7/site-packages/airflow/example_dags/example_dag_decorator.py
[2023-02-18T07:52:57.362+0000] {logging_mixin.py:137} INFO - [2023-02-18T07:52:57.361+0000] {dag.py:2690} INFO - Sync 1 DAGs
[2023-02-18T07:52:58.569+0000] {logging_mixin.py:137} INFO - [2023-02-18T07:52:58.568+0000] {dag.py:3441} INFO - Setting next_dagrun for example_dag_decorator to None, run_after=None
[2023-02-18T07:52:59.249+0000] {processor.py:175} INFO - Processing /home/airflow/.local/lib/python3.7/site-packages/airflow/example_dags/example_dag_decorator.py took 5.641 seconds
[2023-02-18T07:54:17.989+0000] {processor.py:153} INFO - Started process (PID=415) to work on /home/airflow/.local/lib/python3.7/site-packages/airflow/example_dags/example_dag_decorator.py
[2023-02-18T07:54:18.050+0000] {processor.py:743} INFO - Processing file /home/airflow/.local/lib/python3.7/site-packages/airflow/example_dags/example_dag_decorator.py for tasks to queue
[2023-02-18T07:54:18.052+0000] {logging_mixin.py:137} INFO - [2023-02-18T07:54:18.052+0000] {dagbag.py:538} INFO - Filling up the DagBag from /home/airflow/.local/lib/python3.7/site-packages/airflow/example_dags/example_dag_decorator.py
[2023-02-18T07:54:18.628+0000] {logging_mixin.py:137} INFO - [2023-02-18T07:54:18.627+0000] {taskmixin.py:205} WARNING - Dependency <Task(_PythonDecoratedOperator): prepare_email>, send_email already registered for DAG: example_dag_decorator
[2023-02-18T07:54:18.628+0000] {logging_mixin.py:137} INFO - [2023-02-18T07:54:18.628+0000] {taskmixin.py:205} WARNING - Dependency <Task(EmailOperator): send_email>, prepare_email already registered for DAG: example_dag_decorator
[2023-02-18T07:54:18.803+0000] {processor.py:753} INFO - DAG(s) dict_keys(['example_dag_decorator']) retrieved from /home/airflow/.local/lib/python3.7/site-packages/airflow/example_dags/example_dag_decorator.py
[2023-02-18T07:54:22.422+0000] {logging_mixin.py:137} INFO - [2023-02-18T07:54:22.422+0000] {dag.py:2690} INFO - Sync 1 DAGs
[2023-02-18T07:54:23.292+0000] {logging_mixin.py:137} INFO - [2023-02-18T07:54:23.291+0000] {dag.py:3441} INFO - Setting next_dagrun for example_dag_decorator to None, run_after=None
[2023-02-18T07:54:24.200+0000] {processor.py:175} INFO - Processing /home/airflow/.local/lib/python3.7/site-packages/airflow/example_dags/example_dag_decorator.py took 6.308 seconds
[2023-02-18T07:56:21.262+0000] {processor.py:153} INFO - Started process (PID=517) to work on /home/airflow/.local/lib/python3.7/site-packages/airflow/example_dags/example_dag_decorator.py
[2023-02-18T07:56:21.281+0000] {processor.py:743} INFO - Processing file /home/airflow/.local/lib/python3.7/site-packages/airflow/example_dags/example_dag_decorator.py for tasks to queue
[2023-02-18T07:56:21.295+0000] {logging_mixin.py:137} INFO - [2023-02-18T07:56:21.294+0000] {dagbag.py:538} INFO - Filling up the DagBag from /home/airflow/.local/lib/python3.7/site-packages/airflow/example_dags/example_dag_decorator.py
[2023-02-18T07:56:22.282+0000] {logging_mixin.py:137} INFO - [2023-02-18T07:56:22.281+0000] {taskmixin.py:205} WARNING - Dependency <Task(_PythonDecoratedOperator): prepare_email>, send_email already registered for DAG: example_dag_decorator
[2023-02-18T07:56:22.282+0000] {logging_mixin.py:137} INFO - [2023-02-18T07:56:22.282+0000] {taskmixin.py:205} WARNING - Dependency <Task(EmailOperator): send_email>, prepare_email already registered for DAG: example_dag_decorator
[2023-02-18T07:56:22.953+0000] {processor.py:753} INFO - DAG(s) dict_keys(['example_dag_decorator']) retrieved from /home/airflow/.local/lib/python3.7/site-packages/airflow/example_dags/example_dag_decorator.py
[2023-02-18T07:56:26.574+0000] {logging_mixin.py:137} INFO - [2023-02-18T07:56:26.573+0000] {dag.py:2690} INFO - Sync 1 DAGs
[2023-02-18T07:56:27.829+0000] {logging_mixin.py:137} INFO - [2023-02-18T07:56:27.828+0000] {dag.py:3441} INFO - Setting next_dagrun for example_dag_decorator to None, run_after=None
[2023-02-18T07:56:28.496+0000] {processor.py:175} INFO - Processing /home/airflow/.local/lib/python3.7/site-packages/airflow/example_dags/example_dag_decorator.py took 7.326 seconds
[2023-02-18T07:58:36.377+0000] {processor.py:153} INFO - Started process (PID=598) to work on /home/airflow/.local/lib/python3.7/site-packages/airflow/example_dags/example_dag_decorator.py
[2023-02-18T07:58:36.463+0000] {processor.py:743} INFO - Processing file /home/airflow/.local/lib/python3.7/site-packages/airflow/example_dags/example_dag_decorator.py for tasks to queue
[2023-02-18T07:58:36.598+0000] {logging_mixin.py:137} INFO - [2023-02-18T07:58:36.597+0000] {dagbag.py:538} INFO - Filling up the DagBag from /home/airflow/.local/lib/python3.7/site-packages/airflow/example_dags/example_dag_decorator.py
[2023-02-18T07:58:38.490+0000] {logging_mixin.py:137} INFO - [2023-02-18T07:58:38.489+0000] {taskmixin.py:205} WARNING - Dependency <Task(_PythonDecoratedOperator): prepare_email>, send_email already registered for DAG: example_dag_decorator
[2023-02-18T07:58:38.491+0000] {logging_mixin.py:137} INFO - [2023-02-18T07:58:38.491+0000] {taskmixin.py:205} WARNING - Dependency <Task(EmailOperator): send_email>, prepare_email already registered for DAG: example_dag_decorator
[2023-02-18T07:58:39.952+0000] {processor.py:753} INFO - DAG(s) dict_keys(['example_dag_decorator']) retrieved from /home/airflow/.local/lib/python3.7/site-packages/airflow/example_dags/example_dag_decorator.py
[2023-02-18T07:58:43.991+0000] {logging_mixin.py:137} INFO - [2023-02-18T07:58:43.990+0000] {dag.py:2690} INFO - Sync 1 DAGs
[2023-02-18T07:58:45.970+0000] {logging_mixin.py:137} INFO - [2023-02-18T07:58:45.969+0000] {dag.py:3441} INFO - Setting next_dagrun for example_dag_decorator to None, run_after=None
[2023-02-18T07:58:47.237+0000] {processor.py:175} INFO - Processing /home/airflow/.local/lib/python3.7/site-packages/airflow/example_dags/example_dag_decorator.py took 11.156 seconds
[2023-02-18T08:01:33.165+0000] {processor.py:153} INFO - Started process (PID=711) to work on /home/airflow/.local/lib/python3.7/site-packages/airflow/example_dags/example_dag_decorator.py
[2023-02-18T08:01:33.212+0000] {processor.py:743} INFO - Processing file /home/airflow/.local/lib/python3.7/site-packages/airflow/example_dags/example_dag_decorator.py for tasks to queue
[2023-02-18T08:01:33.215+0000] {logging_mixin.py:137} INFO - [2023-02-18T08:01:33.214+0000] {dagbag.py:538} INFO - Filling up the DagBag from /home/airflow/.local/lib/python3.7/site-packages/airflow/example_dags/example_dag_decorator.py
[2023-02-18T08:01:34.408+0000] {logging_mixin.py:137} INFO - [2023-02-18T08:01:34.366+0000] {taskmixin.py:205} WARNING - Dependency <Task(_PythonDecoratedOperator): prepare_email>, send_email already registered for DAG: example_dag_decorator
[2023-02-18T08:01:34.410+0000] {logging_mixin.py:137} INFO - [2023-02-18T08:01:34.409+0000] {taskmixin.py:205} WARNING - Dependency <Task(EmailOperator): send_email>, prepare_email already registered for DAG: example_dag_decorator
[2023-02-18T08:01:36.491+0000] {processor.py:753} INFO - DAG(s) dict_keys(['example_dag_decorator']) retrieved from /home/airflow/.local/lib/python3.7/site-packages/airflow/example_dags/example_dag_decorator.py
[2023-02-18T08:01:43.731+0000] {logging_mixin.py:137} INFO - [2023-02-18T08:01:43.731+0000] {dag.py:2690} INFO - Sync 1 DAGs
[2023-02-18T08:01:48.181+0000] {logging_mixin.py:137} INFO - [2023-02-18T08:01:48.180+0000] {dag.py:3441} INFO - Setting next_dagrun for example_dag_decorator to None, run_after=None
[2023-02-18T08:01:50.764+0000] {processor.py:175} INFO - Processing /home/airflow/.local/lib/python3.7/site-packages/airflow/example_dags/example_dag_decorator.py took 17.798 seconds
[2023-02-18T08:05:08.984+0000] {processor.py:153} INFO - Started process (PID=840) to work on /home/airflow/.local/lib/python3.7/site-packages/airflow/example_dags/example_dag_decorator.py
[2023-02-18T08:05:09.018+0000] {processor.py:743} INFO - Processing file /home/airflow/.local/lib/python3.7/site-packages/airflow/example_dags/example_dag_decorator.py for tasks to queue
[2023-02-18T08:05:09.535+0000] {logging_mixin.py:137} INFO - [2023-02-18T08:05:09.407+0000] {dagbag.py:538} INFO - Filling up the DagBag from /home/airflow/.local/lib/python3.7/site-packages/airflow/example_dags/example_dag_decorator.py
[2023-02-18T08:05:15.073+0000] {logging_mixin.py:137} INFO - [2023-02-18T08:05:15.072+0000] {taskmixin.py:205} WARNING - Dependency <Task(_PythonDecoratedOperator): prepare_email>, send_email already registered for DAG: example_dag_decorator
[2023-02-18T08:05:15.542+0000] {logging_mixin.py:137} INFO - [2023-02-18T08:05:15.073+0000] {taskmixin.py:205} WARNING - Dependency <Task(EmailOperator): send_email>, prepare_email already registered for DAG: example_dag_decorator
[2023-02-18T08:05:18.388+0000] {processor.py:753} INFO - DAG(s) dict_keys(['example_dag_decorator']) retrieved from /home/airflow/.local/lib/python3.7/site-packages/airflow/example_dags/example_dag_decorator.py
[2023-02-18T08:05:31.037+0000] {logging_mixin.py:137} INFO - [2023-02-18T08:05:31.036+0000] {dag.py:2690} INFO - Sync 1 DAGs
[2023-02-18T08:05:36.824+0000] {logging_mixin.py:137} INFO - [2023-02-18T08:05:36.824+0000] {dag.py:3441} INFO - Setting next_dagrun for example_dag_decorator to None, run_after=None
[2023-02-18T08:05:39.378+0000] {processor.py:175} INFO - Processing /home/airflow/.local/lib/python3.7/site-packages/airflow/example_dags/example_dag_decorator.py took 30.867 seconds
[2023-02-18T08:09:39.766+0000] {processor.py:153} INFO - Started process (PID=992) to work on /home/airflow/.local/lib/python3.7/site-packages/airflow/example_dags/example_dag_decorator.py
[2023-02-18T08:09:39.809+0000] {processor.py:743} INFO - Processing file /home/airflow/.local/lib/python3.7/site-packages/airflow/example_dags/example_dag_decorator.py for tasks to queue
[2023-02-18T08:09:39.817+0000] {logging_mixin.py:137} INFO - [2023-02-18T08:09:39.812+0000] {dagbag.py:538} INFO - Filling up the DagBag from /home/airflow/.local/lib/python3.7/site-packages/airflow/example_dags/example_dag_decorator.py
[2023-02-18T08:09:42.453+0000] {logging_mixin.py:137} INFO - [2023-02-18T08:09:42.452+0000] {taskmixin.py:205} WARNING - Dependency <Task(_PythonDecoratedOperator): prepare_email>, send_email already registered for DAG: example_dag_decorator
[2023-02-18T08:09:42.453+0000] {logging_mixin.py:137} INFO - [2023-02-18T08:09:42.453+0000] {taskmixin.py:205} WARNING - Dependency <Task(EmailOperator): send_email>, prepare_email already registered for DAG: example_dag_decorator
[2023-02-18T08:09:43.554+0000] {processor.py:753} INFO - DAG(s) dict_keys(['example_dag_decorator']) retrieved from /home/airflow/.local/lib/python3.7/site-packages/airflow/example_dags/example_dag_decorator.py
[2023-02-18T08:09:51.204+0000] {logging_mixin.py:137} INFO - [2023-02-18T08:09:51.203+0000] {dag.py:2690} INFO - Sync 1 DAGs
[2023-02-18T08:09:54.215+0000] {logging_mixin.py:137} INFO - [2023-02-18T08:09:54.215+0000] {dag.py:3441} INFO - Setting next_dagrun for example_dag_decorator to None, run_after=None
[2023-02-18T08:09:56.141+0000] {processor.py:175} INFO - Processing /home/airflow/.local/lib/python3.7/site-packages/airflow/example_dags/example_dag_decorator.py took 16.459 seconds
[2023-02-18T08:13:08.675+0000] {processor.py:153} INFO - Started process (PID=1116) to work on /home/airflow/.local/lib/python3.7/site-packages/airflow/example_dags/example_dag_decorator.py
[2023-02-18T08:13:08.873+0000] {processor.py:743} INFO - Processing file /home/airflow/.local/lib/python3.7/site-packages/airflow/example_dags/example_dag_decorator.py for tasks to queue
[2023-02-18T08:13:08.909+0000] {logging_mixin.py:137} INFO - [2023-02-18T08:13:08.894+0000] {dagbag.py:538} INFO - Filling up the DagBag from /home/airflow/.local/lib/python3.7/site-packages/airflow/example_dags/example_dag_decorator.py
[2023-02-18T08:13:09.822+0000] {logging_mixin.py:137} INFO - [2023-02-18T08:13:09.768+0000] {taskmixin.py:205} WARNING - Dependency <Task(_PythonDecoratedOperator): prepare_email>, send_email already registered for DAG: example_dag_decorator
[2023-02-18T08:13:09.823+0000] {logging_mixin.py:137} INFO - [2023-02-18T08:13:09.823+0000] {taskmixin.py:205} WARNING - Dependency <Task(EmailOperator): send_email>, prepare_email already registered for DAG: example_dag_decorator
[2023-02-18T08:13:11.165+0000] {processor.py:753} INFO - DAG(s) dict_keys(['example_dag_decorator']) retrieved from /home/airflow/.local/lib/python3.7/site-packages/airflow/example_dags/example_dag_decorator.py
[2023-02-18T08:13:19.800+0000] {logging_mixin.py:137} INFO - [2023-02-18T08:13:19.799+0000] {dag.py:2690} INFO - Sync 1 DAGs
[2023-02-18T08:13:23.370+0000] {logging_mixin.py:137} INFO - [2023-02-18T08:13:23.369+0000] {dag.py:3441} INFO - Setting next_dagrun for example_dag_decorator to None, run_after=None
[2023-02-18T08:13:27.060+0000] {processor.py:175} INFO - Processing /home/airflow/.local/lib/python3.7/site-packages/airflow/example_dags/example_dag_decorator.py took 18.544 seconds
[2023-02-18T08:16:29.847+0000] {processor.py:153} INFO - Started process (PID=1240) to work on /home/airflow/.local/lib/python3.7/site-packages/airflow/example_dags/example_dag_decorator.py
[2023-02-18T08:16:30.055+0000] {processor.py:743} INFO - Processing file /home/airflow/.local/lib/python3.7/site-packages/airflow/example_dags/example_dag_decorator.py for tasks to queue
[2023-02-18T08:16:30.135+0000] {logging_mixin.py:137} INFO - [2023-02-18T08:16:30.057+0000] {dagbag.py:538} INFO - Filling up the DagBag from /home/airflow/.local/lib/python3.7/site-packages/airflow/example_dags/example_dag_decorator.py
[2023-02-18T08:16:32.195+0000] {logging_mixin.py:137} INFO - [2023-02-18T08:16:32.194+0000] {taskmixin.py:205} WARNING - Dependency <Task(_PythonDecoratedOperator): prepare_email>, send_email already registered for DAG: example_dag_decorator
[2023-02-18T08:16:32.196+0000] {logging_mixin.py:137} INFO - [2023-02-18T08:16:32.196+0000] {taskmixin.py:205} WARNING - Dependency <Task(EmailOperator): send_email>, prepare_email already registered for DAG: example_dag_decorator
[2023-02-18T08:16:33.160+0000] {processor.py:753} INFO - DAG(s) dict_keys(['example_dag_decorator']) retrieved from /home/airflow/.local/lib/python3.7/site-packages/airflow/example_dags/example_dag_decorator.py
[2023-02-18T08:16:38.858+0000] {logging_mixin.py:137} INFO - [2023-02-18T08:16:38.858+0000] {dag.py:2690} INFO - Sync 1 DAGs
[2023-02-18T08:16:42.002+0000] {logging_mixin.py:137} INFO - [2023-02-18T08:16:42.002+0000] {dag.py:3441} INFO - Setting next_dagrun for example_dag_decorator to None, run_after=None
[2023-02-18T08:16:43.911+0000] {processor.py:175} INFO - Processing /home/airflow/.local/lib/python3.7/site-packages/airflow/example_dags/example_dag_decorator.py took 14.431 seconds
[2023-02-18T08:19:39.353+0000] {processor.py:153} INFO - Started process (PID=1356) to work on /home/airflow/.local/lib/python3.7/site-packages/airflow/example_dags/example_dag_decorator.py
[2023-02-18T08:19:39.402+0000] {processor.py:743} INFO - Processing file /home/airflow/.local/lib/python3.7/site-packages/airflow/example_dags/example_dag_decorator.py for tasks to queue
[2023-02-18T08:19:39.405+0000] {logging_mixin.py:137} INFO - [2023-02-18T08:19:39.404+0000] {dagbag.py:538} INFO - Filling up the DagBag from /home/airflow/.local/lib/python3.7/site-packages/airflow/example_dags/example_dag_decorator.py
[2023-02-18T08:19:41.692+0000] {logging_mixin.py:137} INFO - [2023-02-18T08:19:41.691+0000] {taskmixin.py:205} WARNING - Dependency <Task(_PythonDecoratedOperator): prepare_email>, send_email already registered for DAG: example_dag_decorator
[2023-02-18T08:19:41.693+0000] {logging_mixin.py:137} INFO - [2023-02-18T08:19:41.692+0000] {taskmixin.py:205} WARNING - Dependency <Task(EmailOperator): send_email>, prepare_email already registered for DAG: example_dag_decorator
[2023-02-18T08:19:43.209+0000] {processor.py:753} INFO - DAG(s) dict_keys(['example_dag_decorator']) retrieved from /home/airflow/.local/lib/python3.7/site-packages/airflow/example_dags/example_dag_decorator.py
[2023-02-18T08:19:53.030+0000] {logging_mixin.py:137} INFO - [2023-02-18T08:19:53.022+0000] {dag.py:2690} INFO - Sync 1 DAGs
[2023-02-18T08:19:53.934+0000] {logging_mixin.py:137} INFO - [2023-02-18T08:19:53.933+0000] {dag.py:3441} INFO - Setting next_dagrun for example_dag_decorator to None, run_after=None
[2023-02-18T08:19:55.246+0000] {processor.py:175} INFO - Processing /home/airflow/.local/lib/python3.7/site-packages/airflow/example_dags/example_dag_decorator.py took 16.023 seconds
[2023-02-18T08:22:39.057+0000] {processor.py:153} INFO - Started process (PID=1469) to work on /home/airflow/.local/lib/python3.7/site-packages/airflow/example_dags/example_dag_decorator.py
[2023-02-18T08:22:39.151+0000] {processor.py:743} INFO - Processing file /home/airflow/.local/lib/python3.7/site-packages/airflow/example_dags/example_dag_decorator.py for tasks to queue
[2023-02-18T08:22:39.194+0000] {logging_mixin.py:137} INFO - [2023-02-18T08:22:39.193+0000] {dagbag.py:538} INFO - Filling up the DagBag from /home/airflow/.local/lib/python3.7/site-packages/airflow/example_dags/example_dag_decorator.py
[2023-02-18T08:22:40.585+0000] {logging_mixin.py:137} INFO - [2023-02-18T08:22:40.584+0000] {taskmixin.py:205} WARNING - Dependency <Task(_PythonDecoratedOperator): prepare_email>, send_email already registered for DAG: example_dag_decorator
[2023-02-18T08:22:40.662+0000] {logging_mixin.py:137} INFO - [2023-02-18T08:22:40.662+0000] {taskmixin.py:205} WARNING - Dependency <Task(EmailOperator): send_email>, prepare_email already registered for DAG: example_dag_decorator
[2023-02-18T08:22:41.469+0000] {processor.py:753} INFO - DAG(s) dict_keys(['example_dag_decorator']) retrieved from /home/airflow/.local/lib/python3.7/site-packages/airflow/example_dags/example_dag_decorator.py
[2023-02-18T08:22:49.959+0000] {logging_mixin.py:137} INFO - [2023-02-18T08:22:49.958+0000] {dag.py:2690} INFO - Sync 1 DAGs
[2023-02-18T08:22:52.094+0000] {logging_mixin.py:137} INFO - [2023-02-18T08:22:52.094+0000] {dag.py:3441} INFO - Setting next_dagrun for example_dag_decorator to None, run_after=None
[2023-02-18T08:22:53.515+0000] {processor.py:175} INFO - Processing /home/airflow/.local/lib/python3.7/site-packages/airflow/example_dags/example_dag_decorator.py took 14.651 seconds
[2023-02-18T08:25:56.281+0000] {processor.py:153} INFO - Started process (PID=1594) to work on /home/airflow/.local/lib/python3.7/site-packages/airflow/example_dags/example_dag_decorator.py
[2023-02-18T08:25:56.393+0000] {processor.py:743} INFO - Processing file /home/airflow/.local/lib/python3.7/site-packages/airflow/example_dags/example_dag_decorator.py for tasks to queue
[2023-02-18T08:25:56.483+0000] {logging_mixin.py:137} INFO - [2023-02-18T08:25:56.482+0000] {dagbag.py:538} INFO - Filling up the DagBag from /home/airflow/.local/lib/python3.7/site-packages/airflow/example_dags/example_dag_decorator.py
[2023-02-18T08:25:58.899+0000] {logging_mixin.py:137} INFO - [2023-02-18T08:25:58.898+0000] {taskmixin.py:205} WARNING - Dependency <Task(_PythonDecoratedOperator): prepare_email>, send_email already registered for DAG: example_dag_decorator
[2023-02-18T08:25:58.900+0000] {logging_mixin.py:137} INFO - [2023-02-18T08:25:58.899+0000] {taskmixin.py:205} WARNING - Dependency <Task(EmailOperator): send_email>, prepare_email already registered for DAG: example_dag_decorator
[2023-02-18T08:25:59.992+0000] {processor.py:753} INFO - DAG(s) dict_keys(['example_dag_decorator']) retrieved from /home/airflow/.local/lib/python3.7/site-packages/airflow/example_dags/example_dag_decorator.py
[2023-02-18T08:26:08.575+0000] {logging_mixin.py:137} INFO - [2023-02-18T08:26:08.574+0000] {dag.py:2690} INFO - Sync 1 DAGs
[2023-02-18T08:26:10.502+0000] {logging_mixin.py:137} INFO - [2023-02-18T08:26:10.501+0000] {dag.py:3441} INFO - Setting next_dagrun for example_dag_decorator to None, run_after=None
[2023-02-18T08:26:15.357+0000] {processor.py:175} INFO - Processing /home/airflow/.local/lib/python3.7/site-packages/airflow/example_dags/example_dag_decorator.py took 20.116 seconds
[2023-02-18T08:31:48.695+0000] {processor.py:153} INFO - Started process (PID=1774) to work on /home/airflow/.local/lib/python3.7/site-packages/airflow/example_dags/example_dag_decorator.py
[2023-02-18T08:31:48.830+0000] {processor.py:743} INFO - Processing file /home/airflow/.local/lib/python3.7/site-packages/airflow/example_dags/example_dag_decorator.py for tasks to queue
[2023-02-18T08:31:48.834+0000] {logging_mixin.py:137} INFO - [2023-02-18T08:31:48.833+0000] {dagbag.py:538} INFO - Filling up the DagBag from /home/airflow/.local/lib/python3.7/site-packages/airflow/example_dags/example_dag_decorator.py
[2023-02-18T08:31:54.693+0000] {logging_mixin.py:137} INFO - [2023-02-18T08:31:54.601+0000] {taskmixin.py:205} WARNING - Dependency <Task(_PythonDecoratedOperator): prepare_email>, send_email already registered for DAG: example_dag_decorator
[2023-02-18T08:31:54.694+0000] {logging_mixin.py:137} INFO - [2023-02-18T08:31:54.694+0000] {taskmixin.py:205} WARNING - Dependency <Task(EmailOperator): send_email>, prepare_email already registered for DAG: example_dag_decorator
[2023-02-18T08:31:58.873+0000] {processor.py:753} INFO - DAG(s) dict_keys(['example_dag_decorator']) retrieved from /home/airflow/.local/lib/python3.7/site-packages/airflow/example_dags/example_dag_decorator.py
[2023-02-18T08:32:18.208+0000] {logging_mixin.py:137} INFO - [2023-02-18T08:32:18.207+0000] {dag.py:2690} INFO - Sync 1 DAGs
[2023-02-18T08:32:25.858+0000] {logging_mixin.py:137} INFO - [2023-02-18T08:32:25.857+0000] {dag.py:3441} INFO - Setting next_dagrun for example_dag_decorator to None, run_after=None
[2023-02-18T08:32:33.560+0000] {processor.py:175} INFO - Processing /home/airflow/.local/lib/python3.7/site-packages/airflow/example_dags/example_dag_decorator.py took 44.935 seconds
[2023-02-18T08:41:49.441+0000] {processor.py:153} INFO - Started process (PID=2066) to work on /home/airflow/.local/lib/python3.7/site-packages/airflow/example_dags/example_dag_decorator.py
[2023-02-18T08:41:49.661+0000] {processor.py:743} INFO - Processing file /home/airflow/.local/lib/python3.7/site-packages/airflow/example_dags/example_dag_decorator.py for tasks to queue
[2023-02-18T08:41:49.664+0000] {logging_mixin.py:137} INFO - [2023-02-18T08:41:49.663+0000] {dagbag.py:538} INFO - Filling up the DagBag from /home/airflow/.local/lib/python3.7/site-packages/airflow/example_dags/example_dag_decorator.py
[2023-02-18T08:42:03.452+0000] {logging_mixin.py:137} INFO - [2023-02-18T08:42:03.451+0000] {taskmixin.py:205} WARNING - Dependency <Task(_PythonDecoratedOperator): prepare_email>, send_email already registered for DAG: example_dag_decorator
[2023-02-18T08:42:03.453+0000] {logging_mixin.py:137} INFO - [2023-02-18T08:42:03.453+0000] {taskmixin.py:205} WARNING - Dependency <Task(EmailOperator): send_email>, prepare_email already registered for DAG: example_dag_decorator
[2023-02-18T08:42:14.058+0000] {processor.py:753} INFO - DAG(s) dict_keys(['example_dag_decorator']) retrieved from /home/airflow/.local/lib/python3.7/site-packages/airflow/example_dags/example_dag_decorator.py
[2023-02-18T09:51:49.702+0000] {processor.py:153} INFO - Started process (PID=160) to work on /home/airflow/.local/lib/python3.7/site-packages/airflow/example_dags/example_dag_decorator.py
[2023-02-18T09:51:49.752+0000] {processor.py:743} INFO - Processing file /home/airflow/.local/lib/python3.7/site-packages/airflow/example_dags/example_dag_decorator.py for tasks to queue
[2023-02-18T09:51:49.754+0000] {logging_mixin.py:137} INFO - [2023-02-18T09:51:49.753+0000] {dagbag.py:538} INFO - Filling up the DagBag from /home/airflow/.local/lib/python3.7/site-packages/airflow/example_dags/example_dag_decorator.py
[2023-02-18T09:51:50.381+0000] {logging_mixin.py:137} INFO - [2023-02-18T09:51:50.380+0000] {taskmixin.py:205} WARNING - Dependency <Task(_PythonDecoratedOperator): prepare_email>, send_email already registered for DAG: example_dag_decorator
[2023-02-18T09:51:50.381+0000] {logging_mixin.py:137} INFO - [2023-02-18T09:51:50.381+0000] {taskmixin.py:205} WARNING - Dependency <Task(EmailOperator): send_email>, prepare_email already registered for DAG: example_dag_decorator
[2023-02-18T09:51:51.420+0000] {processor.py:753} INFO - DAG(s) dict_keys(['example_dag_decorator']) retrieved from /home/airflow/.local/lib/python3.7/site-packages/airflow/example_dags/example_dag_decorator.py
[2023-02-18T09:51:54.225+0000] {logging_mixin.py:137} INFO - [2023-02-18T09:51:54.224+0000] {dag.py:2690} INFO - Sync 1 DAGs
[2023-02-18T09:51:54.569+0000] {logging_mixin.py:137} INFO - [2023-02-18T09:51:54.569+0000] {dag.py:3441} INFO - Setting next_dagrun for example_dag_decorator to None, run_after=None
[2023-02-18T09:51:55.188+0000] {processor.py:175} INFO - Processing /home/airflow/.local/lib/python3.7/site-packages/airflow/example_dags/example_dag_decorator.py took 5.654 seconds
[2023-02-18T09:53:35.271+0000] {processor.py:153} INFO - Started process (PID=248) to work on /home/airflow/.local/lib/python3.7/site-packages/airflow/example_dags/example_dag_decorator.py
[2023-02-18T09:53:35.383+0000] {processor.py:743} INFO - Processing file /home/airflow/.local/lib/python3.7/site-packages/airflow/example_dags/example_dag_decorator.py for tasks to queue
[2023-02-18T09:53:35.385+0000] {logging_mixin.py:137} INFO - [2023-02-18T09:53:35.385+0000] {dagbag.py:538} INFO - Filling up the DagBag from /home/airflow/.local/lib/python3.7/site-packages/airflow/example_dags/example_dag_decorator.py
[2023-02-18T09:53:35.710+0000] {logging_mixin.py:137} INFO - [2023-02-18T09:53:35.710+0000] {taskmixin.py:205} WARNING - Dependency <Task(_PythonDecoratedOperator): prepare_email>, send_email already registered for DAG: example_dag_decorator
[2023-02-18T09:53:35.711+0000] {logging_mixin.py:137} INFO - [2023-02-18T09:53:35.711+0000] {taskmixin.py:205} WARNING - Dependency <Task(EmailOperator): send_email>, prepare_email already registered for DAG: example_dag_decorator
[2023-02-18T09:53:35.861+0000] {processor.py:753} INFO - DAG(s) dict_keys(['example_dag_decorator']) retrieved from /home/airflow/.local/lib/python3.7/site-packages/airflow/example_dags/example_dag_decorator.py
[2023-02-18T09:53:38.108+0000] {logging_mixin.py:137} INFO - [2023-02-18T09:53:38.108+0000] {dag.py:2690} INFO - Sync 1 DAGs
[2023-02-18T09:53:38.691+0000] {logging_mixin.py:137} INFO - [2023-02-18T09:53:38.691+0000] {dag.py:3441} INFO - Setting next_dagrun for example_dag_decorator to None, run_after=None
[2023-02-18T09:53:39.108+0000] {processor.py:175} INFO - Processing /home/airflow/.local/lib/python3.7/site-packages/airflow/example_dags/example_dag_decorator.py took 4.091 seconds
[2023-02-18T09:54:56.207+0000] {processor.py:153} INFO - Started process (PID=329) to work on /home/airflow/.local/lib/python3.7/site-packages/airflow/example_dags/example_dag_decorator.py
[2023-02-18T09:54:56.282+0000] {processor.py:743} INFO - Processing file /home/airflow/.local/lib/python3.7/site-packages/airflow/example_dags/example_dag_decorator.py for tasks to queue
[2023-02-18T09:54:56.379+0000] {logging_mixin.py:137} INFO - [2023-02-18T09:54:56.379+0000] {dagbag.py:538} INFO - Filling up the DagBag from /home/airflow/.local/lib/python3.7/site-packages/airflow/example_dags/example_dag_decorator.py
[2023-02-18T09:54:57.750+0000] {logging_mixin.py:137} INFO - [2023-02-18T09:54:57.749+0000] {taskmixin.py:205} WARNING - Dependency <Task(_PythonDecoratedOperator): prepare_email>, send_email already registered for DAG: example_dag_decorator
[2023-02-18T09:54:57.796+0000] {logging_mixin.py:137} INFO - [2023-02-18T09:54:57.782+0000] {taskmixin.py:205} WARNING - Dependency <Task(EmailOperator): send_email>, prepare_email already registered for DAG: example_dag_decorator
[2023-02-18T09:54:58.038+0000] {processor.py:753} INFO - DAG(s) dict_keys(['example_dag_decorator']) retrieved from /home/airflow/.local/lib/python3.7/site-packages/airflow/example_dags/example_dag_decorator.py
[2023-02-18T09:55:00.810+0000] {logging_mixin.py:137} INFO - [2023-02-18T09:55:00.809+0000] {dag.py:2690} INFO - Sync 1 DAGs
[2023-02-18T09:55:02.014+0000] {logging_mixin.py:137} INFO - [2023-02-18T09:55:02.013+0000] {dag.py:3441} INFO - Setting next_dagrun for example_dag_decorator to None, run_after=None
[2023-02-18T09:55:03.310+0000] {processor.py:175} INFO - Processing /home/airflow/.local/lib/python3.7/site-packages/airflow/example_dags/example_dag_decorator.py took 7.183 seconds
[2023-02-18T09:56:21.160+0000] {processor.py:153} INFO - Started process (PID=388) to work on /home/airflow/.local/lib/python3.7/site-packages/airflow/example_dags/example_dag_decorator.py
[2023-02-18T09:56:21.503+0000] {processor.py:743} INFO - Processing file /home/airflow/.local/lib/python3.7/site-packages/airflow/example_dags/example_dag_decorator.py for tasks to queue
[2023-02-18T09:56:21.601+0000] {logging_mixin.py:137} INFO - [2023-02-18T09:56:21.600+0000] {dagbag.py:538} INFO - Filling up the DagBag from /home/airflow/.local/lib/python3.7/site-packages/airflow/example_dags/example_dag_decorator.py
[2023-02-18T09:56:23.931+0000] {logging_mixin.py:137} INFO - [2023-02-18T09:56:23.930+0000] {taskmixin.py:205} WARNING - Dependency <Task(_PythonDecoratedOperator): prepare_email>, send_email already registered for DAG: example_dag_decorator
[2023-02-18T09:56:24.007+0000] {logging_mixin.py:137} INFO - [2023-02-18T09:56:23.931+0000] {taskmixin.py:205} WARNING - Dependency <Task(EmailOperator): send_email>, prepare_email already registered for DAG: example_dag_decorator
[2023-02-18T09:56:25.128+0000] {processor.py:753} INFO - DAG(s) dict_keys(['example_dag_decorator']) retrieved from /home/airflow/.local/lib/python3.7/site-packages/airflow/example_dags/example_dag_decorator.py
[2023-02-18T09:56:30.139+0000] {logging_mixin.py:137} INFO - [2023-02-18T09:56:30.138+0000] {dag.py:2690} INFO - Sync 1 DAGs
[2023-02-18T09:56:32.135+0000] {logging_mixin.py:137} INFO - [2023-02-18T09:56:32.134+0000] {dag.py:3441} INFO - Setting next_dagrun for example_dag_decorator to None, run_after=None
[2023-02-18T09:56:34.113+0000] {processor.py:175} INFO - Processing /home/airflow/.local/lib/python3.7/site-packages/airflow/example_dags/example_dag_decorator.py took 13.048 seconds
[2023-02-18T09:58:57.855+0000] {processor.py:153} INFO - Started process (PID=488) to work on /home/airflow/.local/lib/python3.7/site-packages/airflow/example_dags/example_dag_decorator.py
[2023-02-18T09:58:58.030+0000] {processor.py:743} INFO - Processing file /home/airflow/.local/lib/python3.7/site-packages/airflow/example_dags/example_dag_decorator.py for tasks to queue
[2023-02-18T09:58:58.047+0000] {logging_mixin.py:137} INFO - [2023-02-18T09:58:58.046+0000] {dagbag.py:538} INFO - Filling up the DagBag from /home/airflow/.local/lib/python3.7/site-packages/airflow/example_dags/example_dag_decorator.py
[2023-02-18T09:58:59.960+0000] {logging_mixin.py:137} INFO - [2023-02-18T09:58:59.959+0000] {taskmixin.py:205} WARNING - Dependency <Task(_PythonDecoratedOperator): prepare_email>, send_email already registered for DAG: example_dag_decorator
[2023-02-18T09:58:59.960+0000] {logging_mixin.py:137} INFO - [2023-02-18T09:58:59.960+0000] {taskmixin.py:205} WARNING - Dependency <Task(EmailOperator): send_email>, prepare_email already registered for DAG: example_dag_decorator
[2023-02-18T09:59:00.609+0000] {processor.py:753} INFO - DAG(s) dict_keys(['example_dag_decorator']) retrieved from /home/airflow/.local/lib/python3.7/site-packages/airflow/example_dags/example_dag_decorator.py
[2023-02-18T09:59:06.227+0000] {logging_mixin.py:137} INFO - [2023-02-18T09:59:06.227+0000] {dag.py:2690} INFO - Sync 1 DAGs
[2023-02-18T09:59:08.178+0000] {logging_mixin.py:137} INFO - [2023-02-18T09:59:08.177+0000] {dag.py:3441} INFO - Setting next_dagrun for example_dag_decorator to None, run_after=None
[2023-02-18T09:59:09.346+0000] {processor.py:175} INFO - Processing /home/airflow/.local/lib/python3.7/site-packages/airflow/example_dags/example_dag_decorator.py took 11.731 seconds
[2023-02-18T10:00:57.392+0000] {processor.py:153} INFO - Started process (PID=573) to work on /home/airflow/.local/lib/python3.7/site-packages/airflow/example_dags/example_dag_decorator.py
[2023-02-18T10:00:57.425+0000] {processor.py:743} INFO - Processing file /home/airflow/.local/lib/python3.7/site-packages/airflow/example_dags/example_dag_decorator.py for tasks to queue
[2023-02-18T10:00:57.427+0000] {logging_mixin.py:137} INFO - [2023-02-18T10:00:57.427+0000] {dagbag.py:538} INFO - Filling up the DagBag from /home/airflow/.local/lib/python3.7/site-packages/airflow/example_dags/example_dag_decorator.py
[2023-02-18T10:00:58.595+0000] {logging_mixin.py:137} INFO - [2023-02-18T10:00:58.594+0000] {taskmixin.py:205} WARNING - Dependency <Task(_PythonDecoratedOperator): prepare_email>, send_email already registered for DAG: example_dag_decorator
[2023-02-18T10:00:58.596+0000] {logging_mixin.py:137} INFO - [2023-02-18T10:00:58.595+0000] {taskmixin.py:205} WARNING - Dependency <Task(EmailOperator): send_email>, prepare_email already registered for DAG: example_dag_decorator
[2023-02-18T10:00:58.999+0000] {processor.py:753} INFO - DAG(s) dict_keys(['example_dag_decorator']) retrieved from /home/airflow/.local/lib/python3.7/site-packages/airflow/example_dags/example_dag_decorator.py
[2023-02-18T10:01:03.127+0000] {logging_mixin.py:137} INFO - [2023-02-18T10:01:03.126+0000] {dag.py:2690} INFO - Sync 1 DAGs
[2023-02-18T10:01:04.869+0000] {logging_mixin.py:137} INFO - [2023-02-18T10:01:04.869+0000] {dag.py:3441} INFO - Setting next_dagrun for example_dag_decorator to None, run_after=None
[2023-02-18T10:01:05.912+0000] {processor.py:175} INFO - Processing /home/airflow/.local/lib/python3.7/site-packages/airflow/example_dags/example_dag_decorator.py took 8.677 seconds
[2023-02-18T10:02:31.297+0000] {processor.py:153} INFO - Started process (PID=639) to work on /home/airflow/.local/lib/python3.7/site-packages/airflow/example_dags/example_dag_decorator.py
[2023-02-18T10:02:31.394+0000] {processor.py:743} INFO - Processing file /home/airflow/.local/lib/python3.7/site-packages/airflow/example_dags/example_dag_decorator.py for tasks to queue
[2023-02-18T10:02:31.396+0000] {logging_mixin.py:137} INFO - [2023-02-18T10:02:31.396+0000] {dagbag.py:538} INFO - Filling up the DagBag from /home/airflow/.local/lib/python3.7/site-packages/airflow/example_dags/example_dag_decorator.py
[2023-02-18T10:02:32.667+0000] {logging_mixin.py:137} INFO - [2023-02-18T10:02:32.666+0000] {taskmixin.py:205} WARNING - Dependency <Task(_PythonDecoratedOperator): prepare_email>, send_email already registered for DAG: example_dag_decorator
[2023-02-18T10:02:32.667+0000] {logging_mixin.py:137} INFO - [2023-02-18T10:02:32.667+0000] {taskmixin.py:205} WARNING - Dependency <Task(EmailOperator): send_email>, prepare_email already registered for DAG: example_dag_decorator
[2023-02-18T10:02:33.006+0000] {processor.py:753} INFO - DAG(s) dict_keys(['example_dag_decorator']) retrieved from /home/airflow/.local/lib/python3.7/site-packages/airflow/example_dags/example_dag_decorator.py
[2023-02-18T10:02:38.692+0000] {logging_mixin.py:137} INFO - [2023-02-18T10:02:38.692+0000] {dag.py:2690} INFO - Sync 1 DAGs
[2023-02-18T10:02:40.567+0000] {logging_mixin.py:137} INFO - [2023-02-18T10:02:40.566+0000] {dag.py:3441} INFO - Setting next_dagrun for example_dag_decorator to None, run_after=None
[2023-02-18T10:02:41.566+0000] {processor.py:175} INFO - Processing /home/airflow/.local/lib/python3.7/site-packages/airflow/example_dags/example_dag_decorator.py took 10.397 seconds
[2023-02-18T10:04:46.376+0000] {processor.py:153} INFO - Started process (PID=730) to work on /home/airflow/.local/lib/python3.7/site-packages/airflow/example_dags/example_dag_decorator.py
[2023-02-18T10:04:46.725+0000] {processor.py:743} INFO - Processing file /home/airflow/.local/lib/python3.7/site-packages/airflow/example_dags/example_dag_decorator.py for tasks to queue
[2023-02-18T10:04:46.842+0000] {logging_mixin.py:137} INFO - [2023-02-18T10:04:46.841+0000] {dagbag.py:538} INFO - Filling up the DagBag from /home/airflow/.local/lib/python3.7/site-packages/airflow/example_dags/example_dag_decorator.py
[2023-02-18T10:04:50.378+0000] {logging_mixin.py:137} INFO - [2023-02-18T10:04:50.159+0000] {taskmixin.py:205} WARNING - Dependency <Task(_PythonDecoratedOperator): prepare_email>, send_email already registered for DAG: example_dag_decorator
[2023-02-18T10:04:50.379+0000] {logging_mixin.py:137} INFO - [2023-02-18T10:04:50.378+0000] {taskmixin.py:205} WARNING - Dependency <Task(EmailOperator): send_email>, prepare_email already registered for DAG: example_dag_decorator
[2023-02-18T10:04:51.032+0000] {processor.py:753} INFO - DAG(s) dict_keys(['example_dag_decorator']) retrieved from /home/airflow/.local/lib/python3.7/site-packages/airflow/example_dags/example_dag_decorator.py
[2023-02-18T10:04:59.533+0000] {logging_mixin.py:137} INFO - [2023-02-18T10:04:59.532+0000] {dag.py:2690} INFO - Sync 1 DAGs
[2023-02-18T10:05:02.798+0000] {logging_mixin.py:137} INFO - [2023-02-18T10:05:02.798+0000] {dag.py:3441} INFO - Setting next_dagrun for example_dag_decorator to None, run_after=None
[2023-02-18T10:05:04.270+0000] {processor.py:175} INFO - Processing /home/airflow/.local/lib/python3.7/site-packages/airflow/example_dags/example_dag_decorator.py took 18.152 seconds
[2023-02-18T10:07:50.827+0000] {processor.py:153} INFO - Started process (PID=841) to work on /home/airflow/.local/lib/python3.7/site-packages/airflow/example_dags/example_dag_decorator.py
[2023-02-18T10:07:50.941+0000] {processor.py:743} INFO - Processing file /home/airflow/.local/lib/python3.7/site-packages/airflow/example_dags/example_dag_decorator.py for tasks to queue
[2023-02-18T10:07:50.944+0000] {logging_mixin.py:137} INFO - [2023-02-18T10:07:50.943+0000] {dagbag.py:538} INFO - Filling up the DagBag from /home/airflow/.local/lib/python3.7/site-packages/airflow/example_dags/example_dag_decorator.py
[2023-02-18T10:07:53.527+0000] {logging_mixin.py:137} INFO - [2023-02-18T10:07:53.526+0000] {taskmixin.py:205} WARNING - Dependency <Task(_PythonDecoratedOperator): prepare_email>, send_email already registered for DAG: example_dag_decorator
[2023-02-18T10:07:53.809+0000] {logging_mixin.py:137} INFO - [2023-02-18T10:07:53.603+0000] {taskmixin.py:205} WARNING - Dependency <Task(EmailOperator): send_email>, prepare_email already registered for DAG: example_dag_decorator
[2023-02-18T10:07:55.430+0000] {processor.py:753} INFO - DAG(s) dict_keys(['example_dag_decorator']) retrieved from /home/airflow/.local/lib/python3.7/site-packages/airflow/example_dags/example_dag_decorator.py
[2023-02-18T10:08:00.433+0000] {logging_mixin.py:137} INFO - [2023-02-18T10:08:00.433+0000] {dag.py:2690} INFO - Sync 1 DAGs
[2023-02-18T10:08:03.261+0000] {logging_mixin.py:137} INFO - [2023-02-18T10:08:03.260+0000] {dag.py:3441} INFO - Setting next_dagrun for example_dag_decorator to None, run_after=None
[2023-02-18T10:08:04.747+0000] {processor.py:175} INFO - Processing /home/airflow/.local/lib/python3.7/site-packages/airflow/example_dags/example_dag_decorator.py took 14.494 seconds
