[2023-02-18T07:49:53.701+0000] {processor.py:153} INFO - Started process (PID=172) to work on /home/airflow/.local/lib/python3.7/site-packages/airflow/example_dags/example_xcomargs.py
[2023-02-18T07:49:53.720+0000] {processor.py:743} INFO - Processing file /home/airflow/.local/lib/python3.7/site-packages/airflow/example_dags/example_xcomargs.py for tasks to queue
[2023-02-18T07:49:53.730+0000] {logging_mixin.py:137} INFO - [2023-02-18T07:49:53.730+0000] {dagbag.py:538} INFO - Filling up the DagBag from /home/airflow/.local/lib/python3.7/site-packages/airflow/example_dags/example_xcomargs.py
[2023-02-18T07:49:54.347+0000] {processor.py:753} INFO - DAG(s) dict_keys(['example_xcom_args_with_operators', 'example_xcom_args']) retrieved from /home/airflow/.local/lib/python3.7/site-packages/airflow/example_dags/example_xcomargs.py
[2023-02-18T07:49:55.029+0000] {logging_mixin.py:137} INFO - [2023-02-18T07:49:55.029+0000] {dag.py:2690} INFO - Sync 2 DAGs
[2023-02-18T07:49:55.857+0000] {logging_mixin.py:137} INFO - [2023-02-18T07:49:55.856+0000] {dag.py:3441} INFO - Setting next_dagrun for example_xcom_args to None, run_after=None
[2023-02-18T07:49:56.114+0000] {logging_mixin.py:137} INFO - [2023-02-18T07:49:56.113+0000] {dag.py:3441} INFO - Setting next_dagrun for example_xcom_args_with_operators to None, run_after=None
[2023-02-18T07:49:56.704+0000] {processor.py:175} INFO - Processing /home/airflow/.local/lib/python3.7/site-packages/airflow/example_dags/example_xcomargs.py took 3.148 seconds
[2023-02-18T07:51:44.064+0000] {processor.py:153} INFO - Started process (PID=267) to work on /home/airflow/.local/lib/python3.7/site-packages/airflow/example_dags/example_xcomargs.py
[2023-02-18T07:51:44.095+0000] {processor.py:743} INFO - Processing file /home/airflow/.local/lib/python3.7/site-packages/airflow/example_dags/example_xcomargs.py for tasks to queue
[2023-02-18T07:51:44.110+0000] {logging_mixin.py:137} INFO - [2023-02-18T07:51:44.109+0000] {dagbag.py:538} INFO - Filling up the DagBag from /home/airflow/.local/lib/python3.7/site-packages/airflow/example_dags/example_xcomargs.py
[2023-02-18T07:51:44.922+0000] {processor.py:753} INFO - DAG(s) dict_keys(['example_xcom_args_with_operators', 'example_xcom_args']) retrieved from /home/airflow/.local/lib/python3.7/site-packages/airflow/example_dags/example_xcomargs.py
[2023-02-18T07:51:46.139+0000] {logging_mixin.py:137} INFO - [2023-02-18T07:51:46.139+0000] {dag.py:2690} INFO - Sync 2 DAGs
[2023-02-18T07:51:47.855+0000] {logging_mixin.py:137} INFO - [2023-02-18T07:51:47.854+0000] {dag.py:3441} INFO - Setting next_dagrun for example_xcom_args to None, run_after=None
[2023-02-18T07:51:48.019+0000] {logging_mixin.py:137} INFO - [2023-02-18T07:51:48.018+0000] {dag.py:3441} INFO - Setting next_dagrun for example_xcom_args_with_operators to None, run_after=None
[2023-02-18T07:51:48.930+0000] {processor.py:175} INFO - Processing /home/airflow/.local/lib/python3.7/site-packages/airflow/example_dags/example_xcomargs.py took 5.009 seconds
[2023-02-18T07:53:18.646+0000] {processor.py:153} INFO - Started process (PID=359) to work on /home/airflow/.local/lib/python3.7/site-packages/airflow/example_dags/example_xcomargs.py
[2023-02-18T07:53:18.755+0000] {processor.py:743} INFO - Processing file /home/airflow/.local/lib/python3.7/site-packages/airflow/example_dags/example_xcomargs.py for tasks to queue
[2023-02-18T07:53:18.758+0000] {logging_mixin.py:137} INFO - [2023-02-18T07:53:18.757+0000] {dagbag.py:538} INFO - Filling up the DagBag from /home/airflow/.local/lib/python3.7/site-packages/airflow/example_dags/example_xcomargs.py
[2023-02-18T07:53:20.054+0000] {processor.py:753} INFO - DAG(s) dict_keys(['example_xcom_args_with_operators', 'example_xcom_args']) retrieved from /home/airflow/.local/lib/python3.7/site-packages/airflow/example_dags/example_xcomargs.py
[2023-02-18T07:53:20.554+0000] {logging_mixin.py:137} INFO - [2023-02-18T07:53:20.554+0000] {dag.py:2690} INFO - Sync 2 DAGs
[2023-02-18T07:53:21.236+0000] {logging_mixin.py:137} INFO - [2023-02-18T07:53:21.236+0000] {dag.py:3441} INFO - Setting next_dagrun for example_xcom_args to None, run_after=None
[2023-02-18T07:53:21.586+0000] {logging_mixin.py:137} INFO - [2023-02-18T07:53:21.585+0000] {dag.py:3441} INFO - Setting next_dagrun for example_xcom_args_with_operators to None, run_after=None
[2023-02-18T07:53:22.221+0000] {processor.py:175} INFO - Processing /home/airflow/.local/lib/python3.7/site-packages/airflow/example_dags/example_xcomargs.py took 3.638 seconds
[2023-02-18T07:54:49.610+0000] {processor.py:153} INFO - Started process (PID=440) to work on /home/airflow/.local/lib/python3.7/site-packages/airflow/example_dags/example_xcomargs.py
[2023-02-18T07:54:49.639+0000] {processor.py:743} INFO - Processing file /home/airflow/.local/lib/python3.7/site-packages/airflow/example_dags/example_xcomargs.py for tasks to queue
[2023-02-18T07:54:49.641+0000] {logging_mixin.py:137} INFO - [2023-02-18T07:54:49.640+0000] {dagbag.py:538} INFO - Filling up the DagBag from /home/airflow/.local/lib/python3.7/site-packages/airflow/example_dags/example_xcomargs.py
[2023-02-18T07:54:50.430+0000] {processor.py:753} INFO - DAG(s) dict_keys(['example_xcom_args', 'example_xcom_args_with_operators']) retrieved from /home/airflow/.local/lib/python3.7/site-packages/airflow/example_dags/example_xcomargs.py
[2023-02-18T07:54:51.485+0000] {logging_mixin.py:137} INFO - [2023-02-18T07:54:51.484+0000] {dag.py:2690} INFO - Sync 2 DAGs
[2023-02-18T07:54:52.363+0000] {logging_mixin.py:137} INFO - [2023-02-18T07:54:52.363+0000] {dag.py:3441} INFO - Setting next_dagrun for example_xcom_args to None, run_after=None
[2023-02-18T07:54:52.461+0000] {logging_mixin.py:137} INFO - [2023-02-18T07:54:52.460+0000] {dag.py:3441} INFO - Setting next_dagrun for example_xcom_args_with_operators to None, run_after=None
[2023-02-18T07:54:52.735+0000] {processor.py:175} INFO - Processing /home/airflow/.local/lib/python3.7/site-packages/airflow/example_dags/example_xcomargs.py took 3.287 seconds
[2023-02-18T07:57:50.465+0000] {processor.py:153} INFO - Started process (PID=569) to work on /home/airflow/.local/lib/python3.7/site-packages/airflow/example_dags/example_xcomargs.py
[2023-02-18T07:57:50.647+0000] {processor.py:743} INFO - Processing file /home/airflow/.local/lib/python3.7/site-packages/airflow/example_dags/example_xcomargs.py for tasks to queue
[2023-02-18T07:57:50.663+0000] {logging_mixin.py:137} INFO - [2023-02-18T07:57:50.649+0000] {dagbag.py:538} INFO - Filling up the DagBag from /home/airflow/.local/lib/python3.7/site-packages/airflow/example_dags/example_xcomargs.py
[2023-02-18T07:57:52.640+0000] {processor.py:753} INFO - DAG(s) dict_keys(['example_xcom_args_with_operators', 'example_xcom_args']) retrieved from /home/airflow/.local/lib/python3.7/site-packages/airflow/example_dags/example_xcomargs.py
[2023-02-18T07:57:53.714+0000] {logging_mixin.py:137} INFO - [2023-02-18T07:57:53.712+0000] {dag.py:2690} INFO - Sync 2 DAGs
[2023-02-18T07:57:54.982+0000] {logging_mixin.py:137} INFO - [2023-02-18T07:57:54.981+0000] {dag.py:3441} INFO - Setting next_dagrun for example_xcom_args to None, run_after=None
[2023-02-18T07:57:55.414+0000] {logging_mixin.py:137} INFO - [2023-02-18T07:57:55.414+0000] {dag.py:3441} INFO - Setting next_dagrun for example_xcom_args_with_operators to None, run_after=None
[2023-02-18T07:57:56.784+0000] {processor.py:175} INFO - Processing /home/airflow/.local/lib/python3.7/site-packages/airflow/example_dags/example_xcomargs.py took 6.545 seconds
[2023-02-18T08:03:53.274+0000] {processor.py:153} INFO - Started process (PID=794) to work on /home/airflow/.local/lib/python3.7/site-packages/airflow/example_dags/example_xcomargs.py
[2023-02-18T08:03:53.320+0000] {processor.py:743} INFO - Processing file /home/airflow/.local/lib/python3.7/site-packages/airflow/example_dags/example_xcomargs.py for tasks to queue
[2023-02-18T08:03:53.350+0000] {logging_mixin.py:137} INFO - [2023-02-18T08:03:53.322+0000] {dagbag.py:538} INFO - Filling up the DagBag from /home/airflow/.local/lib/python3.7/site-packages/airflow/example_dags/example_xcomargs.py
[2023-02-18T08:03:55.541+0000] {processor.py:753} INFO - DAG(s) dict_keys(['example_xcom_args', 'example_xcom_args_with_operators']) retrieved from /home/airflow/.local/lib/python3.7/site-packages/airflow/example_dags/example_xcomargs.py
[2023-02-18T08:03:59.149+0000] {logging_mixin.py:137} INFO - [2023-02-18T08:03:59.148+0000] {dag.py:2690} INFO - Sync 2 DAGs
[2023-02-18T08:04:04.597+0000] {logging_mixin.py:137} INFO - [2023-02-18T08:04:04.597+0000] {dag.py:3441} INFO - Setting next_dagrun for example_xcom_args to None, run_after=None
[2023-02-18T08:04:05.326+0000] {logging_mixin.py:137} INFO - [2023-02-18T08:04:05.325+0000] {dag.py:3441} INFO - Setting next_dagrun for example_xcom_args_with_operators to None, run_after=None
[2023-02-18T08:04:07.169+0000] {processor.py:175} INFO - Processing /home/airflow/.local/lib/python3.7/site-packages/airflow/example_dags/example_xcomargs.py took 14.373 seconds
[2023-02-18T08:12:14.657+0000] {processor.py:153} INFO - Started process (PID=1079) to work on /home/airflow/.local/lib/python3.7/site-packages/airflow/example_dags/example_xcomargs.py
[2023-02-18T08:12:14.771+0000] {processor.py:743} INFO - Processing file /home/airflow/.local/lib/python3.7/site-packages/airflow/example_dags/example_xcomargs.py for tasks to queue
[2023-02-18T08:12:14.784+0000] {logging_mixin.py:137} INFO - [2023-02-18T08:12:14.783+0000] {dagbag.py:538} INFO - Filling up the DagBag from /home/airflow/.local/lib/python3.7/site-packages/airflow/example_dags/example_xcomargs.py
[2023-02-18T08:12:18.515+0000] {processor.py:753} INFO - DAG(s) dict_keys(['example_xcom_args', 'example_xcom_args_with_operators']) retrieved from /home/airflow/.local/lib/python3.7/site-packages/airflow/example_dags/example_xcomargs.py
[2023-02-18T08:12:22.797+0000] {logging_mixin.py:137} INFO - [2023-02-18T08:12:22.607+0000] {dag.py:2690} INFO - Sync 2 DAGs
[2023-02-18T08:12:24.856+0000] {logging_mixin.py:137} INFO - [2023-02-18T08:12:24.855+0000] {dag.py:3441} INFO - Setting next_dagrun for example_xcom_args to None, run_after=None
[2023-02-18T08:12:24.892+0000] {logging_mixin.py:137} INFO - [2023-02-18T08:12:24.890+0000] {dag.py:3441} INFO - Setting next_dagrun for example_xcom_args_with_operators to None, run_after=None
[2023-02-18T08:12:26.935+0000] {processor.py:175} INFO - Processing /home/airflow/.local/lib/python3.7/site-packages/airflow/example_dags/example_xcomargs.py took 12.784 seconds
[2023-02-18T08:18:44.861+0000] {processor.py:153} INFO - Started process (PID=1328) to work on /home/airflow/.local/lib/python3.7/site-packages/airflow/example_dags/example_xcomargs.py
[2023-02-18T08:18:44.973+0000] {processor.py:743} INFO - Processing file /home/airflow/.local/lib/python3.7/site-packages/airflow/example_dags/example_xcomargs.py for tasks to queue
[2023-02-18T08:18:45.203+0000] {logging_mixin.py:137} INFO - [2023-02-18T08:18:45.203+0000] {dagbag.py:538} INFO - Filling up the DagBag from /home/airflow/.local/lib/python3.7/site-packages/airflow/example_dags/example_xcomargs.py
[2023-02-18T08:18:49.638+0000] {processor.py:753} INFO - DAG(s) dict_keys(['example_xcom_args', 'example_xcom_args_with_operators']) retrieved from /home/airflow/.local/lib/python3.7/site-packages/airflow/example_dags/example_xcomargs.py
[2023-02-18T08:18:52.510+0000] {logging_mixin.py:137} INFO - [2023-02-18T08:18:52.509+0000] {dag.py:2690} INFO - Sync 2 DAGs
[2023-02-18T08:18:54.470+0000] {logging_mixin.py:137} INFO - [2023-02-18T08:18:54.469+0000] {dag.py:3441} INFO - Setting next_dagrun for example_xcom_args to None, run_after=None
[2023-02-18T08:18:54.865+0000] {logging_mixin.py:137} INFO - [2023-02-18T08:18:54.865+0000] {dag.py:3441} INFO - Setting next_dagrun for example_xcom_args_with_operators to None, run_after=None
[2023-02-18T08:18:56.585+0000] {processor.py:175} INFO - Processing /home/airflow/.local/lib/python3.7/site-packages/airflow/example_dags/example_xcomargs.py took 12.180 seconds
[2023-02-18T08:24:48.684+0000] {processor.py:153} INFO - Started process (PID=1555) to work on /home/airflow/.local/lib/python3.7/site-packages/airflow/example_dags/example_xcomargs.py
[2023-02-18T08:24:48.799+0000] {processor.py:743} INFO - Processing file /home/airflow/.local/lib/python3.7/site-packages/airflow/example_dags/example_xcomargs.py for tasks to queue
[2023-02-18T08:24:48.908+0000] {logging_mixin.py:137} INFO - [2023-02-18T08:24:48.907+0000] {dagbag.py:538} INFO - Filling up the DagBag from /home/airflow/.local/lib/python3.7/site-packages/airflow/example_dags/example_xcomargs.py
[2023-02-18T08:24:51.148+0000] {processor.py:753} INFO - DAG(s) dict_keys(['example_xcom_args_with_operators', 'example_xcom_args']) retrieved from /home/airflow/.local/lib/python3.7/site-packages/airflow/example_dags/example_xcomargs.py
[2023-02-18T08:24:55.083+0000] {logging_mixin.py:137} INFO - [2023-02-18T08:24:55.082+0000] {dag.py:2690} INFO - Sync 2 DAGs
[2023-02-18T08:24:58.895+0000] {logging_mixin.py:137} INFO - [2023-02-18T08:24:58.895+0000] {dag.py:3441} INFO - Setting next_dagrun for example_xcom_args to None, run_after=None
[2023-02-18T08:24:59.300+0000] {logging_mixin.py:137} INFO - [2023-02-18T08:24:59.299+0000] {dag.py:3441} INFO - Setting next_dagrun for example_xcom_args_with_operators to None, run_after=None
[2023-02-18T08:25:02.923+0000] {processor.py:175} INFO - Processing /home/airflow/.local/lib/python3.7/site-packages/airflow/example_dags/example_xcomargs.py took 14.837 seconds
[2023-02-18T08:38:26.274+0000] {processor.py:153} INFO - Started process (PID=1976) to work on /home/airflow/.local/lib/python3.7/site-packages/airflow/example_dags/example_xcomargs.py
[2023-02-18T08:38:27.300+0000] {processor.py:743} INFO - Processing file /home/airflow/.local/lib/python3.7/site-packages/airflow/example_dags/example_xcomargs.py for tasks to queue
[2023-02-18T08:38:28.266+0000] {logging_mixin.py:137} INFO - [2023-02-18T08:38:28.265+0000] {dagbag.py:538} INFO - Filling up the DagBag from /home/airflow/.local/lib/python3.7/site-packages/airflow/example_dags/example_xcomargs.py
[2023-02-18T08:38:48.637+0000] {processor.py:753} INFO - DAG(s) dict_keys(['example_xcom_args', 'example_xcom_args_with_operators']) retrieved from /home/airflow/.local/lib/python3.7/site-packages/airflow/example_dags/example_xcomargs.py
[2023-02-18T08:38:57.370+0000] {logging_mixin.py:137} INFO - [2023-02-18T08:38:57.369+0000] {dag.py:2690} INFO - Sync 2 DAGs
[2023-02-18T08:39:07.504+0000] {logging_mixin.py:137} INFO - [2023-02-18T08:39:07.504+0000] {dag.py:3441} INFO - Setting next_dagrun for example_xcom_args to None, run_after=None
[2023-02-18T08:39:07.710+0000] {logging_mixin.py:137} INFO - [2023-02-18T08:39:07.709+0000] {dag.py:3441} INFO - Setting next_dagrun for example_xcom_args_with_operators to None, run_after=None
[2023-02-18T08:39:09.849+0000] {processor.py:175} INFO - Processing /home/airflow/.local/lib/python3.7/site-packages/airflow/example_dags/example_xcomargs.py took 45.660 seconds
[2023-02-18T09:53:16.499+0000] {processor.py:153} INFO - Started process (PID=229) to work on /home/airflow/.local/lib/python3.7/site-packages/airflow/example_dags/example_xcomargs.py
[2023-02-18T09:53:16.518+0000] {processor.py:743} INFO - Processing file /home/airflow/.local/lib/python3.7/site-packages/airflow/example_dags/example_xcomargs.py for tasks to queue
[2023-02-18T09:53:16.520+0000] {logging_mixin.py:137} INFO - [2023-02-18T09:53:16.520+0000] {dagbag.py:538} INFO - Filling up the DagBag from /home/airflow/.local/lib/python3.7/site-packages/airflow/example_dags/example_xcomargs.py
[2023-02-18T09:53:17.680+0000] {processor.py:753} INFO - DAG(s) dict_keys(['example_xcom_args', 'example_xcom_args_with_operators']) retrieved from /home/airflow/.local/lib/python3.7/site-packages/airflow/example_dags/example_xcomargs.py
[2023-02-18T09:53:18.073+0000] {logging_mixin.py:137} INFO - [2023-02-18T09:53:18.073+0000] {dag.py:2690} INFO - Sync 2 DAGs
[2023-02-18T09:53:18.366+0000] {logging_mixin.py:137} INFO - [2023-02-18T09:53:18.366+0000] {dag.py:3441} INFO - Setting next_dagrun for example_xcom_args to None, run_after=None
[2023-02-18T09:53:18.439+0000] {logging_mixin.py:137} INFO - [2023-02-18T09:53:18.438+0000] {dag.py:3441} INFO - Setting next_dagrun for example_xcom_args_with_operators to None, run_after=None
[2023-02-18T09:53:18.627+0000] {processor.py:175} INFO - Processing /home/airflow/.local/lib/python3.7/site-packages/airflow/example_dags/example_xcomargs.py took 2.176 seconds
[2023-02-18T09:54:35.733+0000] {processor.py:153} INFO - Started process (PID=309) to work on /home/airflow/.local/lib/python3.7/site-packages/airflow/example_dags/example_xcomargs.py
[2023-02-18T09:54:35.751+0000] {processor.py:743} INFO - Processing file /home/airflow/.local/lib/python3.7/site-packages/airflow/example_dags/example_xcomargs.py for tasks to queue
[2023-02-18T09:54:35.797+0000] {logging_mixin.py:137} INFO - [2023-02-18T09:54:35.796+0000] {dagbag.py:538} INFO - Filling up the DagBag from /home/airflow/.local/lib/python3.7/site-packages/airflow/example_dags/example_xcomargs.py
[2023-02-18T09:54:36.756+0000] {processor.py:753} INFO - DAG(s) dict_keys(['example_xcom_args_with_operators', 'example_xcom_args']) retrieved from /home/airflow/.local/lib/python3.7/site-packages/airflow/example_dags/example_xcomargs.py
[2023-02-18T09:54:38.832+0000] {logging_mixin.py:137} INFO - [2023-02-18T09:54:38.832+0000] {dag.py:2690} INFO - Sync 2 DAGs
[2023-02-18T09:54:39.817+0000] {logging_mixin.py:137} INFO - [2023-02-18T09:54:39.802+0000] {dag.py:3441} INFO - Setting next_dagrun for example_xcom_args to None, run_after=None
[2023-02-18T09:54:39.883+0000] {logging_mixin.py:137} INFO - [2023-02-18T09:54:39.882+0000] {dag.py:3441} INFO - Setting next_dagrun for example_xcom_args_with_operators to None, run_after=None
[2023-02-18T09:54:40.341+0000] {processor.py:175} INFO - Processing /home/airflow/.local/lib/python3.7/site-packages/airflow/example_dags/example_xcomargs.py took 4.734 seconds
[2023-02-18T09:58:12.279+0000] {processor.py:153} INFO - Started process (PID=460) to work on /home/airflow/.local/lib/python3.7/site-packages/airflow/example_dags/example_xcomargs.py
[2023-02-18T09:58:12.412+0000] {processor.py:743} INFO - Processing file /home/airflow/.local/lib/python3.7/site-packages/airflow/example_dags/example_xcomargs.py for tasks to queue
[2023-02-18T09:58:12.414+0000] {logging_mixin.py:137} INFO - [2023-02-18T09:58:12.414+0000] {dagbag.py:538} INFO - Filling up the DagBag from /home/airflow/.local/lib/python3.7/site-packages/airflow/example_dags/example_xcomargs.py
[2023-02-18T09:58:12.900+0000] {processor.py:753} INFO - DAG(s) dict_keys(['example_xcom_args_with_operators', 'example_xcom_args']) retrieved from /home/airflow/.local/lib/python3.7/site-packages/airflow/example_dags/example_xcomargs.py
[2023-02-18T09:58:13.879+0000] {logging_mixin.py:137} INFO - [2023-02-18T09:58:13.878+0000] {dag.py:2690} INFO - Sync 2 DAGs
[2023-02-18T09:58:17.272+0000] {logging_mixin.py:137} INFO - [2023-02-18T09:58:17.272+0000] {dag.py:3441} INFO - Setting next_dagrun for example_xcom_args to None, run_after=None
[2023-02-18T09:58:17.789+0000] {logging_mixin.py:137} INFO - [2023-02-18T09:58:17.788+0000] {dag.py:3441} INFO - Setting next_dagrun for example_xcom_args_with_operators to None, run_after=None
[2023-02-18T09:58:18.621+0000] {processor.py:175} INFO - Processing /home/airflow/.local/lib/python3.7/site-packages/airflow/example_dags/example_xcomargs.py took 6.392 seconds
[2023-02-18T10:01:57.831+0000] {processor.py:153} INFO - Started process (PID=617) to work on /home/airflow/.local/lib/python3.7/site-packages/airflow/example_dags/example_xcomargs.py
[2023-02-18T10:01:57.896+0000] {processor.py:743} INFO - Processing file /home/airflow/.local/lib/python3.7/site-packages/airflow/example_dags/example_xcomargs.py for tasks to queue
[2023-02-18T10:01:57.899+0000] {logging_mixin.py:137} INFO - [2023-02-18T10:01:57.898+0000] {dagbag.py:538} INFO - Filling up the DagBag from /home/airflow/.local/lib/python3.7/site-packages/airflow/example_dags/example_xcomargs.py
[2023-02-18T10:02:00.500+0000] {processor.py:753} INFO - DAG(s) dict_keys(['example_xcom_args', 'example_xcom_args_with_operators']) retrieved from /home/airflow/.local/lib/python3.7/site-packages/airflow/example_dags/example_xcomargs.py
[2023-02-18T10:02:02.445+0000] {logging_mixin.py:137} INFO - [2023-02-18T10:02:02.444+0000] {dag.py:2690} INFO - Sync 2 DAGs
[2023-02-18T10:02:05.315+0000] {logging_mixin.py:137} INFO - [2023-02-18T10:02:05.315+0000] {dag.py:3441} INFO - Setting next_dagrun for example_xcom_args to None, run_after=None
[2023-02-18T10:02:05.543+0000] {logging_mixin.py:137} INFO - [2023-02-18T10:02:05.543+0000] {dag.py:3441} INFO - Setting next_dagrun for example_xcom_args_with_operators to None, run_after=None
[2023-02-18T10:02:07.350+0000] {processor.py:175} INFO - Processing /home/airflow/.local/lib/python3.7/site-packages/airflow/example_dags/example_xcomargs.py took 9.771 seconds
[2023-02-18T10:06:52.749+0000] {processor.py:153} INFO - Started process (PID=805) to work on /home/airflow/.local/lib/python3.7/site-packages/airflow/example_dags/example_xcomargs.py
[2023-02-18T10:06:53.263+0000] {processor.py:743} INFO - Processing file /home/airflow/.local/lib/python3.7/site-packages/airflow/example_dags/example_xcomargs.py for tasks to queue
[2023-02-18T10:06:53.266+0000] {logging_mixin.py:137} INFO - [2023-02-18T10:06:53.265+0000] {dagbag.py:538} INFO - Filling up the DagBag from /home/airflow/.local/lib/python3.7/site-packages/airflow/example_dags/example_xcomargs.py
[2023-02-18T10:06:56.926+0000] {processor.py:753} INFO - DAG(s) dict_keys(['example_xcom_args_with_operators', 'example_xcom_args']) retrieved from /home/airflow/.local/lib/python3.7/site-packages/airflow/example_dags/example_xcomargs.py
[2023-02-18T10:07:01.517+0000] {logging_mixin.py:137} INFO - [2023-02-18T10:07:01.517+0000] {dag.py:2690} INFO - Sync 2 DAGs
[2023-02-18T10:07:04.146+0000] {logging_mixin.py:137} INFO - [2023-02-18T10:07:04.146+0000] {dag.py:3441} INFO - Setting next_dagrun for example_xcom_args to None, run_after=None
[2023-02-18T10:07:04.703+0000] {logging_mixin.py:137} INFO - [2023-02-18T10:07:04.703+0000] {dag.py:3441} INFO - Setting next_dagrun for example_xcom_args_with_operators to None, run_after=None
[2023-02-18T10:07:06.148+0000] {processor.py:175} INFO - Processing /home/airflow/.local/lib/python3.7/site-packages/airflow/example_dags/example_xcomargs.py took 13.873 seconds
