[2023-02-18T07:48:47.594+0000] {processor.py:153} INFO - Started process (PID=116) to work on /home/airflow/.local/lib/python3.7/site-packages/airflow/example_dags/example_task_group.py
[2023-02-18T07:48:47.596+0000] {processor.py:743} INFO - Processing file /home/airflow/.local/lib/python3.7/site-packages/airflow/example_dags/example_task_group.py for tasks to queue
[2023-02-18T07:48:47.610+0000] {logging_mixin.py:137} INFO - [2023-02-18T07:48:47.609+0000] {dagbag.py:538} INFO - Filling up the DagBag from /home/airflow/.local/lib/python3.7/site-packages/airflow/example_dags/example_task_group.py
[2023-02-18T07:48:47.865+0000] {processor.py:753} INFO - DAG(s) dict_keys(['example_task_group']) retrieved from /home/airflow/.local/lib/python3.7/site-packages/airflow/example_dags/example_task_group.py
[2023-02-18T07:48:48.888+0000] {logging_mixin.py:137} INFO - [2023-02-18T07:48:48.888+0000] {dag.py:2690} INFO - Sync 1 DAGs
[2023-02-18T07:48:49.860+0000] {logging_mixin.py:137} INFO - [2023-02-18T07:48:49.859+0000] {dag.py:3441} INFO - Setting next_dagrun for example_task_group to 2023-02-17T07:48:49.859306+00:00, run_after=2023-02-18T07:48:49.859306+00:00
[2023-02-18T07:48:50.919+0000] {processor.py:175} INFO - Processing /home/airflow/.local/lib/python3.7/site-packages/airflow/example_dags/example_task_group.py took 3.402 seconds
[2023-02-18T07:50:14.532+0000] {processor.py:153} INFO - Started process (PID=193) to work on /home/airflow/.local/lib/python3.7/site-packages/airflow/example_dags/example_task_group.py
[2023-02-18T07:50:14.569+0000] {processor.py:743} INFO - Processing file /home/airflow/.local/lib/python3.7/site-packages/airflow/example_dags/example_task_group.py for tasks to queue
[2023-02-18T07:50:14.572+0000] {logging_mixin.py:137} INFO - [2023-02-18T07:50:14.571+0000] {dagbag.py:538} INFO - Filling up the DagBag from /home/airflow/.local/lib/python3.7/site-packages/airflow/example_dags/example_task_group.py
[2023-02-18T07:50:15.419+0000] {processor.py:753} INFO - DAG(s) dict_keys(['example_task_group']) retrieved from /home/airflow/.local/lib/python3.7/site-packages/airflow/example_dags/example_task_group.py
[2023-02-18T07:50:16.359+0000] {logging_mixin.py:137} INFO - [2023-02-18T07:50:16.359+0000] {dag.py:2690} INFO - Sync 1 DAGs
[2023-02-18T07:50:16.987+0000] {logging_mixin.py:137} INFO - [2023-02-18T07:50:16.986+0000] {dag.py:3441} INFO - Setting next_dagrun for example_task_group to 2023-02-17T07:50:16.967413+00:00, run_after=2023-02-18T07:50:16.967413+00:00
[2023-02-18T07:50:17.745+0000] {processor.py:175} INFO - Processing /home/airflow/.local/lib/python3.7/site-packages/airflow/example_dags/example_task_group.py took 3.462 seconds
[2023-02-18T07:51:12.956+0000] {processor.py:153} INFO - Started process (PID=244) to work on /home/airflow/.local/lib/python3.7/site-packages/airflow/example_dags/example_task_group.py
[2023-02-18T07:51:12.988+0000] {processor.py:743} INFO - Processing file /home/airflow/.local/lib/python3.7/site-packages/airflow/example_dags/example_task_group.py for tasks to queue
[2023-02-18T07:51:12.990+0000] {logging_mixin.py:137} INFO - [2023-02-18T07:51:12.990+0000] {dagbag.py:538} INFO - Filling up the DagBag from /home/airflow/.local/lib/python3.7/site-packages/airflow/example_dags/example_task_group.py
[2023-02-18T07:51:13.640+0000] {processor.py:753} INFO - DAG(s) dict_keys(['example_task_group']) retrieved from /home/airflow/.local/lib/python3.7/site-packages/airflow/example_dags/example_task_group.py
[2023-02-18T07:51:14.517+0000] {logging_mixin.py:137} INFO - [2023-02-18T07:51:14.517+0000] {dag.py:2690} INFO - Sync 1 DAGs
[2023-02-18T07:51:16.659+0000] {logging_mixin.py:137} INFO - [2023-02-18T07:51:16.658+0000] {dag.py:3441} INFO - Setting next_dagrun for example_task_group to 2023-02-17T07:51:16.657748+00:00, run_after=2023-02-18T07:51:16.657748+00:00
[2023-02-18T07:51:18.123+0000] {processor.py:175} INFO - Processing /home/airflow/.local/lib/python3.7/site-packages/airflow/example_dags/example_task_group.py took 5.452 seconds
[2023-02-18T07:52:56.369+0000] {processor.py:153} INFO - Started process (PID=336) to work on /home/airflow/.local/lib/python3.7/site-packages/airflow/example_dags/example_task_group.py
[2023-02-18T07:52:56.424+0000] {processor.py:743} INFO - Processing file /home/airflow/.local/lib/python3.7/site-packages/airflow/example_dags/example_task_group.py for tasks to queue
[2023-02-18T07:52:56.426+0000] {logging_mixin.py:137} INFO - [2023-02-18T07:52:56.425+0000] {dagbag.py:538} INFO - Filling up the DagBag from /home/airflow/.local/lib/python3.7/site-packages/airflow/example_dags/example_task_group.py
[2023-02-18T07:52:56.796+0000] {processor.py:753} INFO - DAG(s) dict_keys(['example_task_group']) retrieved from /home/airflow/.local/lib/python3.7/site-packages/airflow/example_dags/example_task_group.py
[2023-02-18T07:52:58.052+0000] {logging_mixin.py:137} INFO - [2023-02-18T07:52:58.052+0000] {dag.py:2690} INFO - Sync 1 DAGs
[2023-02-18T07:52:59.053+0000] {logging_mixin.py:137} INFO - [2023-02-18T07:52:59.053+0000] {dag.py:3441} INFO - Setting next_dagrun for example_task_group to 2023-02-17T07:52:59.052409+00:00, run_after=2023-02-18T07:52:59.052409+00:00
[2023-02-18T07:52:59.963+0000] {processor.py:175} INFO - Processing /home/airflow/.local/lib/python3.7/site-packages/airflow/example_dags/example_task_group.py took 3.649 seconds
[2023-02-18T07:54:18.870+0000] {processor.py:153} INFO - Started process (PID=416) to work on /home/airflow/.local/lib/python3.7/site-packages/airflow/example_dags/example_task_group.py
[2023-02-18T07:54:18.965+0000] {processor.py:743} INFO - Processing file /home/airflow/.local/lib/python3.7/site-packages/airflow/example_dags/example_task_group.py for tasks to queue
[2023-02-18T07:54:18.967+0000] {logging_mixin.py:137} INFO - [2023-02-18T07:54:18.966+0000] {dagbag.py:538} INFO - Filling up the DagBag from /home/airflow/.local/lib/python3.7/site-packages/airflow/example_dags/example_task_group.py
[2023-02-18T07:54:20.053+0000] {processor.py:753} INFO - DAG(s) dict_keys(['example_task_group']) retrieved from /home/airflow/.local/lib/python3.7/site-packages/airflow/example_dags/example_task_group.py
[2023-02-18T07:54:21.443+0000] {logging_mixin.py:137} INFO - [2023-02-18T07:54:21.443+0000] {dag.py:2690} INFO - Sync 1 DAGs
[2023-02-18T07:54:22.229+0000] {logging_mixin.py:137} INFO - [2023-02-18T07:54:22.229+0000] {dag.py:3441} INFO - Setting next_dagrun for example_task_group to 2023-02-17T07:54:22.228433+00:00, run_after=2023-02-18T07:54:22.228433+00:00
[2023-02-18T07:54:22.884+0000] {processor.py:175} INFO - Processing /home/airflow/.local/lib/python3.7/site-packages/airflow/example_dags/example_task_group.py took 4.018 seconds
[2023-02-18T07:56:23.178+0000] {processor.py:153} INFO - Started process (PID=518) to work on /home/airflow/.local/lib/python3.7/site-packages/airflow/example_dags/example_task_group.py
[2023-02-18T07:56:23.305+0000] {processor.py:743} INFO - Processing file /home/airflow/.local/lib/python3.7/site-packages/airflow/example_dags/example_task_group.py for tasks to queue
[2023-02-18T07:56:23.308+0000] {logging_mixin.py:137} INFO - [2023-02-18T07:56:23.307+0000] {dagbag.py:538} INFO - Filling up the DagBag from /home/airflow/.local/lib/python3.7/site-packages/airflow/example_dags/example_task_group.py
[2023-02-18T07:56:24.013+0000] {processor.py:753} INFO - DAG(s) dict_keys(['example_task_group']) retrieved from /home/airflow/.local/lib/python3.7/site-packages/airflow/example_dags/example_task_group.py
[2023-02-18T07:56:25.812+0000] {logging_mixin.py:137} INFO - [2023-02-18T07:56:25.811+0000] {dag.py:2690} INFO - Sync 1 DAGs
[2023-02-18T07:56:28.351+0000] {logging_mixin.py:137} INFO - [2023-02-18T07:56:28.351+0000] {dag.py:3441} INFO - Setting next_dagrun for example_task_group to 2023-02-17T07:56:28.350571+00:00, run_after=2023-02-18T07:56:28.350571+00:00
[2023-02-18T07:56:29.213+0000] {processor.py:175} INFO - Processing /home/airflow/.local/lib/python3.7/site-packages/airflow/example_dags/example_task_group.py took 6.062 seconds
[2023-02-18T07:58:44.728+0000] {processor.py:153} INFO - Started process (PID=607) to work on /home/airflow/.local/lib/python3.7/site-packages/airflow/example_dags/example_task_group.py
[2023-02-18T07:58:44.766+0000] {processor.py:743} INFO - Processing file /home/airflow/.local/lib/python3.7/site-packages/airflow/example_dags/example_task_group.py for tasks to queue
[2023-02-18T07:58:44.804+0000] {logging_mixin.py:137} INFO - [2023-02-18T07:58:44.803+0000] {dagbag.py:538} INFO - Filling up the DagBag from /home/airflow/.local/lib/python3.7/site-packages/airflow/example_dags/example_task_group.py
[2023-02-18T07:58:45.191+0000] {processor.py:753} INFO - DAG(s) dict_keys(['example_task_group']) retrieved from /home/airflow/.local/lib/python3.7/site-packages/airflow/example_dags/example_task_group.py
[2023-02-18T07:58:47.368+0000] {logging_mixin.py:137} INFO - [2023-02-18T07:58:47.368+0000] {dag.py:2690} INFO - Sync 1 DAGs
[2023-02-18T07:58:50.627+0000] {logging_mixin.py:137} INFO - [2023-02-18T07:58:50.626+0000] {dag.py:3441} INFO - Setting next_dagrun for example_task_group to 2023-02-17T07:58:50.625464+00:00, run_after=2023-02-18T07:58:50.625464+00:00
[2023-02-18T07:58:52.162+0000] {processor.py:175} INFO - Processing /home/airflow/.local/lib/python3.7/site-packages/airflow/example_dags/example_task_group.py took 7.518 seconds
[2023-02-18T08:01:42.363+0000] {processor.py:153} INFO - Started process (PID=718) to work on /home/airflow/.local/lib/python3.7/site-packages/airflow/example_dags/example_task_group.py
[2023-02-18T08:01:42.404+0000] {processor.py:743} INFO - Processing file /home/airflow/.local/lib/python3.7/site-packages/airflow/example_dags/example_task_group.py for tasks to queue
[2023-02-18T08:01:42.875+0000] {logging_mixin.py:137} INFO - [2023-02-18T08:01:42.407+0000] {dagbag.py:538} INFO - Filling up the DagBag from /home/airflow/.local/lib/python3.7/site-packages/airflow/example_dags/example_task_group.py
[2023-02-18T08:01:46.489+0000] {processor.py:753} INFO - DAG(s) dict_keys(['example_task_group']) retrieved from /home/airflow/.local/lib/python3.7/site-packages/airflow/example_dags/example_task_group.py
[2023-02-18T08:01:47.686+0000] {logging_mixin.py:137} INFO - [2023-02-18T08:01:47.686+0000] {dag.py:2690} INFO - Sync 1 DAGs
[2023-02-18T08:01:49.802+0000] {logging_mixin.py:137} INFO - [2023-02-18T08:01:49.801+0000] {dag.py:3441} INFO - Setting next_dagrun for example_task_group to 2023-02-17T08:01:49.752068+00:00, run_after=2023-02-18T08:01:49.752068+00:00
[2023-02-18T08:01:52.512+0000] {processor.py:175} INFO - Processing /home/airflow/.local/lib/python3.7/site-packages/airflow/example_dags/example_task_group.py took 10.406 seconds
[2023-02-18T08:05:23.249+0000] {processor.py:153} INFO - Started process (PID=841) to work on /home/airflow/.local/lib/python3.7/site-packages/airflow/example_dags/example_task_group.py
[2023-02-18T08:05:23.311+0000] {processor.py:743} INFO - Processing file /home/airflow/.local/lib/python3.7/site-packages/airflow/example_dags/example_task_group.py for tasks to queue
[2023-02-18T08:05:23.315+0000] {logging_mixin.py:137} INFO - [2023-02-18T08:05:23.314+0000] {dagbag.py:538} INFO - Filling up the DagBag from /home/airflow/.local/lib/python3.7/site-packages/airflow/example_dags/example_task_group.py
[2023-02-18T08:05:24.686+0000] {processor.py:753} INFO - DAG(s) dict_keys(['example_task_group']) retrieved from /home/airflow/.local/lib/python3.7/site-packages/airflow/example_dags/example_task_group.py
[2023-02-18T08:05:26.380+0000] {logging_mixin.py:137} INFO - [2023-02-18T08:05:26.380+0000] {dag.py:2690} INFO - Sync 1 DAGs
[2023-02-18T08:05:29.826+0000] {logging_mixin.py:137} INFO - [2023-02-18T08:05:29.825+0000] {dag.py:3441} INFO - Setting next_dagrun for example_task_group to 2023-02-17T08:05:29.824865+00:00, run_after=2023-02-18T08:05:29.824865+00:00
[2023-02-18T08:05:32.294+0000] {processor.py:175} INFO - Processing /home/airflow/.local/lib/python3.7/site-packages/airflow/example_dags/example_task_group.py took 9.164 seconds
[2023-02-18T08:09:45.470+0000] {processor.py:153} INFO - Started process (PID=995) to work on /home/airflow/.local/lib/python3.7/site-packages/airflow/example_dags/example_task_group.py
[2023-02-18T08:09:45.558+0000] {processor.py:743} INFO - Processing file /home/airflow/.local/lib/python3.7/site-packages/airflow/example_dags/example_task_group.py for tasks to queue
[2023-02-18T08:09:45.621+0000] {logging_mixin.py:137} INFO - [2023-02-18T08:09:45.620+0000] {dagbag.py:538} INFO - Filling up the DagBag from /home/airflow/.local/lib/python3.7/site-packages/airflow/example_dags/example_task_group.py
[2023-02-18T08:09:46.995+0000] {processor.py:753} INFO - DAG(s) dict_keys(['example_task_group']) retrieved from /home/airflow/.local/lib/python3.7/site-packages/airflow/example_dags/example_task_group.py
[2023-02-18T08:09:50.411+0000] {logging_mixin.py:137} INFO - [2023-02-18T08:09:50.410+0000] {dag.py:2690} INFO - Sync 1 DAGs
[2023-02-18T08:09:53.874+0000] {logging_mixin.py:137} INFO - [2023-02-18T08:09:53.874+0000] {dag.py:3441} INFO - Setting next_dagrun for example_task_group to 2023-02-17T08:09:53.872649+00:00, run_after=2023-02-18T08:09:53.872649+00:00
[2023-02-18T08:09:57.065+0000] {processor.py:175} INFO - Processing /home/airflow/.local/lib/python3.7/site-packages/airflow/example_dags/example_task_group.py took 12.110 seconds
[2023-02-18T08:13:24.338+0000] {processor.py:153} INFO - Started process (PID=1124) to work on /home/airflow/.local/lib/python3.7/site-packages/airflow/example_dags/example_task_group.py
[2023-02-18T08:13:24.372+0000] {processor.py:743} INFO - Processing file /home/airflow/.local/lib/python3.7/site-packages/airflow/example_dags/example_task_group.py for tasks to queue
[2023-02-18T08:13:24.375+0000] {logging_mixin.py:137} INFO - [2023-02-18T08:13:24.374+0000] {dagbag.py:538} INFO - Filling up the DagBag from /home/airflow/.local/lib/python3.7/site-packages/airflow/example_dags/example_task_group.py
[2023-02-18T08:13:27.071+0000] {processor.py:753} INFO - DAG(s) dict_keys(['example_task_group']) retrieved from /home/airflow/.local/lib/python3.7/site-packages/airflow/example_dags/example_task_group.py
[2023-02-18T08:13:29.031+0000] {logging_mixin.py:137} INFO - [2023-02-18T08:13:29.031+0000] {dag.py:2690} INFO - Sync 1 DAGs
[2023-02-18T08:13:33.235+0000] {logging_mixin.py:137} INFO - [2023-02-18T08:13:33.234+0000] {dag.py:3441} INFO - Setting next_dagrun for example_task_group to 2023-02-17T08:13:33.206314+00:00, run_after=2023-02-18T08:13:33.206314+00:00
[2023-02-18T08:13:33.966+0000] {processor.py:175} INFO - Processing /home/airflow/.local/lib/python3.7/site-packages/airflow/example_dags/example_task_group.py took 10.736 seconds
[2023-02-18T08:16:39.477+0000] {processor.py:153} INFO - Started process (PID=1249) to work on /home/airflow/.local/lib/python3.7/site-packages/airflow/example_dags/example_task_group.py
[2023-02-18T08:16:39.564+0000] {processor.py:743} INFO - Processing file /home/airflow/.local/lib/python3.7/site-packages/airflow/example_dags/example_task_group.py for tasks to queue
[2023-02-18T08:16:39.590+0000] {logging_mixin.py:137} INFO - [2023-02-18T08:16:39.589+0000] {dagbag.py:538} INFO - Filling up the DagBag from /home/airflow/.local/lib/python3.7/site-packages/airflow/example_dags/example_task_group.py
[2023-02-18T08:16:39.857+0000] {processor.py:753} INFO - DAG(s) dict_keys(['example_task_group']) retrieved from /home/airflow/.local/lib/python3.7/site-packages/airflow/example_dags/example_task_group.py
[2023-02-18T08:16:42.017+0000] {logging_mixin.py:137} INFO - [2023-02-18T08:16:42.016+0000] {dag.py:2690} INFO - Sync 1 DAGs
[2023-02-18T08:16:46.009+0000] {logging_mixin.py:137} INFO - [2023-02-18T08:16:46.009+0000] {dag.py:3441} INFO - Setting next_dagrun for example_task_group to 2023-02-17T08:16:46.008048+00:00, run_after=2023-02-18T08:16:46.008048+00:00
[2023-02-18T08:16:48.919+0000] {processor.py:175} INFO - Processing /home/airflow/.local/lib/python3.7/site-packages/airflow/example_dags/example_task_group.py took 9.591 seconds
[2023-02-18T08:19:51.254+0000] {processor.py:153} INFO - Started process (PID=1365) to work on /home/airflow/.local/lib/python3.7/site-packages/airflow/example_dags/example_task_group.py
[2023-02-18T08:19:51.594+0000] {processor.py:743} INFO - Processing file /home/airflow/.local/lib/python3.7/site-packages/airflow/example_dags/example_task_group.py for tasks to queue
[2023-02-18T08:19:51.776+0000] {logging_mixin.py:137} INFO - [2023-02-18T08:19:51.701+0000] {dagbag.py:538} INFO - Filling up the DagBag from /home/airflow/.local/lib/python3.7/site-packages/airflow/example_dags/example_task_group.py
[2023-02-18T08:19:53.513+0000] {processor.py:753} INFO - DAG(s) dict_keys(['example_task_group']) retrieved from /home/airflow/.local/lib/python3.7/site-packages/airflow/example_dags/example_task_group.py
[2023-02-18T08:19:54.844+0000] {logging_mixin.py:137} INFO - [2023-02-18T08:19:54.843+0000] {dag.py:2690} INFO - Sync 1 DAGs
[2023-02-18T08:19:58.473+0000] {logging_mixin.py:137} INFO - [2023-02-18T08:19:58.472+0000] {dag.py:3441} INFO - Setting next_dagrun for example_task_group to 2023-02-17T08:19:58.457393+00:00, run_after=2023-02-18T08:19:58.457393+00:00
[2023-02-18T08:20:00.890+0000] {processor.py:175} INFO - Processing /home/airflow/.local/lib/python3.7/site-packages/airflow/example_dags/example_task_group.py took 9.965 seconds
[2023-02-18T08:22:48.249+0000] {processor.py:153} INFO - Started process (PID=1478) to work on /home/airflow/.local/lib/python3.7/site-packages/airflow/example_dags/example_task_group.py
[2023-02-18T08:22:48.265+0000] {processor.py:743} INFO - Processing file /home/airflow/.local/lib/python3.7/site-packages/airflow/example_dags/example_task_group.py for tasks to queue
[2023-02-18T08:22:48.297+0000] {logging_mixin.py:137} INFO - [2023-02-18T08:22:48.296+0000] {dagbag.py:538} INFO - Filling up the DagBag from /home/airflow/.local/lib/python3.7/site-packages/airflow/example_dags/example_task_group.py
[2023-02-18T08:22:49.913+0000] {processor.py:753} INFO - DAG(s) dict_keys(['example_task_group']) retrieved from /home/airflow/.local/lib/python3.7/site-packages/airflow/example_dags/example_task_group.py
[2023-02-18T08:22:52.061+0000] {logging_mixin.py:137} INFO - [2023-02-18T08:22:52.061+0000] {dag.py:2690} INFO - Sync 1 DAGs
[2023-02-18T08:22:54.245+0000] {logging_mixin.py:137} INFO - [2023-02-18T08:22:54.244+0000] {dag.py:3441} INFO - Setting next_dagrun for example_task_group to 2023-02-17T08:22:54.243944+00:00, run_after=2023-02-18T08:22:54.243944+00:00
[2023-02-18T08:22:55.621+0000] {processor.py:175} INFO - Processing /home/airflow/.local/lib/python3.7/site-packages/airflow/example_dags/example_task_group.py took 7.946 seconds
[2023-02-18T08:26:03.948+0000] {processor.py:153} INFO - Started process (PID=1595) to work on /home/airflow/.local/lib/python3.7/site-packages/airflow/example_dags/example_task_group.py
[2023-02-18T08:26:04.010+0000] {processor.py:743} INFO - Processing file /home/airflow/.local/lib/python3.7/site-packages/airflow/example_dags/example_task_group.py for tasks to queue
[2023-02-18T08:26:04.146+0000] {logging_mixin.py:137} INFO - [2023-02-18T08:26:04.046+0000] {dagbag.py:538} INFO - Filling up the DagBag from /home/airflow/.local/lib/python3.7/site-packages/airflow/example_dags/example_task_group.py
[2023-02-18T08:26:06.735+0000] {processor.py:753} INFO - DAG(s) dict_keys(['example_task_group']) retrieved from /home/airflow/.local/lib/python3.7/site-packages/airflow/example_dags/example_task_group.py
[2023-02-18T08:26:12.957+0000] {logging_mixin.py:137} INFO - [2023-02-18T08:26:12.956+0000] {dag.py:2690} INFO - Sync 1 DAGs
[2023-02-18T08:26:17.475+0000] {logging_mixin.py:137} INFO - [2023-02-18T08:26:17.463+0000] {dag.py:3441} INFO - Setting next_dagrun for example_task_group to 2023-02-17T08:26:17.461930+00:00, run_after=2023-02-18T08:26:17.461930+00:00
[2023-02-18T08:26:19.102+0000] {processor.py:175} INFO - Processing /home/airflow/.local/lib/python3.7/site-packages/airflow/example_dags/example_task_group.py took 15.758 seconds
[2023-02-18T08:32:21.810+0000] {processor.py:153} INFO - Started process (PID=1791) to work on /home/airflow/.local/lib/python3.7/site-packages/airflow/example_dags/example_task_group.py
[2023-02-18T08:32:22.500+0000] {processor.py:743} INFO - Processing file /home/airflow/.local/lib/python3.7/site-packages/airflow/example_dags/example_task_group.py for tasks to queue
[2023-02-18T08:32:22.752+0000] {logging_mixin.py:137} INFO - [2023-02-18T08:32:22.523+0000] {dagbag.py:538} INFO - Filling up the DagBag from /home/airflow/.local/lib/python3.7/site-packages/airflow/example_dags/example_task_group.py
[2023-02-18T08:32:28.184+0000] {processor.py:753} INFO - DAG(s) dict_keys(['example_task_group']) retrieved from /home/airflow/.local/lib/python3.7/site-packages/airflow/example_dags/example_task_group.py
[2023-02-18T08:32:35.415+0000] {logging_mixin.py:137} INFO - [2023-02-18T08:32:35.414+0000] {dag.py:2690} INFO - Sync 1 DAGs
[2023-02-18T08:32:45.104+0000] {logging_mixin.py:137} INFO - [2023-02-18T08:32:45.103+0000] {dag.py:3441} INFO - Setting next_dagrun for example_task_group to 2023-02-17T08:32:45.059459+00:00, run_after=2023-02-18T08:32:45.059459+00:00
[2023-02-18T08:32:50.589+0000] {processor.py:175} INFO - Processing /home/airflow/.local/lib/python3.7/site-packages/airflow/example_dags/example_task_group.py took 30.692 seconds
[2023-02-18T08:42:54.125+0000] {processor.py:153} INFO - Started process (PID=2092) to work on /home/airflow/.local/lib/python3.7/site-packages/airflow/example_dags/example_task_group.py
[2023-02-18T08:42:54.557+0000] {processor.py:743} INFO - Processing file /home/airflow/.local/lib/python3.7/site-packages/airflow/example_dags/example_task_group.py for tasks to queue
[2023-02-18T08:42:55.298+0000] {logging_mixin.py:137} INFO - [2023-02-18T08:42:55.297+0000] {dagbag.py:538} INFO - Filling up the DagBag from /home/airflow/.local/lib/python3.7/site-packages/airflow/example_dags/example_task_group.py
[2023-02-18T08:43:33.482+0000] {processor.py:753} INFO - DAG(s) dict_keys(['example_task_group']) retrieved from /home/airflow/.local/lib/python3.7/site-packages/airflow/example_dags/example_task_group.py
[2023-02-18T09:51:55.355+0000] {processor.py:153} INFO - Started process (PID=163) to work on /home/airflow/.local/lib/python3.7/site-packages/airflow/example_dags/example_task_group.py
[2023-02-18T09:51:55.415+0000] {processor.py:743} INFO - Processing file /home/airflow/.local/lib/python3.7/site-packages/airflow/example_dags/example_task_group.py for tasks to queue
[2023-02-18T09:51:55.418+0000] {logging_mixin.py:137} INFO - [2023-02-18T09:51:55.417+0000] {dagbag.py:538} INFO - Filling up the DagBag from /home/airflow/.local/lib/python3.7/site-packages/airflow/example_dags/example_task_group.py
[2023-02-18T09:51:56.396+0000] {processor.py:753} INFO - DAG(s) dict_keys(['example_task_group']) retrieved from /home/airflow/.local/lib/python3.7/site-packages/airflow/example_dags/example_task_group.py
[2023-02-18T09:51:58.271+0000] {logging_mixin.py:137} INFO - [2023-02-18T09:51:58.269+0000] {dag.py:2690} INFO - Sync 1 DAGs
[2023-02-18T09:51:59.587+0000] {logging_mixin.py:137} INFO - [2023-02-18T09:51:59.586+0000] {dag.py:3441} INFO - Setting next_dagrun for example_task_group to 2023-02-17T09:51:59.585429+00:00, run_after=2023-02-18T09:51:59.585429+00:00
[2023-02-18T09:52:00.748+0000] {processor.py:175} INFO - Processing /home/airflow/.local/lib/python3.7/site-packages/airflow/example_dags/example_task_group.py took 5.426 seconds
[2023-02-18T09:53:37.384+0000] {processor.py:153} INFO - Started process (PID=249) to work on /home/airflow/.local/lib/python3.7/site-packages/airflow/example_dags/example_task_group.py
[2023-02-18T09:53:37.400+0000] {processor.py:743} INFO - Processing file /home/airflow/.local/lib/python3.7/site-packages/airflow/example_dags/example_task_group.py for tasks to queue
[2023-02-18T09:53:37.402+0000] {logging_mixin.py:137} INFO - [2023-02-18T09:53:37.402+0000] {dagbag.py:538} INFO - Filling up the DagBag from /home/airflow/.local/lib/python3.7/site-packages/airflow/example_dags/example_task_group.py
[2023-02-18T09:53:37.932+0000] {processor.py:753} INFO - DAG(s) dict_keys(['example_task_group']) retrieved from /home/airflow/.local/lib/python3.7/site-packages/airflow/example_dags/example_task_group.py
[2023-02-18T09:53:38.513+0000] {logging_mixin.py:137} INFO - [2023-02-18T09:53:38.513+0000] {dag.py:2690} INFO - Sync 1 DAGs
[2023-02-18T09:53:38.873+0000] {logging_mixin.py:137} INFO - [2023-02-18T09:53:38.872+0000] {dag.py:3441} INFO - Setting next_dagrun for example_task_group to 2023-02-17T09:53:38.872118+00:00, run_after=2023-02-18T09:53:38.872118+00:00
[2023-02-18T09:53:39.182+0000] {processor.py:175} INFO - Processing /home/airflow/.local/lib/python3.7/site-packages/airflow/example_dags/example_task_group.py took 1.933 seconds
[2023-02-18T09:55:00.088+0000] {processor.py:153} INFO - Started process (PID=330) to work on /home/airflow/.local/lib/python3.7/site-packages/airflow/example_dags/example_task_group.py
[2023-02-18T09:55:00.145+0000] {processor.py:743} INFO - Processing file /home/airflow/.local/lib/python3.7/site-packages/airflow/example_dags/example_task_group.py for tasks to queue
[2023-02-18T09:55:00.242+0000] {logging_mixin.py:137} INFO - [2023-02-18T09:55:00.241+0000] {dagbag.py:538} INFO - Filling up the DagBag from /home/airflow/.local/lib/python3.7/site-packages/airflow/example_dags/example_task_group.py
[2023-02-18T09:55:00.698+0000] {processor.py:753} INFO - DAG(s) dict_keys(['example_task_group']) retrieved from /home/airflow/.local/lib/python3.7/site-packages/airflow/example_dags/example_task_group.py
[2023-02-18T09:55:01.804+0000] {logging_mixin.py:137} INFO - [2023-02-18T09:55:01.803+0000] {dag.py:2690} INFO - Sync 1 DAGs
[2023-02-18T09:55:02.861+0000] {logging_mixin.py:137} INFO - [2023-02-18T09:55:02.861+0000] {dag.py:3441} INFO - Setting next_dagrun for example_task_group to 2023-02-17T09:55:02.860603+00:00, run_after=2023-02-18T09:55:02.860603+00:00
[2023-02-18T09:55:03.620+0000] {processor.py:175} INFO - Processing /home/airflow/.local/lib/python3.7/site-packages/airflow/example_dags/example_task_group.py took 3.708 seconds
[2023-02-18T09:56:25.158+0000] {processor.py:153} INFO - Started process (PID=391) to work on /home/airflow/.local/lib/python3.7/site-packages/airflow/example_dags/example_task_group.py
[2023-02-18T09:56:25.190+0000] {processor.py:743} INFO - Processing file /home/airflow/.local/lib/python3.7/site-packages/airflow/example_dags/example_task_group.py for tasks to queue
[2023-02-18T09:56:25.192+0000] {logging_mixin.py:137} INFO - [2023-02-18T09:56:25.192+0000] {dagbag.py:538} INFO - Filling up the DagBag from /home/airflow/.local/lib/python3.7/site-packages/airflow/example_dags/example_task_group.py
[2023-02-18T09:56:27.191+0000] {processor.py:753} INFO - DAG(s) dict_keys(['example_task_group']) retrieved from /home/airflow/.local/lib/python3.7/site-packages/airflow/example_dags/example_task_group.py
[2023-02-18T09:56:29.363+0000] {logging_mixin.py:137} INFO - [2023-02-18T09:56:29.362+0000] {dag.py:2690} INFO - Sync 1 DAGs
[2023-02-18T09:56:31.195+0000] {logging_mixin.py:137} INFO - [2023-02-18T09:56:31.195+0000] {dag.py:3441} INFO - Setting next_dagrun for example_task_group to 2023-02-17T09:56:31.194392+00:00, run_after=2023-02-18T09:56:31.194392+00:00
[2023-02-18T09:56:32.345+0000] {processor.py:175} INFO - Processing /home/airflow/.local/lib/python3.7/site-packages/airflow/example_dags/example_task_group.py took 7.996 seconds
[2023-02-18T09:59:01.841+0000] {processor.py:153} INFO - Started process (PID=489) to work on /home/airflow/.local/lib/python3.7/site-packages/airflow/example_dags/example_task_group.py
[2023-02-18T09:59:01.862+0000] {processor.py:743} INFO - Processing file /home/airflow/.local/lib/python3.7/site-packages/airflow/example_dags/example_task_group.py for tasks to queue
[2023-02-18T09:59:01.940+0000] {logging_mixin.py:137} INFO - [2023-02-18T09:59:01.939+0000] {dagbag.py:538} INFO - Filling up the DagBag from /home/airflow/.local/lib/python3.7/site-packages/airflow/example_dags/example_task_group.py
[2023-02-18T09:59:02.959+0000] {processor.py:753} INFO - DAG(s) dict_keys(['example_task_group']) retrieved from /home/airflow/.local/lib/python3.7/site-packages/airflow/example_dags/example_task_group.py
[2023-02-18T09:59:04.732+0000] {logging_mixin.py:137} INFO - [2023-02-18T09:59:04.731+0000] {dag.py:2690} INFO - Sync 1 DAGs
[2023-02-18T09:59:06.228+0000] {logging_mixin.py:137} INFO - [2023-02-18T09:59:06.227+0000] {dag.py:3441} INFO - Setting next_dagrun for example_task_group to 2023-02-17T09:59:06.227267+00:00, run_after=2023-02-18T09:59:06.227267+00:00
[2023-02-18T09:59:07.449+0000] {processor.py:175} INFO - Processing /home/airflow/.local/lib/python3.7/site-packages/airflow/example_dags/example_task_group.py took 5.814 seconds
[2023-02-18T10:01:04.174+0000] {processor.py:153} INFO - Started process (PID=574) to work on /home/airflow/.local/lib/python3.7/site-packages/airflow/example_dags/example_task_group.py
[2023-02-18T10:01:04.265+0000] {processor.py:743} INFO - Processing file /home/airflow/.local/lib/python3.7/site-packages/airflow/example_dags/example_task_group.py for tasks to queue
[2023-02-18T10:01:04.268+0000] {logging_mixin.py:137} INFO - [2023-02-18T10:01:04.267+0000] {dagbag.py:538} INFO - Filling up the DagBag from /home/airflow/.local/lib/python3.7/site-packages/airflow/example_dags/example_task_group.py
[2023-02-18T10:01:04.900+0000] {processor.py:753} INFO - DAG(s) dict_keys(['example_task_group']) retrieved from /home/airflow/.local/lib/python3.7/site-packages/airflow/example_dags/example_task_group.py
[2023-02-18T10:01:05.881+0000] {logging_mixin.py:137} INFO - [2023-02-18T10:01:05.880+0000] {dag.py:2690} INFO - Sync 1 DAGs
[2023-02-18T10:01:06.810+0000] {logging_mixin.py:137} INFO - [2023-02-18T10:01:06.810+0000] {dag.py:3441} INFO - Setting next_dagrun for example_task_group to 2023-02-17T10:01:06.781628+00:00, run_after=2023-02-18T10:01:06.781628+00:00
[2023-02-18T10:01:08.150+0000] {processor.py:175} INFO - Processing /home/airflow/.local/lib/python3.7/site-packages/airflow/example_dags/example_task_group.py took 3.828 seconds
[2023-02-18T10:02:38.779+0000] {processor.py:153} INFO - Started process (PID=647) to work on /home/airflow/.local/lib/python3.7/site-packages/airflow/example_dags/example_task_group.py
[2023-02-18T10:02:38.886+0000] {processor.py:743} INFO - Processing file /home/airflow/.local/lib/python3.7/site-packages/airflow/example_dags/example_task_group.py for tasks to queue
[2023-02-18T10:02:38.888+0000] {logging_mixin.py:137} INFO - [2023-02-18T10:02:38.888+0000] {dagbag.py:538} INFO - Filling up the DagBag from /home/airflow/.local/lib/python3.7/site-packages/airflow/example_dags/example_task_group.py
[2023-02-18T10:02:39.694+0000] {processor.py:753} INFO - DAG(s) dict_keys(['example_task_group']) retrieved from /home/airflow/.local/lib/python3.7/site-packages/airflow/example_dags/example_task_group.py
[2023-02-18T10:02:40.711+0000] {logging_mixin.py:137} INFO - [2023-02-18T10:02:40.710+0000] {dag.py:2690} INFO - Sync 1 DAGs
[2023-02-18T10:02:42.381+0000] {logging_mixin.py:137} INFO - [2023-02-18T10:02:42.380+0000] {dag.py:3441} INFO - Setting next_dagrun for example_task_group to 2023-02-17T10:02:42.380127+00:00, run_after=2023-02-18T10:02:42.380127+00:00
[2023-02-18T10:02:45.170+0000] {processor.py:175} INFO - Processing /home/airflow/.local/lib/python3.7/site-packages/airflow/example_dags/example_task_group.py took 6.600 seconds
[2023-02-18T10:04:58.907+0000] {processor.py:153} INFO - Started process (PID=737) to work on /home/airflow/.local/lib/python3.7/site-packages/airflow/example_dags/example_task_group.py
[2023-02-18T10:04:58.970+0000] {processor.py:743} INFO - Processing file /home/airflow/.local/lib/python3.7/site-packages/airflow/example_dags/example_task_group.py for tasks to queue
[2023-02-18T10:04:58.972+0000] {logging_mixin.py:137} INFO - [2023-02-18T10:04:58.972+0000] {dagbag.py:538} INFO - Filling up the DagBag from /home/airflow/.local/lib/python3.7/site-packages/airflow/example_dags/example_task_group.py
[2023-02-18T10:05:00.335+0000] {processor.py:753} INFO - DAG(s) dict_keys(['example_task_group']) retrieved from /home/airflow/.local/lib/python3.7/site-packages/airflow/example_dags/example_task_group.py
[2023-02-18T10:05:03.322+0000] {logging_mixin.py:137} INFO - [2023-02-18T10:05:03.322+0000] {dag.py:2690} INFO - Sync 1 DAGs
[2023-02-18T10:05:06.205+0000] {logging_mixin.py:137} INFO - [2023-02-18T10:05:06.204+0000] {dag.py:3441} INFO - Setting next_dagrun for example_task_group to 2023-02-17T10:05:06.204040+00:00, run_after=2023-02-18T10:05:06.204040+00:00
[2023-02-18T10:05:07.660+0000] {processor.py:175} INFO - Processing /home/airflow/.local/lib/python3.7/site-packages/airflow/example_dags/example_task_group.py took 9.147 seconds
[2023-02-18T10:07:58.031+0000] {processor.py:153} INFO - Started process (PID=845) to work on /home/airflow/.local/lib/python3.7/site-packages/airflow/example_dags/example_task_group.py
[2023-02-18T10:07:58.219+0000] {processor.py:743} INFO - Processing file /home/airflow/.local/lib/python3.7/site-packages/airflow/example_dags/example_task_group.py for tasks to queue
[2023-02-18T10:07:58.221+0000] {logging_mixin.py:137} INFO - [2023-02-18T10:07:58.221+0000] {dagbag.py:538} INFO - Filling up the DagBag from /home/airflow/.local/lib/python3.7/site-packages/airflow/example_dags/example_task_group.py
[2023-02-18T10:07:58.871+0000] {processor.py:753} INFO - DAG(s) dict_keys(['example_task_group']) retrieved from /home/airflow/.local/lib/python3.7/site-packages/airflow/example_dags/example_task_group.py
[2023-02-18T10:07:59.426+0000] {logging_mixin.py:137} INFO - [2023-02-18T10:07:59.425+0000] {dag.py:2690} INFO - Sync 1 DAGs
[2023-02-18T10:08:00.814+0000] {logging_mixin.py:137} INFO - [2023-02-18T10:08:00.813+0000] {dag.py:3441} INFO - Setting next_dagrun for example_task_group to 2023-02-17T10:08:00.477370+00:00, run_after=2023-02-18T10:08:00.477370+00:00
[2023-02-18T10:08:01.943+0000] {processor.py:175} INFO - Processing /home/airflow/.local/lib/python3.7/site-packages/airflow/example_dags/example_task_group.py took 4.233 seconds
