[2023-02-18T07:49:46.581+0000] {processor.py:153} INFO - Started process (PID=168) to work on /home/airflow/.local/lib/python3.7/site-packages/airflow/example_dags/example_subdag_operator.py
[2023-02-18T07:49:46.644+0000] {processor.py:743} INFO - Processing file /home/airflow/.local/lib/python3.7/site-packages/airflow/example_dags/example_subdag_operator.py for tasks to queue
[2023-02-18T07:49:46.647+0000] {logging_mixin.py:137} INFO - [2023-02-18T07:49:46.646+0000] {dagbag.py:538} INFO - Filling up the DagBag from /home/airflow/.local/lib/python3.7/site-packages/airflow/example_dags/example_subdag_operator.py
[2023-02-18T07:49:47.988+0000] {processor.py:753} INFO - DAG(s) dict_keys(['example_subdag_operator.section-1', 'example_subdag_operator.section-2', 'example_subdag_operator']) retrieved from /home/airflow/.local/lib/python3.7/site-packages/airflow/example_dags/example_subdag_operator.py
[2023-02-18T07:49:48.732+0000] {logging_mixin.py:137} INFO - [2023-02-18T07:49:48.731+0000] {dag.py:2690} INFO - Sync 3 DAGs
[2023-02-18T07:49:49.337+0000] {logging_mixin.py:137} INFO - [2023-02-18T07:49:49.336+0000] {dag.py:3441} INFO - Setting next_dagrun for example_subdag_operator to 2022-01-01T00:00:00+00:00, run_after=2022-01-01T00:00:00+00:00
[2023-02-18T07:49:49.402+0000] {logging_mixin.py:137} INFO - [2023-02-18T07:49:49.402+0000] {dag.py:3441} INFO - Setting next_dagrun for example_subdag_operator.section-1 to None, run_after=None
[2023-02-18T07:49:49.417+0000] {logging_mixin.py:137} INFO - [2023-02-18T07:49:49.417+0000] {dag.py:3441} INFO - Setting next_dagrun for example_subdag_operator.section-2 to None, run_after=None
[2023-02-18T07:49:49.514+0000] {logging_mixin.py:137} INFO - [2023-02-18T07:49:49.514+0000] {dag.py:2690} INFO - Sync 2 DAGs
[2023-02-18T07:49:49.592+0000] {logging_mixin.py:137} INFO - [2023-02-18T07:49:49.591+0000] {dag.py:3441} INFO - Setting next_dagrun for example_subdag_operator.section-1 to None, run_after=None
[2023-02-18T07:49:49.592+0000] {logging_mixin.py:137} INFO - [2023-02-18T07:49:49.592+0000] {dag.py:3441} INFO - Setting next_dagrun for example_subdag_operator.section-2 to None, run_after=None
[2023-02-18T07:49:52.811+0000] {processor.py:175} INFO - Processing /home/airflow/.local/lib/python3.7/site-packages/airflow/example_dags/example_subdag_operator.py took 6.409 seconds
[2023-02-18T07:51:40.185+0000] {processor.py:153} INFO - Started process (PID=265) to work on /home/airflow/.local/lib/python3.7/site-packages/airflow/example_dags/example_subdag_operator.py
[2023-02-18T07:51:40.424+0000] {processor.py:743} INFO - Processing file /home/airflow/.local/lib/python3.7/site-packages/airflow/example_dags/example_subdag_operator.py for tasks to queue
[2023-02-18T07:51:40.427+0000] {logging_mixin.py:137} INFO - [2023-02-18T07:51:40.426+0000] {dagbag.py:538} INFO - Filling up the DagBag from /home/airflow/.local/lib/python3.7/site-packages/airflow/example_dags/example_subdag_operator.py
[2023-02-18T07:51:41.501+0000] {processor.py:753} INFO - DAG(s) dict_keys(['example_subdag_operator.section-1', 'example_subdag_operator.section-2', 'example_subdag_operator']) retrieved from /home/airflow/.local/lib/python3.7/site-packages/airflow/example_dags/example_subdag_operator.py
[2023-02-18T07:51:41.998+0000] {logging_mixin.py:137} INFO - [2023-02-18T07:51:41.998+0000] {dag.py:2690} INFO - Sync 3 DAGs
[2023-02-18T07:51:42.779+0000] {logging_mixin.py:137} INFO - [2023-02-18T07:51:42.778+0000] {dag.py:3441} INFO - Setting next_dagrun for example_subdag_operator to 2022-01-01T00:00:00+00:00, run_after=2022-01-01T00:00:00+00:00
[2023-02-18T07:51:42.901+0000] {logging_mixin.py:137} INFO - [2023-02-18T07:51:42.901+0000] {dag.py:3441} INFO - Setting next_dagrun for example_subdag_operator.section-1 to None, run_after=None
[2023-02-18T07:51:42.917+0000] {logging_mixin.py:137} INFO - [2023-02-18T07:51:42.917+0000] {dag.py:3441} INFO - Setting next_dagrun for example_subdag_operator.section-2 to None, run_after=None
[2023-02-18T07:51:43.178+0000] {logging_mixin.py:137} INFO - [2023-02-18T07:51:43.178+0000] {dag.py:2690} INFO - Sync 2 DAGs
[2023-02-18T07:51:43.291+0000] {logging_mixin.py:137} INFO - [2023-02-18T07:51:43.291+0000] {dag.py:3441} INFO - Setting next_dagrun for example_subdag_operator.section-1 to None, run_after=None
[2023-02-18T07:51:43.293+0000] {logging_mixin.py:137} INFO - [2023-02-18T07:51:43.292+0000] {dag.py:3441} INFO - Setting next_dagrun for example_subdag_operator.section-2 to None, run_after=None
[2023-02-18T07:51:43.639+0000] {processor.py:175} INFO - Processing /home/airflow/.local/lib/python3.7/site-packages/airflow/example_dags/example_subdag_operator.py took 3.556 seconds
[2023-02-18T07:53:14.499+0000] {processor.py:153} INFO - Started process (PID=355) to work on /home/airflow/.local/lib/python3.7/site-packages/airflow/example_dags/example_subdag_operator.py
[2023-02-18T07:53:14.510+0000] {processor.py:743} INFO - Processing file /home/airflow/.local/lib/python3.7/site-packages/airflow/example_dags/example_subdag_operator.py for tasks to queue
[2023-02-18T07:53:14.587+0000] {logging_mixin.py:137} INFO - [2023-02-18T07:53:14.587+0000] {dagbag.py:538} INFO - Filling up the DagBag from /home/airflow/.local/lib/python3.7/site-packages/airflow/example_dags/example_subdag_operator.py
[2023-02-18T07:53:15.737+0000] {processor.py:753} INFO - DAG(s) dict_keys(['example_subdag_operator.section-1', 'example_subdag_operator.section-2', 'example_subdag_operator']) retrieved from /home/airflow/.local/lib/python3.7/site-packages/airflow/example_dags/example_subdag_operator.py
[2023-02-18T07:53:16.455+0000] {logging_mixin.py:137} INFO - [2023-02-18T07:53:16.455+0000] {dag.py:2690} INFO - Sync 3 DAGs
[2023-02-18T07:53:17.136+0000] {logging_mixin.py:137} INFO - [2023-02-18T07:53:17.136+0000] {dag.py:3441} INFO - Setting next_dagrun for example_subdag_operator to 2022-01-01T00:00:00+00:00, run_after=2022-01-01T00:00:00+00:00
[2023-02-18T07:53:17.234+0000] {logging_mixin.py:137} INFO - [2023-02-18T07:53:17.234+0000] {dag.py:3441} INFO - Setting next_dagrun for example_subdag_operator.section-1 to None, run_after=None
[2023-02-18T07:53:17.312+0000] {logging_mixin.py:137} INFO - [2023-02-18T07:53:17.299+0000] {dag.py:3441} INFO - Setting next_dagrun for example_subdag_operator.section-2 to None, run_after=None
[2023-02-18T07:53:17.510+0000] {logging_mixin.py:137} INFO - [2023-02-18T07:53:17.492+0000] {dag.py:2690} INFO - Sync 2 DAGs
[2023-02-18T07:53:17.671+0000] {logging_mixin.py:137} INFO - [2023-02-18T07:53:17.671+0000] {dag.py:3441} INFO - Setting next_dagrun for example_subdag_operator.section-1 to None, run_after=None
[2023-02-18T07:53:17.672+0000] {logging_mixin.py:137} INFO - [2023-02-18T07:53:17.672+0000] {dag.py:3441} INFO - Setting next_dagrun for example_subdag_operator.section-2 to None, run_after=None
[2023-02-18T07:53:18.164+0000] {processor.py:175} INFO - Processing /home/airflow/.local/lib/python3.7/site-packages/airflow/example_dags/example_subdag_operator.py took 3.716 seconds
[2023-02-18T07:54:44.690+0000] {processor.py:153} INFO - Started process (PID=438) to work on /home/airflow/.local/lib/python3.7/site-packages/airflow/example_dags/example_subdag_operator.py
[2023-02-18T07:54:44.722+0000] {processor.py:743} INFO - Processing file /home/airflow/.local/lib/python3.7/site-packages/airflow/example_dags/example_subdag_operator.py for tasks to queue
[2023-02-18T07:54:44.752+0000] {logging_mixin.py:137} INFO - [2023-02-18T07:54:44.724+0000] {dagbag.py:538} INFO - Filling up the DagBag from /home/airflow/.local/lib/python3.7/site-packages/airflow/example_dags/example_subdag_operator.py
[2023-02-18T07:54:45.489+0000] {processor.py:753} INFO - DAG(s) dict_keys(['example_subdag_operator.section-1', 'example_subdag_operator.section-2', 'example_subdag_operator']) retrieved from /home/airflow/.local/lib/python3.7/site-packages/airflow/example_dags/example_subdag_operator.py
[2023-02-18T07:54:46.029+0000] {logging_mixin.py:137} INFO - [2023-02-18T07:54:46.028+0000] {dag.py:2690} INFO - Sync 3 DAGs
[2023-02-18T07:54:46.860+0000] {logging_mixin.py:137} INFO - [2023-02-18T07:54:46.859+0000] {dag.py:3441} INFO - Setting next_dagrun for example_subdag_operator to 2022-01-01T00:00:00+00:00, run_after=2022-01-01T00:00:00+00:00
[2023-02-18T07:54:46.927+0000] {logging_mixin.py:137} INFO - [2023-02-18T07:54:46.927+0000] {dag.py:3441} INFO - Setting next_dagrun for example_subdag_operator.section-1 to None, run_after=None
[2023-02-18T07:54:46.942+0000] {logging_mixin.py:137} INFO - [2023-02-18T07:54:46.942+0000] {dag.py:3441} INFO - Setting next_dagrun for example_subdag_operator.section-2 to None, run_after=None
[2023-02-18T07:54:47.159+0000] {logging_mixin.py:137} INFO - [2023-02-18T07:54:47.158+0000] {dag.py:2690} INFO - Sync 2 DAGs
[2023-02-18T07:54:47.253+0000] {logging_mixin.py:137} INFO - [2023-02-18T07:54:47.253+0000] {dag.py:3441} INFO - Setting next_dagrun for example_subdag_operator.section-1 to None, run_after=None
[2023-02-18T07:54:47.254+0000] {logging_mixin.py:137} INFO - [2023-02-18T07:54:47.254+0000] {dag.py:3441} INFO - Setting next_dagrun for example_subdag_operator.section-2 to None, run_after=None
[2023-02-18T07:54:47.997+0000] {processor.py:175} INFO - Processing /home/airflow/.local/lib/python3.7/site-packages/airflow/example_dags/example_subdag_operator.py took 3.467 seconds
[2023-02-18T07:57:36.958+0000] {processor.py:153} INFO - Started process (PID=559) to work on /home/airflow/.local/lib/python3.7/site-packages/airflow/example_dags/example_subdag_operator.py
[2023-02-18T07:57:37.021+0000] {processor.py:743} INFO - Processing file /home/airflow/.local/lib/python3.7/site-packages/airflow/example_dags/example_subdag_operator.py for tasks to queue
[2023-02-18T07:57:37.024+0000] {logging_mixin.py:137} INFO - [2023-02-18T07:57:37.023+0000] {dagbag.py:538} INFO - Filling up the DagBag from /home/airflow/.local/lib/python3.7/site-packages/airflow/example_dags/example_subdag_operator.py
[2023-02-18T07:57:41.063+0000] {processor.py:753} INFO - DAG(s) dict_keys(['example_subdag_operator.section-1', 'example_subdag_operator.section-2', 'example_subdag_operator']) retrieved from /home/airflow/.local/lib/python3.7/site-packages/airflow/example_dags/example_subdag_operator.py
[2023-02-18T07:57:42.502+0000] {logging_mixin.py:137} INFO - [2023-02-18T07:57:42.501+0000] {dag.py:2690} INFO - Sync 3 DAGs
[2023-02-18T07:57:45.889+0000] {logging_mixin.py:137} INFO - [2023-02-18T07:57:45.888+0000] {dag.py:3441} INFO - Setting next_dagrun for example_subdag_operator to 2022-01-01T00:00:00+00:00, run_after=2022-01-01T00:00:00+00:00
[2023-02-18T07:57:46.290+0000] {logging_mixin.py:137} INFO - [2023-02-18T07:57:46.289+0000] {dag.py:3441} INFO - Setting next_dagrun for example_subdag_operator.section-1 to None, run_after=None
[2023-02-18T07:57:46.314+0000] {logging_mixin.py:137} INFO - [2023-02-18T07:57:46.314+0000] {dag.py:3441} INFO - Setting next_dagrun for example_subdag_operator.section-2 to None, run_after=None
[2023-02-18T07:57:47.280+0000] {logging_mixin.py:137} INFO - [2023-02-18T07:57:47.279+0000] {dag.py:2690} INFO - Sync 2 DAGs
[2023-02-18T07:57:47.744+0000] {logging_mixin.py:137} INFO - [2023-02-18T07:57:47.743+0000] {dag.py:3441} INFO - Setting next_dagrun for example_subdag_operator.section-1 to None, run_after=None
[2023-02-18T07:57:47.961+0000] {logging_mixin.py:137} INFO - [2023-02-18T07:57:47.745+0000] {dag.py:3441} INFO - Setting next_dagrun for example_subdag_operator.section-2 to None, run_after=None
[2023-02-18T07:57:49.565+0000] {processor.py:175} INFO - Processing /home/airflow/.local/lib/python3.7/site-packages/airflow/example_dags/example_subdag_operator.py took 13.122 seconds
[2023-02-18T08:03:39.712+0000] {processor.py:153} INFO - Started process (PID=784) to work on /home/airflow/.local/lib/python3.7/site-packages/airflow/example_dags/example_subdag_operator.py
[2023-02-18T08:03:39.954+0000] {processor.py:743} INFO - Processing file /home/airflow/.local/lib/python3.7/site-packages/airflow/example_dags/example_subdag_operator.py for tasks to queue
[2023-02-18T08:03:40.154+0000] {logging_mixin.py:137} INFO - [2023-02-18T08:03:40.154+0000] {dagbag.py:538} INFO - Filling up the DagBag from /home/airflow/.local/lib/python3.7/site-packages/airflow/example_dags/example_subdag_operator.py
[2023-02-18T08:03:43.847+0000] {processor.py:753} INFO - DAG(s) dict_keys(['example_subdag_operator.section-1', 'example_subdag_operator.section-2', 'example_subdag_operator']) retrieved from /home/airflow/.local/lib/python3.7/site-packages/airflow/example_dags/example_subdag_operator.py
[2023-02-18T08:03:44.366+0000] {logging_mixin.py:137} INFO - [2023-02-18T08:03:44.365+0000] {dag.py:2690} INFO - Sync 3 DAGs
[2023-02-18T08:03:48.740+0000] {logging_mixin.py:137} INFO - [2023-02-18T08:03:48.732+0000] {dag.py:3441} INFO - Setting next_dagrun for example_subdag_operator to 2022-01-01T00:00:00+00:00, run_after=2022-01-01T00:00:00+00:00
[2023-02-18T08:03:48.802+0000] {logging_mixin.py:137} INFO - [2023-02-18T08:03:48.800+0000] {dag.py:3441} INFO - Setting next_dagrun for example_subdag_operator.section-1 to None, run_after=None
[2023-02-18T08:03:49.030+0000] {logging_mixin.py:137} INFO - [2023-02-18T08:03:48.824+0000] {dag.py:3441} INFO - Setting next_dagrun for example_subdag_operator.section-2 to None, run_after=None
[2023-02-18T08:03:49.892+0000] {logging_mixin.py:137} INFO - [2023-02-18T08:03:49.891+0000] {dag.py:2690} INFO - Sync 2 DAGs
[2023-02-18T08:03:50.355+0000] {logging_mixin.py:137} INFO - [2023-02-18T08:03:50.355+0000] {dag.py:3441} INFO - Setting next_dagrun for example_subdag_operator.section-1 to None, run_after=None
[2023-02-18T08:03:50.416+0000] {logging_mixin.py:137} INFO - [2023-02-18T08:03:50.402+0000] {dag.py:3441} INFO - Setting next_dagrun for example_subdag_operator.section-2 to None, run_after=None
[2023-02-18T08:03:51.804+0000] {processor.py:175} INFO - Processing /home/airflow/.local/lib/python3.7/site-packages/airflow/example_dags/example_subdag_operator.py took 12.396 seconds
[2023-02-18T08:11:58.142+0000] {processor.py:153} INFO - Started process (PID=1075) to work on /home/airflow/.local/lib/python3.7/site-packages/airflow/example_dags/example_subdag_operator.py
[2023-02-18T08:11:58.260+0000] {processor.py:743} INFO - Processing file /home/airflow/.local/lib/python3.7/site-packages/airflow/example_dags/example_subdag_operator.py for tasks to queue
[2023-02-18T08:11:58.263+0000] {logging_mixin.py:137} INFO - [2023-02-18T08:11:58.263+0000] {dagbag.py:538} INFO - Filling up the DagBag from /home/airflow/.local/lib/python3.7/site-packages/airflow/example_dags/example_subdag_operator.py
[2023-02-18T08:12:03.015+0000] {processor.py:753} INFO - DAG(s) dict_keys(['example_subdag_operator.section-1', 'example_subdag_operator.section-2', 'example_subdag_operator']) retrieved from /home/airflow/.local/lib/python3.7/site-packages/airflow/example_dags/example_subdag_operator.py
[2023-02-18T08:12:06.991+0000] {logging_mixin.py:137} INFO - [2023-02-18T08:12:06.990+0000] {dag.py:2690} INFO - Sync 3 DAGs
[2023-02-18T08:12:09.019+0000] {logging_mixin.py:137} INFO - [2023-02-18T08:12:09.018+0000] {dag.py:3441} INFO - Setting next_dagrun for example_subdag_operator to 2022-01-01T00:00:00+00:00, run_after=2022-01-01T00:00:00+00:00
[2023-02-18T08:12:09.216+0000] {logging_mixin.py:137} INFO - [2023-02-18T08:12:09.215+0000] {dag.py:3441} INFO - Setting next_dagrun for example_subdag_operator.section-1 to None, run_after=None
[2023-02-18T08:12:09.433+0000] {logging_mixin.py:137} INFO - [2023-02-18T08:12:09.381+0000] {dag.py:3441} INFO - Setting next_dagrun for example_subdag_operator.section-2 to None, run_after=None
[2023-02-18T08:12:10.643+0000] {logging_mixin.py:137} INFO - [2023-02-18T08:12:10.642+0000] {dag.py:2690} INFO - Sync 2 DAGs
[2023-02-18T08:12:11.154+0000] {logging_mixin.py:137} INFO - [2023-02-18T08:12:11.154+0000] {dag.py:3441} INFO - Setting next_dagrun for example_subdag_operator.section-1 to None, run_after=None
[2023-02-18T08:12:11.156+0000] {logging_mixin.py:137} INFO - [2023-02-18T08:12:11.155+0000] {dag.py:3441} INFO - Setting next_dagrun for example_subdag_operator.section-2 to None, run_after=None
[2023-02-18T08:12:13.405+0000] {processor.py:175} INFO - Processing /home/airflow/.local/lib/python3.7/site-packages/airflow/example_dags/example_subdag_operator.py took 15.819 seconds
[2023-02-18T08:18:32.806+0000] {processor.py:153} INFO - Started process (PID=1317) to work on /home/airflow/.local/lib/python3.7/site-packages/airflow/example_dags/example_subdag_operator.py
[2023-02-18T08:18:32.947+0000] {processor.py:743} INFO - Processing file /home/airflow/.local/lib/python3.7/site-packages/airflow/example_dags/example_subdag_operator.py for tasks to queue
[2023-02-18T08:18:32.950+0000] {logging_mixin.py:137} INFO - [2023-02-18T08:18:32.950+0000] {dagbag.py:538} INFO - Filling up the DagBag from /home/airflow/.local/lib/python3.7/site-packages/airflow/example_dags/example_subdag_operator.py
[2023-02-18T08:18:35.378+0000] {processor.py:753} INFO - DAG(s) dict_keys(['example_subdag_operator.section-1', 'example_subdag_operator.section-2', 'example_subdag_operator']) retrieved from /home/airflow/.local/lib/python3.7/site-packages/airflow/example_dags/example_subdag_operator.py
[2023-02-18T08:18:38.147+0000] {logging_mixin.py:137} INFO - [2023-02-18T08:18:38.146+0000] {dag.py:2690} INFO - Sync 3 DAGs
[2023-02-18T08:18:41.120+0000] {logging_mixin.py:137} INFO - [2023-02-18T08:18:41.119+0000] {dag.py:3441} INFO - Setting next_dagrun for example_subdag_operator to 2022-01-01T00:00:00+00:00, run_after=2022-01-01T00:00:00+00:00
[2023-02-18T08:18:41.457+0000] {logging_mixin.py:137} INFO - [2023-02-18T08:18:41.456+0000] {dag.py:3441} INFO - Setting next_dagrun for example_subdag_operator.section-1 to None, run_after=None
[2023-02-18T08:18:41.488+0000] {logging_mixin.py:137} INFO - [2023-02-18T08:18:41.487+0000] {dag.py:3441} INFO - Setting next_dagrun for example_subdag_operator.section-2 to None, run_after=None
[2023-02-18T08:18:41.844+0000] {logging_mixin.py:137} INFO - [2023-02-18T08:18:41.844+0000] {dag.py:2690} INFO - Sync 2 DAGs
[2023-02-18T08:18:42.022+0000] {logging_mixin.py:137} INFO - [2023-02-18T08:18:42.015+0000] {dag.py:3441} INFO - Setting next_dagrun for example_subdag_operator.section-1 to None, run_after=None
[2023-02-18T08:18:42.028+0000] {logging_mixin.py:137} INFO - [2023-02-18T08:18:42.027+0000] {dag.py:3441} INFO - Setting next_dagrun for example_subdag_operator.section-2 to None, run_after=None
[2023-02-18T08:18:43.046+0000] {processor.py:175} INFO - Processing /home/airflow/.local/lib/python3.7/site-packages/airflow/example_dags/example_subdag_operator.py took 10.468 seconds
[2023-02-18T08:24:36.185+0000] {processor.py:153} INFO - Started process (PID=1547) to work on /home/airflow/.local/lib/python3.7/site-packages/airflow/example_dags/example_subdag_operator.py
[2023-02-18T08:24:36.328+0000] {processor.py:743} INFO - Processing file /home/airflow/.local/lib/python3.7/site-packages/airflow/example_dags/example_subdag_operator.py for tasks to queue
[2023-02-18T08:24:36.358+0000] {logging_mixin.py:137} INFO - [2023-02-18T08:24:36.344+0000] {dagbag.py:538} INFO - Filling up the DagBag from /home/airflow/.local/lib/python3.7/site-packages/airflow/example_dags/example_subdag_operator.py
[2023-02-18T08:24:39.179+0000] {processor.py:753} INFO - DAG(s) dict_keys(['example_subdag_operator.section-1', 'example_subdag_operator.section-2', 'example_subdag_operator']) retrieved from /home/airflow/.local/lib/python3.7/site-packages/airflow/example_dags/example_subdag_operator.py
[2023-02-18T08:24:40.916+0000] {logging_mixin.py:137} INFO - [2023-02-18T08:24:40.916+0000] {dag.py:2690} INFO - Sync 3 DAGs
[2023-02-18T08:24:44.402+0000] {logging_mixin.py:137} INFO - [2023-02-18T08:24:44.401+0000] {dag.py:3441} INFO - Setting next_dagrun for example_subdag_operator to 2022-01-01T00:00:00+00:00, run_after=2022-01-01T00:00:00+00:00
[2023-02-18T08:24:44.866+0000] {logging_mixin.py:137} INFO - [2023-02-18T08:24:44.866+0000] {dag.py:3441} INFO - Setting next_dagrun for example_subdag_operator.section-1 to None, run_after=None
[2023-02-18T08:24:45.522+0000] {logging_mixin.py:137} INFO - [2023-02-18T08:24:45.252+0000] {dag.py:3441} INFO - Setting next_dagrun for example_subdag_operator.section-2 to None, run_after=None
[2023-02-18T08:24:46.337+0000] {logging_mixin.py:137} INFO - [2023-02-18T08:24:46.337+0000] {dag.py:2690} INFO - Sync 2 DAGs
[2023-02-18T08:24:46.589+0000] {logging_mixin.py:137} INFO - [2023-02-18T08:24:46.588+0000] {dag.py:3441} INFO - Setting next_dagrun for example_subdag_operator.section-1 to None, run_after=None
[2023-02-18T08:24:46.590+0000] {logging_mixin.py:137} INFO - [2023-02-18T08:24:46.590+0000] {dag.py:3441} INFO - Setting next_dagrun for example_subdag_operator.section-2 to None, run_after=None
[2023-02-18T08:24:47.211+0000] {processor.py:175} INFO - Processing /home/airflow/.local/lib/python3.7/site-packages/airflow/example_dags/example_subdag_operator.py took 11.524 seconds
[2023-02-18T08:37:55.737+0000] {processor.py:153} INFO - Started process (PID=1961) to work on /home/airflow/.local/lib/python3.7/site-packages/airflow/example_dags/example_subdag_operator.py
[2023-02-18T08:37:55.753+0000] {processor.py:743} INFO - Processing file /home/airflow/.local/lib/python3.7/site-packages/airflow/example_dags/example_subdag_operator.py for tasks to queue
[2023-02-18T08:37:55.961+0000] {logging_mixin.py:137} INFO - [2023-02-18T08:37:55.960+0000] {dagbag.py:538} INFO - Filling up the DagBag from /home/airflow/.local/lib/python3.7/site-packages/airflow/example_dags/example_subdag_operator.py
[2023-02-18T08:38:03.802+0000] {processor.py:753} INFO - DAG(s) dict_keys(['example_subdag_operator.section-1', 'example_subdag_operator.section-2', 'example_subdag_operator']) retrieved from /home/airflow/.local/lib/python3.7/site-packages/airflow/example_dags/example_subdag_operator.py
[2023-02-18T08:38:09.058+0000] {logging_mixin.py:137} INFO - [2023-02-18T08:38:09.057+0000] {dag.py:2690} INFO - Sync 3 DAGs
[2023-02-18T08:38:18.795+0000] {logging_mixin.py:137} INFO - [2023-02-18T08:38:17.408+0000] {dag.py:3441} INFO - Setting next_dagrun for example_subdag_operator to 2022-01-01T00:00:00+00:00, run_after=2022-01-01T00:00:00+00:00
[2023-02-18T08:38:20.979+0000] {logging_mixin.py:137} INFO - [2023-02-18T08:38:20.979+0000] {dag.py:3441} INFO - Setting next_dagrun for example_subdag_operator.section-1 to None, run_after=None
[2023-02-18T08:38:21.076+0000] {logging_mixin.py:137} INFO - [2023-02-18T08:38:21.075+0000] {dag.py:3441} INFO - Setting next_dagrun for example_subdag_operator.section-2 to None, run_after=None
[2023-02-18T08:38:22.677+0000] {logging_mixin.py:137} INFO - [2023-02-18T08:38:22.676+0000] {dag.py:2690} INFO - Sync 2 DAGs
[2023-02-18T08:38:23.278+0000] {logging_mixin.py:137} INFO - [2023-02-18T08:38:23.277+0000] {dag.py:3441} INFO - Setting next_dagrun for example_subdag_operator.section-1 to None, run_after=None
[2023-02-18T08:38:23.279+0000] {logging_mixin.py:137} INFO - [2023-02-18T08:38:23.279+0000] {dag.py:3441} INFO - Setting next_dagrun for example_subdag_operator.section-2 to None, run_after=None
[2023-02-18T08:38:30.921+0000] {processor.py:175} INFO - Processing /home/airflow/.local/lib/python3.7/site-packages/airflow/example_dags/example_subdag_operator.py took 39.790 seconds
[2023-02-18T09:53:13.126+0000] {processor.py:153} INFO - Started process (PID=227) to work on /home/airflow/.local/lib/python3.7/site-packages/airflow/example_dags/example_subdag_operator.py
[2023-02-18T09:53:13.137+0000] {processor.py:743} INFO - Processing file /home/airflow/.local/lib/python3.7/site-packages/airflow/example_dags/example_subdag_operator.py for tasks to queue
[2023-02-18T09:53:13.139+0000] {logging_mixin.py:137} INFO - [2023-02-18T09:53:13.139+0000] {dagbag.py:538} INFO - Filling up the DagBag from /home/airflow/.local/lib/python3.7/site-packages/airflow/example_dags/example_subdag_operator.py
[2023-02-18T09:53:13.977+0000] {processor.py:753} INFO - DAG(s) dict_keys(['example_subdag_operator.section-1', 'example_subdag_operator.section-2', 'example_subdag_operator']) retrieved from /home/airflow/.local/lib/python3.7/site-packages/airflow/example_dags/example_subdag_operator.py
[2023-02-18T09:53:14.665+0000] {logging_mixin.py:137} INFO - [2023-02-18T09:53:14.664+0000] {dag.py:2690} INFO - Sync 3 DAGs
[2023-02-18T09:53:15.110+0000] {logging_mixin.py:137} INFO - [2023-02-18T09:53:15.109+0000] {dag.py:3441} INFO - Setting next_dagrun for example_subdag_operator to 2022-01-01T00:00:00+00:00, run_after=2022-01-01T00:00:00+00:00
[2023-02-18T09:53:15.230+0000] {logging_mixin.py:137} INFO - [2023-02-18T09:53:15.217+0000] {dag.py:3441} INFO - Setting next_dagrun for example_subdag_operator.section-1 to None, run_after=None
[2023-02-18T09:53:15.247+0000] {logging_mixin.py:137} INFO - [2023-02-18T09:53:15.246+0000] {dag.py:3441} INFO - Setting next_dagrun for example_subdag_operator.section-2 to None, run_after=None
[2023-02-18T09:53:15.394+0000] {logging_mixin.py:137} INFO - [2023-02-18T09:53:15.394+0000] {dag.py:2690} INFO - Sync 2 DAGs
[2023-02-18T09:53:15.563+0000] {logging_mixin.py:137} INFO - [2023-02-18T09:53:15.562+0000] {dag.py:3441} INFO - Setting next_dagrun for example_subdag_operator.section-1 to None, run_after=None
[2023-02-18T09:53:15.626+0000] {logging_mixin.py:137} INFO - [2023-02-18T09:53:15.625+0000] {dag.py:3441} INFO - Setting next_dagrun for example_subdag_operator.section-2 to None, run_after=None
[2023-02-18T09:53:16.099+0000] {processor.py:175} INFO - Processing /home/airflow/.local/lib/python3.7/site-packages/airflow/example_dags/example_subdag_operator.py took 3.011 seconds
[2023-02-18T09:54:31.813+0000] {processor.py:153} INFO - Started process (PID=307) to work on /home/airflow/.local/lib/python3.7/site-packages/airflow/example_dags/example_subdag_operator.py
[2023-02-18T09:54:31.829+0000] {processor.py:743} INFO - Processing file /home/airflow/.local/lib/python3.7/site-packages/airflow/example_dags/example_subdag_operator.py for tasks to queue
[2023-02-18T09:54:31.843+0000] {logging_mixin.py:137} INFO - [2023-02-18T09:54:31.843+0000] {dagbag.py:538} INFO - Filling up the DagBag from /home/airflow/.local/lib/python3.7/site-packages/airflow/example_dags/example_subdag_operator.py
[2023-02-18T09:54:32.357+0000] {processor.py:753} INFO - DAG(s) dict_keys(['example_subdag_operator.section-1', 'example_subdag_operator.section-2', 'example_subdag_operator']) retrieved from /home/airflow/.local/lib/python3.7/site-packages/airflow/example_dags/example_subdag_operator.py
[2023-02-18T09:54:33.067+0000] {logging_mixin.py:137} INFO - [2023-02-18T09:54:33.066+0000] {dag.py:2690} INFO - Sync 3 DAGs
[2023-02-18T09:54:34.068+0000] {logging_mixin.py:137} INFO - [2023-02-18T09:54:34.067+0000] {dag.py:3441} INFO - Setting next_dagrun for example_subdag_operator to 2022-01-01T00:00:00+00:00, run_after=2022-01-01T00:00:00+00:00
[2023-02-18T09:54:34.337+0000] {logging_mixin.py:137} INFO - [2023-02-18T09:54:34.336+0000] {dag.py:3441} INFO - Setting next_dagrun for example_subdag_operator.section-1 to None, run_after=None
[2023-02-18T09:54:34.369+0000] {logging_mixin.py:137} INFO - [2023-02-18T09:54:34.356+0000] {dag.py:3441} INFO - Setting next_dagrun for example_subdag_operator.section-2 to None, run_after=None
[2023-02-18T09:54:34.657+0000] {logging_mixin.py:137} INFO - [2023-02-18T09:54:34.657+0000] {dag.py:2690} INFO - Sync 2 DAGs
[2023-02-18T09:54:34.773+0000] {logging_mixin.py:137} INFO - [2023-02-18T09:54:34.772+0000] {dag.py:3441} INFO - Setting next_dagrun for example_subdag_operator.section-1 to None, run_after=None
[2023-02-18T09:54:34.787+0000] {logging_mixin.py:137} INFO - [2023-02-18T09:54:34.787+0000] {dag.py:3441} INFO - Setting next_dagrun for example_subdag_operator.section-2 to None, run_after=None
[2023-02-18T09:54:35.123+0000] {processor.py:175} INFO - Processing /home/airflow/.local/lib/python3.7/site-packages/airflow/example_dags/example_subdag_operator.py took 3.357 seconds
[2023-02-18T09:57:59.321+0000] {processor.py:153} INFO - Started process (PID=449) to work on /home/airflow/.local/lib/python3.7/site-packages/airflow/example_dags/example_subdag_operator.py
[2023-02-18T09:57:59.417+0000] {processor.py:743} INFO - Processing file /home/airflow/.local/lib/python3.7/site-packages/airflow/example_dags/example_subdag_operator.py for tasks to queue
[2023-02-18T09:57:59.419+0000] {logging_mixin.py:137} INFO - [2023-02-18T09:57:59.419+0000] {dagbag.py:538} INFO - Filling up the DagBag from /home/airflow/.local/lib/python3.7/site-packages/airflow/example_dags/example_subdag_operator.py
[2023-02-18T09:58:02.433+0000] {processor.py:753} INFO - DAG(s) dict_keys(['example_subdag_operator.section-1', 'example_subdag_operator.section-2', 'example_subdag_operator']) retrieved from /home/airflow/.local/lib/python3.7/site-packages/airflow/example_dags/example_subdag_operator.py
[2023-02-18T09:58:03.585+0000] {logging_mixin.py:137} INFO - [2023-02-18T09:58:03.584+0000] {dag.py:2690} INFO - Sync 3 DAGs
[2023-02-18T09:58:06.100+0000] {logging_mixin.py:137} INFO - [2023-02-18T09:58:06.100+0000] {dag.py:3441} INFO - Setting next_dagrun for example_subdag_operator to 2022-01-01T00:00:00+00:00, run_after=2022-01-01T00:00:00+00:00
[2023-02-18T09:58:06.170+0000] {logging_mixin.py:137} INFO - [2023-02-18T09:58:06.170+0000] {dag.py:3441} INFO - Setting next_dagrun for example_subdag_operator.section-1 to None, run_after=None
[2023-02-18T09:58:06.316+0000] {logging_mixin.py:137} INFO - [2023-02-18T09:58:06.315+0000] {dag.py:3441} INFO - Setting next_dagrun for example_subdag_operator.section-2 to None, run_after=None
[2023-02-18T09:58:07.246+0000] {logging_mixin.py:137} INFO - [2023-02-18T09:58:07.245+0000] {dag.py:2690} INFO - Sync 2 DAGs
[2023-02-18T09:58:08.021+0000] {logging_mixin.py:137} INFO - [2023-02-18T09:58:08.020+0000] {dag.py:3441} INFO - Setting next_dagrun for example_subdag_operator.section-1 to None, run_after=None
[2023-02-18T09:58:08.022+0000] {logging_mixin.py:137} INFO - [2023-02-18T09:58:08.021+0000] {dag.py:3441} INFO - Setting next_dagrun for example_subdag_operator.section-2 to None, run_after=None
[2023-02-18T09:58:08.945+0000] {processor.py:175} INFO - Processing /home/airflow/.local/lib/python3.7/site-packages/airflow/example_dags/example_subdag_operator.py took 9.673 seconds
[2023-02-18T10:01:50.764+0000] {processor.py:153} INFO - Started process (PID=609) to work on /home/airflow/.local/lib/python3.7/site-packages/airflow/example_dags/example_subdag_operator.py
[2023-02-18T10:01:50.794+0000] {processor.py:743} INFO - Processing file /home/airflow/.local/lib/python3.7/site-packages/airflow/example_dags/example_subdag_operator.py for tasks to queue
[2023-02-18T10:01:50.809+0000] {logging_mixin.py:137} INFO - [2023-02-18T10:01:50.797+0000] {dagbag.py:538} INFO - Filling up the DagBag from /home/airflow/.local/lib/python3.7/site-packages/airflow/example_dags/example_subdag_operator.py
[2023-02-18T10:01:52.852+0000] {processor.py:753} INFO - DAG(s) dict_keys(['example_subdag_operator.section-1', 'example_subdag_operator.section-2', 'example_subdag_operator']) retrieved from /home/airflow/.local/lib/python3.7/site-packages/airflow/example_dags/example_subdag_operator.py
[2023-02-18T10:01:54.166+0000] {logging_mixin.py:137} INFO - [2023-02-18T10:01:54.109+0000] {dag.py:2690} INFO - Sync 3 DAGs
[2023-02-18T10:01:55.443+0000] {logging_mixin.py:137} INFO - [2023-02-18T10:01:55.442+0000] {dag.py:3441} INFO - Setting next_dagrun for example_subdag_operator to 2022-01-01T00:00:00+00:00, run_after=2022-01-01T00:00:00+00:00
[2023-02-18T10:01:55.680+0000] {logging_mixin.py:137} INFO - [2023-02-18T10:01:55.679+0000] {dag.py:3441} INFO - Setting next_dagrun for example_subdag_operator.section-1 to None, run_after=None
[2023-02-18T10:01:55.712+0000] {logging_mixin.py:137} INFO - [2023-02-18T10:01:55.711+0000] {dag.py:3441} INFO - Setting next_dagrun for example_subdag_operator.section-2 to None, run_after=None
[2023-02-18T10:01:55.897+0000] {logging_mixin.py:137} INFO - [2023-02-18T10:01:55.897+0000] {dag.py:2690} INFO - Sync 2 DAGs
[2023-02-18T10:01:55.961+0000] {logging_mixin.py:137} INFO - [2023-02-18T10:01:55.961+0000] {dag.py:3441} INFO - Setting next_dagrun for example_subdag_operator.section-1 to None, run_after=None
[2023-02-18T10:01:55.962+0000] {logging_mixin.py:137} INFO - [2023-02-18T10:01:55.962+0000] {dag.py:3441} INFO - Setting next_dagrun for example_subdag_operator.section-2 to None, run_after=None
[2023-02-18T10:01:56.564+0000] {processor.py:175} INFO - Processing /home/airflow/.local/lib/python3.7/site-packages/airflow/example_dags/example_subdag_operator.py took 5.893 seconds
[2023-02-18T10:06:41.025+0000] {processor.py:153} INFO - Started process (PID=794) to work on /home/airflow/.local/lib/python3.7/site-packages/airflow/example_dags/example_subdag_operator.py
[2023-02-18T10:06:41.122+0000] {processor.py:743} INFO - Processing file /home/airflow/.local/lib/python3.7/site-packages/airflow/example_dags/example_subdag_operator.py for tasks to queue
[2023-02-18T10:06:41.124+0000] {logging_mixin.py:137} INFO - [2023-02-18T10:06:41.124+0000] {dagbag.py:538} INFO - Filling up the DagBag from /home/airflow/.local/lib/python3.7/site-packages/airflow/example_dags/example_subdag_operator.py
[2023-02-18T10:06:44.594+0000] {processor.py:753} INFO - DAG(s) dict_keys(['example_subdag_operator.section-1', 'example_subdag_operator.section-2', 'example_subdag_operator']) retrieved from /home/airflow/.local/lib/python3.7/site-packages/airflow/example_dags/example_subdag_operator.py
[2023-02-18T10:06:47.205+0000] {logging_mixin.py:137} INFO - [2023-02-18T10:06:47.204+0000] {dag.py:2690} INFO - Sync 3 DAGs
[2023-02-18T10:06:49.882+0000] {logging_mixin.py:137} INFO - [2023-02-18T10:06:49.882+0000] {dag.py:3441} INFO - Setting next_dagrun for example_subdag_operator to 2022-01-01T00:00:00+00:00, run_after=2022-01-01T00:00:00+00:00
[2023-02-18T10:06:50.122+0000] {logging_mixin.py:137} INFO - [2023-02-18T10:06:50.122+0000] {dag.py:3441} INFO - Setting next_dagrun for example_subdag_operator.section-1 to None, run_after=None
[2023-02-18T10:06:50.313+0000] {logging_mixin.py:137} INFO - [2023-02-18T10:06:50.312+0000] {dag.py:3441} INFO - Setting next_dagrun for example_subdag_operator.section-2 to None, run_after=None
[2023-02-18T10:06:51.040+0000] {logging_mixin.py:137} INFO - [2023-02-18T10:06:51.028+0000] {dag.py:2690} INFO - Sync 2 DAGs
[2023-02-18T10:06:51.728+0000] {logging_mixin.py:137} INFO - [2023-02-18T10:06:51.727+0000] {dag.py:3441} INFO - Setting next_dagrun for example_subdag_operator.section-1 to None, run_after=None
[2023-02-18T10:06:51.729+0000] {logging_mixin.py:137} INFO - [2023-02-18T10:06:51.729+0000] {dag.py:3441} INFO - Setting next_dagrun for example_subdag_operator.section-2 to None, run_after=None
[2023-02-18T10:06:53.042+0000] {processor.py:175} INFO - Processing /home/airflow/.local/lib/python3.7/site-packages/airflow/example_dags/example_subdag_operator.py took 12.500 seconds
