[2023-02-18T07:49:15.585+0000] {processor.py:153} INFO - Started process (PID=137) to work on /home/airflow/.local/lib/python3.7/site-packages/airflow/example_dags/example_python_operator.py
[2023-02-18T07:49:15.617+0000] {processor.py:743} INFO - Processing file /home/airflow/.local/lib/python3.7/site-packages/airflow/example_dags/example_python_operator.py for tasks to queue
[2023-02-18T07:49:15.697+0000] {logging_mixin.py:137} INFO - [2023-02-18T07:49:15.697+0000] {dagbag.py:538} INFO - Filling up the DagBag from /home/airflow/.local/lib/python3.7/site-packages/airflow/example_dags/example_python_operator.py
[2023-02-18T07:49:16.413+0000] {logging_mixin.py:137} INFO - [2023-02-18T07:49:16.412+0000] {taskmixin.py:205} WARNING - Dependency <Task(_PythonDecoratedOperator): print_the_context>, log_sql_query already registered for DAG: example_python_operator
[2023-02-18T07:49:16.521+0000] {logging_mixin.py:137} INFO - [2023-02-18T07:49:16.521+0000] {taskmixin.py:205} WARNING - Dependency <Task(_PythonDecoratedOperator): log_sql_query>, print_the_context already registered for DAG: example_python_operator
[2023-02-18T07:49:16.524+0000] {logging_mixin.py:137} INFO - [2023-02-18T07:49:16.523+0000] {taskmixin.py:205} WARNING - Dependency <Task(_PythonDecoratedOperator): print_the_context>, log_sql_query already registered for DAG: example_python_operator
[2023-02-18T07:49:16.601+0000] {logging_mixin.py:137} INFO - [2023-02-18T07:49:16.601+0000] {taskmixin.py:205} WARNING - Dependency <Task(_PythonDecoratedOperator): log_sql_query>, print_the_context already registered for DAG: example_python_operator
[2023-02-18T07:49:16.604+0000] {logging_mixin.py:137} INFO - [2023-02-18T07:49:16.604+0000] {taskmixin.py:205} WARNING - Dependency <Task(_PythonDecoratedOperator): print_the_context>, log_sql_query already registered for DAG: example_python_operator
[2023-02-18T07:49:16.620+0000] {logging_mixin.py:137} INFO - [2023-02-18T07:49:16.604+0000] {taskmixin.py:205} WARNING - Dependency <Task(_PythonDecoratedOperator): log_sql_query>, print_the_context already registered for DAG: example_python_operator
[2023-02-18T07:49:16.634+0000] {logging_mixin.py:137} INFO - [2023-02-18T07:49:16.634+0000] {taskmixin.py:205} WARNING - Dependency <Task(_PythonDecoratedOperator): print_the_context>, log_sql_query already registered for DAG: example_python_operator
[2023-02-18T07:49:16.635+0000] {logging_mixin.py:137} INFO - [2023-02-18T07:49:16.635+0000] {taskmixin.py:205} WARNING - Dependency <Task(_PythonDecoratedOperator): log_sql_query>, print_the_context already registered for DAG: example_python_operator
[2023-02-18T07:49:16.730+0000] {processor.py:753} INFO - DAG(s) dict_keys(['example_python_operator']) retrieved from /home/airflow/.local/lib/python3.7/site-packages/airflow/example_dags/example_python_operator.py
[2023-02-18T07:49:19.092+0000] {logging_mixin.py:137} INFO - [2023-02-18T07:49:19.091+0000] {dag.py:2690} INFO - Sync 1 DAGs
[2023-02-18T07:49:19.811+0000] {logging_mixin.py:137} INFO - [2023-02-18T07:49:19.751+0000] {dag.py:3441} INFO - Setting next_dagrun for example_python_operator to None, run_after=None
[2023-02-18T07:49:20.376+0000] {processor.py:175} INFO - Processing /home/airflow/.local/lib/python3.7/site-packages/airflow/example_dags/example_python_operator.py took 4.970 seconds
[2023-02-18T07:50:41.886+0000] {processor.py:153} INFO - Started process (PID=214) to work on /home/airflow/.local/lib/python3.7/site-packages/airflow/example_dags/example_python_operator.py
[2023-02-18T07:50:41.932+0000] {processor.py:743} INFO - Processing file /home/airflow/.local/lib/python3.7/site-packages/airflow/example_dags/example_python_operator.py for tasks to queue
[2023-02-18T07:50:41.934+0000] {logging_mixin.py:137} INFO - [2023-02-18T07:50:41.934+0000] {dagbag.py:538} INFO - Filling up the DagBag from /home/airflow/.local/lib/python3.7/site-packages/airflow/example_dags/example_python_operator.py
[2023-02-18T07:50:42.316+0000] {logging_mixin.py:137} INFO - [2023-02-18T07:50:42.315+0000] {taskmixin.py:205} WARNING - Dependency <Task(_PythonDecoratedOperator): print_the_context>, log_sql_query already registered for DAG: example_python_operator
[2023-02-18T07:50:42.316+0000] {logging_mixin.py:137} INFO - [2023-02-18T07:50:42.316+0000] {taskmixin.py:205} WARNING - Dependency <Task(_PythonDecoratedOperator): log_sql_query>, print_the_context already registered for DAG: example_python_operator
[2023-02-18T07:50:42.347+0000] {logging_mixin.py:137} INFO - [2023-02-18T07:50:42.334+0000] {taskmixin.py:205} WARNING - Dependency <Task(_PythonDecoratedOperator): print_the_context>, log_sql_query already registered for DAG: example_python_operator
[2023-02-18T07:50:42.363+0000] {logging_mixin.py:137} INFO - [2023-02-18T07:50:42.347+0000] {taskmixin.py:205} WARNING - Dependency <Task(_PythonDecoratedOperator): log_sql_query>, print_the_context already registered for DAG: example_python_operator
[2023-02-18T07:50:42.427+0000] {logging_mixin.py:137} INFO - [2023-02-18T07:50:42.412+0000] {taskmixin.py:205} WARNING - Dependency <Task(_PythonDecoratedOperator): print_the_context>, log_sql_query already registered for DAG: example_python_operator
[2023-02-18T07:50:42.428+0000] {logging_mixin.py:137} INFO - [2023-02-18T07:50:42.428+0000] {taskmixin.py:205} WARNING - Dependency <Task(_PythonDecoratedOperator): log_sql_query>, print_the_context already registered for DAG: example_python_operator
[2023-02-18T07:50:42.445+0000] {logging_mixin.py:137} INFO - [2023-02-18T07:50:42.444+0000] {taskmixin.py:205} WARNING - Dependency <Task(_PythonDecoratedOperator): print_the_context>, log_sql_query already registered for DAG: example_python_operator
[2023-02-18T07:50:42.445+0000] {logging_mixin.py:137} INFO - [2023-02-18T07:50:42.445+0000] {taskmixin.py:205} WARNING - Dependency <Task(_PythonDecoratedOperator): log_sql_query>, print_the_context already registered for DAG: example_python_operator
[2023-02-18T07:50:42.590+0000] {processor.py:753} INFO - DAG(s) dict_keys(['example_python_operator']) retrieved from /home/airflow/.local/lib/python3.7/site-packages/airflow/example_dags/example_python_operator.py
[2023-02-18T07:50:43.441+0000] {logging_mixin.py:137} INFO - [2023-02-18T07:50:43.440+0000] {dag.py:2690} INFO - Sync 1 DAGs
[2023-02-18T07:50:43.876+0000] {logging_mixin.py:137} INFO - [2023-02-18T07:50:43.875+0000] {dag.py:3441} INFO - Setting next_dagrun for example_python_operator to None, run_after=None
[2023-02-18T07:50:44.274+0000] {processor.py:175} INFO - Processing /home/airflow/.local/lib/python3.7/site-packages/airflow/example_dags/example_python_operator.py took 2.535 seconds
[2023-02-18T07:52:27.822+0000] {processor.py:153} INFO - Started process (PID=308) to work on /home/airflow/.local/lib/python3.7/site-packages/airflow/example_dags/example_python_operator.py
[2023-02-18T07:52:27.966+0000] {processor.py:743} INFO - Processing file /home/airflow/.local/lib/python3.7/site-packages/airflow/example_dags/example_python_operator.py for tasks to queue
[2023-02-18T07:52:27.968+0000] {logging_mixin.py:137} INFO - [2023-02-18T07:52:27.968+0000] {dagbag.py:538} INFO - Filling up the DagBag from /home/airflow/.local/lib/python3.7/site-packages/airflow/example_dags/example_python_operator.py
[2023-02-18T07:52:28.731+0000] {logging_mixin.py:137} INFO - [2023-02-18T07:52:28.731+0000] {taskmixin.py:205} WARNING - Dependency <Task(_PythonDecoratedOperator): print_the_context>, log_sql_query already registered for DAG: example_python_operator
[2023-02-18T07:52:28.732+0000] {logging_mixin.py:137} INFO - [2023-02-18T07:52:28.731+0000] {taskmixin.py:205} WARNING - Dependency <Task(_PythonDecoratedOperator): log_sql_query>, print_the_context already registered for DAG: example_python_operator
[2023-02-18T07:52:28.763+0000] {logging_mixin.py:137} INFO - [2023-02-18T07:52:28.763+0000] {taskmixin.py:205} WARNING - Dependency <Task(_PythonDecoratedOperator): print_the_context>, log_sql_query already registered for DAG: example_python_operator
[2023-02-18T07:52:28.764+0000] {logging_mixin.py:137} INFO - [2023-02-18T07:52:28.763+0000] {taskmixin.py:205} WARNING - Dependency <Task(_PythonDecoratedOperator): log_sql_query>, print_the_context already registered for DAG: example_python_operator
[2023-02-18T07:52:28.796+0000] {logging_mixin.py:137} INFO - [2023-02-18T07:52:28.795+0000] {taskmixin.py:205} WARNING - Dependency <Task(_PythonDecoratedOperator): print_the_context>, log_sql_query already registered for DAG: example_python_operator
[2023-02-18T07:52:28.843+0000] {logging_mixin.py:137} INFO - [2023-02-18T07:52:28.796+0000] {taskmixin.py:205} WARNING - Dependency <Task(_PythonDecoratedOperator): log_sql_query>, print_the_context already registered for DAG: example_python_operator
[2023-02-18T07:52:28.941+0000] {logging_mixin.py:137} INFO - [2023-02-18T07:52:28.940+0000] {taskmixin.py:205} WARNING - Dependency <Task(_PythonDecoratedOperator): print_the_context>, log_sql_query already registered for DAG: example_python_operator
[2023-02-18T07:52:28.942+0000] {logging_mixin.py:137} INFO - [2023-02-18T07:52:28.941+0000] {taskmixin.py:205} WARNING - Dependency <Task(_PythonDecoratedOperator): log_sql_query>, print_the_context already registered for DAG: example_python_operator
[2023-02-18T07:52:29.293+0000] {processor.py:753} INFO - DAG(s) dict_keys(['example_python_operator']) retrieved from /home/airflow/.local/lib/python3.7/site-packages/airflow/example_dags/example_python_operator.py
[2023-02-18T07:52:30.167+0000] {logging_mixin.py:137} INFO - [2023-02-18T07:52:30.167+0000] {dag.py:2690} INFO - Sync 1 DAGs
[2023-02-18T07:52:31.993+0000] {logging_mixin.py:137} INFO - [2023-02-18T07:52:31.992+0000] {dag.py:3441} INFO - Setting next_dagrun for example_python_operator to None, run_after=None
[2023-02-18T07:52:33.015+0000] {processor.py:175} INFO - Processing /home/airflow/.local/lib/python3.7/site-packages/airflow/example_dags/example_python_operator.py took 5.289 seconds
[2023-02-18T07:53:57.676+0000] {processor.py:153} INFO - Started process (PID=396) to work on /home/airflow/.local/lib/python3.7/site-packages/airflow/example_dags/example_python_operator.py
[2023-02-18T07:53:57.693+0000] {processor.py:743} INFO - Processing file /home/airflow/.local/lib/python3.7/site-packages/airflow/example_dags/example_python_operator.py for tasks to queue
[2023-02-18T07:53:57.696+0000] {logging_mixin.py:137} INFO - [2023-02-18T07:53:57.695+0000] {dagbag.py:538} INFO - Filling up the DagBag from /home/airflow/.local/lib/python3.7/site-packages/airflow/example_dags/example_python_operator.py
[2023-02-18T07:53:58.541+0000] {logging_mixin.py:137} INFO - [2023-02-18T07:53:58.528+0000] {taskmixin.py:205} WARNING - Dependency <Task(_PythonDecoratedOperator): print_the_context>, log_sql_query already registered for DAG: example_python_operator
[2023-02-18T07:53:58.542+0000] {logging_mixin.py:137} INFO - [2023-02-18T07:53:58.542+0000] {taskmixin.py:205} WARNING - Dependency <Task(_PythonDecoratedOperator): log_sql_query>, print_the_context already registered for DAG: example_python_operator
[2023-02-18T07:53:58.621+0000] {logging_mixin.py:137} INFO - [2023-02-18T07:53:58.609+0000] {taskmixin.py:205} WARNING - Dependency <Task(_PythonDecoratedOperator): print_the_context>, log_sql_query already registered for DAG: example_python_operator
[2023-02-18T07:53:58.622+0000] {logging_mixin.py:137} INFO - [2023-02-18T07:53:58.622+0000] {taskmixin.py:205} WARNING - Dependency <Task(_PythonDecoratedOperator): log_sql_query>, print_the_context already registered for DAG: example_python_operator
[2023-02-18T07:53:58.625+0000] {logging_mixin.py:137} INFO - [2023-02-18T07:53:58.625+0000] {taskmixin.py:205} WARNING - Dependency <Task(_PythonDecoratedOperator): print_the_context>, log_sql_query already registered for DAG: example_python_operator
[2023-02-18T07:53:58.626+0000] {logging_mixin.py:137} INFO - [2023-02-18T07:53:58.626+0000] {taskmixin.py:205} WARNING - Dependency <Task(_PythonDecoratedOperator): log_sql_query>, print_the_context already registered for DAG: example_python_operator
[2023-02-18T07:53:58.672+0000] {logging_mixin.py:137} INFO - [2023-02-18T07:53:58.671+0000] {taskmixin.py:205} WARNING - Dependency <Task(_PythonDecoratedOperator): print_the_context>, log_sql_query already registered for DAG: example_python_operator
[2023-02-18T07:53:58.672+0000] {logging_mixin.py:137} INFO - [2023-02-18T07:53:58.672+0000] {taskmixin.py:205} WARNING - Dependency <Task(_PythonDecoratedOperator): log_sql_query>, print_the_context already registered for DAG: example_python_operator
[2023-02-18T07:53:58.959+0000] {processor.py:753} INFO - DAG(s) dict_keys(['example_python_operator']) retrieved from /home/airflow/.local/lib/python3.7/site-packages/airflow/example_dags/example_python_operator.py
[2023-02-18T07:54:00.448+0000] {logging_mixin.py:137} INFO - [2023-02-18T07:54:00.448+0000] {dag.py:2690} INFO - Sync 1 DAGs
[2023-02-18T07:54:01.703+0000] {logging_mixin.py:137} INFO - [2023-02-18T07:54:01.703+0000] {dag.py:3441} INFO - Setting next_dagrun for example_python_operator to None, run_after=None
[2023-02-18T07:54:02.543+0000] {processor.py:175} INFO - Processing /home/airflow/.local/lib/python3.7/site-packages/airflow/example_dags/example_python_operator.py took 5.087 seconds
[2023-02-18T07:55:41.718+0000] {processor.py:153} INFO - Started process (PID=487) to work on /home/airflow/.local/lib/python3.7/site-packages/airflow/example_dags/example_python_operator.py
[2023-02-18T07:55:41.784+0000] {processor.py:743} INFO - Processing file /home/airflow/.local/lib/python3.7/site-packages/airflow/example_dags/example_python_operator.py for tasks to queue
[2023-02-18T07:55:41.831+0000] {logging_mixin.py:137} INFO - [2023-02-18T07:55:41.830+0000] {dagbag.py:538} INFO - Filling up the DagBag from /home/airflow/.local/lib/python3.7/site-packages/airflow/example_dags/example_python_operator.py
[2023-02-18T07:55:43.138+0000] {logging_mixin.py:137} INFO - [2023-02-18T07:55:43.137+0000] {taskmixin.py:205} WARNING - Dependency <Task(_PythonDecoratedOperator): print_the_context>, log_sql_query already registered for DAG: example_python_operator
[2023-02-18T07:55:43.138+0000] {logging_mixin.py:137} INFO - [2023-02-18T07:55:43.138+0000] {taskmixin.py:205} WARNING - Dependency <Task(_PythonDecoratedOperator): log_sql_query>, print_the_context already registered for DAG: example_python_operator
[2023-02-18T07:55:43.154+0000] {logging_mixin.py:137} INFO - [2023-02-18T07:55:43.153+0000] {taskmixin.py:205} WARNING - Dependency <Task(_PythonDecoratedOperator): print_the_context>, log_sql_query already registered for DAG: example_python_operator
[2023-02-18T07:55:43.155+0000] {logging_mixin.py:137} INFO - [2023-02-18T07:55:43.154+0000] {taskmixin.py:205} WARNING - Dependency <Task(_PythonDecoratedOperator): log_sql_query>, print_the_context already registered for DAG: example_python_operator
[2023-02-18T07:55:43.201+0000] {logging_mixin.py:137} INFO - [2023-02-18T07:55:43.200+0000] {taskmixin.py:205} WARNING - Dependency <Task(_PythonDecoratedOperator): print_the_context>, log_sql_query already registered for DAG: example_python_operator
[2023-02-18T07:55:43.202+0000] {logging_mixin.py:137} INFO - [2023-02-18T07:55:43.201+0000] {taskmixin.py:205} WARNING - Dependency <Task(_PythonDecoratedOperator): log_sql_query>, print_the_context already registered for DAG: example_python_operator
[2023-02-18T07:55:43.316+0000] {logging_mixin.py:137} INFO - [2023-02-18T07:55:43.316+0000] {taskmixin.py:205} WARNING - Dependency <Task(_PythonDecoratedOperator): print_the_context>, log_sql_query already registered for DAG: example_python_operator
[2023-02-18T07:55:43.317+0000] {logging_mixin.py:137} INFO - [2023-02-18T07:55:43.316+0000] {taskmixin.py:205} WARNING - Dependency <Task(_PythonDecoratedOperator): log_sql_query>, print_the_context already registered for DAG: example_python_operator
[2023-02-18T07:55:43.588+0000] {processor.py:753} INFO - DAG(s) dict_keys(['example_python_operator']) retrieved from /home/airflow/.local/lib/python3.7/site-packages/airflow/example_dags/example_python_operator.py
[2023-02-18T07:55:45.697+0000] {logging_mixin.py:137} INFO - [2023-02-18T07:55:45.697+0000] {dag.py:2690} INFO - Sync 1 DAGs
[2023-02-18T07:55:47.753+0000] {logging_mixin.py:137} INFO - [2023-02-18T07:55:47.753+0000] {dag.py:3441} INFO - Setting next_dagrun for example_python_operator to None, run_after=None
[2023-02-18T07:55:49.302+0000] {processor.py:175} INFO - Processing /home/airflow/.local/lib/python3.7/site-packages/airflow/example_dags/example_python_operator.py took 7.757 seconds
[2023-02-18T07:59:52.386+0000] {processor.py:153} INFO - Started process (PID=648) to work on /home/airflow/.local/lib/python3.7/site-packages/airflow/example_dags/example_python_operator.py
[2023-02-18T07:59:52.606+0000] {processor.py:743} INFO - Processing file /home/airflow/.local/lib/python3.7/site-packages/airflow/example_dags/example_python_operator.py for tasks to queue
[2023-02-18T07:59:52.623+0000] {logging_mixin.py:137} INFO - [2023-02-18T07:59:52.622+0000] {dagbag.py:538} INFO - Filling up the DagBag from /home/airflow/.local/lib/python3.7/site-packages/airflow/example_dags/example_python_operator.py
[2023-02-18T07:59:54.046+0000] {logging_mixin.py:137} INFO - [2023-02-18T07:59:54.046+0000] {taskmixin.py:205} WARNING - Dependency <Task(_PythonDecoratedOperator): print_the_context>, log_sql_query already registered for DAG: example_python_operator
[2023-02-18T07:59:54.047+0000] {logging_mixin.py:137} INFO - [2023-02-18T07:59:54.047+0000] {taskmixin.py:205} WARNING - Dependency <Task(_PythonDecoratedOperator): log_sql_query>, print_the_context already registered for DAG: example_python_operator
[2023-02-18T07:59:54.121+0000] {logging_mixin.py:137} INFO - [2023-02-18T07:59:54.121+0000] {taskmixin.py:205} WARNING - Dependency <Task(_PythonDecoratedOperator): print_the_context>, log_sql_query already registered for DAG: example_python_operator
[2023-02-18T07:59:54.122+0000] {logging_mixin.py:137} INFO - [2023-02-18T07:59:54.122+0000] {taskmixin.py:205} WARNING - Dependency <Task(_PythonDecoratedOperator): log_sql_query>, print_the_context already registered for DAG: example_python_operator
[2023-02-18T07:59:54.125+0000] {logging_mixin.py:137} INFO - [2023-02-18T07:59:54.125+0000] {taskmixin.py:205} WARNING - Dependency <Task(_PythonDecoratedOperator): print_the_context>, log_sql_query already registered for DAG: example_python_operator
[2023-02-18T07:59:54.234+0000] {logging_mixin.py:137} INFO - [2023-02-18T07:59:54.232+0000] {taskmixin.py:205} WARNING - Dependency <Task(_PythonDecoratedOperator): log_sql_query>, print_the_context already registered for DAG: example_python_operator
[2023-02-18T07:59:54.273+0000] {logging_mixin.py:137} INFO - [2023-02-18T07:59:54.272+0000] {taskmixin.py:205} WARNING - Dependency <Task(_PythonDecoratedOperator): print_the_context>, log_sql_query already registered for DAG: example_python_operator
[2023-02-18T07:59:54.274+0000] {logging_mixin.py:137} INFO - [2023-02-18T07:59:54.273+0000] {taskmixin.py:205} WARNING - Dependency <Task(_PythonDecoratedOperator): log_sql_query>, print_the_context already registered for DAG: example_python_operator
[2023-02-18T07:59:55.072+0000] {processor.py:753} INFO - DAG(s) dict_keys(['example_python_operator']) retrieved from /home/airflow/.local/lib/python3.7/site-packages/airflow/example_dags/example_python_operator.py
[2023-02-18T07:59:57.406+0000] {logging_mixin.py:137} INFO - [2023-02-18T07:59:57.405+0000] {dag.py:2690} INFO - Sync 1 DAGs
[2023-02-18T08:00:01.447+0000] {logging_mixin.py:137} INFO - [2023-02-18T08:00:01.446+0000] {dag.py:3441} INFO - Setting next_dagrun for example_python_operator to None, run_after=None
[2023-02-18T08:00:03.721+0000] {processor.py:175} INFO - Processing /home/airflow/.local/lib/python3.7/site-packages/airflow/example_dags/example_python_operator.py took 11.301 seconds
[2023-02-18T08:02:52.397+0000] {processor.py:153} INFO - Started process (PID=758) to work on /home/airflow/.local/lib/python3.7/site-packages/airflow/example_dags/example_python_operator.py
[2023-02-18T08:02:52.444+0000] {processor.py:743} INFO - Processing file /home/airflow/.local/lib/python3.7/site-packages/airflow/example_dags/example_python_operator.py for tasks to queue
[2023-02-18T08:02:52.502+0000] {logging_mixin.py:137} INFO - [2023-02-18T08:02:52.473+0000] {dagbag.py:538} INFO - Filling up the DagBag from /home/airflow/.local/lib/python3.7/site-packages/airflow/example_dags/example_python_operator.py
[2023-02-18T08:02:53.952+0000] {logging_mixin.py:137} INFO - [2023-02-18T08:02:53.952+0000] {taskmixin.py:205} WARNING - Dependency <Task(_PythonDecoratedOperator): print_the_context>, log_sql_query already registered for DAG: example_python_operator
[2023-02-18T08:02:53.953+0000] {logging_mixin.py:137} INFO - [2023-02-18T08:02:53.953+0000] {taskmixin.py:205} WARNING - Dependency <Task(_PythonDecoratedOperator): log_sql_query>, print_the_context already registered for DAG: example_python_operator
[2023-02-18T08:02:53.984+0000] {logging_mixin.py:137} INFO - [2023-02-18T08:02:53.983+0000] {taskmixin.py:205} WARNING - Dependency <Task(_PythonDecoratedOperator): print_the_context>, log_sql_query already registered for DAG: example_python_operator
[2023-02-18T08:02:53.984+0000] {logging_mixin.py:137} INFO - [2023-02-18T08:02:53.984+0000] {taskmixin.py:205} WARNING - Dependency <Task(_PythonDecoratedOperator): log_sql_query>, print_the_context already registered for DAG: example_python_operator
[2023-02-18T08:02:54.000+0000] {logging_mixin.py:137} INFO - [2023-02-18T08:02:53.999+0000] {taskmixin.py:205} WARNING - Dependency <Task(_PythonDecoratedOperator): print_the_context>, log_sql_query already registered for DAG: example_python_operator
[2023-02-18T08:02:54.000+0000] {logging_mixin.py:137} INFO - [2023-02-18T08:02:54.000+0000] {taskmixin.py:205} WARNING - Dependency <Task(_PythonDecoratedOperator): log_sql_query>, print_the_context already registered for DAG: example_python_operator
[2023-02-18T08:02:54.003+0000] {logging_mixin.py:137} INFO - [2023-02-18T08:02:54.003+0000] {taskmixin.py:205} WARNING - Dependency <Task(_PythonDecoratedOperator): print_the_context>, log_sql_query already registered for DAG: example_python_operator
[2023-02-18T08:02:54.004+0000] {logging_mixin.py:137} INFO - [2023-02-18T08:02:54.004+0000] {taskmixin.py:205} WARNING - Dependency <Task(_PythonDecoratedOperator): log_sql_query>, print_the_context already registered for DAG: example_python_operator
[2023-02-18T08:02:54.348+0000] {processor.py:753} INFO - DAG(s) dict_keys(['example_python_operator']) retrieved from /home/airflow/.local/lib/python3.7/site-packages/airflow/example_dags/example_python_operator.py
[2023-02-18T08:02:57.575+0000] {logging_mixin.py:137} INFO - [2023-02-18T08:02:57.505+0000] {dag.py:2690} INFO - Sync 1 DAGs
[2023-02-18T08:03:04.500+0000] {logging_mixin.py:137} INFO - [2023-02-18T08:03:04.499+0000] {dag.py:3441} INFO - Setting next_dagrun for example_python_operator to None, run_after=None
[2023-02-18T08:03:06.303+0000] {processor.py:175} INFO - Processing /home/airflow/.local/lib/python3.7/site-packages/airflow/example_dags/example_python_operator.py took 14.381 seconds
[2023-02-18T08:07:12.759+0000] {processor.py:153} INFO - Started process (PID=906) to work on /home/airflow/.local/lib/python3.7/site-packages/airflow/example_dags/example_python_operator.py
[2023-02-18T08:07:12.786+0000] {processor.py:743} INFO - Processing file /home/airflow/.local/lib/python3.7/site-packages/airflow/example_dags/example_python_operator.py for tasks to queue
[2023-02-18T08:07:12.789+0000] {logging_mixin.py:137} INFO - [2023-02-18T08:07:12.789+0000] {dagbag.py:538} INFO - Filling up the DagBag from /home/airflow/.local/lib/python3.7/site-packages/airflow/example_dags/example_python_operator.py
[2023-02-18T08:07:14.588+0000] {logging_mixin.py:137} INFO - [2023-02-18T08:07:14.448+0000] {taskmixin.py:205} WARNING - Dependency <Task(_PythonDecoratedOperator): print_the_context>, log_sql_query already registered for DAG: example_python_operator
[2023-02-18T08:07:14.589+0000] {logging_mixin.py:137} INFO - [2023-02-18T08:07:14.588+0000] {taskmixin.py:205} WARNING - Dependency <Task(_PythonDecoratedOperator): log_sql_query>, print_the_context already registered for DAG: example_python_operator
[2023-02-18T08:07:14.740+0000] {logging_mixin.py:137} INFO - [2023-02-18T08:07:14.739+0000] {taskmixin.py:205} WARNING - Dependency <Task(_PythonDecoratedOperator): print_the_context>, log_sql_query already registered for DAG: example_python_operator
[2023-02-18T08:07:14.741+0000] {logging_mixin.py:137} INFO - [2023-02-18T08:07:14.741+0000] {taskmixin.py:205} WARNING - Dependency <Task(_PythonDecoratedOperator): log_sql_query>, print_the_context already registered for DAG: example_python_operator
[2023-02-18T08:07:14.757+0000] {logging_mixin.py:137} INFO - [2023-02-18T08:07:14.756+0000] {taskmixin.py:205} WARNING - Dependency <Task(_PythonDecoratedOperator): print_the_context>, log_sql_query already registered for DAG: example_python_operator
[2023-02-18T08:07:14.799+0000] {logging_mixin.py:137} INFO - [2023-02-18T08:07:14.798+0000] {taskmixin.py:205} WARNING - Dependency <Task(_PythonDecoratedOperator): log_sql_query>, print_the_context already registered for DAG: example_python_operator
[2023-02-18T08:07:14.870+0000] {logging_mixin.py:137} INFO - [2023-02-18T08:07:14.869+0000] {taskmixin.py:205} WARNING - Dependency <Task(_PythonDecoratedOperator): print_the_context>, log_sql_query already registered for DAG: example_python_operator
[2023-02-18T08:07:14.871+0000] {logging_mixin.py:137} INFO - [2023-02-18T08:07:14.870+0000] {taskmixin.py:205} WARNING - Dependency <Task(_PythonDecoratedOperator): log_sql_query>, print_the_context already registered for DAG: example_python_operator
[2023-02-18T08:07:16.495+0000] {processor.py:753} INFO - DAG(s) dict_keys(['example_python_operator']) retrieved from /home/airflow/.local/lib/python3.7/site-packages/airflow/example_dags/example_python_operator.py
[2023-02-18T08:07:20.096+0000] {logging_mixin.py:137} INFO - [2023-02-18T08:07:20.096+0000] {dag.py:2690} INFO - Sync 1 DAGs
[2023-02-18T08:07:23.498+0000] {logging_mixin.py:137} INFO - [2023-02-18T08:07:23.498+0000] {dag.py:3441} INFO - Setting next_dagrun for example_python_operator to None, run_after=None
[2023-02-18T08:07:26.898+0000] {processor.py:175} INFO - Processing /home/airflow/.local/lib/python3.7/site-packages/airflow/example_dags/example_python_operator.py took 14.159 seconds
[2023-02-18T08:11:16.800+0000] {processor.py:153} INFO - Started process (PID=1050) to work on /home/airflow/.local/lib/python3.7/site-packages/airflow/example_dags/example_python_operator.py
[2023-02-18T08:11:16.871+0000] {processor.py:743} INFO - Processing file /home/airflow/.local/lib/python3.7/site-packages/airflow/example_dags/example_python_operator.py for tasks to queue
[2023-02-18T08:11:16.874+0000] {logging_mixin.py:137} INFO - [2023-02-18T08:11:16.873+0000] {dagbag.py:538} INFO - Filling up the DagBag from /home/airflow/.local/lib/python3.7/site-packages/airflow/example_dags/example_python_operator.py
[2023-02-18T08:11:18.640+0000] {logging_mixin.py:137} INFO - [2023-02-18T08:11:18.640+0000] {taskmixin.py:205} WARNING - Dependency <Task(_PythonDecoratedOperator): print_the_context>, log_sql_query already registered for DAG: example_python_operator
[2023-02-18T08:11:18.641+0000] {logging_mixin.py:137} INFO - [2023-02-18T08:11:18.641+0000] {taskmixin.py:205} WARNING - Dependency <Task(_PythonDecoratedOperator): log_sql_query>, print_the_context already registered for DAG: example_python_operator
[2023-02-18T08:11:18.646+0000] {logging_mixin.py:137} INFO - [2023-02-18T08:11:18.646+0000] {taskmixin.py:205} WARNING - Dependency <Task(_PythonDecoratedOperator): print_the_context>, log_sql_query already registered for DAG: example_python_operator
[2023-02-18T08:11:18.647+0000] {logging_mixin.py:137} INFO - [2023-02-18T08:11:18.647+0000] {taskmixin.py:205} WARNING - Dependency <Task(_PythonDecoratedOperator): log_sql_query>, print_the_context already registered for DAG: example_python_operator
[2023-02-18T08:11:18.653+0000] {logging_mixin.py:137} INFO - [2023-02-18T08:11:18.653+0000] {taskmixin.py:205} WARNING - Dependency <Task(_PythonDecoratedOperator): print_the_context>, log_sql_query already registered for DAG: example_python_operator
[2023-02-18T08:11:18.654+0000] {logging_mixin.py:137} INFO - [2023-02-18T08:11:18.654+0000] {taskmixin.py:205} WARNING - Dependency <Task(_PythonDecoratedOperator): log_sql_query>, print_the_context already registered for DAG: example_python_operator
[2023-02-18T08:11:18.657+0000] {logging_mixin.py:137} INFO - [2023-02-18T08:11:18.657+0000] {taskmixin.py:205} WARNING - Dependency <Task(_PythonDecoratedOperator): print_the_context>, log_sql_query already registered for DAG: example_python_operator
[2023-02-18T08:11:18.658+0000] {logging_mixin.py:137} INFO - [2023-02-18T08:11:18.658+0000] {taskmixin.py:205} WARNING - Dependency <Task(_PythonDecoratedOperator): log_sql_query>, print_the_context already registered for DAG: example_python_operator
[2023-02-18T08:11:18.726+0000] {processor.py:753} INFO - DAG(s) dict_keys(['example_python_operator']) retrieved from /home/airflow/.local/lib/python3.7/site-packages/airflow/example_dags/example_python_operator.py
[2023-02-18T08:11:19.728+0000] {logging_mixin.py:137} INFO - [2023-02-18T08:11:19.727+0000] {dag.py:2690} INFO - Sync 1 DAGs
[2023-02-18T08:11:22.365+0000] {logging_mixin.py:137} INFO - [2023-02-18T08:11:22.365+0000] {dag.py:3441} INFO - Setting next_dagrun for example_python_operator to None, run_after=None
[2023-02-18T08:11:24.554+0000] {processor.py:175} INFO - Processing /home/airflow/.local/lib/python3.7/site-packages/airflow/example_dags/example_python_operator.py took 8.661 seconds
[2023-02-18T08:14:43.696+0000] {processor.py:153} INFO - Started process (PID=1172) to work on /home/airflow/.local/lib/python3.7/site-packages/airflow/example_dags/example_python_operator.py
[2023-02-18T08:14:43.739+0000] {processor.py:743} INFO - Processing file /home/airflow/.local/lib/python3.7/site-packages/airflow/example_dags/example_python_operator.py for tasks to queue
[2023-02-18T08:14:43.819+0000] {logging_mixin.py:137} INFO - [2023-02-18T08:14:43.742+0000] {dagbag.py:538} INFO - Filling up the DagBag from /home/airflow/.local/lib/python3.7/site-packages/airflow/example_dags/example_python_operator.py
[2023-02-18T08:14:45.730+0000] {logging_mixin.py:137} INFO - [2023-02-18T08:14:45.730+0000] {taskmixin.py:205} WARNING - Dependency <Task(_PythonDecoratedOperator): print_the_context>, log_sql_query already registered for DAG: example_python_operator
[2023-02-18T08:14:45.731+0000] {logging_mixin.py:137} INFO - [2023-02-18T08:14:45.731+0000] {taskmixin.py:205} WARNING - Dependency <Task(_PythonDecoratedOperator): log_sql_query>, print_the_context already registered for DAG: example_python_operator
[2023-02-18T08:14:45.899+0000] {logging_mixin.py:137} INFO - [2023-02-18T08:14:45.899+0000] {taskmixin.py:205} WARNING - Dependency <Task(_PythonDecoratedOperator): print_the_context>, log_sql_query already registered for DAG: example_python_operator
[2023-02-18T08:14:45.900+0000] {logging_mixin.py:137} INFO - [2023-02-18T08:14:45.900+0000] {taskmixin.py:205} WARNING - Dependency <Task(_PythonDecoratedOperator): log_sql_query>, print_the_context already registered for DAG: example_python_operator
[2023-02-18T08:14:45.942+0000] {logging_mixin.py:137} INFO - [2023-02-18T08:14:45.942+0000] {taskmixin.py:205} WARNING - Dependency <Task(_PythonDecoratedOperator): print_the_context>, log_sql_query already registered for DAG: example_python_operator
[2023-02-18T08:14:46.028+0000] {logging_mixin.py:137} INFO - [2023-02-18T08:14:45.943+0000] {taskmixin.py:205} WARNING - Dependency <Task(_PythonDecoratedOperator): log_sql_query>, print_the_context already registered for DAG: example_python_operator
[2023-02-18T08:14:46.195+0000] {logging_mixin.py:137} INFO - [2023-02-18T08:14:46.195+0000] {taskmixin.py:205} WARNING - Dependency <Task(_PythonDecoratedOperator): print_the_context>, log_sql_query already registered for DAG: example_python_operator
[2023-02-18T08:14:46.196+0000] {logging_mixin.py:137} INFO - [2023-02-18T08:14:46.196+0000] {taskmixin.py:205} WARNING - Dependency <Task(_PythonDecoratedOperator): log_sql_query>, print_the_context already registered for DAG: example_python_operator
[2023-02-18T08:14:46.657+0000] {processor.py:753} INFO - DAG(s) dict_keys(['example_python_operator']) retrieved from /home/airflow/.local/lib/python3.7/site-packages/airflow/example_dags/example_python_operator.py
[2023-02-18T08:14:49.563+0000] {logging_mixin.py:137} INFO - [2023-02-18T08:14:49.560+0000] {dag.py:2690} INFO - Sync 1 DAGs
[2023-02-18T08:14:51.936+0000] {logging_mixin.py:137} INFO - [2023-02-18T08:14:51.936+0000] {dag.py:3441} INFO - Setting next_dagrun for example_python_operator to None, run_after=None
[2023-02-18T08:14:53.914+0000] {processor.py:175} INFO - Processing /home/airflow/.local/lib/python3.7/site-packages/airflow/example_dags/example_python_operator.py took 10.528 seconds
[2023-02-18T08:17:46.672+0000] {processor.py:153} INFO - Started process (PID=1290) to work on /home/airflow/.local/lib/python3.7/site-packages/airflow/example_dags/example_python_operator.py
[2023-02-18T08:17:46.733+0000] {processor.py:743} INFO - Processing file /home/airflow/.local/lib/python3.7/site-packages/airflow/example_dags/example_python_operator.py for tasks to queue
[2023-02-18T08:17:46.823+0000] {logging_mixin.py:137} INFO - [2023-02-18T08:17:46.822+0000] {dagbag.py:538} INFO - Filling up the DagBag from /home/airflow/.local/lib/python3.7/site-packages/airflow/example_dags/example_python_operator.py
[2023-02-18T08:17:51.639+0000] {logging_mixin.py:137} INFO - [2023-02-18T08:17:51.627+0000] {taskmixin.py:205} WARNING - Dependency <Task(_PythonDecoratedOperator): print_the_context>, log_sql_query already registered for DAG: example_python_operator
[2023-02-18T08:17:51.640+0000] {logging_mixin.py:137} INFO - [2023-02-18T08:17:51.639+0000] {taskmixin.py:205} WARNING - Dependency <Task(_PythonDecoratedOperator): log_sql_query>, print_the_context already registered for DAG: example_python_operator
[2023-02-18T08:17:51.655+0000] {logging_mixin.py:137} INFO - [2023-02-18T08:17:51.643+0000] {taskmixin.py:205} WARNING - Dependency <Task(_PythonDecoratedOperator): print_the_context>, log_sql_query already registered for DAG: example_python_operator
[2023-02-18T08:17:51.656+0000] {logging_mixin.py:137} INFO - [2023-02-18T08:17:51.655+0000] {taskmixin.py:205} WARNING - Dependency <Task(_PythonDecoratedOperator): log_sql_query>, print_the_context already registered for DAG: example_python_operator
[2023-02-18T08:17:51.667+0000] {logging_mixin.py:137} INFO - [2023-02-18T08:17:51.658+0000] {taskmixin.py:205} WARNING - Dependency <Task(_PythonDecoratedOperator): print_the_context>, log_sql_query already registered for DAG: example_python_operator
[2023-02-18T08:17:51.670+0000] {logging_mixin.py:137} INFO - [2023-02-18T08:17:51.668+0000] {taskmixin.py:205} WARNING - Dependency <Task(_PythonDecoratedOperator): log_sql_query>, print_the_context already registered for DAG: example_python_operator
[2023-02-18T08:17:51.674+0000] {logging_mixin.py:137} INFO - [2023-02-18T08:17:51.673+0000] {taskmixin.py:205} WARNING - Dependency <Task(_PythonDecoratedOperator): print_the_context>, log_sql_query already registered for DAG: example_python_operator
[2023-02-18T08:17:51.675+0000] {logging_mixin.py:137} INFO - [2023-02-18T08:17:51.674+0000] {taskmixin.py:205} WARNING - Dependency <Task(_PythonDecoratedOperator): log_sql_query>, print_the_context already registered for DAG: example_python_operator
[2023-02-18T08:17:51.994+0000] {processor.py:753} INFO - DAG(s) dict_keys(['example_python_operator']) retrieved from /home/airflow/.local/lib/python3.7/site-packages/airflow/example_dags/example_python_operator.py
[2023-02-18T08:17:55.927+0000] {logging_mixin.py:137} INFO - [2023-02-18T08:17:55.918+0000] {dag.py:2690} INFO - Sync 1 DAGs
[2023-02-18T08:17:59.963+0000] {logging_mixin.py:137} INFO - [2023-02-18T08:17:59.962+0000] {dag.py:3441} INFO - Setting next_dagrun for example_python_operator to None, run_after=None
[2023-02-18T08:18:02.243+0000] {processor.py:175} INFO - Processing /home/airflow/.local/lib/python3.7/site-packages/airflow/example_dags/example_python_operator.py took 15.968 seconds
[2023-02-18T08:20:57.354+0000] {processor.py:153} INFO - Started process (PID=1405) to work on /home/airflow/.local/lib/python3.7/site-packages/airflow/example_dags/example_python_operator.py
[2023-02-18T08:20:57.378+0000] {processor.py:743} INFO - Processing file /home/airflow/.local/lib/python3.7/site-packages/airflow/example_dags/example_python_operator.py for tasks to queue
[2023-02-18T08:20:57.429+0000] {logging_mixin.py:137} INFO - [2023-02-18T08:20:57.381+0000] {dagbag.py:538} INFO - Filling up the DagBag from /home/airflow/.local/lib/python3.7/site-packages/airflow/example_dags/example_python_operator.py
[2023-02-18T08:20:58.854+0000] {logging_mixin.py:137} INFO - [2023-02-18T08:20:58.853+0000] {taskmixin.py:205} WARNING - Dependency <Task(_PythonDecoratedOperator): print_the_context>, log_sql_query already registered for DAG: example_python_operator
[2023-02-18T08:20:58.854+0000] {logging_mixin.py:137} INFO - [2023-02-18T08:20:58.854+0000] {taskmixin.py:205} WARNING - Dependency <Task(_PythonDecoratedOperator): log_sql_query>, print_the_context already registered for DAG: example_python_operator
[2023-02-18T08:20:58.858+0000] {logging_mixin.py:137} INFO - [2023-02-18T08:20:58.857+0000] {taskmixin.py:205} WARNING - Dependency <Task(_PythonDecoratedOperator): print_the_context>, log_sql_query already registered for DAG: example_python_operator
[2023-02-18T08:20:58.959+0000] {logging_mixin.py:137} INFO - [2023-02-18T08:20:58.858+0000] {taskmixin.py:205} WARNING - Dependency <Task(_PythonDecoratedOperator): log_sql_query>, print_the_context already registered for DAG: example_python_operator
[2023-02-18T08:20:58.962+0000] {logging_mixin.py:137} INFO - [2023-02-18T08:20:58.962+0000] {taskmixin.py:205} WARNING - Dependency <Task(_PythonDecoratedOperator): print_the_context>, log_sql_query already registered for DAG: example_python_operator
[2023-02-18T08:20:58.966+0000] {logging_mixin.py:137} INFO - [2023-02-18T08:20:58.963+0000] {taskmixin.py:205} WARNING - Dependency <Task(_PythonDecoratedOperator): log_sql_query>, print_the_context already registered for DAG: example_python_operator
[2023-02-18T08:20:58.970+0000] {logging_mixin.py:137} INFO - [2023-02-18T08:20:58.969+0000] {taskmixin.py:205} WARNING - Dependency <Task(_PythonDecoratedOperator): print_the_context>, log_sql_query already registered for DAG: example_python_operator
[2023-02-18T08:20:58.971+0000] {logging_mixin.py:137} INFO - [2023-02-18T08:20:58.970+0000] {taskmixin.py:205} WARNING - Dependency <Task(_PythonDecoratedOperator): log_sql_query>, print_the_context already registered for DAG: example_python_operator
[2023-02-18T08:20:59.106+0000] {processor.py:753} INFO - DAG(s) dict_keys(['example_python_operator']) retrieved from /home/airflow/.local/lib/python3.7/site-packages/airflow/example_dags/example_python_operator.py
[2023-02-18T08:21:02.035+0000] {logging_mixin.py:137} INFO - [2023-02-18T08:21:02.035+0000] {dag.py:2690} INFO - Sync 1 DAGs
[2023-02-18T08:21:04.138+0000] {logging_mixin.py:137} INFO - [2023-02-18T08:21:04.138+0000] {dag.py:3441} INFO - Setting next_dagrun for example_python_operator to None, run_after=None
[2023-02-18T08:21:05.614+0000] {processor.py:175} INFO - Processing /home/airflow/.local/lib/python3.7/site-packages/airflow/example_dags/example_python_operator.py took 8.979 seconds
[2023-02-18T08:23:45.937+0000] {processor.py:153} INFO - Started process (PID=1510) to work on /home/airflow/.local/lib/python3.7/site-packages/airflow/example_dags/example_python_operator.py
[2023-02-18T08:23:45.964+0000] {processor.py:743} INFO - Processing file /home/airflow/.local/lib/python3.7/site-packages/airflow/example_dags/example_python_operator.py for tasks to queue
[2023-02-18T08:23:46.261+0000] {logging_mixin.py:137} INFO - [2023-02-18T08:23:46.013+0000] {dagbag.py:538} INFO - Filling up the DagBag from /home/airflow/.local/lib/python3.7/site-packages/airflow/example_dags/example_python_operator.py
[2023-02-18T08:23:48.633+0000] {logging_mixin.py:137} INFO - [2023-02-18T08:23:48.620+0000] {taskmixin.py:205} WARNING - Dependency <Task(_PythonDecoratedOperator): print_the_context>, log_sql_query already registered for DAG: example_python_operator
[2023-02-18T08:23:48.636+0000] {logging_mixin.py:137} INFO - [2023-02-18T08:23:48.635+0000] {taskmixin.py:205} WARNING - Dependency <Task(_PythonDecoratedOperator): log_sql_query>, print_the_context already registered for DAG: example_python_operator
[2023-02-18T08:23:48.780+0000] {logging_mixin.py:137} INFO - [2023-02-18T08:23:48.779+0000] {taskmixin.py:205} WARNING - Dependency <Task(_PythonDecoratedOperator): print_the_context>, log_sql_query already registered for DAG: example_python_operator
[2023-02-18T08:23:48.810+0000] {logging_mixin.py:137} INFO - [2023-02-18T08:23:48.780+0000] {taskmixin.py:205} WARNING - Dependency <Task(_PythonDecoratedOperator): log_sql_query>, print_the_context already registered for DAG: example_python_operator
[2023-02-18T08:23:49.061+0000] {logging_mixin.py:137} INFO - [2023-02-18T08:23:48.813+0000] {taskmixin.py:205} WARNING - Dependency <Task(_PythonDecoratedOperator): print_the_context>, log_sql_query already registered for DAG: example_python_operator
[2023-02-18T08:23:49.156+0000] {logging_mixin.py:137} INFO - [2023-02-18T08:23:49.139+0000] {taskmixin.py:205} WARNING - Dependency <Task(_PythonDecoratedOperator): log_sql_query>, print_the_context already registered for DAG: example_python_operator
[2023-02-18T08:23:49.388+0000] {logging_mixin.py:137} INFO - [2023-02-18T08:23:49.387+0000] {taskmixin.py:205} WARNING - Dependency <Task(_PythonDecoratedOperator): print_the_context>, log_sql_query already registered for DAG: example_python_operator
[2023-02-18T08:23:49.389+0000] {logging_mixin.py:137} INFO - [2023-02-18T08:23:49.388+0000] {taskmixin.py:205} WARNING - Dependency <Task(_PythonDecoratedOperator): log_sql_query>, print_the_context already registered for DAG: example_python_operator
[2023-02-18T08:23:49.833+0000] {processor.py:753} INFO - DAG(s) dict_keys(['example_python_operator']) retrieved from /home/airflow/.local/lib/python3.7/site-packages/airflow/example_dags/example_python_operator.py
[2023-02-18T08:23:53.105+0000] {logging_mixin.py:137} INFO - [2023-02-18T08:23:52.980+0000] {dag.py:2690} INFO - Sync 1 DAGs
[2023-02-18T08:23:55.393+0000] {logging_mixin.py:137} INFO - [2023-02-18T08:23:55.393+0000] {dag.py:3441} INFO - Setting next_dagrun for example_python_operator to None, run_after=None
[2023-02-18T08:23:57.292+0000] {processor.py:175} INFO - Processing /home/airflow/.local/lib/python3.7/site-packages/airflow/example_dags/example_python_operator.py took 11.943 seconds
[2023-02-18T08:27:57.736+0000] {processor.py:153} INFO - Started process (PID=1658) to work on /home/airflow/.local/lib/python3.7/site-packages/airflow/example_dags/example_python_operator.py
[2023-02-18T08:27:57.762+0000] {processor.py:743} INFO - Processing file /home/airflow/.local/lib/python3.7/site-packages/airflow/example_dags/example_python_operator.py for tasks to queue
[2023-02-18T08:27:57.779+0000] {logging_mixin.py:137} INFO - [2023-02-18T08:27:57.778+0000] {dagbag.py:538} INFO - Filling up the DagBag from /home/airflow/.local/lib/python3.7/site-packages/airflow/example_dags/example_python_operator.py
[2023-02-18T08:28:00.563+0000] {logging_mixin.py:137} INFO - [2023-02-18T08:28:00.563+0000] {taskmixin.py:205} WARNING - Dependency <Task(_PythonDecoratedOperator): print_the_context>, log_sql_query already registered for DAG: example_python_operator
[2023-02-18T08:28:00.564+0000] {logging_mixin.py:137} INFO - [2023-02-18T08:28:00.564+0000] {taskmixin.py:205} WARNING - Dependency <Task(_PythonDecoratedOperator): log_sql_query>, print_the_context already registered for DAG: example_python_operator
[2023-02-18T08:28:00.580+0000] {logging_mixin.py:137} INFO - [2023-02-18T08:28:00.579+0000] {taskmixin.py:205} WARNING - Dependency <Task(_PythonDecoratedOperator): print_the_context>, log_sql_query already registered for DAG: example_python_operator
[2023-02-18T08:28:00.581+0000] {logging_mixin.py:137} INFO - [2023-02-18T08:28:00.580+0000] {taskmixin.py:205} WARNING - Dependency <Task(_PythonDecoratedOperator): log_sql_query>, print_the_context already registered for DAG: example_python_operator
[2023-02-18T08:28:00.752+0000] {logging_mixin.py:137} INFO - [2023-02-18T08:28:00.752+0000] {taskmixin.py:205} WARNING - Dependency <Task(_PythonDecoratedOperator): print_the_context>, log_sql_query already registered for DAG: example_python_operator
[2023-02-18T08:28:00.753+0000] {logging_mixin.py:137} INFO - [2023-02-18T08:28:00.753+0000] {taskmixin.py:205} WARNING - Dependency <Task(_PythonDecoratedOperator): log_sql_query>, print_the_context already registered for DAG: example_python_operator
[2023-02-18T08:28:00.800+0000] {logging_mixin.py:137} INFO - [2023-02-18T08:28:00.755+0000] {taskmixin.py:205} WARNING - Dependency <Task(_PythonDecoratedOperator): print_the_context>, log_sql_query already registered for DAG: example_python_operator
[2023-02-18T08:28:00.801+0000] {logging_mixin.py:137} INFO - [2023-02-18T08:28:00.800+0000] {taskmixin.py:205} WARNING - Dependency <Task(_PythonDecoratedOperator): log_sql_query>, print_the_context already registered for DAG: example_python_operator
[2023-02-18T08:28:01.775+0000] {processor.py:753} INFO - DAG(s) dict_keys(['example_python_operator']) retrieved from /home/airflow/.local/lib/python3.7/site-packages/airflow/example_dags/example_python_operator.py
[2023-02-18T08:28:05.861+0000] {logging_mixin.py:137} INFO - [2023-02-18T08:28:05.861+0000] {dag.py:2690} INFO - Sync 1 DAGs
[2023-02-18T08:28:12.121+0000] {logging_mixin.py:137} INFO - [2023-02-18T08:28:12.121+0000] {dag.py:3441} INFO - Setting next_dagrun for example_python_operator to None, run_after=None
[2023-02-18T08:28:13.952+0000] {processor.py:175} INFO - Processing /home/airflow/.local/lib/python3.7/site-packages/airflow/example_dags/example_python_operator.py took 17.356 seconds
[2023-02-18T08:35:24.399+0000] {processor.py:153} INFO - Started process (PID=1890) to work on /home/airflow/.local/lib/python3.7/site-packages/airflow/example_dags/example_python_operator.py
[2023-02-18T08:35:24.972+0000] {processor.py:743} INFO - Processing file /home/airflow/.local/lib/python3.7/site-packages/airflow/example_dags/example_python_operator.py for tasks to queue
[2023-02-18T08:35:24.975+0000] {logging_mixin.py:137} INFO - [2023-02-18T08:35:24.974+0000] {dagbag.py:538} INFO - Filling up the DagBag from /home/airflow/.local/lib/python3.7/site-packages/airflow/example_dags/example_python_operator.py
[2023-02-18T08:35:27.041+0000] {logging_mixin.py:137} INFO - [2023-02-18T08:35:27.040+0000] {taskmixin.py:205} WARNING - Dependency <Task(_PythonDecoratedOperator): print_the_context>, log_sql_query already registered for DAG: example_python_operator
[2023-02-18T08:35:27.074+0000] {logging_mixin.py:137} INFO - [2023-02-18T08:35:27.073+0000] {taskmixin.py:205} WARNING - Dependency <Task(_PythonDecoratedOperator): log_sql_query>, print_the_context already registered for DAG: example_python_operator
[2023-02-18T08:35:27.485+0000] {logging_mixin.py:137} INFO - [2023-02-18T08:35:27.351+0000] {taskmixin.py:205} WARNING - Dependency <Task(_PythonDecoratedOperator): print_the_context>, log_sql_query already registered for DAG: example_python_operator
[2023-02-18T08:35:27.514+0000] {logging_mixin.py:137} INFO - [2023-02-18T08:35:27.486+0000] {taskmixin.py:205} WARNING - Dependency <Task(_PythonDecoratedOperator): log_sql_query>, print_the_context already registered for DAG: example_python_operator
[2023-02-18T08:35:27.518+0000] {logging_mixin.py:137} INFO - [2023-02-18T08:35:27.518+0000] {taskmixin.py:205} WARNING - Dependency <Task(_PythonDecoratedOperator): print_the_context>, log_sql_query already registered for DAG: example_python_operator
[2023-02-18T08:35:27.705+0000] {logging_mixin.py:137} INFO - [2023-02-18T08:35:27.705+0000] {taskmixin.py:205} WARNING - Dependency <Task(_PythonDecoratedOperator): log_sql_query>, print_the_context already registered for DAG: example_python_operator
[2023-02-18T08:35:27.709+0000] {logging_mixin.py:137} INFO - [2023-02-18T08:35:27.708+0000] {taskmixin.py:205} WARNING - Dependency <Task(_PythonDecoratedOperator): print_the_context>, log_sql_query already registered for DAG: example_python_operator
[2023-02-18T08:35:27.710+0000] {logging_mixin.py:137} INFO - [2023-02-18T08:35:27.709+0000] {taskmixin.py:205} WARNING - Dependency <Task(_PythonDecoratedOperator): log_sql_query>, print_the_context already registered for DAG: example_python_operator
[2023-02-18T08:35:30.099+0000] {processor.py:753} INFO - DAG(s) dict_keys(['example_python_operator']) retrieved from /home/airflow/.local/lib/python3.7/site-packages/airflow/example_dags/example_python_operator.py
[2023-02-18T08:35:35.734+0000] {logging_mixin.py:137} INFO - [2023-02-18T08:35:35.733+0000] {dag.py:2690} INFO - Sync 1 DAGs
[2023-02-18T08:35:42.667+0000] {logging_mixin.py:137} INFO - [2023-02-18T08:35:42.667+0000] {dag.py:3441} INFO - Setting next_dagrun for example_python_operator to None, run_after=None
[2023-02-18T08:35:46.033+0000] {processor.py:175} INFO - Processing /home/airflow/.local/lib/python3.7/site-packages/airflow/example_dags/example_python_operator.py took 22.638 seconds
[2023-02-18T08:49:48.673+0000] {processor.py:153} INFO - Started process (PID=2272) to work on /home/airflow/.local/lib/python3.7/site-packages/airflow/example_dags/example_python_operator.py
[2023-02-18T08:49:52.479+0000] {processor.py:743} INFO - Processing file /home/airflow/.local/lib/python3.7/site-packages/airflow/example_dags/example_python_operator.py for tasks to queue
[2023-02-18T08:50:00.759+0000] {logging_mixin.py:137} INFO - [2023-02-18T08:50:00.662+0000] {dagbag.py:538} INFO - Filling up the DagBag from /home/airflow/.local/lib/python3.7/site-packages/airflow/example_dags/example_python_operator.py
[2023-02-18T08:51:08.363+0000] {logging_mixin.py:137} INFO - [2023-02-18T08:51:08.362+0000] {timeout.py:68} ERROR - Process timed out, PID: 2272
[2023-02-18T08:51:11.461+0000] {logging_mixin.py:137} INFO - [2023-02-18T08:51:08.501+0000] {dagbag.py:343} ERROR - Failed to import: /home/airflow/.local/lib/python3.7/site-packages/airflow/example_dags/example_python_operator.py
Traceback (most recent call last):
  File "/home/airflow/.local/lib/python3.7/site-packages/airflow/models/dagbag.py", line 339, in parse
    loader.exec_module(new_module)
  File "<frozen importlib._bootstrap_external>", line 728, in exec_module
  File "<frozen importlib._bootstrap>", line 219, in _call_with_frames_removed
  File "/home/airflow/.local/lib/python3.7/site-packages/airflow/example_dags/example_python_operator.py", line 34, in <module>
    from airflow.decorators import task
  File "/home/airflow/.local/lib/python3.7/site-packages/airflow/decorators/__init__.py", line 21, in <module>
    from airflow.decorators.base import TaskDecorator
  File "/home/airflow/.local/lib/python3.7/site-packages/airflow/decorators/base.py", line 452, in <module>
    class DecoratedMappedOperator(MappedOperator):
  File "/home/airflow/.local/lib/python3.7/site-packages/attr/_next_gen.py", line 146, in wrap
    return do_it(cls, True)
  File "/home/airflow/.local/lib/python3.7/site-packages/attr/_next_gen.py", line 112, in do_it
    match_args=match_args,
  File "/home/airflow/.local/lib/python3.7/site-packages/attr/_make.py", line 1595, in attrs
    return wrap(maybe_cls)
  File "/home/airflow/.local/lib/python3.7/site-packages/attr/_make.py", line 1511, in wrap
    field_transformer,
  File "/home/airflow/.local/lib/python3.7/site-packages/attr/_make.py", line 664, in __init__
    field_transformer,
  File "/home/airflow/.local/lib/python3.7/site-packages/attr/_make.py", line 538, in _transform_attrs
    cls, {a.name for a in own_attrs}
  File "/home/airflow/.local/lib/python3.7/site-packages/attr/_make.py", line 425, in _collect_base_attrs
    a = a.evolve(inherited=True)
  File "/home/airflow/.local/lib/python3.7/site-packages/attr/_make.py", line 2551, in evolve
    new = copy.copy(self)
  File "/usr/local/lib/python3.7/copy.py", line 106, in copy
    return _reconstruct(x, None, *rv)
  File "/usr/local/lib/python3.7/copy.py", line 282, in _reconstruct
    if hasattr(y, '__setstate__'):
  File "/home/airflow/.local/lib/python3.7/site-packages/airflow/dag_processing/manager.py", line 466, in _exit_gracefully
    self.log.debug("Current Stacktrace is: %s", "\n".join(map(str, inspect.stack())))
  File "/usr/local/lib/python3.7/inspect.py", line 1513, in stack
    return getouterframes(sys._getframe(1), context)
  File "/usr/local/lib/python3.7/inspect.py", line 1490, in getouterframes
    frameinfo = (frame,) + getframeinfo(frame, context)
  File "/usr/local/lib/python3.7/inspect.py", line 1464, in getframeinfo
    lines, lnum = findsource(frame)
  File "/usr/local/lib/python3.7/inspect.py", line 780, in findsource
    module = getmodule(object, file)
  File "/usr/local/lib/python3.7/inspect.py", line 739, in getmodule
    f = getabsfile(module)
  File "/usr/local/lib/python3.7/inspect.py", line 708, in getabsfile
    _filename = getsourcefile(object) or getfile(object)
  File "/usr/local/lib/python3.7/inspect.py", line 693, in getsourcefile
    if os.path.exists(filename):
  File "/usr/local/lib/python3.7/genericpath.py", line 19, in exists
    os.stat(path)
  File "/home/airflow/.local/lib/python3.7/site-packages/airflow/utils/timeout.py", line 69, in handle_timeout
    raise AirflowTaskTimeout(self.error_message)
airflow.exceptions.AirflowTaskTimeout: DagBag import timeout for /home/airflow/.local/lib/python3.7/site-packages/airflow/example_dags/example_python_operator.py after 30.0s.
Please take a look at these docs to improve your DAG import time:
* https://airflow.apache.org/docs/apache-airflow/2.5.1/best-practices.html#top-level-python-code
* https://airflow.apache.org/docs/apache-airflow/2.5.1/best-practices.html#reducing-dag-complexity, PID: 2272
[2023-02-18T08:51:11.839+0000] {processor.py:755} WARNING - No viable dags retrieved from /home/airflow/.local/lib/python3.7/site-packages/airflow/example_dags/example_python_operator.py
[2023-02-18T08:51:26.037+0000] {processor.py:175} INFO - Processing /home/airflow/.local/lib/python3.7/site-packages/airflow/example_dags/example_python_operator.py took 101.311 seconds
[2023-02-18T09:52:43.456+0000] {processor.py:153} INFO - Started process (PID=202) to work on /home/airflow/.local/lib/python3.7/site-packages/airflow/example_dags/example_python_operator.py
[2023-02-18T09:52:43.487+0000] {processor.py:743} INFO - Processing file /home/airflow/.local/lib/python3.7/site-packages/airflow/example_dags/example_python_operator.py for tasks to queue
[2023-02-18T09:52:43.489+0000] {logging_mixin.py:137} INFO - [2023-02-18T09:52:43.488+0000] {dagbag.py:538} INFO - Filling up the DagBag from /home/airflow/.local/lib/python3.7/site-packages/airflow/example_dags/example_python_operator.py
[2023-02-18T09:52:44.268+0000] {logging_mixin.py:137} INFO - [2023-02-18T09:52:44.268+0000] {taskmixin.py:205} WARNING - Dependency <Task(_PythonDecoratedOperator): print_the_context>, log_sql_query already registered for DAG: example_python_operator
[2023-02-18T09:52:44.283+0000] {logging_mixin.py:137} INFO - [2023-02-18T09:52:44.282+0000] {taskmixin.py:205} WARNING - Dependency <Task(_PythonDecoratedOperator): log_sql_query>, print_the_context already registered for DAG: example_python_operator
[2023-02-18T09:52:44.285+0000] {logging_mixin.py:137} INFO - [2023-02-18T09:52:44.285+0000] {taskmixin.py:205} WARNING - Dependency <Task(_PythonDecoratedOperator): print_the_context>, log_sql_query already registered for DAG: example_python_operator
[2023-02-18T09:52:44.286+0000] {logging_mixin.py:137} INFO - [2023-02-18T09:52:44.286+0000] {taskmixin.py:205} WARNING - Dependency <Task(_PythonDecoratedOperator): log_sql_query>, print_the_context already registered for DAG: example_python_operator
[2023-02-18T09:52:44.395+0000] {logging_mixin.py:137} INFO - [2023-02-18T09:52:44.392+0000] {taskmixin.py:205} WARNING - Dependency <Task(_PythonDecoratedOperator): print_the_context>, log_sql_query already registered for DAG: example_python_operator
[2023-02-18T09:52:44.396+0000] {logging_mixin.py:137} INFO - [2023-02-18T09:52:44.396+0000] {taskmixin.py:205} WARNING - Dependency <Task(_PythonDecoratedOperator): log_sql_query>, print_the_context already registered for DAG: example_python_operator
[2023-02-18T09:52:44.399+0000] {logging_mixin.py:137} INFO - [2023-02-18T09:52:44.398+0000] {taskmixin.py:205} WARNING - Dependency <Task(_PythonDecoratedOperator): print_the_context>, log_sql_query already registered for DAG: example_python_operator
[2023-02-18T09:52:44.440+0000] {logging_mixin.py:137} INFO - [2023-02-18T09:52:44.439+0000] {taskmixin.py:205} WARNING - Dependency <Task(_PythonDecoratedOperator): log_sql_query>, print_the_context already registered for DAG: example_python_operator
[2023-02-18T09:52:45.001+0000] {processor.py:753} INFO - DAG(s) dict_keys(['example_python_operator']) retrieved from /home/airflow/.local/lib/python3.7/site-packages/airflow/example_dags/example_python_operator.py
[2023-02-18T09:52:49.144+0000] {logging_mixin.py:137} INFO - [2023-02-18T09:52:49.143+0000] {dag.py:2690} INFO - Sync 1 DAGs
[2023-02-18T09:52:50.301+0000] {logging_mixin.py:137} INFO - [2023-02-18T09:52:50.301+0000] {dag.py:3441} INFO - Setting next_dagrun for example_python_operator to None, run_after=None
[2023-02-18T09:52:51.651+0000] {processor.py:175} INFO - Processing /home/airflow/.local/lib/python3.7/site-packages/airflow/example_dags/example_python_operator.py took 8.330 seconds
[2023-02-18T09:54:04.601+0000] {processor.py:153} INFO - Started process (PID=283) to work on /home/airflow/.local/lib/python3.7/site-packages/airflow/example_dags/example_python_operator.py
[2023-02-18T09:54:04.618+0000] {processor.py:743} INFO - Processing file /home/airflow/.local/lib/python3.7/site-packages/airflow/example_dags/example_python_operator.py for tasks to queue
[2023-02-18T09:54:04.620+0000] {logging_mixin.py:137} INFO - [2023-02-18T09:54:04.620+0000] {dagbag.py:538} INFO - Filling up the DagBag from /home/airflow/.local/lib/python3.7/site-packages/airflow/example_dags/example_python_operator.py
[2023-02-18T09:54:05.131+0000] {logging_mixin.py:137} INFO - [2023-02-18T09:54:05.130+0000] {taskmixin.py:205} WARNING - Dependency <Task(_PythonDecoratedOperator): print_the_context>, log_sql_query already registered for DAG: example_python_operator
[2023-02-18T09:54:05.132+0000] {logging_mixin.py:137} INFO - [2023-02-18T09:54:05.131+0000] {taskmixin.py:205} WARNING - Dependency <Task(_PythonDecoratedOperator): log_sql_query>, print_the_context already registered for DAG: example_python_operator
[2023-02-18T09:54:05.162+0000] {logging_mixin.py:137} INFO - [2023-02-18T09:54:05.162+0000] {taskmixin.py:205} WARNING - Dependency <Task(_PythonDecoratedOperator): print_the_context>, log_sql_query already registered for DAG: example_python_operator
[2023-02-18T09:54:05.163+0000] {logging_mixin.py:137} INFO - [2023-02-18T09:54:05.162+0000] {taskmixin.py:205} WARNING - Dependency <Task(_PythonDecoratedOperator): log_sql_query>, print_the_context already registered for DAG: example_python_operator
[2023-02-18T09:54:05.177+0000] {logging_mixin.py:137} INFO - [2023-02-18T09:54:05.176+0000] {taskmixin.py:205} WARNING - Dependency <Task(_PythonDecoratedOperator): print_the_context>, log_sql_query already registered for DAG: example_python_operator
[2023-02-18T09:54:05.177+0000] {logging_mixin.py:137} INFO - [2023-02-18T09:54:05.177+0000] {taskmixin.py:205} WARNING - Dependency <Task(_PythonDecoratedOperator): log_sql_query>, print_the_context already registered for DAG: example_python_operator
[2023-02-18T09:54:05.180+0000] {logging_mixin.py:137} INFO - [2023-02-18T09:54:05.179+0000] {taskmixin.py:205} WARNING - Dependency <Task(_PythonDecoratedOperator): print_the_context>, log_sql_query already registered for DAG: example_python_operator
[2023-02-18T09:54:05.215+0000] {logging_mixin.py:137} INFO - [2023-02-18T09:54:05.214+0000] {taskmixin.py:205} WARNING - Dependency <Task(_PythonDecoratedOperator): log_sql_query>, print_the_context already registered for DAG: example_python_operator
[2023-02-18T09:54:05.638+0000] {processor.py:753} INFO - DAG(s) dict_keys(['example_python_operator']) retrieved from /home/airflow/.local/lib/python3.7/site-packages/airflow/example_dags/example_python_operator.py
[2023-02-18T09:54:06.305+0000] {logging_mixin.py:137} INFO - [2023-02-18T09:54:06.293+0000] {dag.py:2690} INFO - Sync 1 DAGs
[2023-02-18T09:54:07.495+0000] {logging_mixin.py:137} INFO - [2023-02-18T09:54:07.494+0000] {dag.py:3441} INFO - Setting next_dagrun for example_python_operator to None, run_after=None
[2023-02-18T09:54:08.646+0000] {processor.py:175} INFO - Processing /home/airflow/.local/lib/python3.7/site-packages/airflow/example_dags/example_python_operator.py took 4.114 seconds
[2023-02-18T09:55:38.904+0000] {processor.py:153} INFO - Started process (PID=360) to work on /home/airflow/.local/lib/python3.7/site-packages/airflow/example_dags/example_python_operator.py
[2023-02-18T09:55:38.950+0000] {processor.py:743} INFO - Processing file /home/airflow/.local/lib/python3.7/site-packages/airflow/example_dags/example_python_operator.py for tasks to queue
[2023-02-18T09:55:38.952+0000] {logging_mixin.py:137} INFO - [2023-02-18T09:55:38.952+0000] {dagbag.py:538} INFO - Filling up the DagBag from /home/airflow/.local/lib/python3.7/site-packages/airflow/example_dags/example_python_operator.py
[2023-02-18T09:55:39.655+0000] {logging_mixin.py:137} INFO - [2023-02-18T09:55:39.655+0000] {taskmixin.py:205} WARNING - Dependency <Task(_PythonDecoratedOperator): print_the_context>, log_sql_query already registered for DAG: example_python_operator
[2023-02-18T09:55:39.656+0000] {logging_mixin.py:137} INFO - [2023-02-18T09:55:39.656+0000] {taskmixin.py:205} WARNING - Dependency <Task(_PythonDecoratedOperator): log_sql_query>, print_the_context already registered for DAG: example_python_operator
[2023-02-18T09:55:39.671+0000] {logging_mixin.py:137} INFO - [2023-02-18T09:55:39.659+0000] {taskmixin.py:205} WARNING - Dependency <Task(_PythonDecoratedOperator): print_the_context>, log_sql_query already registered for DAG: example_python_operator
[2023-02-18T09:55:39.672+0000] {logging_mixin.py:137} INFO - [2023-02-18T09:55:39.671+0000] {taskmixin.py:205} WARNING - Dependency <Task(_PythonDecoratedOperator): log_sql_query>, print_the_context already registered for DAG: example_python_operator
[2023-02-18T09:55:39.674+0000] {logging_mixin.py:137} INFO - [2023-02-18T09:55:39.674+0000] {taskmixin.py:205} WARNING - Dependency <Task(_PythonDecoratedOperator): print_the_context>, log_sql_query already registered for DAG: example_python_operator
[2023-02-18T09:55:39.674+0000] {logging_mixin.py:137} INFO - [2023-02-18T09:55:39.674+0000] {taskmixin.py:205} WARNING - Dependency <Task(_PythonDecoratedOperator): log_sql_query>, print_the_context already registered for DAG: example_python_operator
[2023-02-18T09:55:39.706+0000] {logging_mixin.py:137} INFO - [2023-02-18T09:55:39.705+0000] {taskmixin.py:205} WARNING - Dependency <Task(_PythonDecoratedOperator): print_the_context>, log_sql_query already registered for DAG: example_python_operator
[2023-02-18T09:55:39.769+0000] {logging_mixin.py:137} INFO - [2023-02-18T09:55:39.722+0000] {taskmixin.py:205} WARNING - Dependency <Task(_PythonDecoratedOperator): log_sql_query>, print_the_context already registered for DAG: example_python_operator
[2023-02-18T09:55:39.919+0000] {processor.py:753} INFO - DAG(s) dict_keys(['example_python_operator']) retrieved from /home/airflow/.local/lib/python3.7/site-packages/airflow/example_dags/example_python_operator.py
[2023-02-18T09:55:40.917+0000] {logging_mixin.py:137} INFO - [2023-02-18T09:55:40.917+0000] {dag.py:2690} INFO - Sync 1 DAGs
[2023-02-18T09:55:41.958+0000] {logging_mixin.py:137} INFO - [2023-02-18T09:55:41.957+0000] {dag.py:3441} INFO - Setting next_dagrun for example_python_operator to None, run_after=None
[2023-02-18T09:55:43.072+0000] {processor.py:175} INFO - Processing /home/airflow/.local/lib/python3.7/site-packages/airflow/example_dags/example_python_operator.py took 4.331 seconds
[2023-02-18T09:59:49.046+0000] {processor.py:153} INFO - Started process (PID=526) to work on /home/airflow/.local/lib/python3.7/site-packages/airflow/example_dags/example_python_operator.py
[2023-02-18T09:59:49.157+0000] {processor.py:743} INFO - Processing file /home/airflow/.local/lib/python3.7/site-packages/airflow/example_dags/example_python_operator.py for tasks to queue
[2023-02-18T09:59:49.160+0000] {logging_mixin.py:137} INFO - [2023-02-18T09:59:49.159+0000] {dagbag.py:538} INFO - Filling up the DagBag from /home/airflow/.local/lib/python3.7/site-packages/airflow/example_dags/example_python_operator.py
[2023-02-18T09:59:50.366+0000] {logging_mixin.py:137} INFO - [2023-02-18T09:59:50.366+0000] {taskmixin.py:205} WARNING - Dependency <Task(_PythonDecoratedOperator): print_the_context>, log_sql_query already registered for DAG: example_python_operator
[2023-02-18T09:59:50.367+0000] {logging_mixin.py:137} INFO - [2023-02-18T09:59:50.367+0000] {taskmixin.py:205} WARNING - Dependency <Task(_PythonDecoratedOperator): log_sql_query>, print_the_context already registered for DAG: example_python_operator
[2023-02-18T09:59:50.370+0000] {logging_mixin.py:137} INFO - [2023-02-18T09:59:50.369+0000] {taskmixin.py:205} WARNING - Dependency <Task(_PythonDecoratedOperator): print_the_context>, log_sql_query already registered for DAG: example_python_operator
[2023-02-18T09:59:50.413+0000] {logging_mixin.py:137} INFO - [2023-02-18T09:59:50.413+0000] {taskmixin.py:205} WARNING - Dependency <Task(_PythonDecoratedOperator): log_sql_query>, print_the_context already registered for DAG: example_python_operator
[2023-02-18T09:59:50.494+0000] {logging_mixin.py:137} INFO - [2023-02-18T09:59:50.494+0000] {taskmixin.py:205} WARNING - Dependency <Task(_PythonDecoratedOperator): print_the_context>, log_sql_query already registered for DAG: example_python_operator
[2023-02-18T09:59:50.495+0000] {logging_mixin.py:137} INFO - [2023-02-18T09:59:50.494+0000] {taskmixin.py:205} WARNING - Dependency <Task(_PythonDecoratedOperator): log_sql_query>, print_the_context already registered for DAG: example_python_operator
[2023-02-18T09:59:50.498+0000] {logging_mixin.py:137} INFO - [2023-02-18T09:59:50.497+0000] {taskmixin.py:205} WARNING - Dependency <Task(_PythonDecoratedOperator): print_the_context>, log_sql_query already registered for DAG: example_python_operator
[2023-02-18T09:59:50.749+0000] {logging_mixin.py:137} INFO - [2023-02-18T09:59:50.749+0000] {taskmixin.py:205} WARNING - Dependency <Task(_PythonDecoratedOperator): log_sql_query>, print_the_context already registered for DAG: example_python_operator
[2023-02-18T09:59:51.008+0000] {processor.py:753} INFO - DAG(s) dict_keys(['example_python_operator']) retrieved from /home/airflow/.local/lib/python3.7/site-packages/airflow/example_dags/example_python_operator.py
[2023-02-18T09:59:51.817+0000] {logging_mixin.py:137} INFO - [2023-02-18T09:59:51.817+0000] {dag.py:2690} INFO - Sync 1 DAGs
[2023-02-18T09:59:52.950+0000] {logging_mixin.py:137} INFO - [2023-02-18T09:59:52.950+0000] {dag.py:3441} INFO - Setting next_dagrun for example_python_operator to None, run_after=None
[2023-02-18T09:59:54.438+0000] {processor.py:175} INFO - Processing /home/airflow/.local/lib/python3.7/site-packages/airflow/example_dags/example_python_operator.py took 5.430 seconds
[2023-02-18T10:01:40.343+0000] {processor.py:153} INFO - Started process (PID=603) to work on /home/airflow/.local/lib/python3.7/site-packages/airflow/example_dags/example_python_operator.py
[2023-02-18T10:01:40.357+0000] {processor.py:743} INFO - Processing file /home/airflow/.local/lib/python3.7/site-packages/airflow/example_dags/example_python_operator.py for tasks to queue
[2023-02-18T10:01:40.359+0000] {logging_mixin.py:137} INFO - [2023-02-18T10:01:40.359+0000] {dagbag.py:538} INFO - Filling up the DagBag from /home/airflow/.local/lib/python3.7/site-packages/airflow/example_dags/example_python_operator.py
[2023-02-18T10:01:41.080+0000] {logging_mixin.py:137} INFO - [2023-02-18T10:01:41.080+0000] {taskmixin.py:205} WARNING - Dependency <Task(_PythonDecoratedOperator): print_the_context>, log_sql_query already registered for DAG: example_python_operator
[2023-02-18T10:01:41.093+0000] {logging_mixin.py:137} INFO - [2023-02-18T10:01:41.081+0000] {taskmixin.py:205} WARNING - Dependency <Task(_PythonDecoratedOperator): log_sql_query>, print_the_context already registered for DAG: example_python_operator
[2023-02-18T10:01:41.096+0000] {logging_mixin.py:137} INFO - [2023-02-18T10:01:41.095+0000] {taskmixin.py:205} WARNING - Dependency <Task(_PythonDecoratedOperator): print_the_context>, log_sql_query already registered for DAG: example_python_operator
[2023-02-18T10:01:41.096+0000] {logging_mixin.py:137} INFO - [2023-02-18T10:01:41.096+0000] {taskmixin.py:205} WARNING - Dependency <Task(_PythonDecoratedOperator): log_sql_query>, print_the_context already registered for DAG: example_python_operator
[2023-02-18T10:01:41.158+0000] {logging_mixin.py:137} INFO - [2023-02-18T10:01:41.158+0000] {taskmixin.py:205} WARNING - Dependency <Task(_PythonDecoratedOperator): print_the_context>, log_sql_query already registered for DAG: example_python_operator
[2023-02-18T10:01:41.159+0000] {logging_mixin.py:137} INFO - [2023-02-18T10:01:41.159+0000] {taskmixin.py:205} WARNING - Dependency <Task(_PythonDecoratedOperator): log_sql_query>, print_the_context already registered for DAG: example_python_operator
[2023-02-18T10:01:41.161+0000] {logging_mixin.py:137} INFO - [2023-02-18T10:01:41.161+0000] {taskmixin.py:205} WARNING - Dependency <Task(_PythonDecoratedOperator): print_the_context>, log_sql_query already registered for DAG: example_python_operator
[2023-02-18T10:01:41.239+0000] {logging_mixin.py:137} INFO - [2023-02-18T10:01:41.238+0000] {taskmixin.py:205} WARNING - Dependency <Task(_PythonDecoratedOperator): log_sql_query>, print_the_context already registered for DAG: example_python_operator
[2023-02-18T10:01:41.752+0000] {processor.py:753} INFO - DAG(s) dict_keys(['example_python_operator']) retrieved from /home/airflow/.local/lib/python3.7/site-packages/airflow/example_dags/example_python_operator.py
[2023-02-18T10:01:42.875+0000] {logging_mixin.py:137} INFO - [2023-02-18T10:01:42.874+0000] {dag.py:2690} INFO - Sync 1 DAGs
[2023-02-18T10:01:43.702+0000] {logging_mixin.py:137} INFO - [2023-02-18T10:01:43.701+0000] {dag.py:3441} INFO - Setting next_dagrun for example_python_operator to None, run_after=None
[2023-02-18T10:01:44.719+0000] {processor.py:175} INFO - Processing /home/airflow/.local/lib/python3.7/site-packages/airflow/example_dags/example_python_operator.py took 4.555 seconds
[2023-02-18T10:06:06.650+0000] {processor.py:153} INFO - Started process (PID=777) to work on /home/airflow/.local/lib/python3.7/site-packages/airflow/example_dags/example_python_operator.py
[2023-02-18T10:06:06.731+0000] {processor.py:743} INFO - Processing file /home/airflow/.local/lib/python3.7/site-packages/airflow/example_dags/example_python_operator.py for tasks to queue
[2023-02-18T10:06:06.733+0000] {logging_mixin.py:137} INFO - [2023-02-18T10:06:06.733+0000] {dagbag.py:538} INFO - Filling up the DagBag from /home/airflow/.local/lib/python3.7/site-packages/airflow/example_dags/example_python_operator.py
[2023-02-18T10:06:09.218+0000] {logging_mixin.py:137} INFO - [2023-02-18T10:06:09.217+0000] {taskmixin.py:205} WARNING - Dependency <Task(_PythonDecoratedOperator): print_the_context>, log_sql_query already registered for DAG: example_python_operator
[2023-02-18T10:06:09.219+0000] {logging_mixin.py:137} INFO - [2023-02-18T10:06:09.218+0000] {taskmixin.py:205} WARNING - Dependency <Task(_PythonDecoratedOperator): log_sql_query>, print_the_context already registered for DAG: example_python_operator
[2023-02-18T10:06:09.363+0000] {logging_mixin.py:137} INFO - [2023-02-18T10:06:09.363+0000] {taskmixin.py:205} WARNING - Dependency <Task(_PythonDecoratedOperator): print_the_context>, log_sql_query already registered for DAG: example_python_operator
[2023-02-18T10:06:09.364+0000] {logging_mixin.py:137} INFO - [2023-02-18T10:06:09.363+0000] {taskmixin.py:205} WARNING - Dependency <Task(_PythonDecoratedOperator): log_sql_query>, print_the_context already registered for DAG: example_python_operator
[2023-02-18T10:06:09.568+0000] {logging_mixin.py:137} INFO - [2023-02-18T10:06:09.366+0000] {taskmixin.py:205} WARNING - Dependency <Task(_PythonDecoratedOperator): print_the_context>, log_sql_query already registered for DAG: example_python_operator
[2023-02-18T10:06:09.570+0000] {logging_mixin.py:137} INFO - [2023-02-18T10:06:09.569+0000] {taskmixin.py:205} WARNING - Dependency <Task(_PythonDecoratedOperator): log_sql_query>, print_the_context already registered for DAG: example_python_operator
[2023-02-18T10:06:09.648+0000] {logging_mixin.py:137} INFO - [2023-02-18T10:06:09.647+0000] {taskmixin.py:205} WARNING - Dependency <Task(_PythonDecoratedOperator): print_the_context>, log_sql_query already registered for DAG: example_python_operator
[2023-02-18T10:06:09.679+0000] {logging_mixin.py:137} INFO - [2023-02-18T10:06:09.678+0000] {taskmixin.py:205} WARNING - Dependency <Task(_PythonDecoratedOperator): log_sql_query>, print_the_context already registered for DAG: example_python_operator
[2023-02-18T10:06:10.676+0000] {processor.py:753} INFO - DAG(s) dict_keys(['example_python_operator']) retrieved from /home/airflow/.local/lib/python3.7/site-packages/airflow/example_dags/example_python_operator.py
[2023-02-18T10:06:13.093+0000] {logging_mixin.py:137} INFO - [2023-02-18T10:06:13.093+0000] {dag.py:2690} INFO - Sync 1 DAGs
[2023-02-18T10:06:18.262+0000] {logging_mixin.py:137} INFO - [2023-02-18T10:06:18.261+0000] {dag.py:3441} INFO - Setting next_dagrun for example_python_operator to None, run_after=None
[2023-02-18T10:06:19.483+0000] {processor.py:175} INFO - Processing /home/airflow/.local/lib/python3.7/site-packages/airflow/example_dags/example_python_operator.py took 12.880 seconds
[2023-02-18T10:08:46.386+0000] {processor.py:153} INFO - Started process (PID=878) to work on /home/airflow/.local/lib/python3.7/site-packages/airflow/example_dags/example_python_operator.py
[2023-02-18T10:08:46.511+0000] {processor.py:743} INFO - Processing file /home/airflow/.local/lib/python3.7/site-packages/airflow/example_dags/example_python_operator.py for tasks to queue
[2023-02-18T10:08:46.541+0000] {logging_mixin.py:137} INFO - [2023-02-18T10:08:46.541+0000] {dagbag.py:538} INFO - Filling up the DagBag from /home/airflow/.local/lib/python3.7/site-packages/airflow/example_dags/example_python_operator.py
[2023-02-18T10:08:48.079+0000] {logging_mixin.py:137} INFO - [2023-02-18T10:08:48.079+0000] {taskmixin.py:205} WARNING - Dependency <Task(_PythonDecoratedOperator): print_the_context>, log_sql_query already registered for DAG: example_python_operator
[2023-02-18T10:08:48.080+0000] {logging_mixin.py:137} INFO - [2023-02-18T10:08:48.080+0000] {taskmixin.py:205} WARNING - Dependency <Task(_PythonDecoratedOperator): log_sql_query>, print_the_context already registered for DAG: example_python_operator
[2023-02-18T10:08:48.178+0000] {logging_mixin.py:137} INFO - [2023-02-18T10:08:48.082+0000] {taskmixin.py:205} WARNING - Dependency <Task(_PythonDecoratedOperator): print_the_context>, log_sql_query already registered for DAG: example_python_operator
[2023-02-18T10:08:48.223+0000] {logging_mixin.py:137} INFO - [2023-02-18T10:08:48.222+0000] {taskmixin.py:205} WARNING - Dependency <Task(_PythonDecoratedOperator): log_sql_query>, print_the_context already registered for DAG: example_python_operator
[2023-02-18T10:08:48.225+0000] {logging_mixin.py:137} INFO - [2023-02-18T10:08:48.225+0000] {taskmixin.py:205} WARNING - Dependency <Task(_PythonDecoratedOperator): print_the_context>, log_sql_query already registered for DAG: example_python_operator
[2023-02-18T10:08:48.247+0000] {logging_mixin.py:137} INFO - [2023-02-18T10:08:48.226+0000] {taskmixin.py:205} WARNING - Dependency <Task(_PythonDecoratedOperator): log_sql_query>, print_the_context already registered for DAG: example_python_operator
[2023-02-18T10:08:48.424+0000] {logging_mixin.py:137} INFO - [2023-02-18T10:08:48.423+0000] {taskmixin.py:205} WARNING - Dependency <Task(_PythonDecoratedOperator): print_the_context>, log_sql_query already registered for DAG: example_python_operator
[2023-02-18T10:08:48.425+0000] {logging_mixin.py:137} INFO - [2023-02-18T10:08:48.424+0000] {taskmixin.py:205} WARNING - Dependency <Task(_PythonDecoratedOperator): log_sql_query>, print_the_context already registered for DAG: example_python_operator
[2023-02-18T10:08:48.907+0000] {processor.py:753} INFO - DAG(s) dict_keys(['example_python_operator']) retrieved from /home/airflow/.local/lib/python3.7/site-packages/airflow/example_dags/example_python_operator.py
[2023-02-18T10:08:51.576+0000] {logging_mixin.py:137} INFO - [2023-02-18T10:08:51.575+0000] {dag.py:2690} INFO - Sync 1 DAGs
[2023-02-18T10:08:54.298+0000] {logging_mixin.py:137} INFO - [2023-02-18T10:08:54.297+0000] {dag.py:3441} INFO - Setting next_dagrun for example_python_operator to None, run_after=None
[2023-02-18T10:08:56.690+0000] {processor.py:175} INFO - Processing /home/airflow/.local/lib/python3.7/site-packages/airflow/example_dags/example_python_operator.py took 10.661 seconds
