[2023-02-18T07:49:31.738+0000] {processor.py:153} INFO - Started process (PID=154) to work on /home/airflow/.local/lib/python3.7/site-packages/airflow/example_dags/example_task_group_decorator.py
[2023-02-18T07:49:31.741+0000] {processor.py:743} INFO - Processing file /home/airflow/.local/lib/python3.7/site-packages/airflow/example_dags/example_task_group_decorator.py for tasks to queue
[2023-02-18T07:49:31.940+0000] {logging_mixin.py:137} INFO - [2023-02-18T07:49:31.939+0000] {dagbag.py:538} INFO - Filling up the DagBag from /home/airflow/.local/lib/python3.7/site-packages/airflow/example_dags/example_task_group_decorator.py
[2023-02-18T07:49:33.337+0000] {processor.py:753} INFO - DAG(s) dict_keys(['example_task_group_decorator']) retrieved from /home/airflow/.local/lib/python3.7/site-packages/airflow/example_dags/example_task_group_decorator.py
[2023-02-18T07:49:33.980+0000] {logging_mixin.py:137} INFO - [2023-02-18T07:49:33.980+0000] {dag.py:2690} INFO - Sync 1 DAGs
[2023-02-18T07:49:34.492+0000] {logging_mixin.py:137} INFO - [2023-02-18T07:49:34.491+0000] {dag.py:3441} INFO - Setting next_dagrun for example_task_group_decorator to 2023-02-17T07:49:34.432118+00:00, run_after=2023-02-18T07:49:34.432118+00:00
[2023-02-18T07:49:35.139+0000] {processor.py:175} INFO - Processing /home/airflow/.local/lib/python3.7/site-packages/airflow/example_dags/example_task_group_decorator.py took 3.636 seconds
[2023-02-18T07:51:23.746+0000] {processor.py:153} INFO - Started process (PID=250) to work on /home/airflow/.local/lib/python3.7/site-packages/airflow/example_dags/example_task_group_decorator.py
[2023-02-18T07:51:23.792+0000] {processor.py:743} INFO - Processing file /home/airflow/.local/lib/python3.7/site-packages/airflow/example_dags/example_task_group_decorator.py for tasks to queue
[2023-02-18T07:51:23.794+0000] {logging_mixin.py:137} INFO - [2023-02-18T07:51:23.793+0000] {dagbag.py:538} INFO - Filling up the DagBag from /home/airflow/.local/lib/python3.7/site-packages/airflow/example_dags/example_task_group_decorator.py
[2023-02-18T07:51:24.506+0000] {processor.py:753} INFO - DAG(s) dict_keys(['example_task_group_decorator']) retrieved from /home/airflow/.local/lib/python3.7/site-packages/airflow/example_dags/example_task_group_decorator.py
[2023-02-18T07:51:25.088+0000] {logging_mixin.py:137} INFO - [2023-02-18T07:51:25.032+0000] {dag.py:2690} INFO - Sync 1 DAGs
[2023-02-18T07:51:25.913+0000] {logging_mixin.py:137} INFO - [2023-02-18T07:51:25.912+0000] {dag.py:3441} INFO - Setting next_dagrun for example_task_group_decorator to 2023-02-17T07:51:25.899436+00:00, run_after=2023-02-18T07:51:25.899436+00:00
[2023-02-18T07:51:26.642+0000] {processor.py:175} INFO - Processing /home/airflow/.local/lib/python3.7/site-packages/airflow/example_dags/example_task_group_decorator.py took 3.072 seconds
[2023-02-18T07:53:03.811+0000] {processor.py:153} INFO - Started process (PID=342) to work on /home/airflow/.local/lib/python3.7/site-packages/airflow/example_dags/example_task_group_decorator.py
[2023-02-18T07:53:03.825+0000] {processor.py:743} INFO - Processing file /home/airflow/.local/lib/python3.7/site-packages/airflow/example_dags/example_task_group_decorator.py for tasks to queue
[2023-02-18T07:53:03.828+0000] {logging_mixin.py:137} INFO - [2023-02-18T07:53:03.827+0000] {dagbag.py:538} INFO - Filling up the DagBag from /home/airflow/.local/lib/python3.7/site-packages/airflow/example_dags/example_task_group_decorator.py
[2023-02-18T07:53:04.406+0000] {processor.py:753} INFO - DAG(s) dict_keys(['example_task_group_decorator']) retrieved from /home/airflow/.local/lib/python3.7/site-packages/airflow/example_dags/example_task_group_decorator.py
[2023-02-18T07:53:04.966+0000] {logging_mixin.py:137} INFO - [2023-02-18T07:53:04.965+0000] {dag.py:2690} INFO - Sync 1 DAGs
[2023-02-18T07:53:05.645+0000] {logging_mixin.py:137} INFO - [2023-02-18T07:53:05.644+0000] {dag.py:3441} INFO - Setting next_dagrun for example_task_group_decorator to 2023-02-17T07:53:05.643996+00:00, run_after=2023-02-18T07:53:05.643996+00:00
[2023-02-18T07:53:06.159+0000] {processor.py:175} INFO - Processing /home/airflow/.local/lib/python3.7/site-packages/airflow/example_dags/example_task_group_decorator.py took 2.474 seconds
[2023-02-18T07:54:30.107+0000] {processor.py:153} INFO - Started process (PID=422) to work on /home/airflow/.local/lib/python3.7/site-packages/airflow/example_dags/example_task_group_decorator.py
[2023-02-18T07:54:30.137+0000] {processor.py:743} INFO - Processing file /home/airflow/.local/lib/python3.7/site-packages/airflow/example_dags/example_task_group_decorator.py for tasks to queue
[2023-02-18T07:54:30.140+0000] {logging_mixin.py:137} INFO - [2023-02-18T07:54:30.139+0000] {dagbag.py:538} INFO - Filling up the DagBag from /home/airflow/.local/lib/python3.7/site-packages/airflow/example_dags/example_task_group_decorator.py
[2023-02-18T07:54:31.705+0000] {processor.py:753} INFO - DAG(s) dict_keys(['example_task_group_decorator']) retrieved from /home/airflow/.local/lib/python3.7/site-packages/airflow/example_dags/example_task_group_decorator.py
[2023-02-18T07:54:32.412+0000] {logging_mixin.py:137} INFO - [2023-02-18T07:54:32.412+0000] {dag.py:2690} INFO - Sync 1 DAGs
[2023-02-18T07:54:33.481+0000] {logging_mixin.py:137} INFO - [2023-02-18T07:54:33.480+0000] {dag.py:3441} INFO - Setting next_dagrun for example_task_group_decorator to 2023-02-17T07:54:33.480227+00:00, run_after=2023-02-18T07:54:33.480227+00:00
[2023-02-18T07:54:34.609+0000] {processor.py:175} INFO - Processing /home/airflow/.local/lib/python3.7/site-packages/airflow/example_dags/example_task_group_decorator.py took 4.644 seconds
[2023-02-18T07:56:43.644+0000] {processor.py:153} INFO - Started process (PID=533) to work on /home/airflow/.local/lib/python3.7/site-packages/airflow/example_dags/example_task_group_decorator.py
[2023-02-18T07:56:43.822+0000] {processor.py:743} INFO - Processing file /home/airflow/.local/lib/python3.7/site-packages/airflow/example_dags/example_task_group_decorator.py for tasks to queue
[2023-02-18T07:56:44.332+0000] {logging_mixin.py:137} INFO - [2023-02-18T07:56:44.068+0000] {dagbag.py:538} INFO - Filling up the DagBag from /home/airflow/.local/lib/python3.7/site-packages/airflow/example_dags/example_task_group_decorator.py
[2023-02-18T07:57:01.126+0000] {processor.py:753} INFO - DAG(s) dict_keys(['example_task_group_decorator']) retrieved from /home/airflow/.local/lib/python3.7/site-packages/airflow/example_dags/example_task_group_decorator.py
[2023-02-18T07:57:05.120+0000] {logging_mixin.py:137} INFO - [2023-02-18T07:57:05.119+0000] {dag.py:2690} INFO - Sync 1 DAGs
[2023-02-18T07:57:08.523+0000] {logging_mixin.py:137} INFO - [2023-02-18T07:57:08.523+0000] {dag.py:3441} INFO - Setting next_dagrun for example_task_group_decorator to 2023-02-17T07:57:08.510492+00:00, run_after=2023-02-18T07:57:08.510492+00:00
[2023-02-18T07:57:10.323+0000] {processor.py:175} INFO - Processing /home/airflow/.local/lib/python3.7/site-packages/airflow/example_dags/example_task_group_decorator.py took 27.175 seconds
[2023-02-18T08:00:40.097+0000] {processor.py:153} INFO - Started process (PID=679) to work on /home/airflow/.local/lib/python3.7/site-packages/airflow/example_dags/example_task_group_decorator.py
[2023-02-18T08:00:40.176+0000] {processor.py:743} INFO - Processing file /home/airflow/.local/lib/python3.7/site-packages/airflow/example_dags/example_task_group_decorator.py for tasks to queue
[2023-02-18T08:00:40.178+0000] {logging_mixin.py:137} INFO - [2023-02-18T08:00:40.178+0000] {dagbag.py:538} INFO - Filling up the DagBag from /home/airflow/.local/lib/python3.7/site-packages/airflow/example_dags/example_task_group_decorator.py
[2023-02-18T08:00:43.077+0000] {processor.py:753} INFO - DAG(s) dict_keys(['example_task_group_decorator']) retrieved from /home/airflow/.local/lib/python3.7/site-packages/airflow/example_dags/example_task_group_decorator.py
[2023-02-18T08:00:45.252+0000] {logging_mixin.py:137} INFO - [2023-02-18T08:00:45.251+0000] {dag.py:2690} INFO - Sync 1 DAGs
[2023-02-18T08:00:47.473+0000] {logging_mixin.py:137} INFO - [2023-02-18T08:00:47.472+0000] {dag.py:3441} INFO - Setting next_dagrun for example_task_group_decorator to 2023-02-17T08:00:47.470513+00:00, run_after=2023-02-18T08:00:47.470513+00:00
[2023-02-18T08:00:48.724+0000] {processor.py:175} INFO - Processing /home/airflow/.local/lib/python3.7/site-packages/airflow/example_dags/example_task_group_decorator.py took 8.936 seconds
[2023-02-18T08:08:12.885+0000] {processor.py:153} INFO - Started process (PID=943) to work on /home/airflow/.local/lib/python3.7/site-packages/airflow/example_dags/example_task_group_decorator.py
[2023-02-18T08:08:12.950+0000] {processor.py:743} INFO - Processing file /home/airflow/.local/lib/python3.7/site-packages/airflow/example_dags/example_task_group_decorator.py for tasks to queue
[2023-02-18T08:08:13.164+0000] {logging_mixin.py:137} INFO - [2023-02-18T08:08:13.149+0000] {dagbag.py:538} INFO - Filling up the DagBag from /home/airflow/.local/lib/python3.7/site-packages/airflow/example_dags/example_task_group_decorator.py
[2023-02-18T08:08:18.982+0000] {processor.py:753} INFO - DAG(s) dict_keys(['example_task_group_decorator']) retrieved from /home/airflow/.local/lib/python3.7/site-packages/airflow/example_dags/example_task_group_decorator.py
[2023-02-18T08:08:22.423+0000] {logging_mixin.py:137} INFO - [2023-02-18T08:08:22.403+0000] {dag.py:2690} INFO - Sync 1 DAGs
[2023-02-18T08:08:24.465+0000] {logging_mixin.py:137} INFO - [2023-02-18T08:08:24.430+0000] {dag.py:3441} INFO - Setting next_dagrun for example_task_group_decorator to 2023-02-17T08:08:24.429045+00:00, run_after=2023-02-18T08:08:24.429045+00:00
[2023-02-18T08:08:26.649+0000] {processor.py:175} INFO - Processing /home/airflow/.local/lib/python3.7/site-packages/airflow/example_dags/example_task_group_decorator.py took 14.810 seconds
[2023-02-18T08:15:18.477+0000] {processor.py:153} INFO - Started process (PID=1189) to work on /home/airflow/.local/lib/python3.7/site-packages/airflow/example_dags/example_task_group_decorator.py
[2023-02-18T08:15:18.571+0000] {processor.py:743} INFO - Processing file /home/airflow/.local/lib/python3.7/site-packages/airflow/example_dags/example_task_group_decorator.py for tasks to queue
[2023-02-18T08:15:18.574+0000] {logging_mixin.py:137} INFO - [2023-02-18T08:15:18.573+0000] {dagbag.py:538} INFO - Filling up the DagBag from /home/airflow/.local/lib/python3.7/site-packages/airflow/example_dags/example_task_group_decorator.py
[2023-02-18T08:15:24.860+0000] {processor.py:753} INFO - DAG(s) dict_keys(['example_task_group_decorator']) retrieved from /home/airflow/.local/lib/python3.7/site-packages/airflow/example_dags/example_task_group_decorator.py
[2023-02-18T08:15:27.123+0000] {logging_mixin.py:137} INFO - [2023-02-18T08:15:27.122+0000] {dag.py:2690} INFO - Sync 1 DAGs
[2023-02-18T08:15:30.202+0000] {logging_mixin.py:137} INFO - [2023-02-18T08:15:30.202+0000] {dag.py:3441} INFO - Setting next_dagrun for example_task_group_decorator to 2023-02-17T08:15:30.201287+00:00, run_after=2023-02-18T08:15:30.201287+00:00
[2023-02-18T08:15:31.629+0000] {processor.py:175} INFO - Processing /home/airflow/.local/lib/python3.7/site-packages/airflow/example_dags/example_task_group_decorator.py took 13.964 seconds
[2023-02-18T08:21:23.671+0000] {processor.py:153} INFO - Started process (PID=1422) to work on /home/airflow/.local/lib/python3.7/site-packages/airflow/example_dags/example_task_group_decorator.py
[2023-02-18T08:21:23.745+0000] {processor.py:743} INFO - Processing file /home/airflow/.local/lib/python3.7/site-packages/airflow/example_dags/example_task_group_decorator.py for tasks to queue
[2023-02-18T08:21:23.747+0000] {logging_mixin.py:137} INFO - [2023-02-18T08:21:23.747+0000] {dagbag.py:538} INFO - Filling up the DagBag from /home/airflow/.local/lib/python3.7/site-packages/airflow/example_dags/example_task_group_decorator.py
[2023-02-18T08:21:30.857+0000] {processor.py:753} INFO - DAG(s) dict_keys(['example_task_group_decorator']) retrieved from /home/airflow/.local/lib/python3.7/site-packages/airflow/example_dags/example_task_group_decorator.py
[2023-02-18T08:21:34.126+0000] {logging_mixin.py:137} INFO - [2023-02-18T08:21:34.125+0000] {dag.py:2690} INFO - Sync 1 DAGs
[2023-02-18T08:21:35.861+0000] {logging_mixin.py:137} INFO - [2023-02-18T08:21:35.860+0000] {dag.py:3441} INFO - Setting next_dagrun for example_task_group_decorator to 2023-02-17T08:21:35.859683+00:00, run_after=2023-02-18T08:21:35.859683+00:00
[2023-02-18T08:21:38.202+0000] {processor.py:175} INFO - Processing /home/airflow/.local/lib/python3.7/site-packages/airflow/example_dags/example_task_group_decorator.py took 14.891 seconds
[2023-02-18T08:29:02.856+0000] {processor.py:153} INFO - Started process (PID=1689) to work on /home/airflow/.local/lib/python3.7/site-packages/airflow/example_dags/example_task_group_decorator.py
[2023-02-18T08:29:03.762+0000] {processor.py:743} INFO - Processing file /home/airflow/.local/lib/python3.7/site-packages/airflow/example_dags/example_task_group_decorator.py for tasks to queue
[2023-02-18T08:29:03.765+0000] {logging_mixin.py:137} INFO - [2023-02-18T08:29:03.764+0000] {dagbag.py:538} INFO - Filling up the DagBag from /home/airflow/.local/lib/python3.7/site-packages/airflow/example_dags/example_task_group_decorator.py
[2023-02-18T08:29:09.746+0000] {processor.py:753} INFO - DAG(s) dict_keys(['example_task_group_decorator']) retrieved from /home/airflow/.local/lib/python3.7/site-packages/airflow/example_dags/example_task_group_decorator.py
[2023-02-18T08:29:13.207+0000] {logging_mixin.py:137} INFO - [2023-02-18T08:29:13.206+0000] {dag.py:2690} INFO - Sync 1 DAGs
[2023-02-18T08:29:18.991+0000] {logging_mixin.py:137} INFO - [2023-02-18T08:29:18.991+0000] {dag.py:3441} INFO - Setting next_dagrun for example_task_group_decorator to 2023-02-17T08:29:18.962060+00:00, run_after=2023-02-18T08:29:18.962060+00:00
[2023-02-18T08:29:22.179+0000] {processor.py:175} INFO - Processing /home/airflow/.local/lib/python3.7/site-packages/airflow/example_dags/example_task_group_decorator.py took 20.917 seconds
[2023-02-18T08:37:10.822+0000] {processor.py:153} INFO - Started process (PID=1943) to work on /home/airflow/.local/lib/python3.7/site-packages/airflow/example_dags/example_task_group_decorator.py
[2023-02-18T08:37:10.872+0000] {processor.py:743} INFO - Processing file /home/airflow/.local/lib/python3.7/site-packages/airflow/example_dags/example_task_group_decorator.py for tasks to queue
[2023-02-18T08:37:10.952+0000] {logging_mixin.py:137} INFO - [2023-02-18T08:37:10.951+0000] {dagbag.py:538} INFO - Filling up the DagBag from /home/airflow/.local/lib/python3.7/site-packages/airflow/example_dags/example_task_group_decorator.py
[2023-02-18T08:37:20.941+0000] {processor.py:753} INFO - DAG(s) dict_keys(['example_task_group_decorator']) retrieved from /home/airflow/.local/lib/python3.7/site-packages/airflow/example_dags/example_task_group_decorator.py
[2023-02-18T08:37:30.281+0000] {logging_mixin.py:137} INFO - [2023-02-18T08:37:30.281+0000] {dag.py:2690} INFO - Sync 1 DAGs
[2023-02-18T08:37:39.895+0000] {logging_mixin.py:137} INFO - [2023-02-18T08:37:39.527+0000] {dag.py:3441} INFO - Setting next_dagrun for example_task_group_decorator to 2023-02-17T08:37:39.526206+00:00, run_after=2023-02-18T08:37:39.526206+00:00
[2023-02-18T08:37:47.016+0000] {processor.py:175} INFO - Processing /home/airflow/.local/lib/python3.7/site-packages/airflow/example_dags/example_task_group_decorator.py took 36.306 seconds
[2023-02-18T09:53:00.985+0000] {processor.py:153} INFO - Started process (PID=218) to work on /home/airflow/.local/lib/python3.7/site-packages/airflow/example_dags/example_task_group_decorator.py
[2023-02-18T09:53:01.017+0000] {processor.py:743} INFO - Processing file /home/airflow/.local/lib/python3.7/site-packages/airflow/example_dags/example_task_group_decorator.py for tasks to queue
[2023-02-18T09:53:01.019+0000] {logging_mixin.py:137} INFO - [2023-02-18T09:53:01.019+0000] {dagbag.py:538} INFO - Filling up the DagBag from /home/airflow/.local/lib/python3.7/site-packages/airflow/example_dags/example_task_group_decorator.py
[2023-02-18T09:53:01.843+0000] {processor.py:753} INFO - DAG(s) dict_keys(['example_task_group_decorator']) retrieved from /home/airflow/.local/lib/python3.7/site-packages/airflow/example_dags/example_task_group_decorator.py
[2023-02-18T09:53:02.585+0000] {logging_mixin.py:137} INFO - [2023-02-18T09:53:02.585+0000] {dag.py:2690} INFO - Sync 1 DAGs
[2023-02-18T09:53:03.347+0000] {logging_mixin.py:137} INFO - [2023-02-18T09:53:03.347+0000] {dag.py:3441} INFO - Setting next_dagrun for example_task_group_decorator to 2023-02-17T09:53:03.346448+00:00, run_after=2023-02-18T09:53:03.346448+00:00
[2023-02-18T09:53:04.571+0000] {processor.py:175} INFO - Processing /home/airflow/.local/lib/python3.7/site-packages/airflow/example_dags/example_task_group_decorator.py took 3.634 seconds
[2023-02-18T09:54:16.236+0000] {processor.py:153} INFO - Started process (PID=291) to work on /home/airflow/.local/lib/python3.7/site-packages/airflow/example_dags/example_task_group_decorator.py
[2023-02-18T09:54:16.275+0000] {processor.py:743} INFO - Processing file /home/airflow/.local/lib/python3.7/site-packages/airflow/example_dags/example_task_group_decorator.py for tasks to queue
[2023-02-18T09:54:16.306+0000] {logging_mixin.py:137} INFO - [2023-02-18T09:54:16.305+0000] {dagbag.py:538} INFO - Filling up the DagBag from /home/airflow/.local/lib/python3.7/site-packages/airflow/example_dags/example_task_group_decorator.py
[2023-02-18T09:54:17.346+0000] {processor.py:753} INFO - DAG(s) dict_keys(['example_task_group_decorator']) retrieved from /home/airflow/.local/lib/python3.7/site-packages/airflow/example_dags/example_task_group_decorator.py
[2023-02-18T09:54:18.312+0000] {logging_mixin.py:137} INFO - [2023-02-18T09:54:18.311+0000] {dag.py:2690} INFO - Sync 1 DAGs
[2023-02-18T09:54:19.859+0000] {logging_mixin.py:137} INFO - [2023-02-18T09:54:19.858+0000] {dag.py:3441} INFO - Setting next_dagrun for example_task_group_decorator to 2023-02-17T09:54:19.857923+00:00, run_after=2023-02-18T09:54:19.857923+00:00
[2023-02-18T09:54:20.470+0000] {processor.py:175} INFO - Processing /home/airflow/.local/lib/python3.7/site-packages/airflow/example_dags/example_task_group_decorator.py took 4.454 seconds
[2023-02-18T09:57:16.693+0000] {processor.py:153} INFO - Started process (PID=423) to work on /home/airflow/.local/lib/python3.7/site-packages/airflow/example_dags/example_task_group_decorator.py
[2023-02-18T09:57:16.963+0000] {processor.py:743} INFO - Processing file /home/airflow/.local/lib/python3.7/site-packages/airflow/example_dags/example_task_group_decorator.py for tasks to queue
[2023-02-18T09:57:16.965+0000] {logging_mixin.py:137} INFO - [2023-02-18T09:57:16.965+0000] {dagbag.py:538} INFO - Filling up the DagBag from /home/airflow/.local/lib/python3.7/site-packages/airflow/example_dags/example_task_group_decorator.py
[2023-02-18T09:57:20.838+0000] {processor.py:753} INFO - DAG(s) dict_keys(['example_task_group_decorator']) retrieved from /home/airflow/.local/lib/python3.7/site-packages/airflow/example_dags/example_task_group_decorator.py
[2023-02-18T09:57:25.479+0000] {logging_mixin.py:137} INFO - [2023-02-18T09:57:25.478+0000] {dag.py:2690} INFO - Sync 1 DAGs
[2023-02-18T09:57:31.679+0000] {logging_mixin.py:137} INFO - [2023-02-18T09:57:31.667+0000] {dag.py:3441} INFO - Setting next_dagrun for example_task_group_decorator to 2023-02-17T09:57:31.664576+00:00, run_after=2023-02-18T09:57:31.664576+00:00
[2023-02-18T09:57:35.337+0000] {processor.py:175} INFO - Processing /home/airflow/.local/lib/python3.7/site-packages/airflow/example_dags/example_task_group_decorator.py took 18.690 seconds
[2023-02-18T10:00:21.166+0000] {processor.py:153} INFO - Started process (PID=543) to work on /home/airflow/.local/lib/python3.7/site-packages/airflow/example_dags/example_task_group_decorator.py
[2023-02-18T10:00:21.228+0000] {processor.py:743} INFO - Processing file /home/airflow/.local/lib/python3.7/site-packages/airflow/example_dags/example_task_group_decorator.py for tasks to queue
[2023-02-18T10:00:21.231+0000] {logging_mixin.py:137} INFO - [2023-02-18T10:00:21.230+0000] {dagbag.py:538} INFO - Filling up the DagBag from /home/airflow/.local/lib/python3.7/site-packages/airflow/example_dags/example_task_group_decorator.py
[2023-02-18T10:00:23.418+0000] {processor.py:753} INFO - DAG(s) dict_keys(['example_task_group_decorator']) retrieved from /home/airflow/.local/lib/python3.7/site-packages/airflow/example_dags/example_task_group_decorator.py
[2023-02-18T10:00:24.799+0000] {logging_mixin.py:137} INFO - [2023-02-18T10:00:24.799+0000] {dag.py:2690} INFO - Sync 1 DAGs
[2023-02-18T10:00:26.047+0000] {logging_mixin.py:137} INFO - [2023-02-18T10:00:26.047+0000] {dag.py:3441} INFO - Setting next_dagrun for example_task_group_decorator to 2023-02-17T10:00:25.947014+00:00, run_after=2023-02-18T10:00:25.947014+00:00
[2023-02-18T10:00:26.943+0000] {processor.py:175} INFO - Processing /home/airflow/.local/lib/python3.7/site-packages/airflow/example_dags/example_task_group_decorator.py took 5.960 seconds
[2023-02-18T10:03:44.480+0000] {processor.py:153} INFO - Started process (PID=691) to work on /home/airflow/.local/lib/python3.7/site-packages/airflow/example_dags/example_task_group_decorator.py
[2023-02-18T10:03:44.510+0000] {processor.py:743} INFO - Processing file /home/airflow/.local/lib/python3.7/site-packages/airflow/example_dags/example_task_group_decorator.py for tasks to queue
[2023-02-18T10:03:44.513+0000] {logging_mixin.py:137} INFO - [2023-02-18T10:03:44.512+0000] {dagbag.py:538} INFO - Filling up the DagBag from /home/airflow/.local/lib/python3.7/site-packages/airflow/example_dags/example_task_group_decorator.py
[2023-02-18T10:03:47.267+0000] {processor.py:753} INFO - DAG(s) dict_keys(['example_task_group_decorator']) retrieved from /home/airflow/.local/lib/python3.7/site-packages/airflow/example_dags/example_task_group_decorator.py
[2023-02-18T10:03:49.813+0000] {logging_mixin.py:137} INFO - [2023-02-18T10:03:49.813+0000] {dag.py:2690} INFO - Sync 1 DAGs
[2023-02-18T10:03:51.602+0000] {logging_mixin.py:137} INFO - [2023-02-18T10:03:51.601+0000] {dag.py:3441} INFO - Setting next_dagrun for example_task_group_decorator to 2023-02-17T10:03:51.600956+00:00, run_after=2023-02-18T10:03:51.600956+00:00
[2023-02-18T10:03:54.627+0000] {processor.py:175} INFO - Processing /home/airflow/.local/lib/python3.7/site-packages/airflow/example_dags/example_task_group_decorator.py took 10.268 seconds
