[2023-02-18T07:48:51.322+0000] {processor.py:153} INFO - Started process (PID=118) to work on /home/airflow/.local/lib/python3.7/site-packages/airflow/example_dags/example_complex.py
[2023-02-18T07:48:51.325+0000] {processor.py:743} INFO - Processing file /home/airflow/.local/lib/python3.7/site-packages/airflow/example_dags/example_complex.py for tasks to queue
[2023-02-18T07:48:51.357+0000] {logging_mixin.py:137} INFO - [2023-02-18T07:48:51.326+0000] {dagbag.py:538} INFO - Filling up the DagBag from /home/airflow/.local/lib/python3.7/site-packages/airflow/example_dags/example_complex.py
[2023-02-18T07:48:51.865+0000] {logging_mixin.py:137} INFO - [2023-02-18T07:48:51.864+0000] {taskmixin.py:205} WARNING - Dependency <Task(BashOperator): create_entry_group>, delete_entry_group already registered for DAG: example_complex
[2023-02-18T07:48:51.866+0000] {logging_mixin.py:137} INFO - [2023-02-18T07:48:51.866+0000] {taskmixin.py:205} WARNING - Dependency <Task(BashOperator): delete_entry_group>, create_entry_group already registered for DAG: example_complex
[2023-02-18T07:48:51.868+0000] {logging_mixin.py:137} INFO - [2023-02-18T07:48:51.867+0000] {taskmixin.py:205} WARNING - Dependency <Task(BashOperator): create_entry_gcs>, delete_entry already registered for DAG: example_complex
[2023-02-18T07:48:51.914+0000] {logging_mixin.py:137} INFO - [2023-02-18T07:48:51.868+0000] {taskmixin.py:205} WARNING - Dependency <Task(BashOperator): delete_entry>, create_entry_gcs already registered for DAG: example_complex
[2023-02-18T07:48:51.946+0000] {logging_mixin.py:137} INFO - [2023-02-18T07:48:51.916+0000] {taskmixin.py:205} WARNING - Dependency <Task(BashOperator): create_tag>, delete_tag already registered for DAG: example_complex
[2023-02-18T07:48:51.947+0000] {logging_mixin.py:137} INFO - [2023-02-18T07:48:51.947+0000] {taskmixin.py:205} WARNING - Dependency <Task(BashOperator): delete_tag>, create_tag already registered for DAG: example_complex
[2023-02-18T07:48:52.188+0000] {processor.py:753} INFO - DAG(s) dict_keys(['example_complex']) retrieved from /home/airflow/.local/lib/python3.7/site-packages/airflow/example_dags/example_complex.py
[2023-02-18T07:48:53.057+0000] {logging_mixin.py:137} INFO - [2023-02-18T07:48:53.057+0000] {dag.py:2690} INFO - Sync 1 DAGs
[2023-02-18T07:48:53.770+0000] {logging_mixin.py:137} INFO - [2023-02-18T07:48:53.770+0000] {dag.py:3441} INFO - Setting next_dagrun for example_complex to None, run_after=None
[2023-02-18T07:48:54.550+0000] {processor.py:175} INFO - Processing /home/airflow/.local/lib/python3.7/site-packages/airflow/example_dags/example_complex.py took 3.342 seconds
[2023-02-18T07:50:18.976+0000] {processor.py:153} INFO - Started process (PID=195) to work on /home/airflow/.local/lib/python3.7/site-packages/airflow/example_dags/example_complex.py
[2023-02-18T07:50:19.062+0000] {processor.py:743} INFO - Processing file /home/airflow/.local/lib/python3.7/site-packages/airflow/example_dags/example_complex.py for tasks to queue
[2023-02-18T07:50:19.065+0000] {logging_mixin.py:137} INFO - [2023-02-18T07:50:19.064+0000] {dagbag.py:538} INFO - Filling up the DagBag from /home/airflow/.local/lib/python3.7/site-packages/airflow/example_dags/example_complex.py
[2023-02-18T07:50:19.770+0000] {logging_mixin.py:137} INFO - [2023-02-18T07:50:19.770+0000] {taskmixin.py:205} WARNING - Dependency <Task(BashOperator): create_entry_group>, delete_entry_group already registered for DAG: example_complex
[2023-02-18T07:50:19.771+0000] {logging_mixin.py:137} INFO - [2023-02-18T07:50:19.771+0000] {taskmixin.py:205} WARNING - Dependency <Task(BashOperator): delete_entry_group>, create_entry_group already registered for DAG: example_complex
[2023-02-18T07:50:19.876+0000] {logging_mixin.py:137} INFO - [2023-02-18T07:50:19.772+0000] {taskmixin.py:205} WARNING - Dependency <Task(BashOperator): create_entry_gcs>, delete_entry already registered for DAG: example_complex
[2023-02-18T07:50:19.876+0000] {logging_mixin.py:137} INFO - [2023-02-18T07:50:19.876+0000] {taskmixin.py:205} WARNING - Dependency <Task(BashOperator): delete_entry>, create_entry_gcs already registered for DAG: example_complex
[2023-02-18T07:50:19.878+0000] {logging_mixin.py:137} INFO - [2023-02-18T07:50:19.877+0000] {taskmixin.py:205} WARNING - Dependency <Task(BashOperator): create_tag>, delete_tag already registered for DAG: example_complex
[2023-02-18T07:50:19.878+0000] {logging_mixin.py:137} INFO - [2023-02-18T07:50:19.878+0000] {taskmixin.py:205} WARNING - Dependency <Task(BashOperator): delete_tag>, create_tag already registered for DAG: example_complex
[2023-02-18T07:50:20.261+0000] {processor.py:753} INFO - DAG(s) dict_keys(['example_complex']) retrieved from /home/airflow/.local/lib/python3.7/site-packages/airflow/example_dags/example_complex.py
[2023-02-18T07:50:20.889+0000] {logging_mixin.py:137} INFO - [2023-02-18T07:50:20.888+0000] {dag.py:2690} INFO - Sync 1 DAGs
[2023-02-18T07:50:21.480+0000] {logging_mixin.py:137} INFO - [2023-02-18T07:50:21.468+0000] {dag.py:3441} INFO - Setting next_dagrun for example_complex to None, run_after=None
[2023-02-18T07:50:22.031+0000] {processor.py:175} INFO - Processing /home/airflow/.local/lib/python3.7/site-packages/airflow/example_dags/example_complex.py took 3.262 seconds
[2023-02-18T07:52:06.700+0000] {processor.py:153} INFO - Started process (PID=289) to work on /home/airflow/.local/lib/python3.7/site-packages/airflow/example_dags/example_complex.py
[2023-02-18T07:52:06.746+0000] {processor.py:743} INFO - Processing file /home/airflow/.local/lib/python3.7/site-packages/airflow/example_dags/example_complex.py for tasks to queue
[2023-02-18T07:52:06.748+0000] {logging_mixin.py:137} INFO - [2023-02-18T07:52:06.747+0000] {dagbag.py:538} INFO - Filling up the DagBag from /home/airflow/.local/lib/python3.7/site-packages/airflow/example_dags/example_complex.py
[2023-02-18T07:52:07.247+0000] {logging_mixin.py:137} INFO - [2023-02-18T07:52:07.246+0000] {taskmixin.py:205} WARNING - Dependency <Task(BashOperator): create_entry_group>, delete_entry_group already registered for DAG: example_complex
[2023-02-18T07:52:07.248+0000] {logging_mixin.py:137} INFO - [2023-02-18T07:52:07.247+0000] {taskmixin.py:205} WARNING - Dependency <Task(BashOperator): delete_entry_group>, create_entry_group already registered for DAG: example_complex
[2023-02-18T07:52:07.261+0000] {logging_mixin.py:137} INFO - [2023-02-18T07:52:07.249+0000] {taskmixin.py:205} WARNING - Dependency <Task(BashOperator): create_entry_gcs>, delete_entry already registered for DAG: example_complex
[2023-02-18T07:52:07.262+0000] {logging_mixin.py:137} INFO - [2023-02-18T07:52:07.262+0000] {taskmixin.py:205} WARNING - Dependency <Task(BashOperator): delete_entry>, create_entry_gcs already registered for DAG: example_complex
[2023-02-18T07:52:07.264+0000] {logging_mixin.py:137} INFO - [2023-02-18T07:52:07.263+0000] {taskmixin.py:205} WARNING - Dependency <Task(BashOperator): create_tag>, delete_tag already registered for DAG: example_complex
[2023-02-18T07:52:07.277+0000] {logging_mixin.py:137} INFO - [2023-02-18T07:52:07.264+0000] {taskmixin.py:205} WARNING - Dependency <Task(BashOperator): delete_tag>, create_tag already registered for DAG: example_complex
[2023-02-18T07:52:07.642+0000] {processor.py:753} INFO - DAG(s) dict_keys(['example_complex']) retrieved from /home/airflow/.local/lib/python3.7/site-packages/airflow/example_dags/example_complex.py
[2023-02-18T07:52:09.533+0000] {logging_mixin.py:137} INFO - [2023-02-18T07:52:09.532+0000] {dag.py:2690} INFO - Sync 1 DAGs
[2023-02-18T07:52:11.200+0000] {logging_mixin.py:137} INFO - [2023-02-18T07:52:11.200+0000] {dag.py:3441} INFO - Setting next_dagrun for example_complex to None, run_after=None
[2023-02-18T07:52:11.660+0000] {processor.py:175} INFO - Processing /home/airflow/.local/lib/python3.7/site-packages/airflow/example_dags/example_complex.py took 5.026 seconds
[2023-02-18T07:53:35.463+0000] {processor.py:153} INFO - Started process (PID=376) to work on /home/airflow/.local/lib/python3.7/site-packages/airflow/example_dags/example_complex.py
[2023-02-18T07:53:35.477+0000] {processor.py:743} INFO - Processing file /home/airflow/.local/lib/python3.7/site-packages/airflow/example_dags/example_complex.py for tasks to queue
[2023-02-18T07:53:35.480+0000] {logging_mixin.py:137} INFO - [2023-02-18T07:53:35.479+0000] {dagbag.py:538} INFO - Filling up the DagBag from /home/airflow/.local/lib/python3.7/site-packages/airflow/example_dags/example_complex.py
[2023-02-18T07:53:35.864+0000] {logging_mixin.py:137} INFO - [2023-02-18T07:53:35.864+0000] {taskmixin.py:205} WARNING - Dependency <Task(BashOperator): create_entry_group>, delete_entry_group already registered for DAG: example_complex
[2023-02-18T07:53:35.910+0000] {logging_mixin.py:137} INFO - [2023-02-18T07:53:35.909+0000] {taskmixin.py:205} WARNING - Dependency <Task(BashOperator): delete_entry_group>, create_entry_group already registered for DAG: example_complex
[2023-02-18T07:53:35.911+0000] {logging_mixin.py:137} INFO - [2023-02-18T07:53:35.911+0000] {taskmixin.py:205} WARNING - Dependency <Task(BashOperator): create_entry_gcs>, delete_entry already registered for DAG: example_complex
[2023-02-18T07:53:35.912+0000] {logging_mixin.py:137} INFO - [2023-02-18T07:53:35.911+0000] {taskmixin.py:205} WARNING - Dependency <Task(BashOperator): delete_entry>, create_entry_gcs already registered for DAG: example_complex
[2023-02-18T07:53:35.914+0000] {logging_mixin.py:137} INFO - [2023-02-18T07:53:35.913+0000] {taskmixin.py:205} WARNING - Dependency <Task(BashOperator): create_tag>, delete_tag already registered for DAG: example_complex
[2023-02-18T07:53:35.926+0000] {logging_mixin.py:137} INFO - [2023-02-18T07:53:35.925+0000] {taskmixin.py:205} WARNING - Dependency <Task(BashOperator): delete_tag>, create_tag already registered for DAG: example_complex
[2023-02-18T07:53:36.009+0000] {processor.py:753} INFO - DAG(s) dict_keys(['example_complex']) retrieved from /home/airflow/.local/lib/python3.7/site-packages/airflow/example_dags/example_complex.py
[2023-02-18T07:53:37.479+0000] {logging_mixin.py:137} INFO - [2023-02-18T07:53:37.467+0000] {dag.py:2690} INFO - Sync 1 DAGs
[2023-02-18T07:53:38.521+0000] {logging_mixin.py:137} INFO - [2023-02-18T07:53:38.521+0000] {dag.py:3441} INFO - Setting next_dagrun for example_complex to None, run_after=None
[2023-02-18T07:53:39.167+0000] {processor.py:175} INFO - Processing /home/airflow/.local/lib/python3.7/site-packages/airflow/example_dags/example_complex.py took 3.815 seconds
[2023-02-18T07:55:13.049+0000] {processor.py:153} INFO - Started process (PID=468) to work on /home/airflow/.local/lib/python3.7/site-packages/airflow/example_dags/example_complex.py
[2023-02-18T07:55:13.110+0000] {processor.py:743} INFO - Processing file /home/airflow/.local/lib/python3.7/site-packages/airflow/example_dags/example_complex.py for tasks to queue
[2023-02-18T07:55:13.113+0000] {logging_mixin.py:137} INFO - [2023-02-18T07:55:13.112+0000] {dagbag.py:538} INFO - Filling up the DagBag from /home/airflow/.local/lib/python3.7/site-packages/airflow/example_dags/example_complex.py
[2023-02-18T07:55:13.391+0000] {logging_mixin.py:137} INFO - [2023-02-18T07:55:13.391+0000] {taskmixin.py:205} WARNING - Dependency <Task(BashOperator): create_entry_group>, delete_entry_group already registered for DAG: example_complex
[2023-02-18T07:55:13.392+0000] {logging_mixin.py:137} INFO - [2023-02-18T07:55:13.391+0000] {taskmixin.py:205} WARNING - Dependency <Task(BashOperator): delete_entry_group>, create_entry_group already registered for DAG: example_complex
[2023-02-18T07:55:13.393+0000] {logging_mixin.py:137} INFO - [2023-02-18T07:55:13.392+0000] {taskmixin.py:205} WARNING - Dependency <Task(BashOperator): create_entry_gcs>, delete_entry already registered for DAG: example_complex
[2023-02-18T07:55:13.393+0000] {logging_mixin.py:137} INFO - [2023-02-18T07:55:13.393+0000] {taskmixin.py:205} WARNING - Dependency <Task(BashOperator): delete_entry>, create_entry_gcs already registered for DAG: example_complex
[2023-02-18T07:55:13.401+0000] {logging_mixin.py:137} INFO - [2023-02-18T07:55:13.400+0000] {taskmixin.py:205} WARNING - Dependency <Task(BashOperator): create_tag>, delete_tag already registered for DAG: example_complex
[2023-02-18T07:55:13.403+0000] {logging_mixin.py:137} INFO - [2023-02-18T07:55:13.402+0000] {taskmixin.py:205} WARNING - Dependency <Task(BashOperator): delete_tag>, create_tag already registered for DAG: example_complex
[2023-02-18T07:55:13.752+0000] {processor.py:753} INFO - DAG(s) dict_keys(['example_complex']) retrieved from /home/airflow/.local/lib/python3.7/site-packages/airflow/example_dags/example_complex.py
[2023-02-18T07:55:15.669+0000] {logging_mixin.py:137} INFO - [2023-02-18T07:55:15.669+0000] {dag.py:2690} INFO - Sync 1 DAGs
[2023-02-18T07:55:17.470+0000] {logging_mixin.py:137} INFO - [2023-02-18T07:55:17.388+0000] {dag.py:3441} INFO - Setting next_dagrun for example_complex to None, run_after=None
[2023-02-18T07:55:18.527+0000] {processor.py:175} INFO - Processing /home/airflow/.local/lib/python3.7/site-packages/airflow/example_dags/example_complex.py took 5.591 seconds
[2023-02-18T07:56:29.879+0000] {processor.py:153} INFO - Started process (PID=522) to work on /home/airflow/.local/lib/python3.7/site-packages/airflow/example_dags/example_complex.py
[2023-02-18T07:56:29.972+0000] {processor.py:743} INFO - Processing file /home/airflow/.local/lib/python3.7/site-packages/airflow/example_dags/example_complex.py for tasks to queue
[2023-02-18T07:56:29.974+0000] {logging_mixin.py:137} INFO - [2023-02-18T07:56:29.974+0000] {dagbag.py:538} INFO - Filling up the DagBag from /home/airflow/.local/lib/python3.7/site-packages/airflow/example_dags/example_complex.py
[2023-02-18T07:56:31.229+0000] {logging_mixin.py:137} INFO - [2023-02-18T07:56:31.228+0000] {taskmixin.py:205} WARNING - Dependency <Task(BashOperator): create_entry_group>, delete_entry_group already registered for DAG: example_complex
[2023-02-18T07:56:31.230+0000] {logging_mixin.py:137} INFO - [2023-02-18T07:56:31.229+0000] {taskmixin.py:205} WARNING - Dependency <Task(BashOperator): delete_entry_group>, create_entry_group already registered for DAG: example_complex
[2023-02-18T07:56:31.231+0000] {logging_mixin.py:137} INFO - [2023-02-18T07:56:31.231+0000] {taskmixin.py:205} WARNING - Dependency <Task(BashOperator): create_entry_gcs>, delete_entry already registered for DAG: example_complex
[2023-02-18T07:56:31.232+0000] {logging_mixin.py:137} INFO - [2023-02-18T07:56:31.231+0000] {taskmixin.py:205} WARNING - Dependency <Task(BashOperator): delete_entry>, create_entry_gcs already registered for DAG: example_complex
[2023-02-18T07:56:31.387+0000] {logging_mixin.py:137} INFO - [2023-02-18T07:56:31.387+0000] {taskmixin.py:205} WARNING - Dependency <Task(BashOperator): create_tag>, delete_tag already registered for DAG: example_complex
[2023-02-18T07:56:31.388+0000] {logging_mixin.py:137} INFO - [2023-02-18T07:56:31.388+0000] {taskmixin.py:205} WARNING - Dependency <Task(BashOperator): delete_tag>, create_tag already registered for DAG: example_complex
[2023-02-18T07:56:32.315+0000] {processor.py:753} INFO - DAG(s) dict_keys(['example_complex']) retrieved from /home/airflow/.local/lib/python3.7/site-packages/airflow/example_dags/example_complex.py
[2023-02-18T07:56:34.011+0000] {logging_mixin.py:137} INFO - [2023-02-18T07:56:33.782+0000] {dag.py:2690} INFO - Sync 1 DAGs
[2023-02-18T07:56:35.295+0000] {logging_mixin.py:137} INFO - [2023-02-18T07:56:35.294+0000] {dag.py:3441} INFO - Setting next_dagrun for example_complex to None, run_after=None
[2023-02-18T07:56:36.081+0000] {processor.py:175} INFO - Processing /home/airflow/.local/lib/python3.7/site-packages/airflow/example_dags/example_complex.py took 6.313 seconds
[2023-02-18T07:58:53.682+0000] {processor.py:153} INFO - Started process (PID=609) to work on /home/airflow/.local/lib/python3.7/site-packages/airflow/example_dags/example_complex.py
[2023-02-18T07:58:53.802+0000] {processor.py:743} INFO - Processing file /home/airflow/.local/lib/python3.7/site-packages/airflow/example_dags/example_complex.py for tasks to queue
[2023-02-18T07:58:53.937+0000] {logging_mixin.py:137} INFO - [2023-02-18T07:58:53.936+0000] {dagbag.py:538} INFO - Filling up the DagBag from /home/airflow/.local/lib/python3.7/site-packages/airflow/example_dags/example_complex.py
[2023-02-18T07:58:54.465+0000] {logging_mixin.py:137} INFO - [2023-02-18T07:58:54.465+0000] {taskmixin.py:205} WARNING - Dependency <Task(BashOperator): create_entry_group>, delete_entry_group already registered for DAG: example_complex
[2023-02-18T07:58:54.467+0000] {logging_mixin.py:137} INFO - [2023-02-18T07:58:54.466+0000] {taskmixin.py:205} WARNING - Dependency <Task(BashOperator): delete_entry_group>, create_entry_group already registered for DAG: example_complex
[2023-02-18T07:58:54.479+0000] {logging_mixin.py:137} INFO - [2023-02-18T07:58:54.467+0000] {taskmixin.py:205} WARNING - Dependency <Task(BashOperator): create_entry_gcs>, delete_entry already registered for DAG: example_complex
[2023-02-18T07:58:54.480+0000] {logging_mixin.py:137} INFO - [2023-02-18T07:58:54.480+0000] {taskmixin.py:205} WARNING - Dependency <Task(BashOperator): delete_entry>, create_entry_gcs already registered for DAG: example_complex
[2023-02-18T07:58:54.482+0000] {logging_mixin.py:137} INFO - [2023-02-18T07:58:54.482+0000] {taskmixin.py:205} WARNING - Dependency <Task(BashOperator): create_tag>, delete_tag already registered for DAG: example_complex
[2023-02-18T07:58:54.483+0000] {logging_mixin.py:137} INFO - [2023-02-18T07:58:54.482+0000] {taskmixin.py:205} WARNING - Dependency <Task(BashOperator): delete_tag>, create_tag already registered for DAG: example_complex
[2023-02-18T07:58:54.596+0000] {processor.py:753} INFO - DAG(s) dict_keys(['example_complex']) retrieved from /home/airflow/.local/lib/python3.7/site-packages/airflow/example_dags/example_complex.py
[2023-02-18T07:58:55.141+0000] {logging_mixin.py:137} INFO - [2023-02-18T07:58:55.141+0000] {dag.py:2690} INFO - Sync 1 DAGs
[2023-02-18T07:58:57.092+0000] {logging_mixin.py:137} INFO - [2023-02-18T07:58:57.091+0000] {dag.py:3441} INFO - Setting next_dagrun for example_complex to None, run_after=None
[2023-02-18T07:58:58.220+0000] {processor.py:175} INFO - Processing /home/airflow/.local/lib/python3.7/site-packages/airflow/example_dags/example_complex.py took 4.960 seconds
[2023-02-18T08:01:54.316+0000] {processor.py:153} INFO - Started process (PID=722) to work on /home/airflow/.local/lib/python3.7/site-packages/airflow/example_dags/example_complex.py
[2023-02-18T08:01:54.351+0000] {processor.py:743} INFO - Processing file /home/airflow/.local/lib/python3.7/site-packages/airflow/example_dags/example_complex.py for tasks to queue
[2023-02-18T08:01:54.353+0000] {logging_mixin.py:137} INFO - [2023-02-18T08:01:54.353+0000] {dagbag.py:538} INFO - Filling up the DagBag from /home/airflow/.local/lib/python3.7/site-packages/airflow/example_dags/example_complex.py
[2023-02-18T08:01:55.679+0000] {logging_mixin.py:137} INFO - [2023-02-18T08:01:55.677+0000] {taskmixin.py:205} WARNING - Dependency <Task(BashOperator): create_entry_group>, delete_entry_group already registered for DAG: example_complex
[2023-02-18T08:01:55.686+0000] {logging_mixin.py:137} INFO - [2023-02-18T08:01:55.685+0000] {taskmixin.py:205} WARNING - Dependency <Task(BashOperator): delete_entry_group>, create_entry_group already registered for DAG: example_complex
[2023-02-18T08:01:55.689+0000] {logging_mixin.py:137} INFO - [2023-02-18T08:01:55.688+0000] {taskmixin.py:205} WARNING - Dependency <Task(BashOperator): create_entry_gcs>, delete_entry already registered for DAG: example_complex
[2023-02-18T08:01:55.715+0000] {logging_mixin.py:137} INFO - [2023-02-18T08:01:55.689+0000] {taskmixin.py:205} WARNING - Dependency <Task(BashOperator): delete_entry>, create_entry_gcs already registered for DAG: example_complex
[2023-02-18T08:01:55.717+0000] {logging_mixin.py:137} INFO - [2023-02-18T08:01:55.717+0000] {taskmixin.py:205} WARNING - Dependency <Task(BashOperator): create_tag>, delete_tag already registered for DAG: example_complex
[2023-02-18T08:01:55.718+0000] {logging_mixin.py:137} INFO - [2023-02-18T08:01:55.718+0000] {taskmixin.py:205} WARNING - Dependency <Task(BashOperator): delete_tag>, create_tag already registered for DAG: example_complex
[2023-02-18T08:01:56.778+0000] {processor.py:753} INFO - DAG(s) dict_keys(['example_complex']) retrieved from /home/airflow/.local/lib/python3.7/site-packages/airflow/example_dags/example_complex.py
[2023-02-18T08:01:59.424+0000] {logging_mixin.py:137} INFO - [2023-02-18T08:01:59.424+0000] {dag.py:2690} INFO - Sync 1 DAGs
[2023-02-18T08:02:02.838+0000] {logging_mixin.py:137} INFO - [2023-02-18T08:02:02.837+0000] {dag.py:3441} INFO - Setting next_dagrun for example_complex to None, run_after=None
[2023-02-18T08:02:04.298+0000] {processor.py:175} INFO - Processing /home/airflow/.local/lib/python3.7/site-packages/airflow/example_dags/example_complex.py took 10.634 seconds
[2023-02-18T08:05:44.147+0000] {processor.py:153} INFO - Started process (PID=853) to work on /home/airflow/.local/lib/python3.7/site-packages/airflow/example_dags/example_complex.py
[2023-02-18T08:05:44.192+0000] {processor.py:743} INFO - Processing file /home/airflow/.local/lib/python3.7/site-packages/airflow/example_dags/example_complex.py for tasks to queue
[2023-02-18T08:05:44.195+0000] {logging_mixin.py:137} INFO - [2023-02-18T08:05:44.195+0000] {dagbag.py:538} INFO - Filling up the DagBag from /home/airflow/.local/lib/python3.7/site-packages/airflow/example_dags/example_complex.py
[2023-02-18T08:05:44.523+0000] {logging_mixin.py:137} INFO - [2023-02-18T08:05:44.481+0000] {taskmixin.py:205} WARNING - Dependency <Task(BashOperator): create_entry_group>, delete_entry_group already registered for DAG: example_complex
[2023-02-18T08:05:44.536+0000] {logging_mixin.py:137} INFO - [2023-02-18T08:05:44.524+0000] {taskmixin.py:205} WARNING - Dependency <Task(BashOperator): delete_entry_group>, create_entry_group already registered for DAG: example_complex
[2023-02-18T08:05:44.538+0000] {logging_mixin.py:137} INFO - [2023-02-18T08:05:44.538+0000] {taskmixin.py:205} WARNING - Dependency <Task(BashOperator): create_entry_gcs>, delete_entry already registered for DAG: example_complex
[2023-02-18T08:05:44.539+0000] {logging_mixin.py:137} INFO - [2023-02-18T08:05:44.539+0000] {taskmixin.py:205} WARNING - Dependency <Task(BashOperator): delete_entry>, create_entry_gcs already registered for DAG: example_complex
[2023-02-18T08:05:44.554+0000] {logging_mixin.py:137} INFO - [2023-02-18T08:05:44.554+0000] {taskmixin.py:205} WARNING - Dependency <Task(BashOperator): create_tag>, delete_tag already registered for DAG: example_complex
[2023-02-18T08:05:44.555+0000] {logging_mixin.py:137} INFO - [2023-02-18T08:05:44.555+0000] {taskmixin.py:205} WARNING - Dependency <Task(BashOperator): delete_tag>, create_tag already registered for DAG: example_complex
[2023-02-18T08:05:45.608+0000] {processor.py:753} INFO - DAG(s) dict_keys(['example_complex']) retrieved from /home/airflow/.local/lib/python3.7/site-packages/airflow/example_dags/example_complex.py
[2023-02-18T08:05:51.942+0000] {logging_mixin.py:137} INFO - [2023-02-18T08:05:51.941+0000] {dag.py:2690} INFO - Sync 1 DAGs
[2023-02-18T08:05:55.816+0000] {logging_mixin.py:137} INFO - [2023-02-18T08:05:55.815+0000] {dag.py:3441} INFO - Setting next_dagrun for example_complex to None, run_after=None
[2023-02-18T08:05:59.899+0000] {processor.py:175} INFO - Processing /home/airflow/.local/lib/python3.7/site-packages/airflow/example_dags/example_complex.py took 16.701 seconds
[2023-02-18T08:10:00.470+0000] {processor.py:153} INFO - Started process (PID=1007) to work on /home/airflow/.local/lib/python3.7/site-packages/airflow/example_dags/example_complex.py
[2023-02-18T08:10:00.683+0000] {processor.py:743} INFO - Processing file /home/airflow/.local/lib/python3.7/site-packages/airflow/example_dags/example_complex.py for tasks to queue
[2023-02-18T08:10:00.844+0000] {logging_mixin.py:137} INFO - [2023-02-18T08:10:00.842+0000] {dagbag.py:538} INFO - Filling up the DagBag from /home/airflow/.local/lib/python3.7/site-packages/airflow/example_dags/example_complex.py
[2023-02-18T08:10:03.851+0000] {logging_mixin.py:137} INFO - [2023-02-18T08:10:03.850+0000] {taskmixin.py:205} WARNING - Dependency <Task(BashOperator): create_entry_group>, delete_entry_group already registered for DAG: example_complex
[2023-02-18T08:10:03.851+0000] {logging_mixin.py:137} INFO - [2023-02-18T08:10:03.851+0000] {taskmixin.py:205} WARNING - Dependency <Task(BashOperator): delete_entry_group>, create_entry_group already registered for DAG: example_complex
[2023-02-18T08:10:03.853+0000] {logging_mixin.py:137} INFO - [2023-02-18T08:10:03.852+0000] {taskmixin.py:205} WARNING - Dependency <Task(BashOperator): create_entry_gcs>, delete_entry already registered for DAG: example_complex
[2023-02-18T08:10:03.853+0000] {logging_mixin.py:137} INFO - [2023-02-18T08:10:03.853+0000] {taskmixin.py:205} WARNING - Dependency <Task(BashOperator): delete_entry>, create_entry_gcs already registered for DAG: example_complex
[2023-02-18T08:10:03.855+0000] {logging_mixin.py:137} INFO - [2023-02-18T08:10:03.855+0000] {taskmixin.py:205} WARNING - Dependency <Task(BashOperator): create_tag>, delete_tag already registered for DAG: example_complex
[2023-02-18T08:10:04.042+0000] {logging_mixin.py:137} INFO - [2023-02-18T08:10:03.856+0000] {taskmixin.py:205} WARNING - Dependency <Task(BashOperator): delete_tag>, create_tag already registered for DAG: example_complex
[2023-02-18T08:10:04.901+0000] {processor.py:753} INFO - DAG(s) dict_keys(['example_complex']) retrieved from /home/airflow/.local/lib/python3.7/site-packages/airflow/example_dags/example_complex.py
[2023-02-18T08:10:09.486+0000] {logging_mixin.py:137} INFO - [2023-02-18T08:10:09.485+0000] {dag.py:2690} INFO - Sync 1 DAGs
[2023-02-18T08:10:14.434+0000] {logging_mixin.py:137} INFO - [2023-02-18T08:10:14.433+0000] {dag.py:3441} INFO - Setting next_dagrun for example_complex to None, run_after=None
[2023-02-18T08:10:16.190+0000] {processor.py:175} INFO - Processing /home/airflow/.local/lib/python3.7/site-packages/airflow/example_dags/example_complex.py took 16.592 seconds
[2023-02-18T08:13:35.559+0000] {processor.py:153} INFO - Started process (PID=1134) to work on /home/airflow/.local/lib/python3.7/site-packages/airflow/example_dags/example_complex.py
[2023-02-18T08:13:35.651+0000] {processor.py:743} INFO - Processing file /home/airflow/.local/lib/python3.7/site-packages/airflow/example_dags/example_complex.py for tasks to queue
[2023-02-18T08:13:35.673+0000] {logging_mixin.py:137} INFO - [2023-02-18T08:13:35.672+0000] {dagbag.py:538} INFO - Filling up the DagBag from /home/airflow/.local/lib/python3.7/site-packages/airflow/example_dags/example_complex.py
[2023-02-18T08:13:37.720+0000] {logging_mixin.py:137} INFO - [2023-02-18T08:13:37.399+0000] {taskmixin.py:205} WARNING - Dependency <Task(BashOperator): create_entry_group>, delete_entry_group already registered for DAG: example_complex
[2023-02-18T08:13:37.721+0000] {logging_mixin.py:137} INFO - [2023-02-18T08:13:37.721+0000] {taskmixin.py:205} WARNING - Dependency <Task(BashOperator): delete_entry_group>, create_entry_group already registered for DAG: example_complex
[2023-02-18T08:13:37.723+0000] {logging_mixin.py:137} INFO - [2023-02-18T08:13:37.722+0000] {taskmixin.py:205} WARNING - Dependency <Task(BashOperator): create_entry_gcs>, delete_entry already registered for DAG: example_complex
[2023-02-18T08:13:37.760+0000] {logging_mixin.py:137} INFO - [2023-02-18T08:13:37.723+0000] {taskmixin.py:205} WARNING - Dependency <Task(BashOperator): delete_entry>, create_entry_gcs already registered for DAG: example_complex
[2023-02-18T08:13:37.765+0000] {logging_mixin.py:137} INFO - [2023-02-18T08:13:37.763+0000] {taskmixin.py:205} WARNING - Dependency <Task(BashOperator): create_tag>, delete_tag already registered for DAG: example_complex
[2023-02-18T08:13:37.894+0000] {logging_mixin.py:137} INFO - [2023-02-18T08:13:37.816+0000] {taskmixin.py:205} WARNING - Dependency <Task(BashOperator): delete_tag>, create_tag already registered for DAG: example_complex
[2023-02-18T08:13:39.230+0000] {processor.py:753} INFO - DAG(s) dict_keys(['example_complex']) retrieved from /home/airflow/.local/lib/python3.7/site-packages/airflow/example_dags/example_complex.py
[2023-02-18T08:13:40.800+0000] {logging_mixin.py:137} INFO - [2023-02-18T08:13:40.800+0000] {dag.py:2690} INFO - Sync 1 DAGs
[2023-02-18T08:13:44.237+0000] {logging_mixin.py:137} INFO - [2023-02-18T08:13:44.236+0000] {dag.py:3441} INFO - Setting next_dagrun for example_complex to None, run_after=None
[2023-02-18T08:13:46.828+0000] {processor.py:175} INFO - Processing /home/airflow/.local/lib/python3.7/site-packages/airflow/example_dags/example_complex.py took 12.153 seconds
[2023-02-18T08:16:50.904+0000] {processor.py:153} INFO - Started process (PID=1252) to work on /home/airflow/.local/lib/python3.7/site-packages/airflow/example_dags/example_complex.py
[2023-02-18T08:16:51.051+0000] {processor.py:743} INFO - Processing file /home/airflow/.local/lib/python3.7/site-packages/airflow/example_dags/example_complex.py for tasks to queue
[2023-02-18T08:16:51.055+0000] {logging_mixin.py:137} INFO - [2023-02-18T08:16:51.053+0000] {dagbag.py:538} INFO - Filling up the DagBag from /home/airflow/.local/lib/python3.7/site-packages/airflow/example_dags/example_complex.py
[2023-02-18T08:16:52.189+0000] {logging_mixin.py:137} INFO - [2023-02-18T08:16:52.188+0000] {taskmixin.py:205} WARNING - Dependency <Task(BashOperator): create_entry_group>, delete_entry_group already registered for DAG: example_complex
[2023-02-18T08:16:52.189+0000] {logging_mixin.py:137} INFO - [2023-02-18T08:16:52.189+0000] {taskmixin.py:205} WARNING - Dependency <Task(BashOperator): delete_entry_group>, create_entry_group already registered for DAG: example_complex
[2023-02-18T08:16:52.275+0000] {logging_mixin.py:137} INFO - [2023-02-18T08:16:52.274+0000] {taskmixin.py:205} WARNING - Dependency <Task(BashOperator): create_entry_gcs>, delete_entry already registered for DAG: example_complex
[2023-02-18T08:16:52.276+0000] {logging_mixin.py:137} INFO - [2023-02-18T08:16:52.275+0000] {taskmixin.py:205} WARNING - Dependency <Task(BashOperator): delete_entry>, create_entry_gcs already registered for DAG: example_complex
[2023-02-18T08:16:52.278+0000] {logging_mixin.py:137} INFO - [2023-02-18T08:16:52.277+0000] {taskmixin.py:205} WARNING - Dependency <Task(BashOperator): create_tag>, delete_tag already registered for DAG: example_complex
[2023-02-18T08:16:52.559+0000] {logging_mixin.py:137} INFO - [2023-02-18T08:16:52.558+0000] {taskmixin.py:205} WARNING - Dependency <Task(BashOperator): delete_tag>, create_tag already registered for DAG: example_complex
[2023-02-18T08:16:53.480+0000] {processor.py:753} INFO - DAG(s) dict_keys(['example_complex']) retrieved from /home/airflow/.local/lib/python3.7/site-packages/airflow/example_dags/example_complex.py
[2023-02-18T08:16:54.759+0000] {logging_mixin.py:137} INFO - [2023-02-18T08:16:54.755+0000] {dag.py:2690} INFO - Sync 1 DAGs
[2023-02-18T08:16:57.104+0000] {logging_mixin.py:137} INFO - [2023-02-18T08:16:57.104+0000] {dag.py:3441} INFO - Setting next_dagrun for example_complex to None, run_after=None
[2023-02-18T08:16:58.104+0000] {processor.py:175} INFO - Processing /home/airflow/.local/lib/python3.7/site-packages/airflow/example_dags/example_complex.py took 7.672 seconds
[2023-02-18T08:20:02.596+0000] {processor.py:153} INFO - Started process (PID=1373) to work on /home/airflow/.local/lib/python3.7/site-packages/airflow/example_dags/example_complex.py
[2023-02-18T08:20:02.726+0000] {processor.py:743} INFO - Processing file /home/airflow/.local/lib/python3.7/site-packages/airflow/example_dags/example_complex.py for tasks to queue
[2023-02-18T08:20:02.799+0000] {logging_mixin.py:137} INFO - [2023-02-18T08:20:02.798+0000] {dagbag.py:538} INFO - Filling up the DagBag from /home/airflow/.local/lib/python3.7/site-packages/airflow/example_dags/example_complex.py
[2023-02-18T08:20:03.816+0000] {logging_mixin.py:137} INFO - [2023-02-18T08:20:03.812+0000] {taskmixin.py:205} WARNING - Dependency <Task(BashOperator): create_entry_group>, delete_entry_group already registered for DAG: example_complex
[2023-02-18T08:20:04.002+0000] {logging_mixin.py:137} INFO - [2023-02-18T08:20:04.002+0000] {taskmixin.py:205} WARNING - Dependency <Task(BashOperator): delete_entry_group>, create_entry_group already registered for DAG: example_complex
[2023-02-18T08:20:04.004+0000] {logging_mixin.py:137} INFO - [2023-02-18T08:20:04.003+0000] {taskmixin.py:205} WARNING - Dependency <Task(BashOperator): create_entry_gcs>, delete_entry already registered for DAG: example_complex
[2023-02-18T08:20:04.099+0000] {logging_mixin.py:137} INFO - [2023-02-18T08:20:04.098+0000] {taskmixin.py:205} WARNING - Dependency <Task(BashOperator): delete_entry>, create_entry_gcs already registered for DAG: example_complex
[2023-02-18T08:20:04.101+0000] {logging_mixin.py:137} INFO - [2023-02-18T08:20:04.100+0000] {taskmixin.py:205} WARNING - Dependency <Task(BashOperator): create_tag>, delete_tag already registered for DAG: example_complex
[2023-02-18T08:20:04.519+0000] {logging_mixin.py:137} INFO - [2023-02-18T08:20:04.101+0000] {taskmixin.py:205} WARNING - Dependency <Task(BashOperator): delete_tag>, create_tag already registered for DAG: example_complex
[2023-02-18T08:20:04.938+0000] {processor.py:753} INFO - DAG(s) dict_keys(['example_complex']) retrieved from /home/airflow/.local/lib/python3.7/site-packages/airflow/example_dags/example_complex.py
[2023-02-18T08:20:07.702+0000] {logging_mixin.py:137} INFO - [2023-02-18T08:20:07.701+0000] {dag.py:2690} INFO - Sync 1 DAGs
[2023-02-18T08:20:09.974+0000] {logging_mixin.py:137} INFO - [2023-02-18T08:20:09.974+0000] {dag.py:3441} INFO - Setting next_dagrun for example_complex to None, run_after=None
[2023-02-18T08:20:12.457+0000] {processor.py:175} INFO - Processing /home/airflow/.local/lib/python3.7/site-packages/airflow/example_dags/example_complex.py took 10.387 seconds
[2023-02-18T08:22:56.975+0000] {processor.py:153} INFO - Started process (PID=1482) to work on /home/airflow/.local/lib/python3.7/site-packages/airflow/example_dags/example_complex.py
[2023-02-18T08:22:56.998+0000] {processor.py:743} INFO - Processing file /home/airflow/.local/lib/python3.7/site-packages/airflow/example_dags/example_complex.py for tasks to queue
[2023-02-18T08:22:57.029+0000] {logging_mixin.py:137} INFO - [2023-02-18T08:22:57.028+0000] {dagbag.py:538} INFO - Filling up the DagBag from /home/airflow/.local/lib/python3.7/site-packages/airflow/example_dags/example_complex.py
[2023-02-18T08:22:57.815+0000] {logging_mixin.py:137} INFO - [2023-02-18T08:22:57.814+0000] {taskmixin.py:205} WARNING - Dependency <Task(BashOperator): create_entry_group>, delete_entry_group already registered for DAG: example_complex
[2023-02-18T08:22:57.816+0000] {logging_mixin.py:137} INFO - [2023-02-18T08:22:57.816+0000] {taskmixin.py:205} WARNING - Dependency <Task(BashOperator): delete_entry_group>, create_entry_group already registered for DAG: example_complex
[2023-02-18T08:22:57.817+0000] {logging_mixin.py:137} INFO - [2023-02-18T08:22:57.817+0000] {taskmixin.py:205} WARNING - Dependency <Task(BashOperator): create_entry_gcs>, delete_entry already registered for DAG: example_complex
[2023-02-18T08:22:57.818+0000] {logging_mixin.py:137} INFO - [2023-02-18T08:22:57.817+0000] {taskmixin.py:205} WARNING - Dependency <Task(BashOperator): delete_entry>, create_entry_gcs already registered for DAG: example_complex
[2023-02-18T08:22:57.862+0000] {logging_mixin.py:137} INFO - [2023-02-18T08:22:57.861+0000] {taskmixin.py:205} WARNING - Dependency <Task(BashOperator): create_tag>, delete_tag already registered for DAG: example_complex
[2023-02-18T08:22:57.863+0000] {logging_mixin.py:137} INFO - [2023-02-18T08:22:57.863+0000] {taskmixin.py:205} WARNING - Dependency <Task(BashOperator): delete_tag>, create_tag already registered for DAG: example_complex
[2023-02-18T08:22:58.859+0000] {processor.py:753} INFO - DAG(s) dict_keys(['example_complex']) retrieved from /home/airflow/.local/lib/python3.7/site-packages/airflow/example_dags/example_complex.py
[2023-02-18T08:23:00.908+0000] {logging_mixin.py:137} INFO - [2023-02-18T08:23:00.907+0000] {dag.py:2690} INFO - Sync 1 DAGs
[2023-02-18T08:23:03.273+0000] {logging_mixin.py:137} INFO - [2023-02-18T08:23:03.272+0000] {dag.py:3441} INFO - Setting next_dagrun for example_complex to None, run_after=None
[2023-02-18T08:23:03.966+0000] {processor.py:175} INFO - Processing /home/airflow/.local/lib/python3.7/site-packages/airflow/example_dags/example_complex.py took 7.311 seconds
[2023-02-18T08:26:21.305+0000] {processor.py:153} INFO - Started process (PID=1605) to work on /home/airflow/.local/lib/python3.7/site-packages/airflow/example_dags/example_complex.py
[2023-02-18T08:26:21.498+0000] {processor.py:743} INFO - Processing file /home/airflow/.local/lib/python3.7/site-packages/airflow/example_dags/example_complex.py for tasks to queue
[2023-02-18T08:26:21.872+0000] {logging_mixin.py:137} INFO - [2023-02-18T08:26:21.871+0000] {dagbag.py:538} INFO - Filling up the DagBag from /home/airflow/.local/lib/python3.7/site-packages/airflow/example_dags/example_complex.py
[2023-02-18T08:26:24.177+0000] {logging_mixin.py:137} INFO - [2023-02-18T08:26:24.177+0000] {taskmixin.py:205} WARNING - Dependency <Task(BashOperator): create_entry_group>, delete_entry_group already registered for DAG: example_complex
[2023-02-18T08:26:24.178+0000] {logging_mixin.py:137} INFO - [2023-02-18T08:26:24.178+0000] {taskmixin.py:205} WARNING - Dependency <Task(BashOperator): delete_entry_group>, create_entry_group already registered for DAG: example_complex
[2023-02-18T08:26:24.180+0000] {logging_mixin.py:137} INFO - [2023-02-18T08:26:24.179+0000] {taskmixin.py:205} WARNING - Dependency <Task(BashOperator): create_entry_gcs>, delete_entry already registered for DAG: example_complex
[2023-02-18T08:26:24.289+0000] {logging_mixin.py:137} INFO - [2023-02-18T08:26:24.288+0000] {taskmixin.py:205} WARNING - Dependency <Task(BashOperator): delete_entry>, create_entry_gcs already registered for DAG: example_complex
[2023-02-18T08:26:24.291+0000] {logging_mixin.py:137} INFO - [2023-02-18T08:26:24.290+0000] {taskmixin.py:205} WARNING - Dependency <Task(BashOperator): create_tag>, delete_tag already registered for DAG: example_complex
[2023-02-18T08:26:24.291+0000] {logging_mixin.py:137} INFO - [2023-02-18T08:26:24.291+0000] {taskmixin.py:205} WARNING - Dependency <Task(BashOperator): delete_tag>, create_tag already registered for DAG: example_complex
[2023-02-18T08:26:25.667+0000] {processor.py:753} INFO - DAG(s) dict_keys(['example_complex']) retrieved from /home/airflow/.local/lib/python3.7/site-packages/airflow/example_dags/example_complex.py
[2023-02-18T08:26:30.973+0000] {logging_mixin.py:137} INFO - [2023-02-18T08:26:30.972+0000] {dag.py:2690} INFO - Sync 1 DAGs
[2023-02-18T08:26:33.232+0000] {logging_mixin.py:137} INFO - [2023-02-18T08:26:33.232+0000] {dag.py:3441} INFO - Setting next_dagrun for example_complex to None, run_after=None
[2023-02-18T08:26:36.525+0000] {processor.py:175} INFO - Processing /home/airflow/.local/lib/python3.7/site-packages/airflow/example_dags/example_complex.py took 16.239 seconds
[2023-02-18T08:32:53.849+0000] {processor.py:153} INFO - Started process (PID=1805) to work on /home/airflow/.local/lib/python3.7/site-packages/airflow/example_dags/example_complex.py
[2023-02-18T08:32:53.902+0000] {processor.py:743} INFO - Processing file /home/airflow/.local/lib/python3.7/site-packages/airflow/example_dags/example_complex.py for tasks to queue
[2023-02-18T08:32:53.966+0000] {logging_mixin.py:137} INFO - [2023-02-18T08:32:53.904+0000] {dagbag.py:538} INFO - Filling up the DagBag from /home/airflow/.local/lib/python3.7/site-packages/airflow/example_dags/example_complex.py
[2023-02-18T08:32:58.583+0000] {logging_mixin.py:137} INFO - [2023-02-18T08:32:58.582+0000] {taskmixin.py:205} WARNING - Dependency <Task(BashOperator): create_entry_group>, delete_entry_group already registered for DAG: example_complex
[2023-02-18T08:32:58.584+0000] {logging_mixin.py:137} INFO - [2023-02-18T08:32:58.583+0000] {taskmixin.py:205} WARNING - Dependency <Task(BashOperator): delete_entry_group>, create_entry_group already registered for DAG: example_complex
[2023-02-18T08:32:58.585+0000] {logging_mixin.py:137} INFO - [2023-02-18T08:32:58.584+0000] {taskmixin.py:205} WARNING - Dependency <Task(BashOperator): create_entry_gcs>, delete_entry already registered for DAG: example_complex
[2023-02-18T08:32:58.862+0000] {logging_mixin.py:137} INFO - [2023-02-18T08:32:58.861+0000] {taskmixin.py:205} WARNING - Dependency <Task(BashOperator): delete_entry>, create_entry_gcs already registered for DAG: example_complex
[2023-02-18T08:32:59.200+0000] {logging_mixin.py:137} INFO - [2023-02-18T08:32:59.200+0000] {taskmixin.py:205} WARNING - Dependency <Task(BashOperator): create_tag>, delete_tag already registered for DAG: example_complex
[2023-02-18T08:32:59.201+0000] {logging_mixin.py:137} INFO - [2023-02-18T08:32:59.201+0000] {taskmixin.py:205} WARNING - Dependency <Task(BashOperator): delete_tag>, create_tag already registered for DAG: example_complex
[2023-02-18T08:33:02.522+0000] {processor.py:753} INFO - DAG(s) dict_keys(['example_complex']) retrieved from /home/airflow/.local/lib/python3.7/site-packages/airflow/example_dags/example_complex.py
[2023-02-18T08:33:12.576+0000] {logging_mixin.py:137} INFO - [2023-02-18T08:33:12.575+0000] {dag.py:2690} INFO - Sync 1 DAGs
[2023-02-18T08:33:20.670+0000] {logging_mixin.py:137} INFO - [2023-02-18T08:33:20.669+0000] {dag.py:3441} INFO - Setting next_dagrun for example_complex to None, run_after=None
[2023-02-18T08:33:26.058+0000] {processor.py:175} INFO - Processing /home/airflow/.local/lib/python3.7/site-packages/airflow/example_dags/example_complex.py took 33.635 seconds
[2023-02-18T08:44:09.383+0000] {processor.py:153} INFO - Started process (PID=2119) to work on /home/airflow/.local/lib/python3.7/site-packages/airflow/example_dags/example_complex.py
[2023-02-18T08:44:09.411+0000] {processor.py:743} INFO - Processing file /home/airflow/.local/lib/python3.7/site-packages/airflow/example_dags/example_complex.py for tasks to queue
[2023-02-18T08:44:10.026+0000] {logging_mixin.py:137} INFO - [2023-02-18T08:44:10.025+0000] {dagbag.py:538} INFO - Filling up the DagBag from /home/airflow/.local/lib/python3.7/site-packages/airflow/example_dags/example_complex.py
[2023-02-18T08:44:17.464+0000] {logging_mixin.py:137} INFO - [2023-02-18T08:44:17.463+0000] {taskmixin.py:205} WARNING - Dependency <Task(BashOperator): create_entry_group>, delete_entry_group already registered for DAG: example_complex
[2023-02-18T08:44:17.763+0000] {logging_mixin.py:137} INFO - [2023-02-18T08:44:17.763+0000] {taskmixin.py:205} WARNING - Dependency <Task(BashOperator): delete_entry_group>, create_entry_group already registered for DAG: example_complex
[2023-02-18T08:44:17.765+0000] {logging_mixin.py:137} INFO - [2023-02-18T08:44:17.764+0000] {taskmixin.py:205} WARNING - Dependency <Task(BashOperator): create_entry_gcs>, delete_entry already registered for DAG: example_complex
[2023-02-18T08:44:17.766+0000] {logging_mixin.py:137} INFO - [2023-02-18T08:44:17.765+0000] {taskmixin.py:205} WARNING - Dependency <Task(BashOperator): delete_entry>, create_entry_gcs already registered for DAG: example_complex
[2023-02-18T08:44:18.266+0000] {logging_mixin.py:137} INFO - [2023-02-18T08:44:18.266+0000] {taskmixin.py:205} WARNING - Dependency <Task(BashOperator): create_tag>, delete_tag already registered for DAG: example_complex
[2023-02-18T08:44:18.267+0000] {logging_mixin.py:137} INFO - [2023-02-18T08:44:18.267+0000] {taskmixin.py:205} WARNING - Dependency <Task(BashOperator): delete_tag>, create_tag already registered for DAG: example_complex
[2023-02-18T08:44:23.990+0000] {processor.py:753} INFO - DAG(s) dict_keys(['example_complex']) retrieved from /home/airflow/.local/lib/python3.7/site-packages/airflow/example_dags/example_complex.py
[2023-02-18T08:44:46.467+0000] {logging_mixin.py:137} INFO - [2023-02-18T08:44:46.467+0000] {dag.py:2690} INFO - Sync 1 DAGs
[2023-02-18T09:52:01.786+0000] {processor.py:153} INFO - Started process (PID=173) to work on /home/airflow/.local/lib/python3.7/site-packages/airflow/example_dags/example_complex.py
[2023-02-18T09:52:01.914+0000] {processor.py:743} INFO - Processing file /home/airflow/.local/lib/python3.7/site-packages/airflow/example_dags/example_complex.py for tasks to queue
[2023-02-18T09:52:01.964+0000] {logging_mixin.py:137} INFO - [2023-02-18T09:52:01.916+0000] {dagbag.py:538} INFO - Filling up the DagBag from /home/airflow/.local/lib/python3.7/site-packages/airflow/example_dags/example_complex.py
[2023-02-18T09:52:03.363+0000] {logging_mixin.py:137} INFO - [2023-02-18T09:52:03.302+0000] {taskmixin.py:205} WARNING - Dependency <Task(BashOperator): create_entry_group>, delete_entry_group already registered for DAG: example_complex
[2023-02-18T09:52:03.364+0000] {logging_mixin.py:137} INFO - [2023-02-18T09:52:03.363+0000] {taskmixin.py:205} WARNING - Dependency <Task(BashOperator): delete_entry_group>, create_entry_group already registered for DAG: example_complex
[2023-02-18T09:52:03.365+0000] {logging_mixin.py:137} INFO - [2023-02-18T09:52:03.364+0000] {taskmixin.py:205} WARNING - Dependency <Task(BashOperator): create_entry_gcs>, delete_entry already registered for DAG: example_complex
[2023-02-18T09:52:03.459+0000] {logging_mixin.py:137} INFO - [2023-02-18T09:52:03.365+0000] {taskmixin.py:205} WARNING - Dependency <Task(BashOperator): delete_entry>, create_entry_gcs already registered for DAG: example_complex
[2023-02-18T09:52:03.478+0000] {logging_mixin.py:137} INFO - [2023-02-18T09:52:03.460+0000] {taskmixin.py:205} WARNING - Dependency <Task(BashOperator): create_tag>, delete_tag already registered for DAG: example_complex
[2023-02-18T09:52:03.528+0000] {logging_mixin.py:137} INFO - [2023-02-18T09:52:03.478+0000] {taskmixin.py:205} WARNING - Dependency <Task(BashOperator): delete_tag>, create_tag already registered for DAG: example_complex
[2023-02-18T09:52:03.978+0000] {processor.py:753} INFO - DAG(s) dict_keys(['example_complex']) retrieved from /home/airflow/.local/lib/python3.7/site-packages/airflow/example_dags/example_complex.py
[2023-02-18T09:52:07.612+0000] {logging_mixin.py:137} INFO - [2023-02-18T09:52:07.611+0000] {dag.py:2690} INFO - Sync 1 DAGs
[2023-02-18T09:52:09.676+0000] {logging_mixin.py:137} INFO - [2023-02-18T09:52:09.676+0000] {dag.py:3441} INFO - Setting next_dagrun for example_complex to None, run_after=None
[2023-02-18T09:52:11.392+0000] {processor.py:175} INFO - Processing /home/airflow/.local/lib/python3.7/site-packages/airflow/example_dags/example_complex.py took 9.829 seconds
[2023-02-18T09:53:39.968+0000] {processor.py:153} INFO - Started process (PID=251) to work on /home/airflow/.local/lib/python3.7/site-packages/airflow/example_dags/example_complex.py
[2023-02-18T09:53:40.005+0000] {processor.py:743} INFO - Processing file /home/airflow/.local/lib/python3.7/site-packages/airflow/example_dags/example_complex.py for tasks to queue
[2023-02-18T09:53:40.022+0000] {logging_mixin.py:137} INFO - [2023-02-18T09:53:40.021+0000] {dagbag.py:538} INFO - Filling up the DagBag from /home/airflow/.local/lib/python3.7/site-packages/airflow/example_dags/example_complex.py
[2023-02-18T09:53:40.305+0000] {logging_mixin.py:137} INFO - [2023-02-18T09:53:40.305+0000] {taskmixin.py:205} WARNING - Dependency <Task(BashOperator): create_entry_group>, delete_entry_group already registered for DAG: example_complex
[2023-02-18T09:53:40.319+0000] {logging_mixin.py:137} INFO - [2023-02-18T09:53:40.319+0000] {taskmixin.py:205} WARNING - Dependency <Task(BashOperator): delete_entry_group>, create_entry_group already registered for DAG: example_complex
[2023-02-18T09:53:40.320+0000] {logging_mixin.py:137} INFO - [2023-02-18T09:53:40.320+0000] {taskmixin.py:205} WARNING - Dependency <Task(BashOperator): create_entry_gcs>, delete_entry already registered for DAG: example_complex
[2023-02-18T09:53:40.321+0000] {logging_mixin.py:137} INFO - [2023-02-18T09:53:40.320+0000] {taskmixin.py:205} WARNING - Dependency <Task(BashOperator): delete_entry>, create_entry_gcs already registered for DAG: example_complex
[2023-02-18T09:53:40.322+0000] {logging_mixin.py:137} INFO - [2023-02-18T09:53:40.322+0000] {taskmixin.py:205} WARNING - Dependency <Task(BashOperator): create_tag>, delete_tag already registered for DAG: example_complex
[2023-02-18T09:53:40.336+0000] {logging_mixin.py:137} INFO - [2023-02-18T09:53:40.335+0000] {taskmixin.py:205} WARNING - Dependency <Task(BashOperator): delete_tag>, create_tag already registered for DAG: example_complex
[2023-02-18T09:53:40.555+0000] {processor.py:753} INFO - DAG(s) dict_keys(['example_complex']) retrieved from /home/airflow/.local/lib/python3.7/site-packages/airflow/example_dags/example_complex.py
[2023-02-18T09:53:41.517+0000] {logging_mixin.py:137} INFO - [2023-02-18T09:53:41.516+0000] {dag.py:2690} INFO - Sync 1 DAGs
[2023-02-18T09:53:42.637+0000] {logging_mixin.py:137} INFO - [2023-02-18T09:53:42.637+0000] {dag.py:3441} INFO - Setting next_dagrun for example_complex to None, run_after=None
[2023-02-18T09:53:43.498+0000] {processor.py:175} INFO - Processing /home/airflow/.local/lib/python3.7/site-packages/airflow/example_dags/example_complex.py took 3.585 seconds
[2023-02-18T09:55:05.404+0000] {processor.py:153} INFO - Started process (PID=339) to work on /home/airflow/.local/lib/python3.7/site-packages/airflow/example_dags/example_complex.py
[2023-02-18T09:55:05.484+0000] {processor.py:743} INFO - Processing file /home/airflow/.local/lib/python3.7/site-packages/airflow/example_dags/example_complex.py for tasks to queue
[2023-02-18T09:55:05.550+0000] {logging_mixin.py:137} INFO - [2023-02-18T09:55:05.550+0000] {dagbag.py:538} INFO - Filling up the DagBag from /home/airflow/.local/lib/python3.7/site-packages/airflow/example_dags/example_complex.py
[2023-02-18T09:55:05.726+0000] {logging_mixin.py:137} INFO - [2023-02-18T09:55:05.726+0000] {taskmixin.py:205} WARNING - Dependency <Task(BashOperator): create_entry_group>, delete_entry_group already registered for DAG: example_complex
[2023-02-18T09:55:05.727+0000] {logging_mixin.py:137} INFO - [2023-02-18T09:55:05.727+0000] {taskmixin.py:205} WARNING - Dependency <Task(BashOperator): delete_entry_group>, create_entry_group already registered for DAG: example_complex
[2023-02-18T09:55:05.728+0000] {logging_mixin.py:137} INFO - [2023-02-18T09:55:05.728+0000] {taskmixin.py:205} WARNING - Dependency <Task(BashOperator): create_entry_gcs>, delete_entry already registered for DAG: example_complex
[2023-02-18T09:55:05.741+0000] {logging_mixin.py:137} INFO - [2023-02-18T09:55:05.740+0000] {taskmixin.py:205} WARNING - Dependency <Task(BashOperator): delete_entry>, create_entry_gcs already registered for DAG: example_complex
[2023-02-18T09:55:05.742+0000] {logging_mixin.py:137} INFO - [2023-02-18T09:55:05.742+0000] {taskmixin.py:205} WARNING - Dependency <Task(BashOperator): create_tag>, delete_tag already registered for DAG: example_complex
[2023-02-18T09:55:05.743+0000] {logging_mixin.py:137} INFO - [2023-02-18T09:55:05.743+0000] {taskmixin.py:205} WARNING - Dependency <Task(BashOperator): delete_tag>, create_tag already registered for DAG: example_complex
[2023-02-18T09:55:05.936+0000] {processor.py:753} INFO - DAG(s) dict_keys(['example_complex']) retrieved from /home/airflow/.local/lib/python3.7/site-packages/airflow/example_dags/example_complex.py
[2023-02-18T09:55:07.614+0000] {logging_mixin.py:137} INFO - [2023-02-18T09:55:07.613+0000] {dag.py:2690} INFO - Sync 1 DAGs
[2023-02-18T09:55:09.202+0000] {logging_mixin.py:137} INFO - [2023-02-18T09:55:09.201+0000] {dag.py:3441} INFO - Setting next_dagrun for example_complex to None, run_after=None
[2023-02-18T09:55:09.846+0000] {processor.py:175} INFO - Processing /home/airflow/.local/lib/python3.7/site-packages/airflow/example_dags/example_complex.py took 4.679 seconds
[2023-02-18T09:56:35.554+0000] {processor.py:153} INFO - Started process (PID=400) to work on /home/airflow/.local/lib/python3.7/site-packages/airflow/example_dags/example_complex.py
[2023-02-18T09:56:35.631+0000] {processor.py:743} INFO - Processing file /home/airflow/.local/lib/python3.7/site-packages/airflow/example_dags/example_complex.py for tasks to queue
[2023-02-18T09:56:35.675+0000] {logging_mixin.py:137} INFO - [2023-02-18T09:56:35.673+0000] {dagbag.py:538} INFO - Filling up the DagBag from /home/airflow/.local/lib/python3.7/site-packages/airflow/example_dags/example_complex.py
[2023-02-18T09:56:37.737+0000] {logging_mixin.py:137} INFO - [2023-02-18T09:56:37.736+0000] {taskmixin.py:205} WARNING - Dependency <Task(BashOperator): create_entry_group>, delete_entry_group already registered for DAG: example_complex
[2023-02-18T09:56:37.738+0000] {logging_mixin.py:137} INFO - [2023-02-18T09:56:37.737+0000] {taskmixin.py:205} WARNING - Dependency <Task(BashOperator): delete_entry_group>, create_entry_group already registered for DAG: example_complex
[2023-02-18T09:56:37.739+0000] {logging_mixin.py:137} INFO - [2023-02-18T09:56:37.738+0000] {taskmixin.py:205} WARNING - Dependency <Task(BashOperator): create_entry_gcs>, delete_entry already registered for DAG: example_complex
[2023-02-18T09:56:37.906+0000] {logging_mixin.py:137} INFO - [2023-02-18T09:56:37.905+0000] {taskmixin.py:205} WARNING - Dependency <Task(BashOperator): delete_entry>, create_entry_gcs already registered for DAG: example_complex
[2023-02-18T09:56:37.907+0000] {logging_mixin.py:137} INFO - [2023-02-18T09:56:37.907+0000] {taskmixin.py:205} WARNING - Dependency <Task(BashOperator): create_tag>, delete_tag already registered for DAG: example_complex
[2023-02-18T09:56:37.908+0000] {logging_mixin.py:137} INFO - [2023-02-18T09:56:37.908+0000] {taskmixin.py:205} WARNING - Dependency <Task(BashOperator): delete_tag>, create_tag already registered for DAG: example_complex
[2023-02-18T09:56:38.460+0000] {processor.py:753} INFO - DAG(s) dict_keys(['example_complex']) retrieved from /home/airflow/.local/lib/python3.7/site-packages/airflow/example_dags/example_complex.py
[2023-02-18T09:56:42.579+0000] {logging_mixin.py:137} INFO - [2023-02-18T09:56:42.579+0000] {dag.py:2690} INFO - Sync 1 DAGs
[2023-02-18T09:56:44.906+0000] {logging_mixin.py:137} INFO - [2023-02-18T09:56:44.905+0000] {dag.py:3441} INFO - Setting next_dagrun for example_complex to None, run_after=None
[2023-02-18T09:56:47.272+0000] {processor.py:175} INFO - Processing /home/airflow/.local/lib/python3.7/site-packages/airflow/example_dags/example_complex.py took 12.138 seconds
[2023-02-18T09:59:10.395+0000] {processor.py:153} INFO - Started process (PID=499) to work on /home/airflow/.local/lib/python3.7/site-packages/airflow/example_dags/example_complex.py
[2023-02-18T09:59:10.539+0000] {processor.py:743} INFO - Processing file /home/airflow/.local/lib/python3.7/site-packages/airflow/example_dags/example_complex.py for tasks to queue
[2023-02-18T09:59:10.586+0000] {logging_mixin.py:137} INFO - [2023-02-18T09:59:10.553+0000] {dagbag.py:538} INFO - Filling up the DagBag from /home/airflow/.local/lib/python3.7/site-packages/airflow/example_dags/example_complex.py
[2023-02-18T09:59:11.386+0000] {logging_mixin.py:137} INFO - [2023-02-18T09:59:11.327+0000] {taskmixin.py:205} WARNING - Dependency <Task(BashOperator): create_entry_group>, delete_entry_group already registered for DAG: example_complex
[2023-02-18T09:59:11.387+0000] {logging_mixin.py:137} INFO - [2023-02-18T09:59:11.387+0000] {taskmixin.py:205} WARNING - Dependency <Task(BashOperator): delete_entry_group>, create_entry_group already registered for DAG: example_complex
[2023-02-18T09:59:11.388+0000] {logging_mixin.py:137} INFO - [2023-02-18T09:59:11.387+0000] {taskmixin.py:205} WARNING - Dependency <Task(BashOperator): create_entry_gcs>, delete_entry already registered for DAG: example_complex
[2023-02-18T09:59:11.388+0000] {logging_mixin.py:137} INFO - [2023-02-18T09:59:11.388+0000] {taskmixin.py:205} WARNING - Dependency <Task(BashOperator): delete_entry>, create_entry_gcs already registered for DAG: example_complex
[2023-02-18T09:59:11.484+0000] {logging_mixin.py:137} INFO - [2023-02-18T09:59:11.389+0000] {taskmixin.py:205} WARNING - Dependency <Task(BashOperator): create_tag>, delete_tag already registered for DAG: example_complex
[2023-02-18T09:59:11.514+0000] {logging_mixin.py:137} INFO - [2023-02-18T09:59:11.485+0000] {taskmixin.py:205} WARNING - Dependency <Task(BashOperator): delete_tag>, create_tag already registered for DAG: example_complex
[2023-02-18T09:59:11.949+0000] {processor.py:753} INFO - DAG(s) dict_keys(['example_complex']) retrieved from /home/airflow/.local/lib/python3.7/site-packages/airflow/example_dags/example_complex.py
[2023-02-18T09:59:13.668+0000] {logging_mixin.py:137} INFO - [2023-02-18T09:59:13.667+0000] {dag.py:2690} INFO - Sync 1 DAGs
[2023-02-18T09:59:15.677+0000] {logging_mixin.py:137} INFO - [2023-02-18T09:59:15.676+0000] {dag.py:3441} INFO - Setting next_dagrun for example_complex to None, run_after=None
[2023-02-18T09:59:17.092+0000] {processor.py:175} INFO - Processing /home/airflow/.local/lib/python3.7/site-packages/airflow/example_dags/example_complex.py took 6.939 seconds
[2023-02-18T10:01:09.928+0000] {processor.py:153} INFO - Started process (PID=578) to work on /home/airflow/.local/lib/python3.7/site-packages/airflow/example_dags/example_complex.py
[2023-02-18T10:01:10.059+0000] {processor.py:743} INFO - Processing file /home/airflow/.local/lib/python3.7/site-packages/airflow/example_dags/example_complex.py for tasks to queue
[2023-02-18T10:01:10.061+0000] {logging_mixin.py:137} INFO - [2023-02-18T10:01:10.061+0000] {dagbag.py:538} INFO - Filling up the DagBag from /home/airflow/.local/lib/python3.7/site-packages/airflow/example_dags/example_complex.py
[2023-02-18T10:01:10.632+0000] {logging_mixin.py:137} INFO - [2023-02-18T10:01:10.631+0000] {taskmixin.py:205} WARNING - Dependency <Task(BashOperator): create_entry_group>, delete_entry_group already registered for DAG: example_complex
[2023-02-18T10:01:10.661+0000] {logging_mixin.py:137} INFO - [2023-02-18T10:01:10.660+0000] {taskmixin.py:205} WARNING - Dependency <Task(BashOperator): delete_entry_group>, create_entry_group already registered for DAG: example_complex
[2023-02-18T10:01:10.662+0000] {logging_mixin.py:137} INFO - [2023-02-18T10:01:10.661+0000] {taskmixin.py:205} WARNING - Dependency <Task(BashOperator): create_entry_gcs>, delete_entry already registered for DAG: example_complex
[2023-02-18T10:01:10.662+0000] {logging_mixin.py:137} INFO - [2023-02-18T10:01:10.662+0000] {taskmixin.py:205} WARNING - Dependency <Task(BashOperator): delete_entry>, create_entry_gcs already registered for DAG: example_complex
[2023-02-18T10:01:10.664+0000] {logging_mixin.py:137} INFO - [2023-02-18T10:01:10.663+0000] {taskmixin.py:205} WARNING - Dependency <Task(BashOperator): create_tag>, delete_tag already registered for DAG: example_complex
[2023-02-18T10:01:10.675+0000] {logging_mixin.py:137} INFO - [2023-02-18T10:01:10.664+0000] {taskmixin.py:205} WARNING - Dependency <Task(BashOperator): delete_tag>, create_tag already registered for DAG: example_complex
[2023-02-18T10:01:11.045+0000] {processor.py:753} INFO - DAG(s) dict_keys(['example_complex']) retrieved from /home/airflow/.local/lib/python3.7/site-packages/airflow/example_dags/example_complex.py
[2023-02-18T10:01:12.132+0000] {logging_mixin.py:137} INFO - [2023-02-18T10:01:12.131+0000] {dag.py:2690} INFO - Sync 1 DAGs
[2023-02-18T10:01:13.943+0000] {logging_mixin.py:137} INFO - [2023-02-18T10:01:13.942+0000] {dag.py:3441} INFO - Setting next_dagrun for example_complex to None, run_after=None
[2023-02-18T10:01:15.292+0000] {processor.py:175} INFO - Processing /home/airflow/.local/lib/python3.7/site-packages/airflow/example_dags/example_complex.py took 5.503 seconds
[2023-02-18T10:02:46.812+0000] {processor.py:153} INFO - Started process (PID=649) to work on /home/airflow/.local/lib/python3.7/site-packages/airflow/example_dags/example_complex.py
[2023-02-18T10:02:46.907+0000] {processor.py:743} INFO - Processing file /home/airflow/.local/lib/python3.7/site-packages/airflow/example_dags/example_complex.py for tasks to queue
[2023-02-18T10:02:46.909+0000] {logging_mixin.py:137} INFO - [2023-02-18T10:02:46.909+0000] {dagbag.py:538} INFO - Filling up the DagBag from /home/airflow/.local/lib/python3.7/site-packages/airflow/example_dags/example_complex.py
[2023-02-18T10:02:48.369+0000] {logging_mixin.py:137} INFO - [2023-02-18T10:02:48.368+0000] {taskmixin.py:205} WARNING - Dependency <Task(BashOperator): create_entry_group>, delete_entry_group already registered for DAG: example_complex
[2023-02-18T10:02:48.370+0000] {logging_mixin.py:137} INFO - [2023-02-18T10:02:48.369+0000] {taskmixin.py:205} WARNING - Dependency <Task(BashOperator): delete_entry_group>, create_entry_group already registered for DAG: example_complex
[2023-02-18T10:02:48.416+0000] {logging_mixin.py:137} INFO - [2023-02-18T10:02:48.415+0000] {taskmixin.py:205} WARNING - Dependency <Task(BashOperator): create_entry_gcs>, delete_entry already registered for DAG: example_complex
[2023-02-18T10:02:48.417+0000] {logging_mixin.py:137} INFO - [2023-02-18T10:02:48.416+0000] {taskmixin.py:205} WARNING - Dependency <Task(BashOperator): delete_entry>, create_entry_gcs already registered for DAG: example_complex
[2023-02-18T10:02:48.432+0000] {logging_mixin.py:137} INFO - [2023-02-18T10:02:48.431+0000] {taskmixin.py:205} WARNING - Dependency <Task(BashOperator): create_tag>, delete_tag already registered for DAG: example_complex
[2023-02-18T10:02:48.434+0000] {logging_mixin.py:137} INFO - [2023-02-18T10:02:48.434+0000] {taskmixin.py:205} WARNING - Dependency <Task(BashOperator): delete_tag>, create_tag already registered for DAG: example_complex
[2023-02-18T10:02:49.204+0000] {processor.py:753} INFO - DAG(s) dict_keys(['example_complex']) retrieved from /home/airflow/.local/lib/python3.7/site-packages/airflow/example_dags/example_complex.py
[2023-02-18T10:02:51.212+0000] {logging_mixin.py:137} INFO - [2023-02-18T10:02:51.212+0000] {dag.py:2690} INFO - Sync 1 DAGs
[2023-02-18T10:02:53.572+0000] {logging_mixin.py:137} INFO - [2023-02-18T10:02:53.572+0000] {dag.py:3441} INFO - Setting next_dagrun for example_complex to None, run_after=None
[2023-02-18T10:02:55.102+0000] {processor.py:175} INFO - Processing /home/airflow/.local/lib/python3.7/site-packages/airflow/example_dags/example_complex.py took 8.692 seconds
[2023-02-18T10:05:10.275+0000] {processor.py:153} INFO - Started process (PID=742) to work on /home/airflow/.local/lib/python3.7/site-packages/airflow/example_dags/example_complex.py
[2023-02-18T10:05:10.323+0000] {processor.py:743} INFO - Processing file /home/airflow/.local/lib/python3.7/site-packages/airflow/example_dags/example_complex.py for tasks to queue
[2023-02-18T10:05:10.402+0000] {logging_mixin.py:137} INFO - [2023-02-18T10:05:10.401+0000] {dagbag.py:538} INFO - Filling up the DagBag from /home/airflow/.local/lib/python3.7/site-packages/airflow/example_dags/example_complex.py
[2023-02-18T10:05:12.355+0000] {logging_mixin.py:137} INFO - [2023-02-18T10:05:12.354+0000] {taskmixin.py:205} WARNING - Dependency <Task(BashOperator): create_entry_group>, delete_entry_group already registered for DAG: example_complex
[2023-02-18T10:05:12.367+0000] {logging_mixin.py:137} INFO - [2023-02-18T10:05:12.355+0000] {taskmixin.py:205} WARNING - Dependency <Task(BashOperator): delete_entry_group>, create_entry_group already registered for DAG: example_complex
[2023-02-18T10:05:12.368+0000] {logging_mixin.py:137} INFO - [2023-02-18T10:05:12.368+0000] {taskmixin.py:205} WARNING - Dependency <Task(BashOperator): create_entry_gcs>, delete_entry already registered for DAG: example_complex
[2023-02-18T10:05:12.369+0000] {logging_mixin.py:137} INFO - [2023-02-18T10:05:12.369+0000] {taskmixin.py:205} WARNING - Dependency <Task(BashOperator): delete_entry>, create_entry_gcs already registered for DAG: example_complex
[2023-02-18T10:05:12.515+0000] {logging_mixin.py:137} INFO - [2023-02-18T10:05:12.370+0000] {taskmixin.py:205} WARNING - Dependency <Task(BashOperator): create_tag>, delete_tag already registered for DAG: example_complex
[2023-02-18T10:05:12.515+0000] {logging_mixin.py:137} INFO - [2023-02-18T10:05:12.515+0000] {taskmixin.py:205} WARNING - Dependency <Task(BashOperator): delete_tag>, create_tag already registered for DAG: example_complex
[2023-02-18T10:05:13.862+0000] {processor.py:753} INFO - DAG(s) dict_keys(['example_complex']) retrieved from /home/airflow/.local/lib/python3.7/site-packages/airflow/example_dags/example_complex.py
[2023-02-18T10:05:18.261+0000] {logging_mixin.py:137} INFO - [2023-02-18T10:05:18.260+0000] {dag.py:2690} INFO - Sync 1 DAGs
[2023-02-18T10:05:21.590+0000] {logging_mixin.py:137} INFO - [2023-02-18T10:05:21.589+0000] {dag.py:3441} INFO - Setting next_dagrun for example_complex to None, run_after=None
[2023-02-18T10:05:22.957+0000] {processor.py:175} INFO - Processing /home/airflow/.local/lib/python3.7/site-packages/airflow/example_dags/example_complex.py took 13.063 seconds
[2023-02-18T10:08:05.801+0000] {processor.py:153} INFO - Started process (PID=847) to work on /home/airflow/.local/lib/python3.7/site-packages/airflow/example_dags/example_complex.py
[2023-02-18T10:08:05.908+0000] {processor.py:743} INFO - Processing file /home/airflow/.local/lib/python3.7/site-packages/airflow/example_dags/example_complex.py for tasks to queue
[2023-02-18T10:08:05.925+0000] {logging_mixin.py:137} INFO - [2023-02-18T10:08:05.924+0000] {dagbag.py:538} INFO - Filling up the DagBag from /home/airflow/.local/lib/python3.7/site-packages/airflow/example_dags/example_complex.py
[2023-02-18T10:08:07.099+0000] {logging_mixin.py:137} INFO - [2023-02-18T10:08:07.098+0000] {taskmixin.py:205} WARNING - Dependency <Task(BashOperator): create_entry_group>, delete_entry_group already registered for DAG: example_complex
[2023-02-18T10:08:07.100+0000] {logging_mixin.py:137} INFO - [2023-02-18T10:08:07.099+0000] {taskmixin.py:205} WARNING - Dependency <Task(BashOperator): delete_entry_group>, create_entry_group already registered for DAG: example_complex
[2023-02-18T10:08:07.272+0000] {logging_mixin.py:137} INFO - [2023-02-18T10:08:07.271+0000] {taskmixin.py:205} WARNING - Dependency <Task(BashOperator): create_entry_gcs>, delete_entry already registered for DAG: example_complex
[2023-02-18T10:08:07.272+0000] {logging_mixin.py:137} INFO - [2023-02-18T10:08:07.272+0000] {taskmixin.py:205} WARNING - Dependency <Task(BashOperator): delete_entry>, create_entry_gcs already registered for DAG: example_complex
[2023-02-18T10:08:07.370+0000] {logging_mixin.py:137} INFO - [2023-02-18T10:08:07.273+0000] {taskmixin.py:205} WARNING - Dependency <Task(BashOperator): create_tag>, delete_tag already registered for DAG: example_complex
[2023-02-18T10:08:07.464+0000] {logging_mixin.py:137} INFO - [2023-02-18T10:08:07.463+0000] {taskmixin.py:205} WARNING - Dependency <Task(BashOperator): delete_tag>, create_tag already registered for DAG: example_complex
[2023-02-18T10:08:08.186+0000] {processor.py:753} INFO - DAG(s) dict_keys(['example_complex']) retrieved from /home/airflow/.local/lib/python3.7/site-packages/airflow/example_dags/example_complex.py
[2023-02-18T10:08:10.993+0000] {logging_mixin.py:137} INFO - [2023-02-18T10:08:10.866+0000] {dag.py:2690} INFO - Sync 1 DAGs
[2023-02-18T10:08:12.251+0000] {logging_mixin.py:137} INFO - [2023-02-18T10:08:12.251+0000] {dag.py:3441} INFO - Setting next_dagrun for example_complex to None, run_after=None
[2023-02-18T10:08:13.695+0000] {processor.py:175} INFO - Processing /home/airflow/.local/lib/python3.7/site-packages/airflow/example_dags/example_complex.py took 8.311 seconds
