[2023-02-18T07:49:06.277+0000] {processor.py:153} INFO - Started process (PID=131) to work on /home/airflow/.local/lib/python3.7/site-packages/airflow/example_dags/example_short_circuit_decorator.py
[2023-02-18T07:49:06.279+0000] {processor.py:743} INFO - Processing file /home/airflow/.local/lib/python3.7/site-packages/airflow/example_dags/example_short_circuit_decorator.py for tasks to queue
[2023-02-18T07:49:06.342+0000] {logging_mixin.py:137} INFO - [2023-02-18T07:49:06.342+0000] {dagbag.py:538} INFO - Filling up the DagBag from /home/airflow/.local/lib/python3.7/site-packages/airflow/example_dags/example_short_circuit_decorator.py
[2023-02-18T07:49:07.159+0000] {processor.py:753} INFO - DAG(s) dict_keys(['example_short_circuit_decorator']) retrieved from /home/airflow/.local/lib/python3.7/site-packages/airflow/example_dags/example_short_circuit_decorator.py
[2023-02-18T07:49:08.009+0000] {logging_mixin.py:137} INFO - [2023-02-18T07:49:08.009+0000] {dag.py:2690} INFO - Sync 1 DAGs
[2023-02-18T07:49:09.038+0000] {logging_mixin.py:137} INFO - [2023-02-18T07:49:09.038+0000] {dag.py:3441} INFO - Setting next_dagrun for example_short_circuit_decorator to 2023-02-17T07:49:09.037300+00:00, run_after=2023-02-18T07:49:09.037300+00:00
[2023-02-18T07:49:09.839+0000] {processor.py:175} INFO - Processing /home/airflow/.local/lib/python3.7/site-packages/airflow/example_dags/example_short_circuit_decorator.py took 3.736 seconds
[2023-02-18T07:50:33.321+0000] {processor.py:153} INFO - Started process (PID=208) to work on /home/airflow/.local/lib/python3.7/site-packages/airflow/example_dags/example_short_circuit_decorator.py
[2023-02-18T07:50:33.448+0000] {processor.py:743} INFO - Processing file /home/airflow/.local/lib/python3.7/site-packages/airflow/example_dags/example_short_circuit_decorator.py for tasks to queue
[2023-02-18T07:50:33.451+0000] {logging_mixin.py:137} INFO - [2023-02-18T07:50:33.450+0000] {dagbag.py:538} INFO - Filling up the DagBag from /home/airflow/.local/lib/python3.7/site-packages/airflow/example_dags/example_short_circuit_decorator.py
[2023-02-18T07:50:34.764+0000] {processor.py:753} INFO - DAG(s) dict_keys(['example_short_circuit_decorator']) retrieved from /home/airflow/.local/lib/python3.7/site-packages/airflow/example_dags/example_short_circuit_decorator.py
[2023-02-18T07:50:35.852+0000] {logging_mixin.py:137} INFO - [2023-02-18T07:50:35.851+0000] {dag.py:2690} INFO - Sync 1 DAGs
[2023-02-18T07:50:36.705+0000] {logging_mixin.py:137} INFO - [2023-02-18T07:50:36.703+0000] {dag.py:3441} INFO - Setting next_dagrun for example_short_circuit_decorator to 2023-02-17T07:50:36.673276+00:00, run_after=2023-02-18T07:50:36.673276+00:00
[2023-02-18T07:50:37.441+0000] {processor.py:175} INFO - Processing /home/airflow/.local/lib/python3.7/site-packages/airflow/example_dags/example_short_circuit_decorator.py took 4.601 seconds
[2023-02-18T07:52:20.910+0000] {processor.py:153} INFO - Started process (PID=304) to work on /home/airflow/.local/lib/python3.7/site-packages/airflow/example_dags/example_short_circuit_decorator.py
[2023-02-18T07:52:20.987+0000] {processor.py:743} INFO - Processing file /home/airflow/.local/lib/python3.7/site-packages/airflow/example_dags/example_short_circuit_decorator.py for tasks to queue
[2023-02-18T07:52:20.989+0000] {logging_mixin.py:137} INFO - [2023-02-18T07:52:20.988+0000] {dagbag.py:538} INFO - Filling up the DagBag from /home/airflow/.local/lib/python3.7/site-packages/airflow/example_dags/example_short_circuit_decorator.py
[2023-02-18T07:52:21.789+0000] {processor.py:753} INFO - DAG(s) dict_keys(['example_short_circuit_decorator']) retrieved from /home/airflow/.local/lib/python3.7/site-packages/airflow/example_dags/example_short_circuit_decorator.py
[2023-02-18T07:52:23.357+0000] {logging_mixin.py:137} INFO - [2023-02-18T07:52:23.357+0000] {dag.py:2690} INFO - Sync 1 DAGs
[2023-02-18T07:52:23.888+0000] {logging_mixin.py:137} INFO - [2023-02-18T07:52:23.887+0000] {dag.py:3441} INFO - Setting next_dagrun for example_short_circuit_decorator to 2023-02-17T07:52:23.859033+00:00, run_after=2023-02-18T07:52:23.859033+00:00
[2023-02-18T07:52:24.516+0000] {processor.py:175} INFO - Processing /home/airflow/.local/lib/python3.7/site-packages/airflow/example_dags/example_short_circuit_decorator.py took 3.688 seconds
[2023-02-18T07:53:48.392+0000] {processor.py:153} INFO - Started process (PID=384) to work on /home/airflow/.local/lib/python3.7/site-packages/airflow/example_dags/example_short_circuit_decorator.py
[2023-02-18T07:53:48.421+0000] {processor.py:743} INFO - Processing file /home/airflow/.local/lib/python3.7/site-packages/airflow/example_dags/example_short_circuit_decorator.py for tasks to queue
[2023-02-18T07:53:48.423+0000] {logging_mixin.py:137} INFO - [2023-02-18T07:53:48.423+0000] {dagbag.py:538} INFO - Filling up the DagBag from /home/airflow/.local/lib/python3.7/site-packages/airflow/example_dags/example_short_circuit_decorator.py
[2023-02-18T07:53:49.035+0000] {processor.py:753} INFO - DAG(s) dict_keys(['example_short_circuit_decorator']) retrieved from /home/airflow/.local/lib/python3.7/site-packages/airflow/example_dags/example_short_circuit_decorator.py
[2023-02-18T07:53:49.402+0000] {logging_mixin.py:137} INFO - [2023-02-18T07:53:49.390+0000] {dag.py:2690} INFO - Sync 1 DAGs
[2023-02-18T07:53:50.351+0000] {logging_mixin.py:137} INFO - [2023-02-18T07:53:50.351+0000] {dag.py:3441} INFO - Setting next_dagrun for example_short_circuit_decorator to 2023-02-17T07:53:50.350545+00:00, run_after=2023-02-18T07:53:50.350545+00:00
[2023-02-18T07:53:51.594+0000] {processor.py:175} INFO - Processing /home/airflow/.local/lib/python3.7/site-packages/airflow/example_dags/example_short_circuit_decorator.py took 3.251 seconds
[2023-02-18T07:55:30.744+0000] {processor.py:153} INFO - Started process (PID=476) to work on /home/airflow/.local/lib/python3.7/site-packages/airflow/example_dags/example_short_circuit_decorator.py
[2023-02-18T07:55:30.774+0000] {processor.py:743} INFO - Processing file /home/airflow/.local/lib/python3.7/site-packages/airflow/example_dags/example_short_circuit_decorator.py for tasks to queue
[2023-02-18T07:55:30.777+0000] {logging_mixin.py:137} INFO - [2023-02-18T07:55:30.777+0000] {dagbag.py:538} INFO - Filling up the DagBag from /home/airflow/.local/lib/python3.7/site-packages/airflow/example_dags/example_short_circuit_decorator.py
[2023-02-18T07:55:31.985+0000] {processor.py:753} INFO - DAG(s) dict_keys(['example_short_circuit_decorator']) retrieved from /home/airflow/.local/lib/python3.7/site-packages/airflow/example_dags/example_short_circuit_decorator.py
[2023-02-18T07:55:32.920+0000] {logging_mixin.py:137} INFO - [2023-02-18T07:55:32.919+0000] {dag.py:2690} INFO - Sync 1 DAGs
[2023-02-18T07:55:34.130+0000] {logging_mixin.py:137} INFO - [2023-02-18T07:55:34.130+0000] {dag.py:3441} INFO - Setting next_dagrun for example_short_circuit_decorator to 2023-02-17T07:55:34.129537+00:00, run_after=2023-02-18T07:55:34.129537+00:00
[2023-02-18T07:55:35.366+0000] {processor.py:175} INFO - Processing /home/airflow/.local/lib/python3.7/site-packages/airflow/example_dags/example_short_circuit_decorator.py took 4.890 seconds
[2023-02-18T07:59:25.417+0000] {processor.py:153} INFO - Started process (PID=633) to work on /home/airflow/.local/lib/python3.7/site-packages/airflow/example_dags/example_short_circuit_decorator.py
[2023-02-18T07:59:25.567+0000] {processor.py:743} INFO - Processing file /home/airflow/.local/lib/python3.7/site-packages/airflow/example_dags/example_short_circuit_decorator.py for tasks to queue
[2023-02-18T07:59:25.646+0000] {logging_mixin.py:137} INFO - [2023-02-18T07:59:25.646+0000] {dagbag.py:538} INFO - Filling up the DagBag from /home/airflow/.local/lib/python3.7/site-packages/airflow/example_dags/example_short_circuit_decorator.py
[2023-02-18T07:59:29.082+0000] {processor.py:753} INFO - DAG(s) dict_keys(['example_short_circuit_decorator']) retrieved from /home/airflow/.local/lib/python3.7/site-packages/airflow/example_dags/example_short_circuit_decorator.py
[2023-02-18T07:59:33.317+0000] {logging_mixin.py:137} INFO - [2023-02-18T07:59:33.316+0000] {dag.py:2690} INFO - Sync 1 DAGs
[2023-02-18T07:59:36.821+0000] {logging_mixin.py:137} INFO - [2023-02-18T07:59:36.820+0000] {dag.py:3441} INFO - Setting next_dagrun for example_short_circuit_decorator to 2023-02-17T07:59:36.750094+00:00, run_after=2023-02-18T07:59:36.750094+00:00
[2023-02-18T07:59:39.515+0000] {processor.py:175} INFO - Processing /home/airflow/.local/lib/python3.7/site-packages/airflow/example_dags/example_short_circuit_decorator.py took 14.577 seconds
[2023-02-18T08:02:26.590+0000] {processor.py:153} INFO - Started process (PID=746) to work on /home/airflow/.local/lib/python3.7/site-packages/airflow/example_dags/example_short_circuit_decorator.py
[2023-02-18T08:02:26.626+0000] {processor.py:743} INFO - Processing file /home/airflow/.local/lib/python3.7/site-packages/airflow/example_dags/example_short_circuit_decorator.py for tasks to queue
[2023-02-18T08:02:26.747+0000] {logging_mixin.py:137} INFO - [2023-02-18T08:02:26.746+0000] {dagbag.py:538} INFO - Filling up the DagBag from /home/airflow/.local/lib/python3.7/site-packages/airflow/example_dags/example_short_circuit_decorator.py
[2023-02-18T08:02:30.766+0000] {processor.py:753} INFO - DAG(s) dict_keys(['example_short_circuit_decorator']) retrieved from /home/airflow/.local/lib/python3.7/site-packages/airflow/example_dags/example_short_circuit_decorator.py
[2023-02-18T08:02:32.397+0000] {logging_mixin.py:137} INFO - [2023-02-18T08:02:32.397+0000] {dag.py:2690} INFO - Sync 1 DAGs
[2023-02-18T08:02:35.234+0000] {logging_mixin.py:137} INFO - [2023-02-18T08:02:35.233+0000] {dag.py:3441} INFO - Setting next_dagrun for example_short_circuit_decorator to 2023-02-17T08:02:35.152227+00:00, run_after=2023-02-18T08:02:35.152227+00:00
[2023-02-18T08:02:38.259+0000] {processor.py:175} INFO - Processing /home/airflow/.local/lib/python3.7/site-packages/airflow/example_dags/example_short_circuit_decorator.py took 11.927 seconds
[2023-02-18T08:06:34.886+0000] {processor.py:153} INFO - Started process (PID=886) to work on /home/airflow/.local/lib/python3.7/site-packages/airflow/example_dags/example_short_circuit_decorator.py
[2023-02-18T08:06:34.910+0000] {processor.py:743} INFO - Processing file /home/airflow/.local/lib/python3.7/site-packages/airflow/example_dags/example_short_circuit_decorator.py for tasks to queue
[2023-02-18T08:06:34.913+0000] {logging_mixin.py:137} INFO - [2023-02-18T08:06:34.912+0000] {dagbag.py:538} INFO - Filling up the DagBag from /home/airflow/.local/lib/python3.7/site-packages/airflow/example_dags/example_short_circuit_decorator.py
[2023-02-18T08:06:37.719+0000] {processor.py:753} INFO - DAG(s) dict_keys(['example_short_circuit_decorator']) retrieved from /home/airflow/.local/lib/python3.7/site-packages/airflow/example_dags/example_short_circuit_decorator.py
[2023-02-18T08:06:43.884+0000] {logging_mixin.py:137} INFO - [2023-02-18T08:06:43.571+0000] {dag.py:2690} INFO - Sync 1 DAGs
[2023-02-18T08:06:48.539+0000] {logging_mixin.py:137} INFO - [2023-02-18T08:06:48.536+0000] {dag.py:3441} INFO - Setting next_dagrun for example_short_circuit_decorator to 2023-02-17T08:06:48.518564+00:00, run_after=2023-02-18T08:06:48.518564+00:00
[2023-02-18T08:06:52.401+0000] {processor.py:175} INFO - Processing /home/airflow/.local/lib/python3.7/site-packages/airflow/example_dags/example_short_circuit_decorator.py took 17.787 seconds
[2023-02-18T08:10:44.706+0000] {processor.py:153} INFO - Started process (PID=1031) to work on /home/airflow/.local/lib/python3.7/site-packages/airflow/example_dags/example_short_circuit_decorator.py
[2023-02-18T08:10:44.719+0000] {processor.py:743} INFO - Processing file /home/airflow/.local/lib/python3.7/site-packages/airflow/example_dags/example_short_circuit_decorator.py for tasks to queue
[2023-02-18T08:10:44.784+0000] {logging_mixin.py:137} INFO - [2023-02-18T08:10:44.735+0000] {dagbag.py:538} INFO - Filling up the DagBag from /home/airflow/.local/lib/python3.7/site-packages/airflow/example_dags/example_short_circuit_decorator.py
[2023-02-18T08:10:49.423+0000] {processor.py:753} INFO - DAG(s) dict_keys(['example_short_circuit_decorator']) retrieved from /home/airflow/.local/lib/python3.7/site-packages/airflow/example_dags/example_short_circuit_decorator.py
[2023-02-18T08:10:52.603+0000] {logging_mixin.py:137} INFO - [2023-02-18T08:10:52.602+0000] {dag.py:2690} INFO - Sync 1 DAGs
[2023-02-18T08:10:56.193+0000] {logging_mixin.py:137} INFO - [2023-02-18T08:10:56.060+0000] {dag.py:3441} INFO - Setting next_dagrun for example_short_circuit_decorator to 2023-02-17T08:10:56.059561+00:00, run_after=2023-02-18T08:10:56.059561+00:00
[2023-02-18T08:10:58.091+0000] {processor.py:175} INFO - Processing /home/airflow/.local/lib/python3.7/site-packages/airflow/example_dags/example_short_circuit_decorator.py took 13.573 seconds
[2023-02-18T08:14:17.634+0000] {processor.py:153} INFO - Started process (PID=1152) to work on /home/airflow/.local/lib/python3.7/site-packages/airflow/example_dags/example_short_circuit_decorator.py
[2023-02-18T08:14:17.667+0000] {processor.py:743} INFO - Processing file /home/airflow/.local/lib/python3.7/site-packages/airflow/example_dags/example_short_circuit_decorator.py for tasks to queue
[2023-02-18T08:14:17.671+0000] {logging_mixin.py:137} INFO - [2023-02-18T08:14:17.670+0000] {dagbag.py:538} INFO - Filling up the DagBag from /home/airflow/.local/lib/python3.7/site-packages/airflow/example_dags/example_short_circuit_decorator.py
[2023-02-18T08:14:20.095+0000] {processor.py:753} INFO - DAG(s) dict_keys(['example_short_circuit_decorator']) retrieved from /home/airflow/.local/lib/python3.7/site-packages/airflow/example_dags/example_short_circuit_decorator.py
[2023-02-18T08:14:23.660+0000] {logging_mixin.py:137} INFO - [2023-02-18T08:14:23.574+0000] {dag.py:2690} INFO - Sync 1 DAGs
[2023-02-18T08:14:26.267+0000] {logging_mixin.py:137} INFO - [2023-02-18T08:14:26.267+0000] {dag.py:3441} INFO - Setting next_dagrun for example_short_circuit_decorator to 2023-02-17T08:14:26.266199+00:00, run_after=2023-02-18T08:14:26.266199+00:00
[2023-02-18T08:14:29.366+0000] {processor.py:175} INFO - Processing /home/airflow/.local/lib/python3.7/site-packages/airflow/example_dags/example_short_circuit_decorator.py took 11.986 seconds
[2023-02-18T08:17:21.004+0000] {processor.py:153} INFO - Started process (PID=1272) to work on /home/airflow/.local/lib/python3.7/site-packages/airflow/example_dags/example_short_circuit_decorator.py
[2023-02-18T08:17:21.083+0000] {processor.py:743} INFO - Processing file /home/airflow/.local/lib/python3.7/site-packages/airflow/example_dags/example_short_circuit_decorator.py for tasks to queue
[2023-02-18T08:17:21.086+0000] {logging_mixin.py:137} INFO - [2023-02-18T08:17:21.086+0000] {dagbag.py:538} INFO - Filling up the DagBag from /home/airflow/.local/lib/python3.7/site-packages/airflow/example_dags/example_short_circuit_decorator.py
[2023-02-18T08:17:24.508+0000] {processor.py:753} INFO - DAG(s) dict_keys(['example_short_circuit_decorator']) retrieved from /home/airflow/.local/lib/python3.7/site-packages/airflow/example_dags/example_short_circuit_decorator.py
[2023-02-18T08:17:28.597+0000] {logging_mixin.py:137} INFO - [2023-02-18T08:17:28.596+0000] {dag.py:2690} INFO - Sync 1 DAGs
[2023-02-18T08:17:30.605+0000] {logging_mixin.py:137} INFO - [2023-02-18T08:17:30.605+0000] {dag.py:3441} INFO - Setting next_dagrun for example_short_circuit_decorator to 2023-02-17T08:17:30.577033+00:00, run_after=2023-02-18T08:17:30.577033+00:00
[2023-02-18T08:17:33.997+0000] {processor.py:175} INFO - Processing /home/airflow/.local/lib/python3.7/site-packages/airflow/example_dags/example_short_circuit_decorator.py took 13.645 seconds
[2023-02-18T08:20:32.137+0000] {processor.py:153} INFO - Started process (PID=1392) to work on /home/airflow/.local/lib/python3.7/site-packages/airflow/example_dags/example_short_circuit_decorator.py
[2023-02-18T08:20:32.369+0000] {processor.py:743} INFO - Processing file /home/airflow/.local/lib/python3.7/site-packages/airflow/example_dags/example_short_circuit_decorator.py for tasks to queue
[2023-02-18T08:20:32.371+0000] {logging_mixin.py:137} INFO - [2023-02-18T08:20:32.371+0000] {dagbag.py:538} INFO - Filling up the DagBag from /home/airflow/.local/lib/python3.7/site-packages/airflow/example_dags/example_short_circuit_decorator.py
[2023-02-18T08:20:35.812+0000] {processor.py:753} INFO - DAG(s) dict_keys(['example_short_circuit_decorator']) retrieved from /home/airflow/.local/lib/python3.7/site-packages/airflow/example_dags/example_short_circuit_decorator.py
[2023-02-18T08:20:38.831+0000] {logging_mixin.py:137} INFO - [2023-02-18T08:20:38.818+0000] {dag.py:2690} INFO - Sync 1 DAGs
[2023-02-18T08:20:42.724+0000] {logging_mixin.py:137} INFO - [2023-02-18T08:20:42.722+0000] {dag.py:3441} INFO - Setting next_dagrun for example_short_circuit_decorator to 2023-02-17T08:20:42.720435+00:00, run_after=2023-02-18T08:20:42.720435+00:00
[2023-02-18T08:20:45.296+0000] {processor.py:175} INFO - Processing /home/airflow/.local/lib/python3.7/site-packages/airflow/example_dags/example_short_circuit_decorator.py took 14.501 seconds
[2023-02-18T08:23:24.492+0000] {processor.py:153} INFO - Started process (PID=1497) to work on /home/airflow/.local/lib/python3.7/site-packages/airflow/example_dags/example_short_circuit_decorator.py
[2023-02-18T08:23:24.663+0000] {processor.py:743} INFO - Processing file /home/airflow/.local/lib/python3.7/site-packages/airflow/example_dags/example_short_circuit_decorator.py for tasks to queue
[2023-02-18T08:23:24.666+0000] {logging_mixin.py:137} INFO - [2023-02-18T08:23:24.666+0000] {dagbag.py:538} INFO - Filling up the DagBag from /home/airflow/.local/lib/python3.7/site-packages/airflow/example_dags/example_short_circuit_decorator.py
[2023-02-18T08:23:27.412+0000] {processor.py:753} INFO - DAG(s) dict_keys(['example_short_circuit_decorator']) retrieved from /home/airflow/.local/lib/python3.7/site-packages/airflow/example_dags/example_short_circuit_decorator.py
[2023-02-18T08:23:29.469+0000] {logging_mixin.py:137} INFO - [2023-02-18T08:23:29.464+0000] {dag.py:2690} INFO - Sync 1 DAGs
[2023-02-18T08:23:30.563+0000] {logging_mixin.py:137} INFO - [2023-02-18T08:23:30.563+0000] {dag.py:3441} INFO - Setting next_dagrun for example_short_circuit_decorator to 2023-02-17T08:23:30.561893+00:00, run_after=2023-02-18T08:23:30.561893+00:00
[2023-02-18T08:23:32.026+0000] {processor.py:175} INFO - Processing /home/airflow/.local/lib/python3.7/site-packages/airflow/example_dags/example_short_circuit_decorator.py took 8.180 seconds
[2023-02-18T08:27:13.807+0000] {processor.py:153} INFO - Started process (PID=1636) to work on /home/airflow/.local/lib/python3.7/site-packages/airflow/example_dags/example_short_circuit_decorator.py
[2023-02-18T08:27:14.222+0000] {processor.py:743} INFO - Processing file /home/airflow/.local/lib/python3.7/site-packages/airflow/example_dags/example_short_circuit_decorator.py for tasks to queue
[2023-02-18T08:27:14.271+0000] {logging_mixin.py:137} INFO - [2023-02-18T08:27:14.270+0000] {dagbag.py:538} INFO - Filling up the DagBag from /home/airflow/.local/lib/python3.7/site-packages/airflow/example_dags/example_short_circuit_decorator.py
[2023-02-18T08:27:20.634+0000] {processor.py:753} INFO - DAG(s) dict_keys(['example_short_circuit_decorator']) retrieved from /home/airflow/.local/lib/python3.7/site-packages/airflow/example_dags/example_short_circuit_decorator.py
[2023-02-18T08:27:25.545+0000] {logging_mixin.py:137} INFO - [2023-02-18T08:27:25.544+0000] {dag.py:2690} INFO - Sync 1 DAGs
[2023-02-18T08:27:29.017+0000] {logging_mixin.py:137} INFO - [2023-02-18T08:27:29.016+0000] {dag.py:3441} INFO - Setting next_dagrun for example_short_circuit_decorator to 2023-02-17T08:27:29.015791+00:00, run_after=2023-02-18T08:27:29.015791+00:00
[2023-02-18T08:27:32.035+0000] {processor.py:175} INFO - Processing /home/airflow/.local/lib/python3.7/site-packages/airflow/example_dags/example_short_circuit_decorator.py took 19.074 seconds
[2023-02-18T08:34:20.282+0000] {processor.py:153} INFO - Started process (PID=1859) to work on /home/airflow/.local/lib/python3.7/site-packages/airflow/example_dags/example_short_circuit_decorator.py
[2023-02-18T08:34:20.456+0000] {processor.py:743} INFO - Processing file /home/airflow/.local/lib/python3.7/site-packages/airflow/example_dags/example_short_circuit_decorator.py for tasks to queue
[2023-02-18T08:34:20.458+0000] {logging_mixin.py:137} INFO - [2023-02-18T08:34:20.458+0000] {dagbag.py:538} INFO - Filling up the DagBag from /home/airflow/.local/lib/python3.7/site-packages/airflow/example_dags/example_short_circuit_decorator.py
[2023-02-18T08:34:32.346+0000] {processor.py:753} INFO - DAG(s) dict_keys(['example_short_circuit_decorator']) retrieved from /home/airflow/.local/lib/python3.7/site-packages/airflow/example_dags/example_short_circuit_decorator.py
[2023-02-18T08:34:37.759+0000] {logging_mixin.py:137} INFO - [2023-02-18T08:34:37.758+0000] {dag.py:2690} INFO - Sync 1 DAGs
[2023-02-18T08:34:44.046+0000] {logging_mixin.py:137} INFO - [2023-02-18T08:34:44.046+0000] {dag.py:3441} INFO - Setting next_dagrun for example_short_circuit_decorator to 2023-02-17T08:34:44.045367+00:00, run_after=2023-02-18T08:34:44.045367+00:00
[2023-02-18T08:34:49.995+0000] {processor.py:175} INFO - Processing /home/airflow/.local/lib/python3.7/site-packages/airflow/example_dags/example_short_circuit_decorator.py took 29.800 seconds
[2023-02-18T08:47:17.711+0000] {processor.py:153} INFO - Started process (PID=2200) to work on /home/airflow/.local/lib/python3.7/site-packages/airflow/example_dags/example_short_circuit_decorator.py
[2023-02-18T08:47:18.189+0000] {processor.py:743} INFO - Processing file /home/airflow/.local/lib/python3.7/site-packages/airflow/example_dags/example_short_circuit_decorator.py for tasks to queue
[2023-02-18T08:47:19.642+0000] {logging_mixin.py:137} INFO - [2023-02-18T08:47:19.641+0000] {dagbag.py:538} INFO - Filling up the DagBag from /home/airflow/.local/lib/python3.7/site-packages/airflow/example_dags/example_short_circuit_decorator.py
[2023-02-18T08:47:51.518+0000] {processor.py:753} INFO - DAG(s) dict_keys(['example_short_circuit_decorator']) retrieved from /home/airflow/.local/lib/python3.7/site-packages/airflow/example_dags/example_short_circuit_decorator.py
[2023-02-18T09:52:27.464+0000] {processor.py:153} INFO - Started process (PID=189) to work on /home/airflow/.local/lib/python3.7/site-packages/airflow/example_dags/example_short_circuit_decorator.py
[2023-02-18T09:52:27.496+0000] {processor.py:743} INFO - Processing file /home/airflow/.local/lib/python3.7/site-packages/airflow/example_dags/example_short_circuit_decorator.py for tasks to queue
[2023-02-18T09:52:27.573+0000] {logging_mixin.py:137} INFO - [2023-02-18T09:52:27.549+0000] {dagbag.py:538} INFO - Filling up the DagBag from /home/airflow/.local/lib/python3.7/site-packages/airflow/example_dags/example_short_circuit_decorator.py
[2023-02-18T09:52:28.748+0000] {processor.py:753} INFO - DAG(s) dict_keys(['example_short_circuit_decorator']) retrieved from /home/airflow/.local/lib/python3.7/site-packages/airflow/example_dags/example_short_circuit_decorator.py
[2023-02-18T09:52:31.623+0000] {logging_mixin.py:137} INFO - [2023-02-18T09:52:31.622+0000] {dag.py:2690} INFO - Sync 1 DAGs
[2023-02-18T09:52:33.520+0000] {logging_mixin.py:137} INFO - [2023-02-18T09:52:33.520+0000] {dag.py:3441} INFO - Setting next_dagrun for example_short_circuit_decorator to 2023-02-17T09:52:33.519412+00:00, run_after=2023-02-18T09:52:33.519412+00:00
[2023-02-18T09:52:34.264+0000] {processor.py:175} INFO - Processing /home/airflow/.local/lib/python3.7/site-packages/airflow/example_dags/example_short_circuit_decorator.py took 6.867 seconds
[2023-02-18T09:53:51.384+0000] {processor.py:153} INFO - Started process (PID=268) to work on /home/airflow/.local/lib/python3.7/site-packages/airflow/example_dags/example_short_circuit_decorator.py
[2023-02-18T09:53:51.417+0000] {processor.py:743} INFO - Processing file /home/airflow/.local/lib/python3.7/site-packages/airflow/example_dags/example_short_circuit_decorator.py for tasks to queue
[2023-02-18T09:53:51.419+0000] {logging_mixin.py:137} INFO - [2023-02-18T09:53:51.419+0000] {dagbag.py:538} INFO - Filling up the DagBag from /home/airflow/.local/lib/python3.7/site-packages/airflow/example_dags/example_short_circuit_decorator.py
[2023-02-18T09:53:52.047+0000] {processor.py:753} INFO - DAG(s) dict_keys(['example_short_circuit_decorator']) retrieved from /home/airflow/.local/lib/python3.7/site-packages/airflow/example_dags/example_short_circuit_decorator.py
[2023-02-18T09:53:52.868+0000] {logging_mixin.py:137} INFO - [2023-02-18T09:53:52.867+0000] {dag.py:2690} INFO - Sync 1 DAGs
[2023-02-18T09:53:53.565+0000] {logging_mixin.py:137} INFO - [2023-02-18T09:53:53.565+0000] {dag.py:3441} INFO - Setting next_dagrun for example_short_circuit_decorator to 2023-02-17T09:53:53.564782+00:00, run_after=2023-02-18T09:53:53.564782+00:00
[2023-02-18T09:53:53.970+0000] {processor.py:175} INFO - Processing /home/airflow/.local/lib/python3.7/site-packages/airflow/example_dags/example_short_circuit_decorator.py took 2.695 seconds
[2023-02-18T09:55:23.888+0000] {processor.py:153} INFO - Started process (PID=347) to work on /home/airflow/.local/lib/python3.7/site-packages/airflow/example_dags/example_short_circuit_decorator.py
[2023-02-18T09:55:24.007+0000] {processor.py:743} INFO - Processing file /home/airflow/.local/lib/python3.7/site-packages/airflow/example_dags/example_short_circuit_decorator.py for tasks to queue
[2023-02-18T09:55:24.101+0000] {logging_mixin.py:137} INFO - [2023-02-18T09:55:24.101+0000] {dagbag.py:538} INFO - Filling up the DagBag from /home/airflow/.local/lib/python3.7/site-packages/airflow/example_dags/example_short_circuit_decorator.py
[2023-02-18T09:55:25.528+0000] {processor.py:753} INFO - DAG(s) dict_keys(['example_short_circuit_decorator']) retrieved from /home/airflow/.local/lib/python3.7/site-packages/airflow/example_dags/example_short_circuit_decorator.py
[2023-02-18T09:55:27.121+0000] {logging_mixin.py:137} INFO - [2023-02-18T09:55:27.120+0000] {dag.py:2690} INFO - Sync 1 DAGs
[2023-02-18T09:55:29.473+0000] {logging_mixin.py:137} INFO - [2023-02-18T09:55:29.473+0000] {dag.py:3441} INFO - Setting next_dagrun for example_short_circuit_decorator to 2023-02-17T09:55:29.443581+00:00, run_after=2023-02-18T09:55:29.443581+00:00
[2023-02-18T09:55:30.220+0000] {processor.py:175} INFO - Processing /home/airflow/.local/lib/python3.7/site-packages/airflow/example_dags/example_short_circuit_decorator.py took 6.641 seconds
[2023-02-18T09:59:35.794+0000] {processor.py:153} INFO - Started process (PID=514) to work on /home/airflow/.local/lib/python3.7/site-packages/airflow/example_dags/example_short_circuit_decorator.py
[2023-02-18T09:59:35.812+0000] {processor.py:743} INFO - Processing file /home/airflow/.local/lib/python3.7/site-packages/airflow/example_dags/example_short_circuit_decorator.py for tasks to queue
[2023-02-18T09:59:35.861+0000] {logging_mixin.py:137} INFO - [2023-02-18T09:59:35.861+0000] {dagbag.py:538} INFO - Filling up the DagBag from /home/airflow/.local/lib/python3.7/site-packages/airflow/example_dags/example_short_circuit_decorator.py
[2023-02-18T09:59:37.526+0000] {processor.py:753} INFO - DAG(s) dict_keys(['example_short_circuit_decorator']) retrieved from /home/airflow/.local/lib/python3.7/site-packages/airflow/example_dags/example_short_circuit_decorator.py
[2023-02-18T09:59:39.035+0000] {logging_mixin.py:137} INFO - [2023-02-18T09:59:39.034+0000] {dag.py:2690} INFO - Sync 1 DAGs
[2023-02-18T09:59:40.766+0000] {logging_mixin.py:137} INFO - [2023-02-18T09:59:40.765+0000] {dag.py:3441} INFO - Setting next_dagrun for example_short_circuit_decorator to 2023-02-17T09:59:40.624907+00:00, run_after=2023-02-18T09:59:40.624907+00:00
[2023-02-18T09:59:42.172+0000] {processor.py:175} INFO - Processing /home/airflow/.local/lib/python3.7/site-packages/airflow/example_dags/example_short_circuit_decorator.py took 6.538 seconds
[2023-02-18T10:01:27.185+0000] {processor.py:153} INFO - Started process (PID=592) to work on /home/airflow/.local/lib/python3.7/site-packages/airflow/example_dags/example_short_circuit_decorator.py
[2023-02-18T10:01:27.212+0000] {processor.py:743} INFO - Processing file /home/airflow/.local/lib/python3.7/site-packages/airflow/example_dags/example_short_circuit_decorator.py for tasks to queue
[2023-02-18T10:01:27.226+0000] {logging_mixin.py:137} INFO - [2023-02-18T10:01:27.225+0000] {dagbag.py:538} INFO - Filling up the DagBag from /home/airflow/.local/lib/python3.7/site-packages/airflow/example_dags/example_short_circuit_decorator.py
[2023-02-18T10:01:28.767+0000] {processor.py:753} INFO - DAG(s) dict_keys(['example_short_circuit_decorator']) retrieved from /home/airflow/.local/lib/python3.7/site-packages/airflow/example_dags/example_short_circuit_decorator.py
[2023-02-18T10:01:29.751+0000] {logging_mixin.py:137} INFO - [2023-02-18T10:01:29.750+0000] {dag.py:2690} INFO - Sync 1 DAGs
[2023-02-18T10:01:31.218+0000] {logging_mixin.py:137} INFO - [2023-02-18T10:01:31.217+0000] {dag.py:3441} INFO - Setting next_dagrun for example_short_circuit_decorator to 2023-02-17T10:01:31.169915+00:00, run_after=2023-02-18T10:01:31.169915+00:00
[2023-02-18T10:01:32.412+0000] {processor.py:175} INFO - Processing /home/airflow/.local/lib/python3.7/site-packages/airflow/example_dags/example_short_circuit_decorator.py took 5.404 seconds
[2023-02-18T10:05:44.975+0000] {processor.py:153} INFO - Started process (PID=759) to work on /home/airflow/.local/lib/python3.7/site-packages/airflow/example_dags/example_short_circuit_decorator.py
[2023-02-18T10:05:45.181+0000] {processor.py:743} INFO - Processing file /home/airflow/.local/lib/python3.7/site-packages/airflow/example_dags/example_short_circuit_decorator.py for tasks to queue
[2023-02-18T10:05:45.184+0000] {logging_mixin.py:137} INFO - [2023-02-18T10:05:45.183+0000] {dagbag.py:538} INFO - Filling up the DagBag from /home/airflow/.local/lib/python3.7/site-packages/airflow/example_dags/example_short_circuit_decorator.py
[2023-02-18T10:05:48.783+0000] {processor.py:753} INFO - DAG(s) dict_keys(['example_short_circuit_decorator']) retrieved from /home/airflow/.local/lib/python3.7/site-packages/airflow/example_dags/example_short_circuit_decorator.py
[2023-02-18T10:05:51.104+0000] {logging_mixin.py:137} INFO - [2023-02-18T10:05:51.104+0000] {dag.py:2690} INFO - Sync 1 DAGs
[2023-02-18T10:05:54.273+0000] {logging_mixin.py:137} INFO - [2023-02-18T10:05:54.260+0000] {dag.py:3441} INFO - Setting next_dagrun for example_short_circuit_decorator to 2023-02-17T10:05:54.259880+00:00, run_after=2023-02-18T10:05:54.259880+00:00
[2023-02-18T10:05:55.609+0000] {processor.py:175} INFO - Processing /home/airflow/.local/lib/python3.7/site-packages/airflow/example_dags/example_short_circuit_decorator.py took 11.261 seconds
[2023-02-18T10:08:31.964+0000] {processor.py:153} INFO - Started process (PID=872) to work on /home/airflow/.local/lib/python3.7/site-packages/airflow/example_dags/example_short_circuit_decorator.py
[2023-02-18T10:08:31.979+0000] {processor.py:743} INFO - Processing file /home/airflow/.local/lib/python3.7/site-packages/airflow/example_dags/example_short_circuit_decorator.py for tasks to queue
[2023-02-18T10:08:31.997+0000] {logging_mixin.py:137} INFO - [2023-02-18T10:08:31.996+0000] {dagbag.py:538} INFO - Filling up the DagBag from /home/airflow/.local/lib/python3.7/site-packages/airflow/example_dags/example_short_circuit_decorator.py
[2023-02-18T10:08:32.583+0000] {processor.py:753} INFO - DAG(s) dict_keys(['example_short_circuit_decorator']) retrieved from /home/airflow/.local/lib/python3.7/site-packages/airflow/example_dags/example_short_circuit_decorator.py
[2023-02-18T10:08:34.173+0000] {logging_mixin.py:137} INFO - [2023-02-18T10:08:34.172+0000] {dag.py:2690} INFO - Sync 1 DAGs
[2023-02-18T10:08:35.935+0000] {logging_mixin.py:137} INFO - [2023-02-18T10:08:35.935+0000] {dag.py:3441} INFO - Setting next_dagrun for example_short_circuit_decorator to 2023-02-17T10:08:35.934201+00:00, run_after=2023-02-18T10:08:35.934201+00:00
[2023-02-18T10:08:37.660+0000] {processor.py:175} INFO - Processing /home/airflow/.local/lib/python3.7/site-packages/airflow/example_dags/example_short_circuit_decorator.py took 5.919 seconds
