[2023-02-18T07:49:33.251+0000] {processor.py:153} INFO - Started process (PID=155) to work on /home/airflow/.local/lib/python3.7/site-packages/airflow/example_dags/example_branch_python_dop_operator_3.py
[2023-02-18T07:49:33.254+0000] {processor.py:743} INFO - Processing file /home/airflow/.local/lib/python3.7/site-packages/airflow/example_dags/example_branch_python_dop_operator_3.py for tasks to queue
[2023-02-18T07:49:33.268+0000] {logging_mixin.py:137} INFO - [2023-02-18T07:49:33.255+0000] {dagbag.py:538} INFO - Filling up the DagBag from /home/airflow/.local/lib/python3.7/site-packages/airflow/example_dags/example_branch_python_dop_operator_3.py
[2023-02-18T07:49:34.078+0000] {processor.py:753} INFO - DAG(s) dict_keys(['example_branch_dop_operator_v3']) retrieved from /home/airflow/.local/lib/python3.7/site-packages/airflow/example_dags/example_branch_python_dop_operator_3.py
[2023-02-18T07:49:34.639+0000] {logging_mixin.py:137} INFO - [2023-02-18T07:49:34.638+0000] {dag.py:2690} INFO - Sync 1 DAGs
[2023-02-18T07:49:35.239+0000] {logging_mixin.py:137} INFO - [2023-02-18T07:49:35.238+0000] {dag.py:3441} INFO - Setting next_dagrun for example_branch_dop_operator_v3 to 2023-02-18T07:48:00+00:00, run_after=2023-02-18T07:49:00+00:00
[2023-02-18T07:49:35.995+0000] {processor.py:175} INFO - Processing /home/airflow/.local/lib/python3.7/site-packages/airflow/example_dags/example_branch_python_dop_operator_3.py took 2.791 seconds
[2023-02-18T07:51:23.810+0000] {processor.py:153} INFO - Started process (PID=251) to work on /home/airflow/.local/lib/python3.7/site-packages/airflow/example_dags/example_branch_python_dop_operator_3.py
[2023-02-18T07:51:23.840+0000] {processor.py:743} INFO - Processing file /home/airflow/.local/lib/python3.7/site-packages/airflow/example_dags/example_branch_python_dop_operator_3.py for tasks to queue
[2023-02-18T07:51:23.841+0000] {logging_mixin.py:137} INFO - [2023-02-18T07:51:23.841+0000] {dagbag.py:538} INFO - Filling up the DagBag from /home/airflow/.local/lib/python3.7/site-packages/airflow/example_dags/example_branch_python_dop_operator_3.py
[2023-02-18T07:51:24.726+0000] {processor.py:753} INFO - DAG(s) dict_keys(['example_branch_dop_operator_v3']) retrieved from /home/airflow/.local/lib/python3.7/site-packages/airflow/example_dags/example_branch_python_dop_operator_3.py
[2023-02-18T07:51:25.500+0000] {logging_mixin.py:137} INFO - [2023-02-18T07:51:25.499+0000] {dag.py:2690} INFO - Sync 1 DAGs
[2023-02-18T07:51:26.973+0000] {logging_mixin.py:137} INFO - [2023-02-18T07:51:26.775+0000] {dag.py:3441} INFO - Setting next_dagrun for example_branch_dop_operator_v3 to 2023-02-18T07:50:00+00:00, run_after=2023-02-18T07:51:00+00:00
[2023-02-18T07:51:29.029+0000] {processor.py:175} INFO - Processing /home/airflow/.local/lib/python3.7/site-packages/airflow/example_dags/example_branch_python_dop_operator_3.py took 5.350 seconds
[2023-02-18T07:53:05.727+0000] {processor.py:153} INFO - Started process (PID=343) to work on /home/airflow/.local/lib/python3.7/site-packages/airflow/example_dags/example_branch_python_dop_operator_3.py
[2023-02-18T07:53:05.856+0000] {processor.py:743} INFO - Processing file /home/airflow/.local/lib/python3.7/site-packages/airflow/example_dags/example_branch_python_dop_operator_3.py for tasks to queue
[2023-02-18T07:53:05.911+0000] {logging_mixin.py:137} INFO - [2023-02-18T07:53:05.858+0000] {dagbag.py:538} INFO - Filling up the DagBag from /home/airflow/.local/lib/python3.7/site-packages/airflow/example_dags/example_branch_python_dop_operator_3.py
[2023-02-18T07:53:06.478+0000] {processor.py:753} INFO - DAG(s) dict_keys(['example_branch_dop_operator_v3']) retrieved from /home/airflow/.local/lib/python3.7/site-packages/airflow/example_dags/example_branch_python_dop_operator_3.py
[2023-02-18T07:53:07.034+0000] {logging_mixin.py:137} INFO - [2023-02-18T07:53:07.033+0000] {dag.py:2690} INFO - Sync 1 DAGs
[2023-02-18T07:53:07.672+0000] {logging_mixin.py:137} INFO - [2023-02-18T07:53:07.659+0000] {dag.py:3441} INFO - Setting next_dagrun for example_branch_dop_operator_v3 to 2023-02-18T07:52:00+00:00, run_after=2023-02-18T07:53:00+00:00
[2023-02-18T07:53:08.056+0000] {processor.py:175} INFO - Processing /home/airflow/.local/lib/python3.7/site-packages/airflow/example_dags/example_branch_python_dop_operator_3.py took 2.459 seconds
[2023-02-18T07:54:30.403+0000] {processor.py:153} INFO - Started process (PID=423) to work on /home/airflow/.local/lib/python3.7/site-packages/airflow/example_dags/example_branch_python_dop_operator_3.py
[2023-02-18T07:54:30.435+0000] {processor.py:743} INFO - Processing file /home/airflow/.local/lib/python3.7/site-packages/airflow/example_dags/example_branch_python_dop_operator_3.py for tasks to queue
[2023-02-18T07:54:30.437+0000] {logging_mixin.py:137} INFO - [2023-02-18T07:54:30.437+0000] {dagbag.py:538} INFO - Filling up the DagBag from /home/airflow/.local/lib/python3.7/site-packages/airflow/example_dags/example_branch_python_dop_operator_3.py
[2023-02-18T07:54:31.816+0000] {processor.py:753} INFO - DAG(s) dict_keys(['example_branch_dop_operator_v3']) retrieved from /home/airflow/.local/lib/python3.7/site-packages/airflow/example_dags/example_branch_python_dop_operator_3.py
[2023-02-18T07:54:32.571+0000] {logging_mixin.py:137} INFO - [2023-02-18T07:54:32.543+0000] {dag.py:2690} INFO - Sync 1 DAGs
[2023-02-18T07:54:33.277+0000] {logging_mixin.py:137} INFO - [2023-02-18T07:54:33.277+0000] {dag.py:3441} INFO - Setting next_dagrun for example_branch_dop_operator_v3 to 2023-02-18T07:53:00+00:00, run_after=2023-02-18T07:54:00+00:00
[2023-02-18T07:54:34.282+0000] {processor.py:175} INFO - Processing /home/airflow/.local/lib/python3.7/site-packages/airflow/example_dags/example_branch_python_dop_operator_3.py took 4.101 seconds
[2023-02-18T07:56:44.959+0000] {processor.py:153} INFO - Started process (PID=536) to work on /home/airflow/.local/lib/python3.7/site-packages/airflow/example_dags/example_branch_python_dop_operator_3.py
[2023-02-18T07:56:45.113+0000] {processor.py:743} INFO - Processing file /home/airflow/.local/lib/python3.7/site-packages/airflow/example_dags/example_branch_python_dop_operator_3.py for tasks to queue
[2023-02-18T07:56:45.410+0000] {logging_mixin.py:137} INFO - [2023-02-18T07:56:45.257+0000] {dagbag.py:538} INFO - Filling up the DagBag from /home/airflow/.local/lib/python3.7/site-packages/airflow/example_dags/example_branch_python_dop_operator_3.py
[2023-02-18T07:56:56.766+0000] {processor.py:753} INFO - DAG(s) dict_keys(['example_branch_dop_operator_v3']) retrieved from /home/airflow/.local/lib/python3.7/site-packages/airflow/example_dags/example_branch_python_dop_operator_3.py
[2023-02-18T07:57:04.412+0000] {logging_mixin.py:137} INFO - [2023-02-18T07:57:04.411+0000] {dag.py:2690} INFO - Sync 1 DAGs
[2023-02-18T07:57:10.525+0000] {logging_mixin.py:137} INFO - [2023-02-18T07:57:10.524+0000] {dag.py:3441} INFO - Setting next_dagrun for example_branch_dop_operator_v3 to 2023-02-18T07:56:00+00:00, run_after=2023-02-18T07:57:00+00:00
[2023-02-18T07:57:13.329+0000] {processor.py:175} INFO - Processing /home/airflow/.local/lib/python3.7/site-packages/airflow/example_dags/example_branch_python_dop_operator_3.py took 28.707 seconds
[2023-02-18T08:00:42.437+0000] {processor.py:153} INFO - Started process (PID=680) to work on /home/airflow/.local/lib/python3.7/site-packages/airflow/example_dags/example_branch_python_dop_operator_3.py
[2023-02-18T08:00:42.533+0000] {processor.py:743} INFO - Processing file /home/airflow/.local/lib/python3.7/site-packages/airflow/example_dags/example_branch_python_dop_operator_3.py for tasks to queue
[2023-02-18T08:00:42.536+0000] {logging_mixin.py:137} INFO - [2023-02-18T08:00:42.535+0000] {dagbag.py:538} INFO - Filling up the DagBag from /home/airflow/.local/lib/python3.7/site-packages/airflow/example_dags/example_branch_python_dop_operator_3.py
[2023-02-18T08:00:45.491+0000] {processor.py:753} INFO - DAG(s) dict_keys(['example_branch_dop_operator_v3']) retrieved from /home/airflow/.local/lib/python3.7/site-packages/airflow/example_dags/example_branch_python_dop_operator_3.py
[2023-02-18T08:00:46.973+0000] {logging_mixin.py:137} INFO - [2023-02-18T08:00:46.972+0000] {dag.py:2690} INFO - Sync 1 DAGs
[2023-02-18T08:00:49.504+0000] {logging_mixin.py:137} INFO - [2023-02-18T08:00:49.503+0000] {dag.py:3441} INFO - Setting next_dagrun for example_branch_dop_operator_v3 to 2023-02-18T07:59:00+00:00, run_after=2023-02-18T08:00:00+00:00
[2023-02-18T08:00:51.527+0000] {processor.py:175} INFO - Processing /home/airflow/.local/lib/python3.7/site-packages/airflow/example_dags/example_branch_python_dop_operator_3.py took 9.466 seconds
[2023-02-18T08:08:19.279+0000] {processor.py:153} INFO - Started process (PID=944) to work on /home/airflow/.local/lib/python3.7/site-packages/airflow/example_dags/example_branch_python_dop_operator_3.py
[2023-02-18T08:08:19.478+0000] {processor.py:743} INFO - Processing file /home/airflow/.local/lib/python3.7/site-packages/airflow/example_dags/example_branch_python_dop_operator_3.py for tasks to queue
[2023-02-18T08:08:19.595+0000] {logging_mixin.py:137} INFO - [2023-02-18T08:08:19.480+0000] {dagbag.py:538} INFO - Filling up the DagBag from /home/airflow/.local/lib/python3.7/site-packages/airflow/example_dags/example_branch_python_dop_operator_3.py
[2023-02-18T08:08:21.760+0000] {processor.py:753} INFO - DAG(s) dict_keys(['example_branch_dop_operator_v3']) retrieved from /home/airflow/.local/lib/python3.7/site-packages/airflow/example_dags/example_branch_python_dop_operator_3.py
[2023-02-18T08:08:23.845+0000] {logging_mixin.py:137} INFO - [2023-02-18T08:08:23.844+0000] {dag.py:2690} INFO - Sync 1 DAGs
[2023-02-18T08:08:27.688+0000] {logging_mixin.py:137} INFO - [2023-02-18T08:08:27.687+0000] {dag.py:3441} INFO - Setting next_dagrun for example_branch_dop_operator_v3 to 2023-02-18T08:07:00+00:00, run_after=2023-02-18T08:08:00+00:00
[2023-02-18T08:08:30.113+0000] {processor.py:175} INFO - Processing /home/airflow/.local/lib/python3.7/site-packages/airflow/example_dags/example_branch_python_dop_operator_3.py took 11.671 seconds
[2023-02-18T08:15:24.583+0000] {processor.py:153} INFO - Started process (PID=1200) to work on /home/airflow/.local/lib/python3.7/site-packages/airflow/example_dags/example_branch_python_dop_operator_3.py
[2023-02-18T08:15:24.717+0000] {processor.py:743} INFO - Processing file /home/airflow/.local/lib/python3.7/site-packages/airflow/example_dags/example_branch_python_dop_operator_3.py for tasks to queue
[2023-02-18T08:15:24.720+0000] {logging_mixin.py:137} INFO - [2023-02-18T08:15:24.719+0000] {dagbag.py:538} INFO - Filling up the DagBag from /home/airflow/.local/lib/python3.7/site-packages/airflow/example_dags/example_branch_python_dop_operator_3.py
[2023-02-18T08:15:28.583+0000] {processor.py:753} INFO - DAG(s) dict_keys(['example_branch_dop_operator_v3']) retrieved from /home/airflow/.local/lib/python3.7/site-packages/airflow/example_dags/example_branch_python_dop_operator_3.py
[2023-02-18T08:15:30.851+0000] {logging_mixin.py:137} INFO - [2023-02-18T08:15:30.850+0000] {dag.py:2690} INFO - Sync 1 DAGs
[2023-02-18T08:15:34.042+0000] {logging_mixin.py:137} INFO - [2023-02-18T08:15:34.042+0000] {dag.py:3441} INFO - Setting next_dagrun for example_branch_dop_operator_v3 to 2023-02-18T08:14:00+00:00, run_after=2023-02-18T08:15:00+00:00
[2023-02-18T08:15:35.973+0000] {processor.py:175} INFO - Processing /home/airflow/.local/lib/python3.7/site-packages/airflow/example_dags/example_branch_python_dop_operator_3.py took 11.640 seconds
[2023-02-18T08:21:27.743+0000] {processor.py:153} INFO - Started process (PID=1430) to work on /home/airflow/.local/lib/python3.7/site-packages/airflow/example_dags/example_branch_python_dop_operator_3.py
[2023-02-18T08:21:27.843+0000] {processor.py:743} INFO - Processing file /home/airflow/.local/lib/python3.7/site-packages/airflow/example_dags/example_branch_python_dop_operator_3.py for tasks to queue
[2023-02-18T08:21:27.846+0000] {logging_mixin.py:137} INFO - [2023-02-18T08:21:27.845+0000] {dagbag.py:538} INFO - Filling up the DagBag from /home/airflow/.local/lib/python3.7/site-packages/airflow/example_dags/example_branch_python_dop_operator_3.py
[2023-02-18T08:21:30.293+0000] {processor.py:753} INFO - DAG(s) dict_keys(['example_branch_dop_operator_v3']) retrieved from /home/airflow/.local/lib/python3.7/site-packages/airflow/example_dags/example_branch_python_dop_operator_3.py
[2023-02-18T08:21:33.820+0000] {logging_mixin.py:137} INFO - [2023-02-18T08:21:33.794+0000] {dag.py:2690} INFO - Sync 1 DAGs
[2023-02-18T08:21:36.566+0000] {logging_mixin.py:137} INFO - [2023-02-18T08:21:36.565+0000] {dag.py:3441} INFO - Setting next_dagrun for example_branch_dop_operator_v3 to 2023-02-18T08:20:00+00:00, run_after=2023-02-18T08:21:00+00:00
[2023-02-18T08:21:39.371+0000] {processor.py:175} INFO - Processing /home/airflow/.local/lib/python3.7/site-packages/airflow/example_dags/example_branch_python_dop_operator_3.py took 11.748 seconds
[2023-02-18T08:29:10.994+0000] {processor.py:153} INFO - Started process (PID=1692) to work on /home/airflow/.local/lib/python3.7/site-packages/airflow/example_dags/example_branch_python_dop_operator_3.py
[2023-02-18T08:29:11.270+0000] {processor.py:743} INFO - Processing file /home/airflow/.local/lib/python3.7/site-packages/airflow/example_dags/example_branch_python_dop_operator_3.py for tasks to queue
[2023-02-18T08:29:11.272+0000] {logging_mixin.py:137} INFO - [2023-02-18T08:29:11.272+0000] {dagbag.py:538} INFO - Filling up the DagBag from /home/airflow/.local/lib/python3.7/site-packages/airflow/example_dags/example_branch_python_dop_operator_3.py
[2023-02-18T08:29:14.568+0000] {processor.py:753} INFO - DAG(s) dict_keys(['example_branch_dop_operator_v3']) retrieved from /home/airflow/.local/lib/python3.7/site-packages/airflow/example_dags/example_branch_python_dop_operator_3.py
[2023-02-18T08:29:19.903+0000] {logging_mixin.py:137} INFO - [2023-02-18T08:29:19.902+0000] {dag.py:2690} INFO - Sync 1 DAGs
[2023-02-18T08:29:26.627+0000] {logging_mixin.py:137} INFO - [2023-02-18T08:29:26.627+0000] {dag.py:3441} INFO - Setting next_dagrun for example_branch_dop_operator_v3 to 2023-02-18T08:28:00+00:00, run_after=2023-02-18T08:29:00+00:00
[2023-02-18T08:29:29.115+0000] {processor.py:175} INFO - Processing /home/airflow/.local/lib/python3.7/site-packages/airflow/example_dags/example_branch_python_dop_operator_3.py took 18.525 seconds
[2023-02-18T09:53:01.374+0000] {processor.py:153} INFO - Started process (PID=219) to work on /home/airflow/.local/lib/python3.7/site-packages/airflow/example_dags/example_branch_python_dop_operator_3.py
[2023-02-18T09:53:01.396+0000] {processor.py:743} INFO - Processing file /home/airflow/.local/lib/python3.7/site-packages/airflow/example_dags/example_branch_python_dop_operator_3.py for tasks to queue
[2023-02-18T09:53:01.411+0000] {logging_mixin.py:137} INFO - [2023-02-18T09:53:01.398+0000] {dagbag.py:538} INFO - Filling up the DagBag from /home/airflow/.local/lib/python3.7/site-packages/airflow/example_dags/example_branch_python_dop_operator_3.py
[2023-02-18T09:53:02.213+0000] {processor.py:753} INFO - DAG(s) dict_keys(['example_branch_dop_operator_v3']) retrieved from /home/airflow/.local/lib/python3.7/site-packages/airflow/example_dags/example_branch_python_dop_operator_3.py
[2023-02-18T09:53:03.152+0000] {logging_mixin.py:137} INFO - [2023-02-18T09:53:03.152+0000] {dag.py:2690} INFO - Sync 1 DAGs
[2023-02-18T09:53:04.588+0000] {logging_mixin.py:137} INFO - [2023-02-18T09:53:04.539+0000] {dag.py:3441} INFO - Setting next_dagrun for example_branch_dop_operator_v3 to 2023-02-18T09:52:00+00:00, run_after=2023-02-18T09:53:00+00:00
[2023-02-18T09:53:05.418+0000] {processor.py:175} INFO - Processing /home/airflow/.local/lib/python3.7/site-packages/airflow/example_dags/example_branch_python_dop_operator_3.py took 4.188 seconds
[2023-02-18T09:54:18.068+0000] {processor.py:153} INFO - Started process (PID=292) to work on /home/airflow/.local/lib/python3.7/site-packages/airflow/example_dags/example_branch_python_dop_operator_3.py
[2023-02-18T09:54:18.083+0000] {processor.py:743} INFO - Processing file /home/airflow/.local/lib/python3.7/site-packages/airflow/example_dags/example_branch_python_dop_operator_3.py for tasks to queue
[2023-02-18T09:54:18.085+0000] {logging_mixin.py:137} INFO - [2023-02-18T09:54:18.084+0000] {dagbag.py:538} INFO - Filling up the DagBag from /home/airflow/.local/lib/python3.7/site-packages/airflow/example_dags/example_branch_python_dop_operator_3.py
[2023-02-18T09:54:18.659+0000] {processor.py:753} INFO - DAG(s) dict_keys(['example_branch_dop_operator_v3']) retrieved from /home/airflow/.local/lib/python3.7/site-packages/airflow/example_dags/example_branch_python_dop_operator_3.py
[2023-02-18T09:54:19.535+0000] {logging_mixin.py:137} INFO - [2023-02-18T09:54:19.535+0000] {dag.py:2690} INFO - Sync 1 DAGs
[2023-02-18T09:54:21.024+0000] {logging_mixin.py:137} INFO - [2023-02-18T09:54:21.024+0000] {dag.py:3441} INFO - Setting next_dagrun for example_branch_dop_operator_v3 to 2023-02-18T09:53:00+00:00, run_after=2023-02-18T09:54:00+00:00
[2023-02-18T09:54:21.849+0000] {processor.py:175} INFO - Processing /home/airflow/.local/lib/python3.7/site-packages/airflow/example_dags/example_branch_python_dop_operator_3.py took 3.843 seconds
[2023-02-18T09:57:18.112+0000] {processor.py:153} INFO - Started process (PID=424) to work on /home/airflow/.local/lib/python3.7/site-packages/airflow/example_dags/example_branch_python_dop_operator_3.py
[2023-02-18T09:57:18.180+0000] {processor.py:743} INFO - Processing file /home/airflow/.local/lib/python3.7/site-packages/airflow/example_dags/example_branch_python_dop_operator_3.py for tasks to queue
[2023-02-18T09:57:18.292+0000] {logging_mixin.py:137} INFO - [2023-02-18T09:57:18.292+0000] {dagbag.py:538} INFO - Filling up the DagBag from /home/airflow/.local/lib/python3.7/site-packages/airflow/example_dags/example_branch_python_dop_operator_3.py
[2023-02-18T09:57:21.421+0000] {processor.py:753} INFO - DAG(s) dict_keys(['example_branch_dop_operator_v3']) retrieved from /home/airflow/.local/lib/python3.7/site-packages/airflow/example_dags/example_branch_python_dop_operator_3.py
[2023-02-18T09:57:25.943+0000] {logging_mixin.py:137} INFO - [2023-02-18T09:57:25.942+0000] {dag.py:2690} INFO - Sync 1 DAGs
[2023-02-18T09:57:32.660+0000] {logging_mixin.py:137} INFO - [2023-02-18T09:57:32.402+0000] {dag.py:3441} INFO - Setting next_dagrun for example_branch_dop_operator_v3 to 2023-02-18T09:56:00+00:00, run_after=2023-02-18T09:57:00+00:00
[2023-02-18T09:57:35.568+0000] {processor.py:175} INFO - Processing /home/airflow/.local/lib/python3.7/site-packages/airflow/example_dags/example_branch_python_dop_operator_3.py took 17.974 seconds
[2023-02-18T10:00:22.844+0000] {processor.py:153} INFO - Started process (PID=546) to work on /home/airflow/.local/lib/python3.7/site-packages/airflow/example_dags/example_branch_python_dop_operator_3.py
[2023-02-18T10:00:23.048+0000] {processor.py:743} INFO - Processing file /home/airflow/.local/lib/python3.7/site-packages/airflow/example_dags/example_branch_python_dop_operator_3.py for tasks to queue
[2023-02-18T10:00:23.050+0000] {logging_mixin.py:137} INFO - [2023-02-18T10:00:23.049+0000] {dagbag.py:538} INFO - Filling up the DagBag from /home/airflow/.local/lib/python3.7/site-packages/airflow/example_dags/example_branch_python_dop_operator_3.py
[2023-02-18T10:00:24.490+0000] {processor.py:753} INFO - DAG(s) dict_keys(['example_branch_dop_operator_v3']) retrieved from /home/airflow/.local/lib/python3.7/site-packages/airflow/example_dags/example_branch_python_dop_operator_3.py
[2023-02-18T10:00:26.239+0000] {logging_mixin.py:137} INFO - [2023-02-18T10:00:26.239+0000] {dag.py:2690} INFO - Sync 1 DAGs
[2023-02-18T10:00:27.856+0000] {logging_mixin.py:137} INFO - [2023-02-18T10:00:27.842+0000] {dag.py:3441} INFO - Setting next_dagrun for example_branch_dop_operator_v3 to 2023-02-18T09:59:00+00:00, run_after=2023-02-18T10:00:00+00:00
[2023-02-18T10:00:28.583+0000] {processor.py:175} INFO - Processing /home/airflow/.local/lib/python3.7/site-packages/airflow/example_dags/example_branch_python_dop_operator_3.py took 5.938 seconds
[2023-02-18T10:03:49.550+0000] {processor.py:153} INFO - Started process (PID=692) to work on /home/airflow/.local/lib/python3.7/site-packages/airflow/example_dags/example_branch_python_dop_operator_3.py
[2023-02-18T10:03:49.566+0000] {processor.py:743} INFO - Processing file /home/airflow/.local/lib/python3.7/site-packages/airflow/example_dags/example_branch_python_dop_operator_3.py for tasks to queue
[2023-02-18T10:03:49.643+0000] {logging_mixin.py:137} INFO - [2023-02-18T10:03:49.591+0000] {dagbag.py:538} INFO - Filling up the DagBag from /home/airflow/.local/lib/python3.7/site-packages/airflow/example_dags/example_branch_python_dop_operator_3.py
[2023-02-18T10:03:51.018+0000] {processor.py:753} INFO - DAG(s) dict_keys(['example_branch_dop_operator_v3']) retrieved from /home/airflow/.local/lib/python3.7/site-packages/airflow/example_dags/example_branch_python_dop_operator_3.py
[2023-02-18T10:03:54.928+0000] {logging_mixin.py:137} INFO - [2023-02-18T10:03:54.927+0000] {dag.py:2690} INFO - Sync 1 DAGs
[2023-02-18T10:03:56.950+0000] {logging_mixin.py:137} INFO - [2023-02-18T10:03:56.949+0000] {dag.py:3441} INFO - Setting next_dagrun for example_branch_dop_operator_v3 to 2023-02-18T10:02:00+00:00, run_after=2023-02-18T10:03:00+00:00
[2023-02-18T10:03:58.527+0000] {processor.py:175} INFO - Processing /home/airflow/.local/lib/python3.7/site-packages/airflow/example_dags/example_branch_python_dop_operator_3.py took 9.226 seconds
