[2023-02-18T07:49:24.373+0000] {processor.py:153} INFO - Started process (PID=149) to work on /home/airflow/.local/lib/python3.7/site-packages/airflow/example_dags/example_time_delta_sensor_async.py
[2023-02-18T07:49:24.435+0000] {processor.py:743} INFO - Processing file /home/airflow/.local/lib/python3.7/site-packages/airflow/example_dags/example_time_delta_sensor_async.py for tasks to queue
[2023-02-18T07:49:24.437+0000] {logging_mixin.py:137} INFO - [2023-02-18T07:49:24.437+0000] {dagbag.py:538} INFO - Filling up the DagBag from /home/airflow/.local/lib/python3.7/site-packages/airflow/example_dags/example_time_delta_sensor_async.py
[2023-02-18T07:49:24.967+0000] {processor.py:753} INFO - DAG(s) dict_keys(['example_time_delta_sensor_async']) retrieved from /home/airflow/.local/lib/python3.7/site-packages/airflow/example_dags/example_time_delta_sensor_async.py
[2023-02-18T07:49:26.056+0000] {logging_mixin.py:137} INFO - [2023-02-18T07:49:26.055+0000] {dag.py:2690} INFO - Sync 1 DAGs
[2023-02-18T07:49:26.954+0000] {logging_mixin.py:137} INFO - [2023-02-18T07:49:26.954+0000] {dag.py:3441} INFO - Setting next_dagrun for example_time_delta_sensor_async to None, run_after=None
[2023-02-18T07:49:27.954+0000] {processor.py:175} INFO - Processing /home/airflow/.local/lib/python3.7/site-packages/airflow/example_dags/example_time_delta_sensor_async.py took 3.798 seconds
[2023-02-18T07:51:16.622+0000] {processor.py:153} INFO - Started process (PID=245) to work on /home/airflow/.local/lib/python3.7/site-packages/airflow/example_dags/example_time_delta_sensor_async.py
[2023-02-18T07:51:16.644+0000] {processor.py:743} INFO - Processing file /home/airflow/.local/lib/python3.7/site-packages/airflow/example_dags/example_time_delta_sensor_async.py for tasks to queue
[2023-02-18T07:51:16.660+0000] {logging_mixin.py:137} INFO - [2023-02-18T07:51:16.660+0000] {dagbag.py:538} INFO - Filling up the DagBag from /home/airflow/.local/lib/python3.7/site-packages/airflow/example_dags/example_time_delta_sensor_async.py
[2023-02-18T07:51:17.462+0000] {processor.py:753} INFO - DAG(s) dict_keys(['example_time_delta_sensor_async']) retrieved from /home/airflow/.local/lib/python3.7/site-packages/airflow/example_dags/example_time_delta_sensor_async.py
[2023-02-18T07:51:18.747+0000] {logging_mixin.py:137} INFO - [2023-02-18T07:51:18.746+0000] {dag.py:2690} INFO - Sync 1 DAGs
[2023-02-18T07:51:19.373+0000] {logging_mixin.py:137} INFO - [2023-02-18T07:51:19.372+0000] {dag.py:3441} INFO - Setting next_dagrun for example_time_delta_sensor_async to None, run_after=None
[2023-02-18T07:51:20.486+0000] {processor.py:175} INFO - Processing /home/airflow/.local/lib/python3.7/site-packages/airflow/example_dags/example_time_delta_sensor_async.py took 4.272 seconds
[2023-02-18T07:52:59.602+0000] {processor.py:153} INFO - Started process (PID=339) to work on /home/airflow/.local/lib/python3.7/site-packages/airflow/example_dags/example_time_delta_sensor_async.py
[2023-02-18T07:52:59.626+0000] {processor.py:743} INFO - Processing file /home/airflow/.local/lib/python3.7/site-packages/airflow/example_dags/example_time_delta_sensor_async.py for tasks to queue
[2023-02-18T07:52:59.673+0000] {logging_mixin.py:137} INFO - [2023-02-18T07:52:59.672+0000] {dagbag.py:538} INFO - Filling up the DagBag from /home/airflow/.local/lib/python3.7/site-packages/airflow/example_dags/example_time_delta_sensor_async.py
[2023-02-18T07:53:00.241+0000] {processor.py:753} INFO - DAG(s) dict_keys(['example_time_delta_sensor_async']) retrieved from /home/airflow/.local/lib/python3.7/site-packages/airflow/example_dags/example_time_delta_sensor_async.py
[2023-02-18T07:53:00.905+0000] {logging_mixin.py:137} INFO - [2023-02-18T07:53:00.846+0000] {dag.py:2690} INFO - Sync 1 DAGs
[2023-02-18T07:53:01.518+0000] {logging_mixin.py:137} INFO - [2023-02-18T07:53:01.517+0000] {dag.py:3441} INFO - Setting next_dagrun for example_time_delta_sensor_async to None, run_after=None
[2023-02-18T07:53:02.048+0000] {processor.py:175} INFO - Processing /home/airflow/.local/lib/python3.7/site-packages/airflow/example_dags/example_time_delta_sensor_async.py took 2.493 seconds
[2023-02-18T07:54:23.607+0000] {processor.py:153} INFO - Started process (PID=419) to work on /home/airflow/.local/lib/python3.7/site-packages/airflow/example_dags/example_time_delta_sensor_async.py
[2023-02-18T07:54:23.621+0000] {processor.py:743} INFO - Processing file /home/airflow/.local/lib/python3.7/site-packages/airflow/example_dags/example_time_delta_sensor_async.py for tasks to queue
[2023-02-18T07:54:23.624+0000] {logging_mixin.py:137} INFO - [2023-02-18T07:54:23.623+0000] {dagbag.py:538} INFO - Filling up the DagBag from /home/airflow/.local/lib/python3.7/site-packages/airflow/example_dags/example_time_delta_sensor_async.py
[2023-02-18T07:54:24.154+0000] {processor.py:753} INFO - DAG(s) dict_keys(['example_time_delta_sensor_async']) retrieved from /home/airflow/.local/lib/python3.7/site-packages/airflow/example_dags/example_time_delta_sensor_async.py
[2023-02-18T07:54:24.861+0000] {logging_mixin.py:137} INFO - [2023-02-18T07:54:24.860+0000] {dag.py:2690} INFO - Sync 1 DAGs
[2023-02-18T07:54:25.601+0000] {logging_mixin.py:137} INFO - [2023-02-18T07:54:25.588+0000] {dag.py:3441} INFO - Setting next_dagrun for example_time_delta_sensor_async to None, run_after=None
[2023-02-18T07:54:26.228+0000] {processor.py:175} INFO - Processing /home/airflow/.local/lib/python3.7/site-packages/airflow/example_dags/example_time_delta_sensor_async.py took 2.690 seconds
[2023-02-18T07:56:36.969+0000] {processor.py:153} INFO - Started process (PID=530) to work on /home/airflow/.local/lib/python3.7/site-packages/airflow/example_dags/example_time_delta_sensor_async.py
[2023-02-18T07:56:36.988+0000] {processor.py:743} INFO - Processing file /home/airflow/.local/lib/python3.7/site-packages/airflow/example_dags/example_time_delta_sensor_async.py for tasks to queue
[2023-02-18T07:56:36.990+0000] {logging_mixin.py:137} INFO - [2023-02-18T07:56:36.989+0000] {dagbag.py:538} INFO - Filling up the DagBag from /home/airflow/.local/lib/python3.7/site-packages/airflow/example_dags/example_time_delta_sensor_async.py
[2023-02-18T07:56:37.450+0000] {processor.py:753} INFO - DAG(s) dict_keys(['example_time_delta_sensor_async']) retrieved from /home/airflow/.local/lib/python3.7/site-packages/airflow/example_dags/example_time_delta_sensor_async.py
[2023-02-18T07:56:38.576+0000] {logging_mixin.py:137} INFO - [2023-02-18T07:56:38.575+0000] {dag.py:2690} INFO - Sync 1 DAGs
[2023-02-18T07:56:39.344+0000] {logging_mixin.py:137} INFO - [2023-02-18T07:56:39.329+0000] {dag.py:3441} INFO - Setting next_dagrun for example_time_delta_sensor_async to None, run_after=None
[2023-02-18T07:56:39.952+0000] {processor.py:175} INFO - Processing /home/airflow/.local/lib/python3.7/site-packages/airflow/example_dags/example_time_delta_sensor_async.py took 3.075 seconds
[2023-02-18T08:00:17.410+0000] {processor.py:153} INFO - Started process (PID=661) to work on /home/airflow/.local/lib/python3.7/site-packages/airflow/example_dags/example_time_delta_sensor_async.py
[2023-02-18T08:00:17.428+0000] {processor.py:743} INFO - Processing file /home/airflow/.local/lib/python3.7/site-packages/airflow/example_dags/example_time_delta_sensor_async.py for tasks to queue
[2023-02-18T08:00:17.465+0000] {logging_mixin.py:137} INFO - [2023-02-18T08:00:17.447+0000] {dagbag.py:538} INFO - Filling up the DagBag from /home/airflow/.local/lib/python3.7/site-packages/airflow/example_dags/example_time_delta_sensor_async.py
[2023-02-18T08:00:18.605+0000] {processor.py:753} INFO - DAG(s) dict_keys(['example_time_delta_sensor_async']) retrieved from /home/airflow/.local/lib/python3.7/site-packages/airflow/example_dags/example_time_delta_sensor_async.py
[2023-02-18T08:00:22.492+0000] {logging_mixin.py:137} INFO - [2023-02-18T08:00:22.491+0000] {dag.py:2690} INFO - Sync 1 DAGs
[2023-02-18T08:00:26.570+0000] {logging_mixin.py:137} INFO - [2023-02-18T08:00:26.569+0000] {dag.py:3441} INFO - Setting next_dagrun for example_time_delta_sensor_async to None, run_after=None
[2023-02-18T08:00:28.526+0000] {processor.py:175} INFO - Processing /home/airflow/.local/lib/python3.7/site-packages/airflow/example_dags/example_time_delta_sensor_async.py took 11.398 seconds
[2023-02-18T08:07:43.317+0000] {processor.py:153} INFO - Started process (PID=924) to work on /home/airflow/.local/lib/python3.7/site-packages/airflow/example_dags/example_time_delta_sensor_async.py
[2023-02-18T08:07:43.345+0000] {processor.py:743} INFO - Processing file /home/airflow/.local/lib/python3.7/site-packages/airflow/example_dags/example_time_delta_sensor_async.py for tasks to queue
[2023-02-18T08:07:43.348+0000] {logging_mixin.py:137} INFO - [2023-02-18T08:07:43.347+0000] {dagbag.py:538} INFO - Filling up the DagBag from /home/airflow/.local/lib/python3.7/site-packages/airflow/example_dags/example_time_delta_sensor_async.py
[2023-02-18T08:07:44.480+0000] {processor.py:753} INFO - DAG(s) dict_keys(['example_time_delta_sensor_async']) retrieved from /home/airflow/.local/lib/python3.7/site-packages/airflow/example_dags/example_time_delta_sensor_async.py
[2023-02-18T08:07:48.861+0000] {logging_mixin.py:137} INFO - [2023-02-18T08:07:48.860+0000] {dag.py:2690} INFO - Sync 1 DAGs
[2023-02-18T08:07:54.615+0000] {logging_mixin.py:137} INFO - [2023-02-18T08:07:54.615+0000] {dag.py:3441} INFO - Setting next_dagrun for example_time_delta_sensor_async to None, run_after=None
[2023-02-18T08:07:56.438+0000] {processor.py:175} INFO - Processing /home/airflow/.local/lib/python3.7/site-packages/airflow/example_dags/example_time_delta_sensor_async.py took 13.145 seconds
[2023-02-18T08:11:38.424+0000] {processor.py:153} INFO - Started process (PID=1063) to work on /home/airflow/.local/lib/python3.7/site-packages/airflow/example_dags/example_time_delta_sensor_async.py
[2023-02-18T08:11:38.468+0000] {processor.py:743} INFO - Processing file /home/airflow/.local/lib/python3.7/site-packages/airflow/example_dags/example_time_delta_sensor_async.py for tasks to queue
[2023-02-18T08:11:38.473+0000] {logging_mixin.py:137} INFO - [2023-02-18T08:11:38.472+0000] {dagbag.py:538} INFO - Filling up the DagBag from /home/airflow/.local/lib/python3.7/site-packages/airflow/example_dags/example_time_delta_sensor_async.py
[2023-02-18T08:11:39.391+0000] {processor.py:753} INFO - DAG(s) dict_keys(['example_time_delta_sensor_async']) retrieved from /home/airflow/.local/lib/python3.7/site-packages/airflow/example_dags/example_time_delta_sensor_async.py
[2023-02-18T08:11:41.386+0000] {logging_mixin.py:137} INFO - [2023-02-18T08:11:41.386+0000] {dag.py:2690} INFO - Sync 1 DAGs
[2023-02-18T08:11:45.767+0000] {logging_mixin.py:137} INFO - [2023-02-18T08:11:45.646+0000] {dag.py:3441} INFO - Setting next_dagrun for example_time_delta_sensor_async to None, run_after=None
[2023-02-18T08:11:47.126+0000] {processor.py:175} INFO - Processing /home/airflow/.local/lib/python3.7/site-packages/airflow/example_dags/example_time_delta_sensor_async.py took 9.234 seconds
[2023-02-18T08:15:07.541+0000] {processor.py:153} INFO - Started process (PID=1187) to work on /home/airflow/.local/lib/python3.7/site-packages/airflow/example_dags/example_time_delta_sensor_async.py
[2023-02-18T08:15:07.604+0000] {processor.py:743} INFO - Processing file /home/airflow/.local/lib/python3.7/site-packages/airflow/example_dags/example_time_delta_sensor_async.py for tasks to queue
[2023-02-18T08:15:07.607+0000] {logging_mixin.py:137} INFO - [2023-02-18T08:15:07.606+0000] {dagbag.py:538} INFO - Filling up the DagBag from /home/airflow/.local/lib/python3.7/site-packages/airflow/example_dags/example_time_delta_sensor_async.py
[2023-02-18T08:15:08.815+0000] {processor.py:753} INFO - DAG(s) dict_keys(['example_time_delta_sensor_async']) retrieved from /home/airflow/.local/lib/python3.7/site-packages/airflow/example_dags/example_time_delta_sensor_async.py
[2023-02-18T08:15:11.245+0000] {logging_mixin.py:137} INFO - [2023-02-18T08:15:11.244+0000] {dag.py:2690} INFO - Sync 1 DAGs
[2023-02-18T08:15:14.389+0000] {logging_mixin.py:137} INFO - [2023-02-18T08:15:14.388+0000] {dag.py:3441} INFO - Setting next_dagrun for example_time_delta_sensor_async to None, run_after=None
[2023-02-18T08:15:16.498+0000] {processor.py:175} INFO - Processing /home/airflow/.local/lib/python3.7/site-packages/airflow/example_dags/example_time_delta_sensor_async.py took 9.655 seconds
[2023-02-18T08:18:15.887+0000] {processor.py:153} INFO - Started process (PID=1305) to work on /home/airflow/.local/lib/python3.7/site-packages/airflow/example_dags/example_time_delta_sensor_async.py
[2023-02-18T08:18:15.918+0000] {processor.py:743} INFO - Processing file /home/airflow/.local/lib/python3.7/site-packages/airflow/example_dags/example_time_delta_sensor_async.py for tasks to queue
[2023-02-18T08:18:16.096+0000] {logging_mixin.py:137} INFO - [2023-02-18T08:18:16.095+0000] {dagbag.py:538} INFO - Filling up the DagBag from /home/airflow/.local/lib/python3.7/site-packages/airflow/example_dags/example_time_delta_sensor_async.py
[2023-02-18T08:18:17.693+0000] {processor.py:753} INFO - DAG(s) dict_keys(['example_time_delta_sensor_async']) retrieved from /home/airflow/.local/lib/python3.7/site-packages/airflow/example_dags/example_time_delta_sensor_async.py
[2023-02-18T08:18:20.914+0000] {logging_mixin.py:137} INFO - [2023-02-18T08:18:20.914+0000] {dag.py:2690} INFO - Sync 1 DAGs
[2023-02-18T08:18:23.435+0000] {logging_mixin.py:137} INFO - [2023-02-18T08:18:23.435+0000] {dag.py:3441} INFO - Setting next_dagrun for example_time_delta_sensor_async to None, run_after=None
[2023-02-18T08:18:24.575+0000] {processor.py:175} INFO - Processing /home/airflow/.local/lib/python3.7/site-packages/airflow/example_dags/example_time_delta_sensor_async.py took 8.825 seconds
[2023-02-18T08:21:14.168+0000] {processor.py:153} INFO - Started process (PID=1418) to work on /home/airflow/.local/lib/python3.7/site-packages/airflow/example_dags/example_time_delta_sensor_async.py
[2023-02-18T08:21:14.222+0000] {processor.py:743} INFO - Processing file /home/airflow/.local/lib/python3.7/site-packages/airflow/example_dags/example_time_delta_sensor_async.py for tasks to queue
[2023-02-18T08:21:14.226+0000] {logging_mixin.py:137} INFO - [2023-02-18T08:21:14.225+0000] {dagbag.py:538} INFO - Filling up the DagBag from /home/airflow/.local/lib/python3.7/site-packages/airflow/example_dags/example_time_delta_sensor_async.py
[2023-02-18T08:21:14.934+0000] {processor.py:753} INFO - DAG(s) dict_keys(['example_time_delta_sensor_async']) retrieved from /home/airflow/.local/lib/python3.7/site-packages/airflow/example_dags/example_time_delta_sensor_async.py
[2023-02-18T08:21:16.753+0000] {logging_mixin.py:137} INFO - [2023-02-18T08:21:16.752+0000] {dag.py:2690} INFO - Sync 1 DAGs
[2023-02-18T08:21:19.397+0000] {logging_mixin.py:137} INFO - [2023-02-18T08:21:19.396+0000] {dag.py:3441} INFO - Setting next_dagrun for example_time_delta_sensor_async to None, run_after=None
[2023-02-18T08:21:20.822+0000] {processor.py:175} INFO - Processing /home/airflow/.local/lib/python3.7/site-packages/airflow/example_dags/example_time_delta_sensor_async.py took 6.820 seconds
[2023-02-18T08:24:12.851+0000] {processor.py:153} INFO - Started process (PID=1532) to work on /home/airflow/.local/lib/python3.7/site-packages/airflow/example_dags/example_time_delta_sensor_async.py
[2023-02-18T08:24:12.885+0000] {processor.py:743} INFO - Processing file /home/airflow/.local/lib/python3.7/site-packages/airflow/example_dags/example_time_delta_sensor_async.py for tasks to queue
[2023-02-18T08:24:12.888+0000] {logging_mixin.py:137} INFO - [2023-02-18T08:24:12.887+0000] {dagbag.py:538} INFO - Filling up the DagBag from /home/airflow/.local/lib/python3.7/site-packages/airflow/example_dags/example_time_delta_sensor_async.py
[2023-02-18T08:24:14.738+0000] {processor.py:753} INFO - DAG(s) dict_keys(['example_time_delta_sensor_async']) retrieved from /home/airflow/.local/lib/python3.7/site-packages/airflow/example_dags/example_time_delta_sensor_async.py
[2023-02-18T08:24:17.145+0000] {logging_mixin.py:137} INFO - [2023-02-18T08:24:17.145+0000] {dag.py:2690} INFO - Sync 1 DAGs
[2023-02-18T08:24:19.657+0000] {logging_mixin.py:137} INFO - [2023-02-18T08:24:19.657+0000] {dag.py:3441} INFO - Setting next_dagrun for example_time_delta_sensor_async to None, run_after=None
[2023-02-18T08:24:22.273+0000] {processor.py:175} INFO - Processing /home/airflow/.local/lib/python3.7/site-packages/airflow/example_dags/example_time_delta_sensor_async.py took 10.250 seconds
[2023-02-18T08:28:40.085+0000] {processor.py:153} INFO - Started process (PID=1681) to work on /home/airflow/.local/lib/python3.7/site-packages/airflow/example_dags/example_time_delta_sensor_async.py
[2023-02-18T08:28:41.106+0000] {processor.py:743} INFO - Processing file /home/airflow/.local/lib/python3.7/site-packages/airflow/example_dags/example_time_delta_sensor_async.py for tasks to queue
[2023-02-18T08:28:41.109+0000] {logging_mixin.py:137} INFO - [2023-02-18T08:28:41.108+0000] {dagbag.py:538} INFO - Filling up the DagBag from /home/airflow/.local/lib/python3.7/site-packages/airflow/example_dags/example_time_delta_sensor_async.py
[2023-02-18T08:28:44.715+0000] {processor.py:753} INFO - DAG(s) dict_keys(['example_time_delta_sensor_async']) retrieved from /home/airflow/.local/lib/python3.7/site-packages/airflow/example_dags/example_time_delta_sensor_async.py
[2023-02-18T08:28:51.345+0000] {logging_mixin.py:137} INFO - [2023-02-18T08:28:51.344+0000] {dag.py:2690} INFO - Sync 1 DAGs
[2023-02-18T08:28:57.795+0000] {logging_mixin.py:137} INFO - [2023-02-18T08:28:57.766+0000] {dag.py:3441} INFO - Setting next_dagrun for example_time_delta_sensor_async to None, run_after=None
[2023-02-18T08:28:59.570+0000] {processor.py:175} INFO - Processing /home/airflow/.local/lib/python3.7/site-packages/airflow/example_dags/example_time_delta_sensor_async.py took 20.227 seconds
[2023-02-18T08:36:15.518+0000] {processor.py:153} INFO - Started process (PID=1912) to work on /home/airflow/.local/lib/python3.7/site-packages/airflow/example_dags/example_time_delta_sensor_async.py
[2023-02-18T08:36:15.543+0000] {processor.py:743} INFO - Processing file /home/airflow/.local/lib/python3.7/site-packages/airflow/example_dags/example_time_delta_sensor_async.py for tasks to queue
[2023-02-18T08:36:15.545+0000] {logging_mixin.py:137} INFO - [2023-02-18T08:36:15.545+0000] {dagbag.py:538} INFO - Filling up the DagBag from /home/airflow/.local/lib/python3.7/site-packages/airflow/example_dags/example_time_delta_sensor_async.py
[2023-02-18T08:36:18.119+0000] {processor.py:753} INFO - DAG(s) dict_keys(['example_time_delta_sensor_async']) retrieved from /home/airflow/.local/lib/python3.7/site-packages/airflow/example_dags/example_time_delta_sensor_async.py
[2023-02-18T08:36:24.553+0000] {logging_mixin.py:137} INFO - [2023-02-18T08:36:24.552+0000] {dag.py:2690} INFO - Sync 1 DAGs
[2023-02-18T08:36:31.052+0000] {logging_mixin.py:137} INFO - [2023-02-18T08:36:31.036+0000] {dag.py:3441} INFO - Setting next_dagrun for example_time_delta_sensor_async to None, run_after=None
[2023-02-18T08:36:34.021+0000] {processor.py:175} INFO - Processing /home/airflow/.local/lib/python3.7/site-packages/airflow/example_dags/example_time_delta_sensor_async.py took 19.420 seconds
[2023-02-18T09:52:53.505+0000] {processor.py:153} INFO - Started process (PID=208) to work on /home/airflow/.local/lib/python3.7/site-packages/airflow/example_dags/example_time_delta_sensor_async.py
[2023-02-18T09:52:53.522+0000] {processor.py:743} INFO - Processing file /home/airflow/.local/lib/python3.7/site-packages/airflow/example_dags/example_time_delta_sensor_async.py for tasks to queue
[2023-02-18T09:52:53.524+0000] {logging_mixin.py:137} INFO - [2023-02-18T09:52:53.524+0000] {dagbag.py:538} INFO - Filling up the DagBag from /home/airflow/.local/lib/python3.7/site-packages/airflow/example_dags/example_time_delta_sensor_async.py
[2023-02-18T09:52:54.150+0000] {processor.py:753} INFO - DAG(s) dict_keys(['example_time_delta_sensor_async']) retrieved from /home/airflow/.local/lib/python3.7/site-packages/airflow/example_dags/example_time_delta_sensor_async.py
[2023-02-18T09:52:54.861+0000] {logging_mixin.py:137} INFO - [2023-02-18T09:52:54.810+0000] {dag.py:2690} INFO - Sync 1 DAGs
[2023-02-18T09:52:55.345+0000] {logging_mixin.py:137} INFO - [2023-02-18T09:52:55.344+0000] {dag.py:3441} INFO - Setting next_dagrun for example_time_delta_sensor_async to None, run_after=None
[2023-02-18T09:52:55.866+0000] {processor.py:175} INFO - Processing /home/airflow/.local/lib/python3.7/site-packages/airflow/example_dags/example_time_delta_sensor_async.py took 2.425 seconds
[2023-02-18T09:54:09.451+0000] {processor.py:153} INFO - Started process (PID=288) to work on /home/airflow/.local/lib/python3.7/site-packages/airflow/example_dags/example_time_delta_sensor_async.py
[2023-02-18T09:54:09.486+0000] {processor.py:743} INFO - Processing file /home/airflow/.local/lib/python3.7/site-packages/airflow/example_dags/example_time_delta_sensor_async.py for tasks to queue
[2023-02-18T09:54:09.488+0000] {logging_mixin.py:137} INFO - [2023-02-18T09:54:09.487+0000] {dagbag.py:538} INFO - Filling up the DagBag from /home/airflow/.local/lib/python3.7/site-packages/airflow/example_dags/example_time_delta_sensor_async.py
[2023-02-18T09:54:10.008+0000] {processor.py:753} INFO - DAG(s) dict_keys(['example_time_delta_sensor_async']) retrieved from /home/airflow/.local/lib/python3.7/site-packages/airflow/example_dags/example_time_delta_sensor_async.py
[2023-02-18T09:54:10.829+0000] {logging_mixin.py:137} INFO - [2023-02-18T09:54:10.828+0000] {dag.py:2690} INFO - Sync 1 DAGs
[2023-02-18T09:54:11.764+0000] {logging_mixin.py:137} INFO - [2023-02-18T09:54:11.764+0000] {dag.py:3441} INFO - Setting next_dagrun for example_time_delta_sensor_async to None, run_after=None
[2023-02-18T09:54:12.735+0000] {processor.py:175} INFO - Processing /home/airflow/.local/lib/python3.7/site-packages/airflow/example_dags/example_time_delta_sensor_async.py took 3.320 seconds
[2023-02-18T09:56:49.088+0000] {processor.py:153} INFO - Started process (PID=411) to work on /home/airflow/.local/lib/python3.7/site-packages/airflow/example_dags/example_time_delta_sensor_async.py
[2023-02-18T09:56:49.118+0000] {processor.py:743} INFO - Processing file /home/airflow/.local/lib/python3.7/site-packages/airflow/example_dags/example_time_delta_sensor_async.py for tasks to queue
[2023-02-18T09:56:49.121+0000] {logging_mixin.py:137} INFO - [2023-02-18T09:56:49.120+0000] {dagbag.py:538} INFO - Filling up the DagBag from /home/airflow/.local/lib/python3.7/site-packages/airflow/example_dags/example_time_delta_sensor_async.py
[2023-02-18T09:56:50.545+0000] {processor.py:753} INFO - DAG(s) dict_keys(['example_time_delta_sensor_async']) retrieved from /home/airflow/.local/lib/python3.7/site-packages/airflow/example_dags/example_time_delta_sensor_async.py
[2023-02-18T09:56:52.038+0000] {logging_mixin.py:137} INFO - [2023-02-18T09:56:52.038+0000] {dag.py:2690} INFO - Sync 1 DAGs
[2023-02-18T09:56:53.973+0000] {logging_mixin.py:137} INFO - [2023-02-18T09:56:53.973+0000] {dag.py:3441} INFO - Setting next_dagrun for example_time_delta_sensor_async to None, run_after=None
[2023-02-18T09:56:57.256+0000] {processor.py:175} INFO - Processing /home/airflow/.local/lib/python3.7/site-packages/airflow/example_dags/example_time_delta_sensor_async.py took 8.275 seconds
[2023-02-18T10:00:05.580+0000] {processor.py:153} INFO - Started process (PID=530) to work on /home/airflow/.local/lib/python3.7/site-packages/airflow/example_dags/example_time_delta_sensor_async.py
[2023-02-18T10:00:05.613+0000] {processor.py:743} INFO - Processing file /home/airflow/.local/lib/python3.7/site-packages/airflow/example_dags/example_time_delta_sensor_async.py for tasks to queue
[2023-02-18T10:00:05.616+0000] {logging_mixin.py:137} INFO - [2023-02-18T10:00:05.615+0000] {dagbag.py:538} INFO - Filling up the DagBag from /home/airflow/.local/lib/python3.7/site-packages/airflow/example_dags/example_time_delta_sensor_async.py
[2023-02-18T10:00:06.867+0000] {processor.py:753} INFO - DAG(s) dict_keys(['example_time_delta_sensor_async']) retrieved from /home/airflow/.local/lib/python3.7/site-packages/airflow/example_dags/example_time_delta_sensor_async.py
[2023-02-18T10:00:09.423+0000] {logging_mixin.py:137} INFO - [2023-02-18T10:00:09.422+0000] {dag.py:2690} INFO - Sync 1 DAGs
[2023-02-18T10:00:11.368+0000] {logging_mixin.py:137} INFO - [2023-02-18T10:00:11.367+0000] {dag.py:3441} INFO - Setting next_dagrun for example_time_delta_sensor_async to None, run_after=None
[2023-02-18T10:00:12.598+0000] {processor.py:175} INFO - Processing /home/airflow/.local/lib/python3.7/site-packages/airflow/example_dags/example_time_delta_sensor_async.py took 7.262 seconds
[2023-02-18T10:03:31.242+0000] {processor.py:153} INFO - Started process (PID=677) to work on /home/airflow/.local/lib/python3.7/site-packages/airflow/example_dags/example_time_delta_sensor_async.py
[2023-02-18T10:03:31.320+0000] {processor.py:743} INFO - Processing file /home/airflow/.local/lib/python3.7/site-packages/airflow/example_dags/example_time_delta_sensor_async.py for tasks to queue
[2023-02-18T10:03:31.322+0000] {logging_mixin.py:137} INFO - [2023-02-18T10:03:31.322+0000] {dagbag.py:538} INFO - Filling up the DagBag from /home/airflow/.local/lib/python3.7/site-packages/airflow/example_dags/example_time_delta_sensor_async.py
[2023-02-18T10:03:32.207+0000] {processor.py:753} INFO - DAG(s) dict_keys(['example_time_delta_sensor_async']) retrieved from /home/airflow/.local/lib/python3.7/site-packages/airflow/example_dags/example_time_delta_sensor_async.py
[2023-02-18T10:03:34.297+0000] {logging_mixin.py:137} INFO - [2023-02-18T10:03:34.297+0000] {dag.py:2690} INFO - Sync 1 DAGs
[2023-02-18T10:03:36.813+0000] {logging_mixin.py:137} INFO - [2023-02-18T10:03:36.813+0000] {dag.py:3441} INFO - Setting next_dagrun for example_time_delta_sensor_async to None, run_after=None
[2023-02-18T10:03:38.409+0000] {processor.py:175} INFO - Processing /home/airflow/.local/lib/python3.7/site-packages/airflow/example_dags/example_time_delta_sensor_async.py took 7.155 seconds
[2023-02-18T10:09:07.542+0000] {processor.py:153} INFO - Started process (PID=891) to work on /home/airflow/.local/lib/python3.7/site-packages/airflow/example_dags/example_time_delta_sensor_async.py
[2023-02-18T10:09:07.572+0000] {processor.py:743} INFO - Processing file /home/airflow/.local/lib/python3.7/site-packages/airflow/example_dags/example_time_delta_sensor_async.py for tasks to queue
[2023-02-18T10:09:07.575+0000] {logging_mixin.py:137} INFO - [2023-02-18T10:09:07.574+0000] {dagbag.py:538} INFO - Filling up the DagBag from /home/airflow/.local/lib/python3.7/site-packages/airflow/example_dags/example_time_delta_sensor_async.py
