[2023-02-18T07:49:41.218+0000] {processor.py:153} INFO - Started process (PID=166) to work on /home/airflow/.local/lib/python3.7/site-packages/airflow/example_dags/example_latest_only_with_trigger.py
[2023-02-18T07:49:41.220+0000] {processor.py:743} INFO - Processing file /home/airflow/.local/lib/python3.7/site-packages/airflow/example_dags/example_latest_only_with_trigger.py for tasks to queue
[2023-02-18T07:49:41.251+0000] {logging_mixin.py:137} INFO - [2023-02-18T07:49:41.250+0000] {dagbag.py:538} INFO - Filling up the DagBag from /home/airflow/.local/lib/python3.7/site-packages/airflow/example_dags/example_latest_only_with_trigger.py
[2023-02-18T07:49:42.196+0000] {processor.py:753} INFO - DAG(s) dict_keys(['latest_only_with_trigger']) retrieved from /home/airflow/.local/lib/python3.7/site-packages/airflow/example_dags/example_latest_only_with_trigger.py
[2023-02-18T07:49:43.206+0000] {logging_mixin.py:137} INFO - [2023-02-18T07:49:43.206+0000] {dag.py:2690} INFO - Sync 1 DAGs
[2023-02-18T07:49:44.473+0000] {logging_mixin.py:137} INFO - [2023-02-18T07:49:44.472+0000] {dag.py:3441} INFO - Setting next_dagrun for latest_only_with_trigger to 2023-02-18T03:49:44.471446+00:00, run_after=2023-02-18T07:49:44.471446+00:00
[2023-02-18T07:49:45.788+0000] {processor.py:175} INFO - Processing /home/airflow/.local/lib/python3.7/site-packages/airflow/example_dags/example_latest_only_with_trigger.py took 4.685 seconds
[2023-02-18T07:51:35.231+0000] {processor.py:153} INFO - Started process (PID=261) to work on /home/airflow/.local/lib/python3.7/site-packages/airflow/example_dags/example_latest_only_with_trigger.py
[2023-02-18T07:51:35.279+0000] {processor.py:743} INFO - Processing file /home/airflow/.local/lib/python3.7/site-packages/airflow/example_dags/example_latest_only_with_trigger.py for tasks to queue
[2023-02-18T07:51:35.282+0000] {logging_mixin.py:137} INFO - [2023-02-18T07:51:35.281+0000] {dagbag.py:538} INFO - Filling up the DagBag from /home/airflow/.local/lib/python3.7/site-packages/airflow/example_dags/example_latest_only_with_trigger.py
[2023-02-18T07:51:36.120+0000] {processor.py:753} INFO - DAG(s) dict_keys(['latest_only_with_trigger']) retrieved from /home/airflow/.local/lib/python3.7/site-packages/airflow/example_dags/example_latest_only_with_trigger.py
[2023-02-18T07:51:37.001+0000] {logging_mixin.py:137} INFO - [2023-02-18T07:51:37.000+0000] {dag.py:2690} INFO - Sync 1 DAGs
[2023-02-18T07:51:38.335+0000] {logging_mixin.py:137} INFO - [2023-02-18T07:51:38.334+0000] {dag.py:3441} INFO - Setting next_dagrun for latest_only_with_trigger to 2023-02-18T03:51:38.333494+00:00, run_after=2023-02-18T07:51:38.333494+00:00
[2023-02-18T07:51:39.302+0000] {processor.py:175} INFO - Processing /home/airflow/.local/lib/python3.7/site-packages/airflow/example_dags/example_latest_only_with_trigger.py took 4.196 seconds
[2023-02-18T07:53:11.625+0000] {processor.py:153} INFO - Started process (PID=353) to work on /home/airflow/.local/lib/python3.7/site-packages/airflow/example_dags/example_latest_only_with_trigger.py
[2023-02-18T07:53:11.753+0000] {processor.py:743} INFO - Processing file /home/airflow/.local/lib/python3.7/site-packages/airflow/example_dags/example_latest_only_with_trigger.py for tasks to queue
[2023-02-18T07:53:11.755+0000] {logging_mixin.py:137} INFO - [2023-02-18T07:53:11.755+0000] {dagbag.py:538} INFO - Filling up the DagBag from /home/airflow/.local/lib/python3.7/site-packages/airflow/example_dags/example_latest_only_with_trigger.py
[2023-02-18T07:53:12.620+0000] {processor.py:753} INFO - DAG(s) dict_keys(['latest_only_with_trigger']) retrieved from /home/airflow/.local/lib/python3.7/site-packages/airflow/example_dags/example_latest_only_with_trigger.py
[2023-02-18T07:53:13.307+0000] {logging_mixin.py:137} INFO - [2023-02-18T07:53:13.306+0000] {dag.py:2690} INFO - Sync 1 DAGs
[2023-02-18T07:53:13.802+0000] {logging_mixin.py:137} INFO - [2023-02-18T07:53:13.802+0000] {dag.py:3441} INFO - Setting next_dagrun for latest_only_with_trigger to 2023-02-18T03:53:13.789868+00:00, run_after=2023-02-18T07:53:13.789868+00:00
[2023-02-18T07:53:14.122+0000] {processor.py:175} INFO - Processing /home/airflow/.local/lib/python3.7/site-packages/airflow/example_dags/example_latest_only_with_trigger.py took 2.576 seconds
[2023-02-18T07:54:40.705+0000] {processor.py:153} INFO - Started process (PID=434) to work on /home/airflow/.local/lib/python3.7/site-packages/airflow/example_dags/example_latest_only_with_trigger.py
[2023-02-18T07:54:40.720+0000] {processor.py:743} INFO - Processing file /home/airflow/.local/lib/python3.7/site-packages/airflow/example_dags/example_latest_only_with_trigger.py for tasks to queue
[2023-02-18T07:54:40.722+0000] {logging_mixin.py:137} INFO - [2023-02-18T07:54:40.722+0000] {dagbag.py:538} INFO - Filling up the DagBag from /home/airflow/.local/lib/python3.7/site-packages/airflow/example_dags/example_latest_only_with_trigger.py
[2023-02-18T07:54:41.007+0000] {processor.py:753} INFO - DAG(s) dict_keys(['latest_only_with_trigger']) retrieved from /home/airflow/.local/lib/python3.7/site-packages/airflow/example_dags/example_latest_only_with_trigger.py
[2023-02-18T07:54:41.856+0000] {logging_mixin.py:137} INFO - [2023-02-18T07:54:41.856+0000] {dag.py:2690} INFO - Sync 1 DAGs
[2023-02-18T07:54:42.550+0000] {logging_mixin.py:137} INFO - [2023-02-18T07:54:42.550+0000] {dag.py:3441} INFO - Setting next_dagrun for latest_only_with_trigger to 2023-02-18T03:54:42.549910+00:00, run_after=2023-02-18T07:54:42.549910+00:00
[2023-02-18T07:54:43.286+0000] {processor.py:175} INFO - Processing /home/airflow/.local/lib/python3.7/site-packages/airflow/example_dags/example_latest_only_with_trigger.py took 2.723 seconds
[2023-02-18T07:57:27.326+0000] {processor.py:153} INFO - Started process (PID=555) to work on /home/airflow/.local/lib/python3.7/site-packages/airflow/example_dags/example_latest_only_with_trigger.py
[2023-02-18T07:57:27.533+0000] {processor.py:743} INFO - Processing file /home/airflow/.local/lib/python3.7/site-packages/airflow/example_dags/example_latest_only_with_trigger.py for tasks to queue
[2023-02-18T07:57:27.548+0000] {logging_mixin.py:137} INFO - [2023-02-18T07:57:27.537+0000] {dagbag.py:538} INFO - Filling up the DagBag from /home/airflow/.local/lib/python3.7/site-packages/airflow/example_dags/example_latest_only_with_trigger.py
[2023-02-18T07:57:27.791+0000] {processor.py:753} INFO - DAG(s) dict_keys(['latest_only_with_trigger']) retrieved from /home/airflow/.local/lib/python3.7/site-packages/airflow/example_dags/example_latest_only_with_trigger.py
[2023-02-18T07:57:29.518+0000] {logging_mixin.py:137} INFO - [2023-02-18T07:57:29.506+0000] {dag.py:2690} INFO - Sync 1 DAGs
[2023-02-18T07:57:31.959+0000] {logging_mixin.py:137} INFO - [2023-02-18T07:57:31.958+0000] {dag.py:3441} INFO - Setting next_dagrun for latest_only_with_trigger to 2023-02-18T03:57:31.957403+00:00, run_after=2023-02-18T07:57:31.957403+00:00
[2023-02-18T07:57:33.972+0000] {processor.py:175} INFO - Processing /home/airflow/.local/lib/python3.7/site-packages/airflow/example_dags/example_latest_only_with_trigger.py took 7.124 seconds
[2023-02-18T08:03:29.881+0000] {processor.py:153} INFO - Started process (PID=780) to work on /home/airflow/.local/lib/python3.7/site-packages/airflow/example_dags/example_latest_only_with_trigger.py
[2023-02-18T08:03:29.947+0000] {processor.py:743} INFO - Processing file /home/airflow/.local/lib/python3.7/site-packages/airflow/example_dags/example_latest_only_with_trigger.py for tasks to queue
[2023-02-18T08:03:29.954+0000] {logging_mixin.py:137} INFO - [2023-02-18T08:03:29.952+0000] {dagbag.py:538} INFO - Filling up the DagBag from /home/airflow/.local/lib/python3.7/site-packages/airflow/example_dags/example_latest_only_with_trigger.py
[2023-02-18T08:03:30.793+0000] {processor.py:753} INFO - DAG(s) dict_keys(['latest_only_with_trigger']) retrieved from /home/airflow/.local/lib/python3.7/site-packages/airflow/example_dags/example_latest_only_with_trigger.py
[2023-02-18T08:03:34.539+0000] {logging_mixin.py:137} INFO - [2023-02-18T08:03:34.538+0000] {dag.py:2690} INFO - Sync 1 DAGs
[2023-02-18T08:03:38.046+0000] {logging_mixin.py:137} INFO - [2023-02-18T08:03:38.033+0000] {dag.py:3441} INFO - Setting next_dagrun for latest_only_with_trigger to 2023-02-18T04:03:38.032685+00:00, run_after=2023-02-18T08:03:38.032685+00:00
[2023-02-18T08:03:38.931+0000] {processor.py:175} INFO - Processing /home/airflow/.local/lib/python3.7/site-packages/airflow/example_dags/example_latest_only_with_trigger.py took 9.109 seconds
[2023-02-18T08:08:46.299+0000] {processor.py:153} INFO - Started process (PID=958) to work on /home/airflow/.local/lib/python3.7/site-packages/airflow/example_dags/example_latest_only_with_trigger.py
[2023-02-18T08:08:46.399+0000] {processor.py:743} INFO - Processing file /home/airflow/.local/lib/python3.7/site-packages/airflow/example_dags/example_latest_only_with_trigger.py for tasks to queue
[2023-02-18T08:08:46.765+0000] {logging_mixin.py:137} INFO - [2023-02-18T08:08:46.764+0000] {dagbag.py:538} INFO - Filling up the DagBag from /home/airflow/.local/lib/python3.7/site-packages/airflow/example_dags/example_latest_only_with_trigger.py
[2023-02-18T08:08:48.974+0000] {processor.py:753} INFO - DAG(s) dict_keys(['latest_only_with_trigger']) retrieved from /home/airflow/.local/lib/python3.7/site-packages/airflow/example_dags/example_latest_only_with_trigger.py
[2023-02-18T08:08:53.478+0000] {logging_mixin.py:137} INFO - [2023-02-18T08:08:53.381+0000] {dag.py:2690} INFO - Sync 1 DAGs
[2023-02-18T08:08:57.987+0000] {logging_mixin.py:137} INFO - [2023-02-18T08:08:57.986+0000] {dag.py:3441} INFO - Setting next_dagrun for latest_only_with_trigger to 2023-02-18T04:08:57.985680+00:00, run_after=2023-02-18T08:08:57.985680+00:00
[2023-02-18T08:08:59.181+0000] {processor.py:175} INFO - Processing /home/airflow/.local/lib/python3.7/site-packages/airflow/example_dags/example_latest_only_with_trigger.py took 13.497 seconds
[2023-02-18T08:15:47.256+0000] {processor.py:153} INFO - Started process (PID=1213) to work on /home/airflow/.local/lib/python3.7/site-packages/airflow/example_dags/example_latest_only_with_trigger.py
[2023-02-18T08:15:47.306+0000] {processor.py:743} INFO - Processing file /home/airflow/.local/lib/python3.7/site-packages/airflow/example_dags/example_latest_only_with_trigger.py for tasks to queue
[2023-02-18T08:15:47.309+0000] {logging_mixin.py:137} INFO - [2023-02-18T08:15:47.308+0000] {dagbag.py:538} INFO - Filling up the DagBag from /home/airflow/.local/lib/python3.7/site-packages/airflow/example_dags/example_latest_only_with_trigger.py
[2023-02-18T08:15:48.746+0000] {processor.py:753} INFO - DAG(s) dict_keys(['latest_only_with_trigger']) retrieved from /home/airflow/.local/lib/python3.7/site-packages/airflow/example_dags/example_latest_only_with_trigger.py
[2023-02-18T08:15:49.628+0000] {logging_mixin.py:137} INFO - [2023-02-18T08:15:49.614+0000] {dag.py:2690} INFO - Sync 1 DAGs
[2023-02-18T08:15:52.572+0000] {logging_mixin.py:137} INFO - [2023-02-18T08:15:52.558+0000] {dag.py:3441} INFO - Setting next_dagrun for latest_only_with_trigger to 2023-02-18T04:15:52.557806+00:00, run_after=2023-02-18T08:15:52.557806+00:00
[2023-02-18T08:15:53.843+0000] {processor.py:175} INFO - Processing /home/airflow/.local/lib/python3.7/site-packages/airflow/example_dags/example_latest_only_with_trigger.py took 6.988 seconds
[2023-02-18T08:21:51.992+0000] {processor.py:153} INFO - Started process (PID=1443) to work on /home/airflow/.local/lib/python3.7/site-packages/airflow/example_dags/example_latest_only_with_trigger.py
[2023-02-18T08:21:52.045+0000] {processor.py:743} INFO - Processing file /home/airflow/.local/lib/python3.7/site-packages/airflow/example_dags/example_latest_only_with_trigger.py for tasks to queue
[2023-02-18T08:21:52.050+0000] {logging_mixin.py:137} INFO - [2023-02-18T08:21:52.049+0000] {dagbag.py:538} INFO - Filling up the DagBag from /home/airflow/.local/lib/python3.7/site-packages/airflow/example_dags/example_latest_only_with_trigger.py
[2023-02-18T08:21:52.292+0000] {processor.py:753} INFO - DAG(s) dict_keys(['latest_only_with_trigger']) retrieved from /home/airflow/.local/lib/python3.7/site-packages/airflow/example_dags/example_latest_only_with_trigger.py
[2023-02-18T08:21:54.216+0000] {logging_mixin.py:137} INFO - [2023-02-18T08:21:54.215+0000] {dag.py:2690} INFO - Sync 1 DAGs
[2023-02-18T08:21:56.619+0000] {logging_mixin.py:137} INFO - [2023-02-18T08:21:56.618+0000] {dag.py:3441} INFO - Setting next_dagrun for latest_only_with_trigger to 2023-02-18T04:21:56.617343+00:00, run_after=2023-02-18T08:21:56.617343+00:00
[2023-02-18T08:21:58.554+0000] {processor.py:175} INFO - Processing /home/airflow/.local/lib/python3.7/site-packages/airflow/example_dags/example_latest_only_with_trigger.py took 6.686 seconds
[2023-02-18T08:29:56.388+0000] {processor.py:153} INFO - Started process (PID=1714) to work on /home/airflow/.local/lib/python3.7/site-packages/airflow/example_dags/example_latest_only_with_trigger.py
[2023-02-18T08:29:56.483+0000] {processor.py:743} INFO - Processing file /home/airflow/.local/lib/python3.7/site-packages/airflow/example_dags/example_latest_only_with_trigger.py for tasks to queue
[2023-02-18T08:29:56.705+0000] {logging_mixin.py:137} INFO - [2023-02-18T08:29:56.485+0000] {dagbag.py:538} INFO - Filling up the DagBag from /home/airflow/.local/lib/python3.7/site-packages/airflow/example_dags/example_latest_only_with_trigger.py
[2023-02-18T08:30:00.164+0000] {processor.py:753} INFO - DAG(s) dict_keys(['latest_only_with_trigger']) retrieved from /home/airflow/.local/lib/python3.7/site-packages/airflow/example_dags/example_latest_only_with_trigger.py
[2023-02-18T08:30:06.218+0000] {logging_mixin.py:137} INFO - [2023-02-18T08:30:06.217+0000] {dag.py:2690} INFO - Sync 1 DAGs
[2023-02-18T08:30:14.211+0000] {logging_mixin.py:137} INFO - [2023-02-18T08:30:14.210+0000] {dag.py:3441} INFO - Setting next_dagrun for latest_only_with_trigger to 2023-02-18T04:30:14.209685+00:00, run_after=2023-02-18T08:30:14.209685+00:00
[2023-02-18T08:30:23.694+0000] {processor.py:175} INFO - Processing /home/airflow/.local/lib/python3.7/site-packages/airflow/example_dags/example_latest_only_with_trigger.py took 28.025 seconds
[2023-02-18T09:53:09.401+0000] {processor.py:153} INFO - Started process (PID=223) to work on /home/airflow/.local/lib/python3.7/site-packages/airflow/example_dags/example_latest_only_with_trigger.py
[2023-02-18T09:53:09.478+0000] {processor.py:743} INFO - Processing file /home/airflow/.local/lib/python3.7/site-packages/airflow/example_dags/example_latest_only_with_trigger.py for tasks to queue
[2023-02-18T09:53:09.480+0000] {logging_mixin.py:137} INFO - [2023-02-18T09:53:09.479+0000] {dagbag.py:538} INFO - Filling up the DagBag from /home/airflow/.local/lib/python3.7/site-packages/airflow/example_dags/example_latest_only_with_trigger.py
[2023-02-18T09:53:09.719+0000] {processor.py:753} INFO - DAG(s) dict_keys(['latest_only_with_trigger']) retrieved from /home/airflow/.local/lib/python3.7/site-packages/airflow/example_dags/example_latest_only_with_trigger.py
[2023-02-18T09:53:10.659+0000] {logging_mixin.py:137} INFO - [2023-02-18T09:53:10.659+0000] {dag.py:2690} INFO - Sync 1 DAGs
[2023-02-18T09:53:11.963+0000] {logging_mixin.py:137} INFO - [2023-02-18T09:53:11.963+0000] {dag.py:3441} INFO - Setting next_dagrun for latest_only_with_trigger to 2023-02-18T05:53:11.949241+00:00, run_after=2023-02-18T09:53:11.949241+00:00
[2023-02-18T09:53:12.733+0000] {processor.py:175} INFO - Processing /home/airflow/.local/lib/python3.7/site-packages/airflow/example_dags/example_latest_only_with_trigger.py took 3.444 seconds
[2023-02-18T09:54:27.349+0000] {processor.py:153} INFO - Started process (PID=303) to work on /home/airflow/.local/lib/python3.7/site-packages/airflow/example_dags/example_latest_only_with_trigger.py
[2023-02-18T09:54:27.367+0000] {processor.py:743} INFO - Processing file /home/airflow/.local/lib/python3.7/site-packages/airflow/example_dags/example_latest_only_with_trigger.py for tasks to queue
[2023-02-18T09:54:27.479+0000] {logging_mixin.py:137} INFO - [2023-02-18T09:54:27.478+0000] {dagbag.py:538} INFO - Filling up the DagBag from /home/airflow/.local/lib/python3.7/site-packages/airflow/example_dags/example_latest_only_with_trigger.py
[2023-02-18T09:54:28.612+0000] {processor.py:753} INFO - DAG(s) dict_keys(['latest_only_with_trigger']) retrieved from /home/airflow/.local/lib/python3.7/site-packages/airflow/example_dags/example_latest_only_with_trigger.py
[2023-02-18T09:54:29.587+0000] {logging_mixin.py:137} INFO - [2023-02-18T09:54:29.587+0000] {dag.py:2690} INFO - Sync 1 DAGs
[2023-02-18T09:54:30.684+0000] {logging_mixin.py:137} INFO - [2023-02-18T09:54:30.684+0000] {dag.py:3441} INFO - Setting next_dagrun for latest_only_with_trigger to 2023-02-18T05:54:30.683749+00:00, run_after=2023-02-18T09:54:30.683749+00:00
[2023-02-18T09:54:31.209+0000] {processor.py:175} INFO - Processing /home/airflow/.local/lib/python3.7/site-packages/airflow/example_dags/example_latest_only_with_trigger.py took 3.989 seconds
[2023-02-18T09:57:50.651+0000] {processor.py:153} INFO - Started process (PID=445) to work on /home/airflow/.local/lib/python3.7/site-packages/airflow/example_dags/example_latest_only_with_trigger.py
[2023-02-18T09:57:50.665+0000] {processor.py:743} INFO - Processing file /home/airflow/.local/lib/python3.7/site-packages/airflow/example_dags/example_latest_only_with_trigger.py for tasks to queue
[2023-02-18T09:57:50.667+0000] {logging_mixin.py:137} INFO - [2023-02-18T09:57:50.667+0000] {dagbag.py:538} INFO - Filling up the DagBag from /home/airflow/.local/lib/python3.7/site-packages/airflow/example_dags/example_latest_only_with_trigger.py
[2023-02-18T09:57:52.415+0000] {processor.py:753} INFO - DAG(s) dict_keys(['latest_only_with_trigger']) retrieved from /home/airflow/.local/lib/python3.7/site-packages/airflow/example_dags/example_latest_only_with_trigger.py
[2023-02-18T09:57:54.671+0000] {logging_mixin.py:137} INFO - [2023-02-18T09:57:54.671+0000] {dag.py:2690} INFO - Sync 1 DAGs
[2023-02-18T09:57:56.388+0000] {logging_mixin.py:137} INFO - [2023-02-18T09:57:56.387+0000] {dag.py:3441} INFO - Setting next_dagrun for latest_only_with_trigger to 2023-02-18T05:57:56.386447+00:00, run_after=2023-02-18T09:57:56.386447+00:00
[2023-02-18T09:57:57.399+0000] {processor.py:175} INFO - Processing /home/airflow/.local/lib/python3.7/site-packages/airflow/example_dags/example_latest_only_with_trigger.py took 7.151 seconds
[2023-02-18T10:01:45.587+0000] {processor.py:153} INFO - Started process (PID=607) to work on /home/airflow/.local/lib/python3.7/site-packages/airflow/example_dags/example_latest_only_with_trigger.py
[2023-02-18T10:01:45.668+0000] {processor.py:743} INFO - Processing file /home/airflow/.local/lib/python3.7/site-packages/airflow/example_dags/example_latest_only_with_trigger.py for tasks to queue
[2023-02-18T10:01:45.670+0000] {logging_mixin.py:137} INFO - [2023-02-18T10:01:45.670+0000] {dagbag.py:538} INFO - Filling up the DagBag from /home/airflow/.local/lib/python3.7/site-packages/airflow/example_dags/example_latest_only_with_trigger.py
[2023-02-18T10:01:46.392+0000] {processor.py:753} INFO - DAG(s) dict_keys(['latest_only_with_trigger']) retrieved from /home/airflow/.local/lib/python3.7/site-packages/airflow/example_dags/example_latest_only_with_trigger.py
[2023-02-18T10:01:48.062+0000] {logging_mixin.py:137} INFO - [2023-02-18T10:01:48.061+0000] {dag.py:2690} INFO - Sync 1 DAGs
[2023-02-18T10:01:49.050+0000] {logging_mixin.py:137} INFO - [2023-02-18T10:01:49.038+0000] {dag.py:3441} INFO - Setting next_dagrun for latest_only_with_trigger to 2023-02-18T06:01:49.037340+00:00, run_after=2023-02-18T10:01:49.037340+00:00
[2023-02-18T10:01:49.964+0000] {processor.py:175} INFO - Processing /home/airflow/.local/lib/python3.7/site-packages/airflow/example_dags/example_latest_only_with_trigger.py took 4.573 seconds
[2023-02-18T10:06:30.794+0000] {processor.py:153} INFO - Started process (PID=790) to work on /home/airflow/.local/lib/python3.7/site-packages/airflow/example_dags/example_latest_only_with_trigger.py
[2023-02-18T10:06:30.861+0000] {processor.py:743} INFO - Processing file /home/airflow/.local/lib/python3.7/site-packages/airflow/example_dags/example_latest_only_with_trigger.py for tasks to queue
[2023-02-18T10:06:30.960+0000] {logging_mixin.py:137} INFO - [2023-02-18T10:06:30.924+0000] {dagbag.py:538} INFO - Filling up the DagBag from /home/airflow/.local/lib/python3.7/site-packages/airflow/example_dags/example_latest_only_with_trigger.py
[2023-02-18T10:06:32.875+0000] {processor.py:753} INFO - DAG(s) dict_keys(['latest_only_with_trigger']) retrieved from /home/airflow/.local/lib/python3.7/site-packages/airflow/example_dags/example_latest_only_with_trigger.py
[2023-02-18T10:06:35.401+0000] {logging_mixin.py:137} INFO - [2023-02-18T10:06:35.400+0000] {dag.py:2690} INFO - Sync 1 DAGs
[2023-02-18T10:06:37.055+0000] {logging_mixin.py:137} INFO - [2023-02-18T10:06:37.042+0000] {dag.py:3441} INFO - Setting next_dagrun for latest_only_with_trigger to 2023-02-18T06:06:37.041891+00:00, run_after=2023-02-18T10:06:37.041891+00:00
[2023-02-18T10:06:38.221+0000] {processor.py:175} INFO - Processing /home/airflow/.local/lib/python3.7/site-packages/airflow/example_dags/example_latest_only_with_trigger.py took 7.867 seconds
