[2023-02-18T07:48:58.679+0000] {processor.py:153} INFO - Started process (PID=128) to work on /home/airflow/.local/lib/python3.7/site-packages/airflow/example_dags/example_sensor_decorator.py
[2023-02-18T07:48:58.693+0000] {processor.py:743} INFO - Processing file /home/airflow/.local/lib/python3.7/site-packages/airflow/example_dags/example_sensor_decorator.py for tasks to queue
[2023-02-18T07:48:58.695+0000] {logging_mixin.py:137} INFO - [2023-02-18T07:48:58.695+0000] {dagbag.py:538} INFO - Filling up the DagBag from /home/airflow/.local/lib/python3.7/site-packages/airflow/example_dags/example_sensor_decorator.py
[2023-02-18T07:48:59.187+0000] {processor.py:753} INFO - DAG(s) dict_keys(['example_sensor_decorator']) retrieved from /home/airflow/.local/lib/python3.7/site-packages/airflow/example_dags/example_sensor_decorator.py
[2023-02-18T07:49:00.505+0000] {logging_mixin.py:137} INFO - [2023-02-18T07:49:00.504+0000] {dag.py:2690} INFO - Sync 1 DAGs
[2023-02-18T07:49:01.169+0000] {logging_mixin.py:137} INFO - [2023-02-18T07:49:01.169+0000] {dag.py:3441} INFO - Setting next_dagrun for example_sensor_decorator to None, run_after=None
[2023-02-18T07:49:02.002+0000] {processor.py:175} INFO - Processing /home/airflow/.local/lib/python3.7/site-packages/airflow/example_dags/example_sensor_decorator.py took 3.499 seconds
[2023-02-18T07:50:27.670+0000] {processor.py:153} INFO - Started process (PID=205) to work on /home/airflow/.local/lib/python3.7/site-packages/airflow/example_dags/example_sensor_decorator.py
[2023-02-18T07:50:27.684+0000] {processor.py:743} INFO - Processing file /home/airflow/.local/lib/python3.7/site-packages/airflow/example_dags/example_sensor_decorator.py for tasks to queue
[2023-02-18T07:50:27.686+0000] {logging_mixin.py:137} INFO - [2023-02-18T07:50:27.685+0000] {dagbag.py:538} INFO - Filling up the DagBag from /home/airflow/.local/lib/python3.7/site-packages/airflow/example_dags/example_sensor_decorator.py
[2023-02-18T07:50:28.310+0000] {processor.py:753} INFO - DAG(s) dict_keys(['example_sensor_decorator']) retrieved from /home/airflow/.local/lib/python3.7/site-packages/airflow/example_dags/example_sensor_decorator.py
[2023-02-18T07:50:29.145+0000] {logging_mixin.py:137} INFO - [2023-02-18T07:50:29.145+0000] {dag.py:2690} INFO - Sync 1 DAGs
[2023-02-18T07:50:30.459+0000] {logging_mixin.py:137} INFO - [2023-02-18T07:50:30.458+0000] {dag.py:3441} INFO - Setting next_dagrun for example_sensor_decorator to None, run_after=None
[2023-02-18T07:50:30.998+0000] {processor.py:175} INFO - Processing /home/airflow/.local/lib/python3.7/site-packages/airflow/example_dags/example_sensor_decorator.py took 3.650 seconds
[2023-02-18T07:52:14.831+0000] {processor.py:153} INFO - Started process (PID=299) to work on /home/airflow/.local/lib/python3.7/site-packages/airflow/example_dags/example_sensor_decorator.py
[2023-02-18T07:52:14.895+0000] {processor.py:743} INFO - Processing file /home/airflow/.local/lib/python3.7/site-packages/airflow/example_dags/example_sensor_decorator.py for tasks to queue
[2023-02-18T07:52:14.898+0000] {logging_mixin.py:137} INFO - [2023-02-18T07:52:14.897+0000] {dagbag.py:538} INFO - Filling up the DagBag from /home/airflow/.local/lib/python3.7/site-packages/airflow/example_dags/example_sensor_decorator.py
[2023-02-18T07:52:16.288+0000] {processor.py:753} INFO - DAG(s) dict_keys(['example_sensor_decorator']) retrieved from /home/airflow/.local/lib/python3.7/site-packages/airflow/example_dags/example_sensor_decorator.py
[2023-02-18T07:52:16.984+0000] {logging_mixin.py:137} INFO - [2023-02-18T07:52:16.971+0000] {dag.py:2690} INFO - Sync 1 DAGs
[2023-02-18T07:52:17.872+0000] {logging_mixin.py:137} INFO - [2023-02-18T07:52:17.872+0000] {dag.py:3441} INFO - Setting next_dagrun for example_sensor_decorator to None, run_after=None
[2023-02-18T07:52:18.395+0000] {processor.py:175} INFO - Processing /home/airflow/.local/lib/python3.7/site-packages/airflow/example_dags/example_sensor_decorator.py took 3.708 seconds
[2023-02-18T07:53:42.019+0000] {processor.py:153} INFO - Started process (PID=381) to work on /home/airflow/.local/lib/python3.7/site-packages/airflow/example_dags/example_sensor_decorator.py
[2023-02-18T07:53:42.035+0000] {processor.py:743} INFO - Processing file /home/airflow/.local/lib/python3.7/site-packages/airflow/example_dags/example_sensor_decorator.py for tasks to queue
[2023-02-18T07:53:42.037+0000] {logging_mixin.py:137} INFO - [2023-02-18T07:53:42.037+0000] {dagbag.py:538} INFO - Filling up the DagBag from /home/airflow/.local/lib/python3.7/site-packages/airflow/example_dags/example_sensor_decorator.py
[2023-02-18T07:53:42.641+0000] {processor.py:753} INFO - DAG(s) dict_keys(['example_sensor_decorator']) retrieved from /home/airflow/.local/lib/python3.7/site-packages/airflow/example_dags/example_sensor_decorator.py
[2023-02-18T07:53:43.528+0000] {logging_mixin.py:137} INFO - [2023-02-18T07:53:43.528+0000] {dag.py:2690} INFO - Sync 1 DAGs
[2023-02-18T07:53:44.411+0000] {logging_mixin.py:137} INFO - [2023-02-18T07:53:44.410+0000] {dag.py:3441} INFO - Setting next_dagrun for example_sensor_decorator to None, run_after=None
[2023-02-18T07:53:45.207+0000] {processor.py:175} INFO - Processing /home/airflow/.local/lib/python3.7/site-packages/airflow/example_dags/example_sensor_decorator.py took 3.237 seconds
[2023-02-18T07:55:22.043+0000] {processor.py:153} INFO - Started process (PID=471) to work on /home/airflow/.local/lib/python3.7/site-packages/airflow/example_dags/example_sensor_decorator.py
[2023-02-18T07:55:22.178+0000] {processor.py:743} INFO - Processing file /home/airflow/.local/lib/python3.7/site-packages/airflow/example_dags/example_sensor_decorator.py for tasks to queue
[2023-02-18T07:55:22.180+0000] {logging_mixin.py:137} INFO - [2023-02-18T07:55:22.180+0000] {dagbag.py:538} INFO - Filling up the DagBag from /home/airflow/.local/lib/python3.7/site-packages/airflow/example_dags/example_sensor_decorator.py
[2023-02-18T07:55:23.719+0000] {processor.py:753} INFO - DAG(s) dict_keys(['example_sensor_decorator']) retrieved from /home/airflow/.local/lib/python3.7/site-packages/airflow/example_dags/example_sensor_decorator.py
[2023-02-18T07:55:24.782+0000] {logging_mixin.py:137} INFO - [2023-02-18T07:55:24.674+0000] {dag.py:2690} INFO - Sync 1 DAGs
[2023-02-18T07:55:25.874+0000] {logging_mixin.py:137} INFO - [2023-02-18T07:55:25.873+0000] {dag.py:3441} INFO - Setting next_dagrun for example_sensor_decorator to None, run_after=None
[2023-02-18T07:55:26.449+0000] {processor.py:175} INFO - Processing /home/airflow/.local/lib/python3.7/site-packages/airflow/example_dags/example_sensor_decorator.py took 4.705 seconds
[2023-02-18T07:59:09.043+0000] {processor.py:153} INFO - Started process (PID=622) to work on /home/airflow/.local/lib/python3.7/site-packages/airflow/example_dags/example_sensor_decorator.py
[2023-02-18T07:59:09.105+0000] {processor.py:743} INFO - Processing file /home/airflow/.local/lib/python3.7/site-packages/airflow/example_dags/example_sensor_decorator.py for tasks to queue
[2023-02-18T07:59:09.153+0000] {logging_mixin.py:137} INFO - [2023-02-18T07:59:09.121+0000] {dagbag.py:538} INFO - Filling up the DagBag from /home/airflow/.local/lib/python3.7/site-packages/airflow/example_dags/example_sensor_decorator.py
[2023-02-18T07:59:10.347+0000] {processor.py:753} INFO - DAG(s) dict_keys(['example_sensor_decorator']) retrieved from /home/airflow/.local/lib/python3.7/site-packages/airflow/example_dags/example_sensor_decorator.py
[2023-02-18T07:59:13.847+0000] {logging_mixin.py:137} INFO - [2023-02-18T07:59:13.818+0000] {dag.py:2690} INFO - Sync 1 DAGs
[2023-02-18T07:59:15.922+0000] {logging_mixin.py:137} INFO - [2023-02-18T07:59:15.922+0000] {dag.py:3441} INFO - Setting next_dagrun for example_sensor_decorator to None, run_after=None
[2023-02-18T07:59:18.611+0000] {processor.py:175} INFO - Processing /home/airflow/.local/lib/python3.7/site-packages/airflow/example_dags/example_sensor_decorator.py took 9.920 seconds
[2023-02-18T08:02:13.962+0000] {processor.py:153} INFO - Started process (PID=734) to work on /home/airflow/.local/lib/python3.7/site-packages/airflow/example_dags/example_sensor_decorator.py
[2023-02-18T08:02:14.011+0000] {processor.py:743} INFO - Processing file /home/airflow/.local/lib/python3.7/site-packages/airflow/example_dags/example_sensor_decorator.py for tasks to queue
[2023-02-18T08:02:14.050+0000] {logging_mixin.py:137} INFO - [2023-02-18T08:02:14.037+0000] {dagbag.py:538} INFO - Filling up the DagBag from /home/airflow/.local/lib/python3.7/site-packages/airflow/example_dags/example_sensor_decorator.py
[2023-02-18T08:02:16.307+0000] {processor.py:753} INFO - DAG(s) dict_keys(['example_sensor_decorator']) retrieved from /home/airflow/.local/lib/python3.7/site-packages/airflow/example_dags/example_sensor_decorator.py
[2023-02-18T08:02:17.568+0000] {logging_mixin.py:137} INFO - [2023-02-18T08:02:17.504+0000] {dag.py:2690} INFO - Sync 1 DAGs
[2023-02-18T08:02:19.634+0000] {logging_mixin.py:137} INFO - [2023-02-18T08:02:19.634+0000] {dag.py:3441} INFO - Setting next_dagrun for example_sensor_decorator to None, run_after=None
[2023-02-18T08:02:22.337+0000] {processor.py:175} INFO - Processing /home/airflow/.local/lib/python3.7/site-packages/airflow/example_dags/example_sensor_decorator.py took 8.539 seconds
[2023-02-18T08:06:16.820+0000] {processor.py:153} INFO - Started process (PID=874) to work on /home/airflow/.local/lib/python3.7/site-packages/airflow/example_dags/example_sensor_decorator.py
[2023-02-18T08:06:17.109+0000] {processor.py:743} INFO - Processing file /home/airflow/.local/lib/python3.7/site-packages/airflow/example_dags/example_sensor_decorator.py for tasks to queue
[2023-02-18T08:06:17.120+0000] {logging_mixin.py:137} INFO - [2023-02-18T08:06:17.119+0000] {dagbag.py:538} INFO - Filling up the DagBag from /home/airflow/.local/lib/python3.7/site-packages/airflow/example_dags/example_sensor_decorator.py
[2023-02-18T08:06:21.262+0000] {processor.py:753} INFO - DAG(s) dict_keys(['example_sensor_decorator']) retrieved from /home/airflow/.local/lib/python3.7/site-packages/airflow/example_dags/example_sensor_decorator.py
[2023-02-18T08:06:25.213+0000] {logging_mixin.py:137} INFO - [2023-02-18T08:06:24.959+0000] {dag.py:2690} INFO - Sync 1 DAGs
[2023-02-18T08:06:29.623+0000] {logging_mixin.py:137} INFO - [2023-02-18T08:06:29.599+0000] {dag.py:3441} INFO - Setting next_dagrun for example_sensor_decorator to None, run_after=None
[2023-02-18T08:06:33.436+0000] {processor.py:175} INFO - Processing /home/airflow/.local/lib/python3.7/site-packages/airflow/example_dags/example_sensor_decorator.py took 17.579 seconds
[2023-02-18T08:10:23.325+0000] {processor.py:153} INFO - Started process (PID=1019) to work on /home/airflow/.local/lib/python3.7/site-packages/airflow/example_dags/example_sensor_decorator.py
[2023-02-18T08:10:23.369+0000] {processor.py:743} INFO - Processing file /home/airflow/.local/lib/python3.7/site-packages/airflow/example_dags/example_sensor_decorator.py for tasks to queue
[2023-02-18T08:10:23.463+0000] {logging_mixin.py:137} INFO - [2023-02-18T08:10:23.462+0000] {dagbag.py:538} INFO - Filling up the DagBag from /home/airflow/.local/lib/python3.7/site-packages/airflow/example_dags/example_sensor_decorator.py
[2023-02-18T08:10:27.143+0000] {processor.py:753} INFO - DAG(s) dict_keys(['example_sensor_decorator']) retrieved from /home/airflow/.local/lib/python3.7/site-packages/airflow/example_dags/example_sensor_decorator.py
[2023-02-18T08:10:30.763+0000] {logging_mixin.py:137} INFO - [2023-02-18T08:10:30.763+0000] {dag.py:2690} INFO - Sync 1 DAGs
[2023-02-18T08:10:33.870+0000] {logging_mixin.py:137} INFO - [2023-02-18T08:10:33.859+0000] {dag.py:3441} INFO - Setting next_dagrun for example_sensor_decorator to None, run_after=None
[2023-02-18T08:10:35.294+0000] {processor.py:175} INFO - Processing /home/airflow/.local/lib/python3.7/site-packages/airflow/example_dags/example_sensor_decorator.py took 11.987 seconds
[2023-02-18T08:13:53.034+0000] {processor.py:153} INFO - Started process (PID=1140) to work on /home/airflow/.local/lib/python3.7/site-packages/airflow/example_dags/example_sensor_decorator.py
[2023-02-18T08:13:53.088+0000] {processor.py:743} INFO - Processing file /home/airflow/.local/lib/python3.7/site-packages/airflow/example_dags/example_sensor_decorator.py for tasks to queue
[2023-02-18T08:13:53.092+0000] {logging_mixin.py:137} INFO - [2023-02-18T08:13:53.092+0000] {dagbag.py:538} INFO - Filling up the DagBag from /home/airflow/.local/lib/python3.7/site-packages/airflow/example_dags/example_sensor_decorator.py
[2023-02-18T08:13:55.521+0000] {processor.py:753} INFO - DAG(s) dict_keys(['example_sensor_decorator']) retrieved from /home/airflow/.local/lib/python3.7/site-packages/airflow/example_dags/example_sensor_decorator.py
[2023-02-18T08:13:56.976+0000] {logging_mixin.py:137} INFO - [2023-02-18T08:13:56.976+0000] {dag.py:2690} INFO - Sync 1 DAGs
[2023-02-18T08:14:01.393+0000] {logging_mixin.py:137} INFO - [2023-02-18T08:14:01.392+0000] {dag.py:3441} INFO - Setting next_dagrun for example_sensor_decorator to None, run_after=None
[2023-02-18T08:14:03.077+0000] {processor.py:175} INFO - Processing /home/airflow/.local/lib/python3.7/site-packages/airflow/example_dags/example_sensor_decorator.py took 10.794 seconds
[2023-02-18T08:17:07.431+0000] {processor.py:153} INFO - Started process (PID=1263) to work on /home/airflow/.local/lib/python3.7/site-packages/airflow/example_dags/example_sensor_decorator.py
[2023-02-18T08:17:07.633+0000] {processor.py:743} INFO - Processing file /home/airflow/.local/lib/python3.7/site-packages/airflow/example_dags/example_sensor_decorator.py for tasks to queue
[2023-02-18T08:17:07.767+0000] {logging_mixin.py:137} INFO - [2023-02-18T08:17:07.766+0000] {dagbag.py:538} INFO - Filling up the DagBag from /home/airflow/.local/lib/python3.7/site-packages/airflow/example_dags/example_sensor_decorator.py
[2023-02-18T08:17:09.319+0000] {processor.py:753} INFO - DAG(s) dict_keys(['example_sensor_decorator']) retrieved from /home/airflow/.local/lib/python3.7/site-packages/airflow/example_dags/example_sensor_decorator.py
[2023-02-18T08:17:11.899+0000] {logging_mixin.py:137} INFO - [2023-02-18T08:17:11.898+0000] {dag.py:2690} INFO - Sync 1 DAGs
[2023-02-18T08:17:14.354+0000] {logging_mixin.py:137} INFO - [2023-02-18T08:17:14.354+0000] {dag.py:3441} INFO - Setting next_dagrun for example_sensor_decorator to None, run_after=None
[2023-02-18T08:17:15.470+0000] {processor.py:175} INFO - Processing /home/airflow/.local/lib/python3.7/site-packages/airflow/example_dags/example_sensor_decorator.py took 8.173 seconds
[2023-02-18T08:20:16.635+0000] {processor.py:153} INFO - Started process (PID=1379) to work on /home/airflow/.local/lib/python3.7/site-packages/airflow/example_dags/example_sensor_decorator.py
[2023-02-18T08:20:16.649+0000] {processor.py:743} INFO - Processing file /home/airflow/.local/lib/python3.7/site-packages/airflow/example_dags/example_sensor_decorator.py for tasks to queue
[2023-02-18T08:20:16.653+0000] {logging_mixin.py:137} INFO - [2023-02-18T08:20:16.652+0000] {dagbag.py:538} INFO - Filling up the DagBag from /home/airflow/.local/lib/python3.7/site-packages/airflow/example_dags/example_sensor_decorator.py
[2023-02-18T08:20:16.918+0000] {processor.py:753} INFO - DAG(s) dict_keys(['example_sensor_decorator']) retrieved from /home/airflow/.local/lib/python3.7/site-packages/airflow/example_dags/example_sensor_decorator.py
[2023-02-18T08:20:18.872+0000] {logging_mixin.py:137} INFO - [2023-02-18T08:20:18.871+0000] {dag.py:2690} INFO - Sync 1 DAGs
[2023-02-18T08:20:22.390+0000] {logging_mixin.py:137} INFO - [2023-02-18T08:20:22.389+0000] {dag.py:3441} INFO - Setting next_dagrun for example_sensor_decorator to None, run_after=None
[2023-02-18T08:20:24.321+0000] {processor.py:175} INFO - Processing /home/airflow/.local/lib/python3.7/site-packages/airflow/example_dags/example_sensor_decorator.py took 7.733 seconds
[2023-02-18T08:23:13.886+0000] {processor.py:153} INFO - Started process (PID=1494) to work on /home/airflow/.local/lib/python3.7/site-packages/airflow/example_dags/example_sensor_decorator.py
[2023-02-18T08:23:13.936+0000] {processor.py:743} INFO - Processing file /home/airflow/.local/lib/python3.7/site-packages/airflow/example_dags/example_sensor_decorator.py for tasks to queue
[2023-02-18T08:23:13.939+0000] {logging_mixin.py:137} INFO - [2023-02-18T08:23:13.938+0000] {dagbag.py:538} INFO - Filling up the DagBag from /home/airflow/.local/lib/python3.7/site-packages/airflow/example_dags/example_sensor_decorator.py
[2023-02-18T08:23:17.004+0000] {processor.py:753} INFO - DAG(s) dict_keys(['example_sensor_decorator']) retrieved from /home/airflow/.local/lib/python3.7/site-packages/airflow/example_dags/example_sensor_decorator.py
[2023-02-18T08:23:18.476+0000] {logging_mixin.py:137} INFO - [2023-02-18T08:23:18.476+0000] {dag.py:2690} INFO - Sync 1 DAGs
[2023-02-18T08:23:21.174+0000] {logging_mixin.py:137} INFO - [2023-02-18T08:23:21.173+0000] {dag.py:3441} INFO - Setting next_dagrun for example_sensor_decorator to None, run_after=None
[2023-02-18T08:23:22.285+0000] {processor.py:175} INFO - Processing /home/airflow/.local/lib/python3.7/site-packages/airflow/example_dags/example_sensor_decorator.py took 8.997 seconds
[2023-02-18T08:26:49.309+0000] {processor.py:153} INFO - Started process (PID=1617) to work on /home/airflow/.local/lib/python3.7/site-packages/airflow/example_dags/example_sensor_decorator.py
[2023-02-18T08:26:49.355+0000] {processor.py:743} INFO - Processing file /home/airflow/.local/lib/python3.7/site-packages/airflow/example_dags/example_sensor_decorator.py for tasks to queue
[2023-02-18T08:26:49.358+0000] {logging_mixin.py:137} INFO - [2023-02-18T08:26:49.357+0000] {dagbag.py:538} INFO - Filling up the DagBag from /home/airflow/.local/lib/python3.7/site-packages/airflow/example_dags/example_sensor_decorator.py
[2023-02-18T08:26:54.502+0000] {processor.py:753} INFO - DAG(s) dict_keys(['example_sensor_decorator']) retrieved from /home/airflow/.local/lib/python3.7/site-packages/airflow/example_dags/example_sensor_decorator.py
[2023-02-18T08:26:58.085+0000] {logging_mixin.py:137} INFO - [2023-02-18T08:26:58.085+0000] {dag.py:2690} INFO - Sync 1 DAGs
[2023-02-18T08:27:03.190+0000] {logging_mixin.py:137} INFO - [2023-02-18T08:27:03.189+0000] {dag.py:3441} INFO - Setting next_dagrun for example_sensor_decorator to None, run_after=None
[2023-02-18T08:27:06.380+0000] {processor.py:175} INFO - Processing /home/airflow/.local/lib/python3.7/site-packages/airflow/example_dags/example_sensor_decorator.py took 18.088 seconds
[2023-02-18T08:33:40.515+0000] {processor.py:153} INFO - Started process (PID=1837) to work on /home/airflow/.local/lib/python3.7/site-packages/airflow/example_dags/example_sensor_decorator.py
[2023-02-18T08:33:40.609+0000] {processor.py:743} INFO - Processing file /home/airflow/.local/lib/python3.7/site-packages/airflow/example_dags/example_sensor_decorator.py for tasks to queue
[2023-02-18T08:33:40.896+0000] {logging_mixin.py:137} INFO - [2023-02-18T08:33:40.611+0000] {dagbag.py:538} INFO - Filling up the DagBag from /home/airflow/.local/lib/python3.7/site-packages/airflow/example_dags/example_sensor_decorator.py
[2023-02-18T08:33:50.477+0000] {processor.py:753} INFO - DAG(s) dict_keys(['example_sensor_decorator']) retrieved from /home/airflow/.local/lib/python3.7/site-packages/airflow/example_dags/example_sensor_decorator.py
[2023-02-18T08:33:55.084+0000] {logging_mixin.py:137} INFO - [2023-02-18T08:33:55.083+0000] {dag.py:2690} INFO - Sync 1 DAGs
[2023-02-18T08:34:03.458+0000] {logging_mixin.py:137} INFO - [2023-02-18T08:34:03.458+0000] {dag.py:3441} INFO - Setting next_dagrun for example_sensor_decorator to None, run_after=None
[2023-02-18T08:34:07.371+0000] {processor.py:175} INFO - Processing /home/airflow/.local/lib/python3.7/site-packages/airflow/example_dags/example_sensor_decorator.py took 27.735 seconds
[2023-02-18T08:45:44.258+0000] {processor.py:153} INFO - Started process (PID=2160) to work on /home/airflow/.local/lib/python3.7/site-packages/airflow/example_dags/example_sensor_decorator.py
[2023-02-18T08:45:45.822+0000] {processor.py:743} INFO - Processing file /home/airflow/.local/lib/python3.7/site-packages/airflow/example_dags/example_sensor_decorator.py for tasks to queue
[2023-02-18T08:45:47.114+0000] {logging_mixin.py:137} INFO - [2023-02-18T08:45:46.808+0000] {dagbag.py:538} INFO - Filling up the DagBag from /home/airflow/.local/lib/python3.7/site-packages/airflow/example_dags/example_sensor_decorator.py
[2023-02-18T09:52:14.423+0000] {processor.py:153} INFO - Started process (PID=178) to work on /home/airflow/.local/lib/python3.7/site-packages/airflow/example_dags/example_sensor_decorator.py
[2023-02-18T09:52:14.519+0000] {processor.py:743} INFO - Processing file /home/airflow/.local/lib/python3.7/site-packages/airflow/example_dags/example_sensor_decorator.py for tasks to queue
[2023-02-18T09:52:14.521+0000] {logging_mixin.py:137} INFO - [2023-02-18T09:52:14.521+0000] {dagbag.py:538} INFO - Filling up the DagBag from /home/airflow/.local/lib/python3.7/site-packages/airflow/example_dags/example_sensor_decorator.py
[2023-02-18T09:52:15.434+0000] {processor.py:753} INFO - DAG(s) dict_keys(['example_sensor_decorator']) retrieved from /home/airflow/.local/lib/python3.7/site-packages/airflow/example_dags/example_sensor_decorator.py
[2023-02-18T09:52:18.095+0000] {logging_mixin.py:137} INFO - [2023-02-18T09:52:18.094+0000] {dag.py:2690} INFO - Sync 1 DAGs
[2023-02-18T09:52:19.492+0000] {logging_mixin.py:137} INFO - [2023-02-18T09:52:19.490+0000] {dag.py:3441} INFO - Setting next_dagrun for example_sensor_decorator to None, run_after=None
[2023-02-18T09:52:20.830+0000] {processor.py:175} INFO - Processing /home/airflow/.local/lib/python3.7/site-packages/airflow/example_dags/example_sensor_decorator.py took 6.454 seconds
[2023-02-18T09:53:47.940+0000] {processor.py:153} INFO - Started process (PID=265) to work on /home/airflow/.local/lib/python3.7/site-packages/airflow/example_dags/example_sensor_decorator.py
[2023-02-18T09:53:47.957+0000] {processor.py:743} INFO - Processing file /home/airflow/.local/lib/python3.7/site-packages/airflow/example_dags/example_sensor_decorator.py for tasks to queue
[2023-02-18T09:53:47.959+0000] {logging_mixin.py:137} INFO - [2023-02-18T09:53:47.958+0000] {dagbag.py:538} INFO - Filling up the DagBag from /home/airflow/.local/lib/python3.7/site-packages/airflow/example_dags/example_sensor_decorator.py
[2023-02-18T09:53:48.995+0000] {processor.py:753} INFO - DAG(s) dict_keys(['example_sensor_decorator']) retrieved from /home/airflow/.local/lib/python3.7/site-packages/airflow/example_dags/example_sensor_decorator.py
[2023-02-18T09:53:49.678+0000] {logging_mixin.py:137} INFO - [2023-02-18T09:53:49.677+0000] {dag.py:2690} INFO - Sync 1 DAGs
[2023-02-18T09:53:50.131+0000] {logging_mixin.py:137} INFO - [2023-02-18T09:53:50.131+0000] {dag.py:3441} INFO - Setting next_dagrun for example_sensor_decorator to None, run_after=None
[2023-02-18T09:53:50.984+0000] {processor.py:175} INFO - Processing /home/airflow/.local/lib/python3.7/site-packages/airflow/example_dags/example_sensor_decorator.py took 3.314 seconds
[2023-02-18T09:55:18.654+0000] {processor.py:153} INFO - Started process (PID=344) to work on /home/airflow/.local/lib/python3.7/site-packages/airflow/example_dags/example_sensor_decorator.py
[2023-02-18T09:55:18.812+0000] {processor.py:743} INFO - Processing file /home/airflow/.local/lib/python3.7/site-packages/airflow/example_dags/example_sensor_decorator.py for tasks to queue
[2023-02-18T09:55:18.814+0000] {logging_mixin.py:137} INFO - [2023-02-18T09:55:18.814+0000] {dagbag.py:538} INFO - Filling up the DagBag from /home/airflow/.local/lib/python3.7/site-packages/airflow/example_dags/example_sensor_decorator.py
[2023-02-18T09:55:19.396+0000] {processor.py:753} INFO - DAG(s) dict_keys(['example_sensor_decorator']) retrieved from /home/airflow/.local/lib/python3.7/site-packages/airflow/example_dags/example_sensor_decorator.py
[2023-02-18T09:55:20.932+0000] {logging_mixin.py:137} INFO - [2023-02-18T09:55:20.931+0000] {dag.py:2690} INFO - Sync 1 DAGs
[2023-02-18T09:55:21.705+0000] {logging_mixin.py:137} INFO - [2023-02-18T09:55:21.705+0000] {dag.py:3441} INFO - Setting next_dagrun for example_sensor_decorator to None, run_after=None
[2023-02-18T09:55:22.603+0000] {processor.py:175} INFO - Processing /home/airflow/.local/lib/python3.7/site-packages/airflow/example_dags/example_sensor_decorator.py took 4.042 seconds
[2023-02-18T09:59:24.441+0000] {processor.py:153} INFO - Started process (PID=502) to work on /home/airflow/.local/lib/python3.7/site-packages/airflow/example_dags/example_sensor_decorator.py
[2023-02-18T09:59:24.727+0000] {processor.py:743} INFO - Processing file /home/airflow/.local/lib/python3.7/site-packages/airflow/example_dags/example_sensor_decorator.py for tasks to queue
[2023-02-18T09:59:24.743+0000] {logging_mixin.py:137} INFO - [2023-02-18T09:59:24.743+0000] {dagbag.py:538} INFO - Filling up the DagBag from /home/airflow/.local/lib/python3.7/site-packages/airflow/example_dags/example_sensor_decorator.py
[2023-02-18T09:59:26.838+0000] {processor.py:753} INFO - DAG(s) dict_keys(['example_sensor_decorator']) retrieved from /home/airflow/.local/lib/python3.7/site-packages/airflow/example_dags/example_sensor_decorator.py
[2023-02-18T09:59:29.434+0000] {logging_mixin.py:137} INFO - [2023-02-18T09:59:29.434+0000] {dag.py:2690} INFO - Sync 1 DAGs
[2023-02-18T09:59:30.913+0000] {logging_mixin.py:137} INFO - [2023-02-18T09:59:30.912+0000] {dag.py:3441} INFO - Setting next_dagrun for example_sensor_decorator to None, run_after=None
[2023-02-18T09:59:31.911+0000] {processor.py:175} INFO - Processing /home/airflow/.local/lib/python3.7/site-packages/airflow/example_dags/example_sensor_decorator.py took 7.551 seconds
[2023-02-18T10:01:17.498+0000] {processor.py:153} INFO - Started process (PID=587) to work on /home/airflow/.local/lib/python3.7/site-packages/airflow/example_dags/example_sensor_decorator.py
[2023-02-18T10:01:17.562+0000] {processor.py:743} INFO - Processing file /home/airflow/.local/lib/python3.7/site-packages/airflow/example_dags/example_sensor_decorator.py for tasks to queue
[2023-02-18T10:01:17.565+0000] {logging_mixin.py:137} INFO - [2023-02-18T10:01:17.565+0000] {dagbag.py:538} INFO - Filling up the DagBag from /home/airflow/.local/lib/python3.7/site-packages/airflow/example_dags/example_sensor_decorator.py
[2023-02-18T10:01:18.506+0000] {processor.py:753} INFO - DAG(s) dict_keys(['example_sensor_decorator']) retrieved from /home/airflow/.local/lib/python3.7/site-packages/airflow/example_dags/example_sensor_decorator.py
[2023-02-18T10:01:19.602+0000] {logging_mixin.py:137} INFO - [2023-02-18T10:01:19.601+0000] {dag.py:2690} INFO - Sync 1 DAGs
[2023-02-18T10:01:20.924+0000] {logging_mixin.py:137} INFO - [2023-02-18T10:01:20.923+0000] {dag.py:3441} INFO - Setting next_dagrun for example_sensor_decorator to None, run_after=None
[2023-02-18T10:01:21.959+0000] {processor.py:175} INFO - Processing /home/airflow/.local/lib/python3.7/site-packages/airflow/example_dags/example_sensor_decorator.py took 4.587 seconds
[2023-02-18T10:03:04.766+0000] {processor.py:153} INFO - Started process (PID=662) to work on /home/airflow/.local/lib/python3.7/site-packages/airflow/example_dags/example_sensor_decorator.py
[2023-02-18T10:03:04.781+0000] {processor.py:743} INFO - Processing file /home/airflow/.local/lib/python3.7/site-packages/airflow/example_dags/example_sensor_decorator.py for tasks to queue
[2023-02-18T10:03:04.797+0000] {logging_mixin.py:137} INFO - [2023-02-18T10:03:04.796+0000] {dagbag.py:538} INFO - Filling up the DagBag from /home/airflow/.local/lib/python3.7/site-packages/airflow/example_dags/example_sensor_decorator.py
[2023-02-18T10:03:05.861+0000] {processor.py:753} INFO - DAG(s) dict_keys(['example_sensor_decorator']) retrieved from /home/airflow/.local/lib/python3.7/site-packages/airflow/example_dags/example_sensor_decorator.py
[2023-02-18T10:03:08.428+0000] {logging_mixin.py:137} INFO - [2023-02-18T10:03:08.379+0000] {dag.py:2690} INFO - Sync 1 DAGs
[2023-02-18T10:03:10.301+0000] {logging_mixin.py:137} INFO - [2023-02-18T10:03:10.301+0000] {dag.py:3441} INFO - Setting next_dagrun for example_sensor_decorator to None, run_after=None
[2023-02-18T10:03:11.286+0000] {processor.py:175} INFO - Processing /home/airflow/.local/lib/python3.7/site-packages/airflow/example_dags/example_sensor_decorator.py took 6.603 seconds
[2023-02-18T10:05:35.028+0000] {processor.py:153} INFO - Started process (PID=756) to work on /home/airflow/.local/lib/python3.7/site-packages/airflow/example_dags/example_sensor_decorator.py
[2023-02-18T10:05:35.196+0000] {processor.py:743} INFO - Processing file /home/airflow/.local/lib/python3.7/site-packages/airflow/example_dags/example_sensor_decorator.py for tasks to queue
[2023-02-18T10:05:35.252+0000] {logging_mixin.py:137} INFO - [2023-02-18T10:05:35.251+0000] {dagbag.py:538} INFO - Filling up the DagBag from /home/airflow/.local/lib/python3.7/site-packages/airflow/example_dags/example_sensor_decorator.py
[2023-02-18T10:05:37.645+0000] {processor.py:753} INFO - DAG(s) dict_keys(['example_sensor_decorator']) retrieved from /home/airflow/.local/lib/python3.7/site-packages/airflow/example_dags/example_sensor_decorator.py
[2023-02-18T10:05:39.164+0000] {logging_mixin.py:137} INFO - [2023-02-18T10:05:39.164+0000] {dag.py:2690} INFO - Sync 1 DAGs
[2023-02-18T10:05:41.574+0000] {logging_mixin.py:137} INFO - [2023-02-18T10:05:41.573+0000] {dag.py:3441} INFO - Setting next_dagrun for example_sensor_decorator to None, run_after=None
[2023-02-18T10:05:42.195+0000] {processor.py:175} INFO - Processing /home/airflow/.local/lib/python3.7/site-packages/airflow/example_dags/example_sensor_decorator.py took 7.423 seconds
[2023-02-18T10:08:22.435+0000] {processor.py:153} INFO - Started process (PID=859) to work on /home/airflow/.local/lib/python3.7/site-packages/airflow/example_dags/example_sensor_decorator.py
[2023-02-18T10:08:22.450+0000] {processor.py:743} INFO - Processing file /home/airflow/.local/lib/python3.7/site-packages/airflow/example_dags/example_sensor_decorator.py for tasks to queue
[2023-02-18T10:08:22.452+0000] {logging_mixin.py:137} INFO - [2023-02-18T10:08:22.452+0000] {dagbag.py:538} INFO - Filling up the DagBag from /home/airflow/.local/lib/python3.7/site-packages/airflow/example_dags/example_sensor_decorator.py
[2023-02-18T10:08:24.179+0000] {processor.py:753} INFO - DAG(s) dict_keys(['example_sensor_decorator']) retrieved from /home/airflow/.local/lib/python3.7/site-packages/airflow/example_dags/example_sensor_decorator.py
[2023-02-18T10:08:25.234+0000] {logging_mixin.py:137} INFO - [2023-02-18T10:08:25.233+0000] {dag.py:2690} INFO - Sync 1 DAGs
[2023-02-18T10:08:26.622+0000] {logging_mixin.py:137} INFO - [2023-02-18T10:08:26.622+0000] {dag.py:3441} INFO - Setting next_dagrun for example_sensor_decorator to None, run_after=None
[2023-02-18T10:08:27.468+0000] {processor.py:175} INFO - Processing /home/airflow/.local/lib/python3.7/site-packages/airflow/example_dags/example_sensor_decorator.py took 5.240 seconds
