[2023-02-18T07:48:34.351+0000] {processor.py:153} INFO - Started process (PID=100) to work on /home/airflow/.local/lib/python3.7/site-packages/airflow/example_dags/example_short_circuit_operator.py
[2023-02-18T07:48:34.384+0000] {processor.py:743} INFO - Processing file /home/airflow/.local/lib/python3.7/site-packages/airflow/example_dags/example_short_circuit_operator.py for tasks to queue
[2023-02-18T07:48:34.488+0000] {logging_mixin.py:137} INFO - [2023-02-18T07:48:34.440+0000] {dagbag.py:538} INFO - Filling up the DagBag from /home/airflow/.local/lib/python3.7/site-packages/airflow/example_dags/example_short_circuit_operator.py
[2023-02-18T07:48:35.016+0000] {processor.py:753} INFO - DAG(s) dict_keys(['example_short_circuit_operator']) retrieved from /home/airflow/.local/lib/python3.7/site-packages/airflow/example_dags/example_short_circuit_operator.py
[2023-02-18T07:48:35.585+0000] {logging_mixin.py:137} INFO - [2023-02-18T07:48:35.585+0000] {dag.py:2690} INFO - Sync 1 DAGs
[2023-02-18T07:48:36.164+0000] {logging_mixin.py:137} INFO - [2023-02-18T07:48:36.163+0000] {dag.py:3441} INFO - Setting next_dagrun for example_short_circuit_operator to 2023-02-17T07:48:36.136544+00:00, run_after=2023-02-18T07:48:36.136544+00:00
[2023-02-18T07:48:36.712+0000] {processor.py:175} INFO - Processing /home/airflow/.local/lib/python3.7/site-packages/airflow/example_dags/example_short_circuit_operator.py took 2.505 seconds
[2023-02-18T07:50:00.104+0000] {processor.py:153} INFO - Started process (PID=177) to work on /home/airflow/.local/lib/python3.7/site-packages/airflow/example_dags/example_short_circuit_operator.py
[2023-02-18T07:50:00.232+0000] {processor.py:743} INFO - Processing file /home/airflow/.local/lib/python3.7/site-packages/airflow/example_dags/example_short_circuit_operator.py for tasks to queue
[2023-02-18T07:50:00.234+0000] {logging_mixin.py:137} INFO - [2023-02-18T07:50:00.234+0000] {dagbag.py:538} INFO - Filling up the DagBag from /home/airflow/.local/lib/python3.7/site-packages/airflow/example_dags/example_short_circuit_operator.py
[2023-02-18T07:50:01.167+0000] {processor.py:753} INFO - DAG(s) dict_keys(['example_short_circuit_operator']) retrieved from /home/airflow/.local/lib/python3.7/site-packages/airflow/example_dags/example_short_circuit_operator.py
[2023-02-18T07:50:01.742+0000] {logging_mixin.py:137} INFO - [2023-02-18T07:50:01.714+0000] {dag.py:2690} INFO - Sync 1 DAGs
[2023-02-18T07:50:02.220+0000] {logging_mixin.py:137} INFO - [2023-02-18T07:50:02.219+0000] {dag.py:3441} INFO - Setting next_dagrun for example_short_circuit_operator to 2023-02-17T07:50:02.218894+00:00, run_after=2023-02-18T07:50:02.218894+00:00
[2023-02-18T07:50:02.699+0000] {processor.py:175} INFO - Processing /home/airflow/.local/lib/python3.7/site-packages/airflow/example_dags/example_short_circuit_operator.py took 2.705 seconds
[2023-02-18T07:50:54.316+0000] {processor.py:153} INFO - Started process (PID=227) to work on /home/airflow/.local/lib/python3.7/site-packages/airflow/example_dags/example_short_circuit_operator.py
[2023-02-18T07:50:54.465+0000] {processor.py:743} INFO - Processing file /home/airflow/.local/lib/python3.7/site-packages/airflow/example_dags/example_short_circuit_operator.py for tasks to queue
[2023-02-18T07:50:54.467+0000] {logging_mixin.py:137} INFO - [2023-02-18T07:50:54.467+0000] {dagbag.py:538} INFO - Filling up the DagBag from /home/airflow/.local/lib/python3.7/site-packages/airflow/example_dags/example_short_circuit_operator.py
[2023-02-18T07:50:55.279+0000] {processor.py:753} INFO - DAG(s) dict_keys(['example_short_circuit_operator']) retrieved from /home/airflow/.local/lib/python3.7/site-packages/airflow/example_dags/example_short_circuit_operator.py
[2023-02-18T07:50:57.199+0000] {logging_mixin.py:137} INFO - [2023-02-18T07:50:57.199+0000] {dag.py:2690} INFO - Sync 1 DAGs
[2023-02-18T07:50:57.960+0000] {logging_mixin.py:137} INFO - [2023-02-18T07:50:57.948+0000] {dag.py:3441} INFO - Setting next_dagrun for example_short_circuit_operator to 2023-02-17T07:50:57.947813+00:00, run_after=2023-02-18T07:50:57.947813+00:00
[2023-02-18T07:50:58.722+0000] {processor.py:175} INFO - Processing /home/airflow/.local/lib/python3.7/site-packages/airflow/example_dags/example_short_circuit_operator.py took 4.457 seconds
[2023-02-18T07:51:50.391+0000] {processor.py:153} INFO - Started process (PID=280) to work on /home/airflow/.local/lib/python3.7/site-packages/airflow/example_dags/example_short_circuit_operator.py
[2023-02-18T07:51:50.486+0000] {processor.py:743} INFO - Processing file /home/airflow/.local/lib/python3.7/site-packages/airflow/example_dags/example_short_circuit_operator.py for tasks to queue
[2023-02-18T07:51:50.547+0000] {logging_mixin.py:137} INFO - [2023-02-18T07:51:50.547+0000] {dagbag.py:538} INFO - Filling up the DagBag from /home/airflow/.local/lib/python3.7/site-packages/airflow/example_dags/example_short_circuit_operator.py
[2023-02-18T07:51:51.029+0000] {processor.py:753} INFO - DAG(s) dict_keys(['example_short_circuit_operator']) retrieved from /home/airflow/.local/lib/python3.7/site-packages/airflow/example_dags/example_short_circuit_operator.py
[2023-02-18T07:51:51.992+0000] {logging_mixin.py:137} INFO - [2023-02-18T07:51:51.991+0000] {dag.py:2690} INFO - Sync 1 DAGs
[2023-02-18T07:51:52.819+0000] {logging_mixin.py:137} INFO - [2023-02-18T07:51:52.818+0000] {dag.py:3441} INFO - Setting next_dagrun for example_short_circuit_operator to 2023-02-17T07:51:52.818049+00:00, run_after=2023-02-18T07:51:52.818049+00:00
[2023-02-18T07:51:53.302+0000] {processor.py:175} INFO - Processing /home/airflow/.local/lib/python3.7/site-packages/airflow/example_dags/example_short_circuit_operator.py took 3.232 seconds
[2023-02-18T07:52:41.385+0000] {processor.py:153} INFO - Started process (PID=323) to work on /home/airflow/.local/lib/python3.7/site-packages/airflow/example_dags/example_short_circuit_operator.py
[2023-02-18T07:52:41.463+0000] {processor.py:743} INFO - Processing file /home/airflow/.local/lib/python3.7/site-packages/airflow/example_dags/example_short_circuit_operator.py for tasks to queue
[2023-02-18T07:52:41.465+0000] {logging_mixin.py:137} INFO - [2023-02-18T07:52:41.464+0000] {dagbag.py:538} INFO - Filling up the DagBag from /home/airflow/.local/lib/python3.7/site-packages/airflow/example_dags/example_short_circuit_operator.py
[2023-02-18T07:52:41.785+0000] {processor.py:753} INFO - DAG(s) dict_keys(['example_short_circuit_operator']) retrieved from /home/airflow/.local/lib/python3.7/site-packages/airflow/example_dags/example_short_circuit_operator.py
[2023-02-18T07:52:43.516+0000] {logging_mixin.py:137} INFO - [2023-02-18T07:52:43.515+0000] {dag.py:2690} INFO - Sync 1 DAGs
[2023-02-18T07:52:44.566+0000] {logging_mixin.py:137} INFO - [2023-02-18T07:52:44.566+0000] {dag.py:3441} INFO - Setting next_dagrun for example_short_circuit_operator to 2023-02-17T07:52:44.561056+00:00, run_after=2023-02-18T07:52:44.561056+00:00
[2023-02-18T07:52:45.558+0000] {processor.py:175} INFO - Processing /home/airflow/.local/lib/python3.7/site-packages/airflow/example_dags/example_short_circuit_operator.py took 4.269 seconds
[2023-02-18T07:53:24.605+0000] {processor.py:153} INFO - Started process (PID=364) to work on /home/airflow/.local/lib/python3.7/site-packages/airflow/example_dags/example_short_circuit_operator.py
[2023-02-18T07:53:24.647+0000] {processor.py:743} INFO - Processing file /home/airflow/.local/lib/python3.7/site-packages/airflow/example_dags/example_short_circuit_operator.py for tasks to queue
[2023-02-18T07:53:24.649+0000] {logging_mixin.py:137} INFO - [2023-02-18T07:53:24.649+0000] {dagbag.py:538} INFO - Filling up the DagBag from /home/airflow/.local/lib/python3.7/site-packages/airflow/example_dags/example_short_circuit_operator.py
[2023-02-18T07:53:25.112+0000] {processor.py:753} INFO - DAG(s) dict_keys(['example_short_circuit_operator']) retrieved from /home/airflow/.local/lib/python3.7/site-packages/airflow/example_dags/example_short_circuit_operator.py
[2023-02-18T07:53:26.031+0000] {logging_mixin.py:137} INFO - [2023-02-18T07:53:26.031+0000] {dag.py:2690} INFO - Sync 1 DAGs
[2023-02-18T07:53:26.704+0000] {logging_mixin.py:137} INFO - [2023-02-18T07:53:26.704+0000] {dag.py:3441} INFO - Setting next_dagrun for example_short_circuit_operator to 2023-02-17T07:53:26.691199+00:00, run_after=2023-02-18T07:53:26.691199+00:00
[2023-02-18T07:53:27.332+0000] {processor.py:175} INFO - Processing /home/airflow/.local/lib/python3.7/site-packages/airflow/example_dags/example_short_circuit_operator.py took 2.885 seconds
[2023-02-18T07:54:07.733+0000] {processor.py:153} INFO - Started process (PID=404) to work on /home/airflow/.local/lib/python3.7/site-packages/airflow/example_dags/example_short_circuit_operator.py
[2023-02-18T07:54:07.748+0000] {processor.py:743} INFO - Processing file /home/airflow/.local/lib/python3.7/site-packages/airflow/example_dags/example_short_circuit_operator.py for tasks to queue
[2023-02-18T07:54:07.751+0000] {logging_mixin.py:137} INFO - [2023-02-18T07:54:07.750+0000] {dagbag.py:538} INFO - Filling up the DagBag from /home/airflow/.local/lib/python3.7/site-packages/airflow/example_dags/example_short_circuit_operator.py
[2023-02-18T07:54:08.279+0000] {processor.py:753} INFO - DAG(s) dict_keys(['example_short_circuit_operator']) retrieved from /home/airflow/.local/lib/python3.7/site-packages/airflow/example_dags/example_short_circuit_operator.py
[2023-02-18T07:54:08.975+0000] {logging_mixin.py:137} INFO - [2023-02-18T07:54:08.973+0000] {dag.py:2690} INFO - Sync 1 DAGs
[2023-02-18T07:54:09.645+0000] {logging_mixin.py:137} INFO - [2023-02-18T07:54:09.644+0000] {dag.py:3441} INFO - Setting next_dagrun for example_short_circuit_operator to 2023-02-17T07:54:09.632711+00:00, run_after=2023-02-18T07:54:09.632711+00:00
[2023-02-18T07:54:10.074+0000] {processor.py:175} INFO - Processing /home/airflow/.local/lib/python3.7/site-packages/airflow/example_dags/example_short_circuit_operator.py took 2.388 seconds
[2023-02-18T07:54:56.031+0000] {processor.py:153} INFO - Started process (PID=452) to work on /home/airflow/.local/lib/python3.7/site-packages/airflow/example_dags/example_short_circuit_operator.py
[2023-02-18T07:54:56.045+0000] {processor.py:743} INFO - Processing file /home/airflow/.local/lib/python3.7/site-packages/airflow/example_dags/example_short_circuit_operator.py for tasks to queue
[2023-02-18T07:54:56.048+0000] {logging_mixin.py:137} INFO - [2023-02-18T07:54:56.047+0000] {dagbag.py:538} INFO - Filling up the DagBag from /home/airflow/.local/lib/python3.7/site-packages/airflow/example_dags/example_short_circuit_operator.py
[2023-02-18T07:54:57.077+0000] {processor.py:753} INFO - DAG(s) dict_keys(['example_short_circuit_operator']) retrieved from /home/airflow/.local/lib/python3.7/site-packages/airflow/example_dags/example_short_circuit_operator.py
[2023-02-18T07:54:58.135+0000] {logging_mixin.py:137} INFO - [2023-02-18T07:54:58.135+0000] {dag.py:2690} INFO - Sync 1 DAGs
[2023-02-18T07:54:59.457+0000] {logging_mixin.py:137} INFO - [2023-02-18T07:54:59.456+0000] {dag.py:3441} INFO - Setting next_dagrun for example_short_circuit_operator to 2023-02-17T07:54:59.456219+00:00, run_after=2023-02-18T07:54:59.456219+00:00
[2023-02-18T07:54:59.941+0000] {processor.py:175} INFO - Processing /home/airflow/.local/lib/python3.7/site-packages/airflow/example_dags/example_short_circuit_operator.py took 4.045 seconds
[2023-02-18T07:56:00.105+0000] {processor.py:153} INFO - Started process (PID=502) to work on /home/airflow/.local/lib/python3.7/site-packages/airflow/example_dags/example_short_circuit_operator.py
[2023-02-18T07:56:00.171+0000] {processor.py:743} INFO - Processing file /home/airflow/.local/lib/python3.7/site-packages/airflow/example_dags/example_short_circuit_operator.py for tasks to queue
[2023-02-18T07:56:00.173+0000] {logging_mixin.py:137} INFO - [2023-02-18T07:56:00.173+0000] {dagbag.py:538} INFO - Filling up the DagBag from /home/airflow/.local/lib/python3.7/site-packages/airflow/example_dags/example_short_circuit_operator.py
[2023-02-18T07:56:01.338+0000] {processor.py:753} INFO - DAG(s) dict_keys(['example_short_circuit_operator']) retrieved from /home/airflow/.local/lib/python3.7/site-packages/airflow/example_dags/example_short_circuit_operator.py
[2023-02-18T07:56:02.846+0000] {logging_mixin.py:137} INFO - [2023-02-18T07:56:02.846+0000] {dag.py:2690} INFO - Sync 1 DAGs
[2023-02-18T07:56:04.259+0000] {logging_mixin.py:137} INFO - [2023-02-18T07:56:04.199+0000] {dag.py:3441} INFO - Setting next_dagrun for example_short_circuit_operator to 2023-02-17T07:56:04.198512+00:00, run_after=2023-02-18T07:56:04.198512+00:00
[2023-02-18T07:56:05.484+0000] {processor.py:175} INFO - Processing /home/airflow/.local/lib/python3.7/site-packages/airflow/example_dags/example_short_circuit_operator.py took 5.439 seconds
[2023-02-18T07:58:00.709+0000] {processor.py:153} INFO - Started process (PID=581) to work on /home/airflow/.local/lib/python3.7/site-packages/airflow/example_dags/example_short_circuit_operator.py
[2023-02-18T07:58:00.742+0000] {processor.py:743} INFO - Processing file /home/airflow/.local/lib/python3.7/site-packages/airflow/example_dags/example_short_circuit_operator.py for tasks to queue
[2023-02-18T07:58:00.773+0000] {logging_mixin.py:137} INFO - [2023-02-18T07:58:00.773+0000] {dagbag.py:538} INFO - Filling up the DagBag from /home/airflow/.local/lib/python3.7/site-packages/airflow/example_dags/example_short_circuit_operator.py
[2023-02-18T07:58:02.134+0000] {processor.py:753} INFO - DAG(s) dict_keys(['example_short_circuit_operator']) retrieved from /home/airflow/.local/lib/python3.7/site-packages/airflow/example_dags/example_short_circuit_operator.py
[2023-02-18T07:58:03.492+0000] {logging_mixin.py:137} INFO - [2023-02-18T07:58:03.492+0000] {dag.py:2690} INFO - Sync 1 DAGs
[2023-02-18T07:58:05.240+0000] {logging_mixin.py:137} INFO - [2023-02-18T07:58:05.239+0000] {dag.py:3441} INFO - Setting next_dagrun for example_short_circuit_operator to 2023-02-17T07:58:05.238411+00:00, run_after=2023-02-18T07:58:05.238411+00:00
[2023-02-18T07:58:07.192+0000] {processor.py:175} INFO - Processing /home/airflow/.local/lib/python3.7/site-packages/airflow/example_dags/example_short_circuit_operator.py took 6.831 seconds
[2023-02-18T08:01:01.529+0000] {processor.py:153} INFO - Started process (PID=693) to work on /home/airflow/.local/lib/python3.7/site-packages/airflow/example_dags/example_short_circuit_operator.py
[2023-02-18T08:01:01.839+0000] {processor.py:743} INFO - Processing file /home/airflow/.local/lib/python3.7/site-packages/airflow/example_dags/example_short_circuit_operator.py for tasks to queue
[2023-02-18T08:01:01.984+0000] {logging_mixin.py:137} INFO - [2023-02-18T08:01:01.983+0000] {dagbag.py:538} INFO - Filling up the DagBag from /home/airflow/.local/lib/python3.7/site-packages/airflow/example_dags/example_short_circuit_operator.py
[2023-02-18T08:01:04.358+0000] {processor.py:753} INFO - DAG(s) dict_keys(['example_short_circuit_operator']) retrieved from /home/airflow/.local/lib/python3.7/site-packages/airflow/example_dags/example_short_circuit_operator.py
[2023-02-18T08:01:06.783+0000] {logging_mixin.py:137} INFO - [2023-02-18T08:01:06.783+0000] {dag.py:2690} INFO - Sync 1 DAGs
[2023-02-18T08:01:09.842+0000] {logging_mixin.py:137} INFO - [2023-02-18T08:01:09.842+0000] {dag.py:3441} INFO - Setting next_dagrun for example_short_circuit_operator to 2023-02-17T08:01:09.841382+00:00, run_after=2023-02-18T08:01:09.841382+00:00
[2023-02-18T08:01:12.221+0000] {processor.py:175} INFO - Processing /home/airflow/.local/lib/python3.7/site-packages/airflow/example_dags/example_short_circuit_operator.py took 11.405 seconds
[2023-02-18T08:04:15.290+0000] {processor.py:153} INFO - Started process (PID=807) to work on /home/airflow/.local/lib/python3.7/site-packages/airflow/example_dags/example_short_circuit_operator.py
[2023-02-18T08:04:15.336+0000] {processor.py:743} INFO - Processing file /home/airflow/.local/lib/python3.7/site-packages/airflow/example_dags/example_short_circuit_operator.py for tasks to queue
[2023-02-18T08:04:15.339+0000] {logging_mixin.py:137} INFO - [2023-02-18T08:04:15.339+0000] {dagbag.py:538} INFO - Filling up the DagBag from /home/airflow/.local/lib/python3.7/site-packages/airflow/example_dags/example_short_circuit_operator.py
[2023-02-18T08:04:17.745+0000] {processor.py:753} INFO - DAG(s) dict_keys(['example_short_circuit_operator']) retrieved from /home/airflow/.local/lib/python3.7/site-packages/airflow/example_dags/example_short_circuit_operator.py
[2023-02-18T08:04:21.398+0000] {logging_mixin.py:137} INFO - [2023-02-18T08:04:21.398+0000] {dag.py:2690} INFO - Sync 1 DAGs
[2023-02-18T08:04:25.735+0000] {logging_mixin.py:137} INFO - [2023-02-18T08:04:25.734+0000] {dag.py:3441} INFO - Setting next_dagrun for example_short_circuit_operator to 2023-02-17T08:04:25.733525+00:00, run_after=2023-02-18T08:04:25.733525+00:00
[2023-02-18T08:04:28.318+0000] {processor.py:175} INFO - Processing /home/airflow/.local/lib/python3.7/site-packages/airflow/example_dags/example_short_circuit_operator.py took 13.096 seconds
[2023-02-18T08:09:00.404+0000] {processor.py:153} INFO - Started process (PID=970) to work on /home/airflow/.local/lib/python3.7/site-packages/airflow/example_dags/example_short_circuit_operator.py
[2023-02-18T08:09:00.453+0000] {processor.py:743} INFO - Processing file /home/airflow/.local/lib/python3.7/site-packages/airflow/example_dags/example_short_circuit_operator.py for tasks to queue
[2023-02-18T08:09:00.539+0000] {logging_mixin.py:137} INFO - [2023-02-18T08:09:00.538+0000] {dagbag.py:538} INFO - Filling up the DagBag from /home/airflow/.local/lib/python3.7/site-packages/airflow/example_dags/example_short_circuit_operator.py
[2023-02-18T08:09:01.901+0000] {processor.py:753} INFO - DAG(s) dict_keys(['example_short_circuit_operator']) retrieved from /home/airflow/.local/lib/python3.7/site-packages/airflow/example_dags/example_short_circuit_operator.py
[2023-02-18T08:09:03.001+0000] {logging_mixin.py:137} INFO - [2023-02-18T08:09:03.000+0000] {dag.py:2690} INFO - Sync 1 DAGs
[2023-02-18T08:09:06.768+0000] {logging_mixin.py:137} INFO - [2023-02-18T08:09:06.767+0000] {dag.py:3441} INFO - Setting next_dagrun for example_short_circuit_operator to 2023-02-17T08:09:06.766798+00:00, run_after=2023-02-18T08:09:06.766798+00:00
[2023-02-18T08:09:09.484+0000] {processor.py:175} INFO - Processing /home/airflow/.local/lib/python3.7/site-packages/airflow/example_dags/example_short_circuit_operator.py took 9.776 seconds
[2023-02-18T08:12:28.552+0000] {processor.py:153} INFO - Started process (PID=1093) to work on /home/airflow/.local/lib/python3.7/site-packages/airflow/example_dags/example_short_circuit_operator.py
[2023-02-18T08:12:28.778+0000] {processor.py:743} INFO - Processing file /home/airflow/.local/lib/python3.7/site-packages/airflow/example_dags/example_short_circuit_operator.py for tasks to queue
[2023-02-18T08:12:28.781+0000] {logging_mixin.py:137} INFO - [2023-02-18T08:12:28.780+0000] {dagbag.py:538} INFO - Filling up the DagBag from /home/airflow/.local/lib/python3.7/site-packages/airflow/example_dags/example_short_circuit_operator.py
[2023-02-18T08:12:29.602+0000] {processor.py:753} INFO - DAG(s) dict_keys(['example_short_circuit_operator']) retrieved from /home/airflow/.local/lib/python3.7/site-packages/airflow/example_dags/example_short_circuit_operator.py
[2023-02-18T08:12:32.298+0000] {logging_mixin.py:137} INFO - [2023-02-18T08:12:32.297+0000] {dag.py:2690} INFO - Sync 1 DAGs
[2023-02-18T08:12:36.338+0000] {logging_mixin.py:137} INFO - [2023-02-18T08:12:36.251+0000] {dag.py:3441} INFO - Setting next_dagrun for example_short_circuit_operator to 2023-02-17T08:12:36.067797+00:00, run_after=2023-02-18T08:12:36.067797+00:00
[2023-02-18T08:12:38.757+0000] {processor.py:175} INFO - Processing /home/airflow/.local/lib/python3.7/site-packages/airflow/example_dags/example_short_circuit_operator.py took 10.743 seconds
[2023-02-18T08:15:57.526+0000] {processor.py:153} INFO - Started process (PID=1216) to work on /home/airflow/.local/lib/python3.7/site-packages/airflow/example_dags/example_short_circuit_operator.py
[2023-02-18T08:15:57.846+0000] {processor.py:743} INFO - Processing file /home/airflow/.local/lib/python3.7/site-packages/airflow/example_dags/example_short_circuit_operator.py for tasks to queue
[2023-02-18T08:15:57.865+0000] {logging_mixin.py:137} INFO - [2023-02-18T08:15:57.848+0000] {dagbag.py:538} INFO - Filling up the DagBag from /home/airflow/.local/lib/python3.7/site-packages/airflow/example_dags/example_short_circuit_operator.py
[2023-02-18T08:15:59.593+0000] {processor.py:753} INFO - DAG(s) dict_keys(['example_short_circuit_operator']) retrieved from /home/airflow/.local/lib/python3.7/site-packages/airflow/example_dags/example_short_circuit_operator.py
[2023-02-18T08:16:03.367+0000] {logging_mixin.py:137} INFO - [2023-02-18T08:16:03.367+0000] {dag.py:2690} INFO - Sync 1 DAGs
[2023-02-18T08:16:04.402+0000] {logging_mixin.py:137} INFO - [2023-02-18T08:16:04.402+0000] {dag.py:3441} INFO - Setting next_dagrun for example_short_circuit_operator to 2023-02-17T08:16:04.397722+00:00, run_after=2023-02-18T08:16:04.397722+00:00
[2023-02-18T08:16:06.677+0000] {processor.py:175} INFO - Processing /home/airflow/.local/lib/python3.7/site-packages/airflow/example_dags/example_short_circuit_operator.py took 9.609 seconds
[2023-02-18T08:19:03.504+0000] {processor.py:153} INFO - Started process (PID=1339) to work on /home/airflow/.local/lib/python3.7/site-packages/airflow/example_dags/example_short_circuit_operator.py
[2023-02-18T08:19:03.597+0000] {processor.py:743} INFO - Processing file /home/airflow/.local/lib/python3.7/site-packages/airflow/example_dags/example_short_circuit_operator.py for tasks to queue
[2023-02-18T08:19:03.845+0000] {logging_mixin.py:137} INFO - [2023-02-18T08:19:03.844+0000] {dagbag.py:538} INFO - Filling up the DagBag from /home/airflow/.local/lib/python3.7/site-packages/airflow/example_dags/example_short_circuit_operator.py
[2023-02-18T08:19:06.522+0000] {processor.py:753} INFO - DAG(s) dict_keys(['example_short_circuit_operator']) retrieved from /home/airflow/.local/lib/python3.7/site-packages/airflow/example_dags/example_short_circuit_operator.py
[2023-02-18T08:19:10.176+0000] {logging_mixin.py:137} INFO - [2023-02-18T08:19:10.175+0000] {dag.py:2690} INFO - Sync 1 DAGs
[2023-02-18T08:19:13.046+0000] {logging_mixin.py:137} INFO - [2023-02-18T08:19:13.046+0000] {dag.py:3441} INFO - Setting next_dagrun for example_short_circuit_operator to 2023-02-17T08:19:13.045414+00:00, run_after=2023-02-18T08:19:13.045414+00:00
[2023-02-18T08:19:15.233+0000] {processor.py:175} INFO - Processing /home/airflow/.local/lib/python3.7/site-packages/airflow/example_dags/example_short_circuit_operator.py took 12.187 seconds
[2023-02-18T08:22:02.075+0000] {processor.py:153} INFO - Started process (PID=1446) to work on /home/airflow/.local/lib/python3.7/site-packages/airflow/example_dags/example_short_circuit_operator.py
[2023-02-18T08:22:02.139+0000] {processor.py:743} INFO - Processing file /home/airflow/.local/lib/python3.7/site-packages/airflow/example_dags/example_short_circuit_operator.py for tasks to queue
[2023-02-18T08:22:02.142+0000] {logging_mixin.py:137} INFO - [2023-02-18T08:22:02.141+0000] {dagbag.py:538} INFO - Filling up the DagBag from /home/airflow/.local/lib/python3.7/site-packages/airflow/example_dags/example_short_circuit_operator.py
[2023-02-18T08:22:03.721+0000] {processor.py:753} INFO - DAG(s) dict_keys(['example_short_circuit_operator']) retrieved from /home/airflow/.local/lib/python3.7/site-packages/airflow/example_dags/example_short_circuit_operator.py
[2023-02-18T08:22:05.179+0000] {logging_mixin.py:137} INFO - [2023-02-18T08:22:05.179+0000] {dag.py:2690} INFO - Sync 1 DAGs
[2023-02-18T08:22:07.516+0000] {logging_mixin.py:137} INFO - [2023-02-18T08:22:07.516+0000] {dag.py:3441} INFO - Setting next_dagrun for example_short_circuit_operator to 2023-02-17T08:22:07.515561+00:00, run_after=2023-02-18T08:22:07.515561+00:00
[2023-02-18T08:22:08.891+0000] {processor.py:175} INFO - Processing /home/airflow/.local/lib/python3.7/site-packages/airflow/example_dags/example_short_circuit_operator.py took 6.936 seconds
[2023-02-18T08:25:06.412+0000] {processor.py:153} INFO - Started process (PID=1563) to work on /home/airflow/.local/lib/python3.7/site-packages/airflow/example_dags/example_short_circuit_operator.py
[2023-02-18T08:25:06.444+0000] {processor.py:743} INFO - Processing file /home/airflow/.local/lib/python3.7/site-packages/airflow/example_dags/example_short_circuit_operator.py for tasks to queue
[2023-02-18T08:25:06.447+0000] {logging_mixin.py:137} INFO - [2023-02-18T08:25:06.446+0000] {dagbag.py:538} INFO - Filling up the DagBag from /home/airflow/.local/lib/python3.7/site-packages/airflow/example_dags/example_short_circuit_operator.py
[2023-02-18T08:25:08.421+0000] {processor.py:753} INFO - DAG(s) dict_keys(['example_short_circuit_operator']) retrieved from /home/airflow/.local/lib/python3.7/site-packages/airflow/example_dags/example_short_circuit_operator.py
[2023-02-18T08:25:11.060+0000] {logging_mixin.py:137} INFO - [2023-02-18T08:25:11.016+0000] {dag.py:2690} INFO - Sync 1 DAGs
[2023-02-18T08:25:14.357+0000] {logging_mixin.py:137} INFO - [2023-02-18T08:25:14.297+0000] {dag.py:3441} INFO - Setting next_dagrun for example_short_circuit_operator to 2023-02-17T08:25:14.296574+00:00, run_after=2023-02-18T08:25:14.296574+00:00
[2023-02-18T08:25:16.342+0000] {processor.py:175} INFO - Processing /home/airflow/.local/lib/python3.7/site-packages/airflow/example_dags/example_short_circuit_operator.py took 10.415 seconds
[2023-02-18T08:30:37.025+0000] {processor.py:153} INFO - Started process (PID=1741) to work on /home/airflow/.local/lib/python3.7/site-packages/airflow/example_dags/example_short_circuit_operator.py
[2023-02-18T08:30:37.164+0000] {processor.py:743} INFO - Processing file /home/airflow/.local/lib/python3.7/site-packages/airflow/example_dags/example_short_circuit_operator.py for tasks to queue
[2023-02-18T08:30:37.192+0000] {logging_mixin.py:137} INFO - [2023-02-18T08:30:37.192+0000] {dagbag.py:538} INFO - Filling up the DagBag from /home/airflow/.local/lib/python3.7/site-packages/airflow/example_dags/example_short_circuit_operator.py
[2023-02-18T08:30:40.761+0000] {processor.py:753} INFO - DAG(s) dict_keys(['example_short_circuit_operator']) retrieved from /home/airflow/.local/lib/python3.7/site-packages/airflow/example_dags/example_short_circuit_operator.py
[2023-02-18T08:30:50.888+0000] {logging_mixin.py:137} INFO - [2023-02-18T08:30:50.888+0000] {dag.py:2690} INFO - Sync 1 DAGs
[2023-02-18T08:30:57.596+0000] {logging_mixin.py:137} INFO - [2023-02-18T08:30:57.596+0000] {dag.py:3441} INFO - Setting next_dagrun for example_short_circuit_operator to 2023-02-17T08:30:57.595320+00:00, run_after=2023-02-18T08:30:57.595320+00:00
[2023-02-18T08:31:01.016+0000] {processor.py:175} INFO - Processing /home/airflow/.local/lib/python3.7/site-packages/airflow/example_dags/example_short_circuit_operator.py took 24.304 seconds
[2023-02-18T08:39:16.822+0000] {processor.py:153} INFO - Started process (PID=1999) to work on /home/airflow/.local/lib/python3.7/site-packages/airflow/example_dags/example_short_circuit_operator.py
[2023-02-18T08:39:17.412+0000] {processor.py:743} INFO - Processing file /home/airflow/.local/lib/python3.7/site-packages/airflow/example_dags/example_short_circuit_operator.py for tasks to queue
[2023-02-18T08:39:17.855+0000] {logging_mixin.py:137} INFO - [2023-02-18T08:39:17.415+0000] {dagbag.py:538} INFO - Filling up the DagBag from /home/airflow/.local/lib/python3.7/site-packages/airflow/example_dags/example_short_circuit_operator.py
[2023-02-18T08:39:25.202+0000] {processor.py:753} INFO - DAG(s) dict_keys(['example_short_circuit_operator']) retrieved from /home/airflow/.local/lib/python3.7/site-packages/airflow/example_dags/example_short_circuit_operator.py
[2023-02-18T08:39:33.697+0000] {logging_mixin.py:137} INFO - [2023-02-18T08:39:33.697+0000] {dag.py:2690} INFO - Sync 1 DAGs
[2023-02-18T08:39:41.193+0000] {logging_mixin.py:137} INFO - [2023-02-18T08:39:41.192+0000] {dag.py:3441} INFO - Setting next_dagrun for example_short_circuit_operator to 2023-02-17T08:39:41.191532+00:00, run_after=2023-02-18T08:39:41.191532+00:00
[2023-02-18T08:39:48.657+0000] {processor.py:175} INFO - Processing /home/airflow/.local/lib/python3.7/site-packages/airflow/example_dags/example_short_circuit_operator.py took 32.891 seconds
[2023-02-18T09:51:22.549+0000] {processor.py:153} INFO - Started process (PID=145) to work on /home/airflow/.local/lib/python3.7/site-packages/airflow/example_dags/example_short_circuit_operator.py
[2023-02-18T09:51:22.603+0000] {processor.py:743} INFO - Processing file /home/airflow/.local/lib/python3.7/site-packages/airflow/example_dags/example_short_circuit_operator.py for tasks to queue
[2023-02-18T09:51:22.606+0000] {logging_mixin.py:137} INFO - [2023-02-18T09:51:22.606+0000] {dagbag.py:538} INFO - Filling up the DagBag from /home/airflow/.local/lib/python3.7/site-packages/airflow/example_dags/example_short_circuit_operator.py
[2023-02-18T09:51:24.055+0000] {processor.py:753} INFO - DAG(s) dict_keys(['example_short_circuit_operator']) retrieved from /home/airflow/.local/lib/python3.7/site-packages/airflow/example_dags/example_short_circuit_operator.py
[2023-02-18T09:51:25.018+0000] {logging_mixin.py:137} INFO - [2023-02-18T09:51:25.017+0000] {dag.py:2690} INFO - Sync 1 DAGs
[2023-02-18T09:51:27.426+0000] {logging_mixin.py:137} INFO - [2023-02-18T09:51:27.397+0000] {dag.py:3441} INFO - Setting next_dagrun for example_short_circuit_operator to 2023-02-17T09:51:27.396930+00:00, run_after=2023-02-18T09:51:27.396930+00:00
[2023-02-18T09:51:28.920+0000] {processor.py:175} INFO - Processing /home/airflow/.local/lib/python3.7/site-packages/airflow/example_dags/example_short_circuit_operator.py took 6.683 seconds
[2023-02-18T09:53:21.644+0000] {processor.py:153} INFO - Started process (PID=240) to work on /home/airflow/.local/lib/python3.7/site-packages/airflow/example_dags/example_short_circuit_operator.py
[2023-02-18T09:53:21.707+0000] {processor.py:743} INFO - Processing file /home/airflow/.local/lib/python3.7/site-packages/airflow/example_dags/example_short_circuit_operator.py for tasks to queue
[2023-02-18T09:53:21.710+0000] {logging_mixin.py:137} INFO - [2023-02-18T09:53:21.710+0000] {dagbag.py:538} INFO - Filling up the DagBag from /home/airflow/.local/lib/python3.7/site-packages/airflow/example_dags/example_short_circuit_operator.py
[2023-02-18T09:53:22.368+0000] {processor.py:753} INFO - DAG(s) dict_keys(['example_short_circuit_operator']) retrieved from /home/airflow/.local/lib/python3.7/site-packages/airflow/example_dags/example_short_circuit_operator.py
[2023-02-18T09:53:23.605+0000] {logging_mixin.py:137} INFO - [2023-02-18T09:53:23.598+0000] {dag.py:2690} INFO - Sync 1 DAGs
[2023-02-18T09:53:24.218+0000] {logging_mixin.py:137} INFO - [2023-02-18T09:53:24.218+0000] {dag.py:3441} INFO - Setting next_dagrun for example_short_circuit_operator to 2023-02-17T09:53:24.217659+00:00, run_after=2023-02-18T09:53:24.217659+00:00
[2023-02-18T09:53:24.640+0000] {processor.py:175} INFO - Processing /home/airflow/.local/lib/python3.7/site-packages/airflow/example_dags/example_short_circuit_operator.py took 3.160 seconds
[2023-02-18T09:54:00.986+0000] {processor.py:153} INFO - Started process (PID=278) to work on /home/airflow/.local/lib/python3.7/site-packages/airflow/example_dags/example_short_circuit_operator.py
[2023-02-18T09:54:01.004+0000] {processor.py:743} INFO - Processing file /home/airflow/.local/lib/python3.7/site-packages/airflow/example_dags/example_short_circuit_operator.py for tasks to queue
[2023-02-18T09:54:01.006+0000] {logging_mixin.py:137} INFO - [2023-02-18T09:54:01.005+0000] {dagbag.py:538} INFO - Filling up the DagBag from /home/airflow/.local/lib/python3.7/site-packages/airflow/example_dags/example_short_circuit_operator.py
[2023-02-18T09:54:01.704+0000] {processor.py:753} INFO - DAG(s) dict_keys(['example_short_circuit_operator']) retrieved from /home/airflow/.local/lib/python3.7/site-packages/airflow/example_dags/example_short_circuit_operator.py
[2023-02-18T09:54:02.829+0000] {logging_mixin.py:137} INFO - [2023-02-18T09:54:02.829+0000] {dag.py:2690} INFO - Sync 1 DAGs
[2023-02-18T09:54:03.825+0000] {logging_mixin.py:137} INFO - [2023-02-18T09:54:03.824+0000] {dag.py:3441} INFO - Setting next_dagrun for example_short_circuit_operator to 2023-02-17T09:54:03.823861+00:00, run_after=2023-02-18T09:54:03.823861+00:00
[2023-02-18T09:54:04.308+0000] {processor.py:175} INFO - Processing /home/airflow/.local/lib/python3.7/site-packages/airflow/example_dags/example_short_circuit_operator.py took 3.509 seconds
[2023-02-18T09:54:41.779+0000] {processor.py:153} INFO - Started process (PID=314) to work on /home/airflow/.local/lib/python3.7/site-packages/airflow/example_dags/example_short_circuit_operator.py
[2023-02-18T09:54:41.825+0000] {processor.py:743} INFO - Processing file /home/airflow/.local/lib/python3.7/site-packages/airflow/example_dags/example_short_circuit_operator.py for tasks to queue
[2023-02-18T09:54:41.827+0000] {logging_mixin.py:137} INFO - [2023-02-18T09:54:41.826+0000] {dagbag.py:538} INFO - Filling up the DagBag from /home/airflow/.local/lib/python3.7/site-packages/airflow/example_dags/example_short_circuit_operator.py
[2023-02-18T09:54:42.271+0000] {processor.py:753} INFO - DAG(s) dict_keys(['example_short_circuit_operator']) retrieved from /home/airflow/.local/lib/python3.7/site-packages/airflow/example_dags/example_short_circuit_operator.py
[2023-02-18T09:54:43.701+0000] {logging_mixin.py:137} INFO - [2023-02-18T09:54:43.700+0000] {dag.py:2690} INFO - Sync 1 DAGs
[2023-02-18T09:54:45.537+0000] {logging_mixin.py:137} INFO - [2023-02-18T09:54:45.537+0000] {dag.py:3441} INFO - Setting next_dagrun for example_short_circuit_operator to 2023-02-17T09:54:45.536423+00:00, run_after=2023-02-18T09:54:45.536423+00:00
[2023-02-18T09:54:46.047+0000] {processor.py:175} INFO - Processing /home/airflow/.local/lib/python3.7/site-packages/airflow/example_dags/example_short_circuit_operator.py took 4.394 seconds
[2023-02-18T09:55:51.224+0000] {processor.py:153} INFO - Started process (PID=373) to work on /home/airflow/.local/lib/python3.7/site-packages/airflow/example_dags/example_short_circuit_operator.py
[2023-02-18T09:55:51.288+0000] {processor.py:743} INFO - Processing file /home/airflow/.local/lib/python3.7/site-packages/airflow/example_dags/example_short_circuit_operator.py for tasks to queue
[2023-02-18T09:55:51.385+0000] {logging_mixin.py:137} INFO - [2023-02-18T09:55:51.384+0000] {dagbag.py:538} INFO - Filling up the DagBag from /home/airflow/.local/lib/python3.7/site-packages/airflow/example_dags/example_short_circuit_operator.py
[2023-02-18T09:55:52.637+0000] {processor.py:753} INFO - DAG(s) dict_keys(['example_short_circuit_operator']) retrieved from /home/airflow/.local/lib/python3.7/site-packages/airflow/example_dags/example_short_circuit_operator.py
[2023-02-18T09:55:55.078+0000] {logging_mixin.py:137} INFO - [2023-02-18T09:55:55.077+0000] {dag.py:2690} INFO - Sync 1 DAGs
[2023-02-18T09:55:56.585+0000] {logging_mixin.py:137} INFO - [2023-02-18T09:55:56.585+0000] {dag.py:3441} INFO - Setting next_dagrun for example_short_circuit_operator to 2023-02-17T09:55:56.584694+00:00, run_after=2023-02-18T09:55:56.584694+00:00
[2023-02-18T09:55:58.080+0000] {processor.py:175} INFO - Processing /home/airflow/.local/lib/python3.7/site-packages/airflow/example_dags/example_short_circuit_operator.py took 7.172 seconds
[2023-02-18T09:58:23.922+0000] {processor.py:153} INFO - Started process (PID=465) to work on /home/airflow/.local/lib/python3.7/site-packages/airflow/example_dags/example_short_circuit_operator.py
[2023-02-18T09:58:24.225+0000] {processor.py:743} INFO - Processing file /home/airflow/.local/lib/python3.7/site-packages/airflow/example_dags/example_short_circuit_operator.py for tasks to queue
[2023-02-18T09:58:24.227+0000] {logging_mixin.py:137} INFO - [2023-02-18T09:58:24.227+0000] {dagbag.py:538} INFO - Filling up the DagBag from /home/airflow/.local/lib/python3.7/site-packages/airflow/example_dags/example_short_circuit_operator.py
[2023-02-18T09:58:27.264+0000] {processor.py:753} INFO - DAG(s) dict_keys(['example_short_circuit_operator']) retrieved from /home/airflow/.local/lib/python3.7/site-packages/airflow/example_dags/example_short_circuit_operator.py
[2023-02-18T09:58:31.211+0000] {logging_mixin.py:137} INFO - [2023-02-18T09:58:31.211+0000] {dag.py:2690} INFO - Sync 1 DAGs
[2023-02-18T09:58:33.983+0000] {logging_mixin.py:137} INFO - [2023-02-18T09:58:33.983+0000] {dag.py:3441} INFO - Setting next_dagrun for example_short_circuit_operator to 2023-02-17T09:58:33.982503+00:00, run_after=2023-02-18T09:58:33.982503+00:00
[2023-02-18T09:58:34.926+0000] {processor.py:175} INFO - Processing /home/airflow/.local/lib/python3.7/site-packages/airflow/example_dags/example_short_circuit_operator.py took 11.131 seconds
[2023-02-18T10:00:35.927+0000] {processor.py:153} INFO - Started process (PID=558) to work on /home/airflow/.local/lib/python3.7/site-packages/airflow/example_dags/example_short_circuit_operator.py
[2023-02-18T10:00:35.941+0000] {processor.py:743} INFO - Processing file /home/airflow/.local/lib/python3.7/site-packages/airflow/example_dags/example_short_circuit_operator.py for tasks to queue
[2023-02-18T10:00:35.943+0000] {logging_mixin.py:137} INFO - [2023-02-18T10:00:35.942+0000] {dagbag.py:538} INFO - Filling up the DagBag from /home/airflow/.local/lib/python3.7/site-packages/airflow/example_dags/example_short_circuit_operator.py
[2023-02-18T10:00:37.305+0000] {processor.py:753} INFO - DAG(s) dict_keys(['example_short_circuit_operator']) retrieved from /home/airflow/.local/lib/python3.7/site-packages/airflow/example_dags/example_short_circuit_operator.py
[2023-02-18T10:00:39.105+0000] {logging_mixin.py:137} INFO - [2023-02-18T10:00:39.105+0000] {dag.py:2690} INFO - Sync 1 DAGs
[2023-02-18T10:00:40.606+0000] {logging_mixin.py:137} INFO - [2023-02-18T10:00:40.606+0000] {dag.py:3441} INFO - Setting next_dagrun for example_short_circuit_operator to 2023-02-17T10:00:40.605651+00:00, run_after=2023-02-18T10:00:40.605651+00:00
[2023-02-18T10:00:41.461+0000] {processor.py:175} INFO - Processing /home/airflow/.local/lib/python3.7/site-packages/airflow/example_dags/example_short_circuit_operator.py took 5.682 seconds
[2023-02-18T10:02:08.218+0000] {processor.py:153} INFO - Started process (PID=622) to work on /home/airflow/.local/lib/python3.7/site-packages/airflow/example_dags/example_short_circuit_operator.py
[2023-02-18T10:02:08.267+0000] {processor.py:743} INFO - Processing file /home/airflow/.local/lib/python3.7/site-packages/airflow/example_dags/example_short_circuit_operator.py for tasks to queue
[2023-02-18T10:02:08.283+0000] {logging_mixin.py:137} INFO - [2023-02-18T10:02:08.282+0000] {dagbag.py:538} INFO - Filling up the DagBag from /home/airflow/.local/lib/python3.7/site-packages/airflow/example_dags/example_short_circuit_operator.py
[2023-02-18T10:02:09.264+0000] {processor.py:753} INFO - DAG(s) dict_keys(['example_short_circuit_operator']) retrieved from /home/airflow/.local/lib/python3.7/site-packages/airflow/example_dags/example_short_circuit_operator.py
[2023-02-18T10:02:11.860+0000] {logging_mixin.py:137} INFO - [2023-02-18T10:02:11.859+0000] {dag.py:2690} INFO - Sync 1 DAGs
[2023-02-18T10:02:14.153+0000] {logging_mixin.py:137} INFO - [2023-02-18T10:02:14.153+0000] {dag.py:3441} INFO - Setting next_dagrun for example_short_circuit_operator to 2023-02-17T10:02:14.152312+00:00, run_after=2023-02-18T10:02:14.152312+00:00
[2023-02-18T10:02:15.679+0000] {processor.py:175} INFO - Processing /home/airflow/.local/lib/python3.7/site-packages/airflow/example_dags/example_short_circuit_operator.py took 7.776 seconds
[2023-02-18T10:04:10.236+0000] {processor.py:153} INFO - Started process (PID=706) to work on /home/airflow/.local/lib/python3.7/site-packages/airflow/example_dags/example_short_circuit_operator.py
[2023-02-18T10:04:10.459+0000] {processor.py:743} INFO - Processing file /home/airflow/.local/lib/python3.7/site-packages/airflow/example_dags/example_short_circuit_operator.py for tasks to queue
[2023-02-18T10:04:10.474+0000] {logging_mixin.py:137} INFO - [2023-02-18T10:04:10.474+0000] {dagbag.py:538} INFO - Filling up the DagBag from /home/airflow/.local/lib/python3.7/site-packages/airflow/example_dags/example_short_circuit_operator.py
[2023-02-18T10:04:11.989+0000] {processor.py:753} INFO - DAG(s) dict_keys(['example_short_circuit_operator']) retrieved from /home/airflow/.local/lib/python3.7/site-packages/airflow/example_dags/example_short_circuit_operator.py
[2023-02-18T10:04:13.730+0000] {logging_mixin.py:137} INFO - [2023-02-18T10:04:13.729+0000] {dag.py:2690} INFO - Sync 1 DAGs
[2023-02-18T10:04:17.619+0000] {logging_mixin.py:137} INFO - [2023-02-18T10:04:17.574+0000] {dag.py:3441} INFO - Setting next_dagrun for example_short_circuit_operator to 2023-02-17T10:04:17.573965+00:00, run_after=2023-02-18T10:04:17.573965+00:00
[2023-02-18T10:04:19.246+0000] {processor.py:175} INFO - Processing /home/airflow/.local/lib/python3.7/site-packages/airflow/example_dags/example_short_circuit_operator.py took 9.193 seconds
[2023-02-18T10:07:10.108+0000] {processor.py:153} INFO - Started process (PID=815) to work on /home/airflow/.local/lib/python3.7/site-packages/airflow/example_dags/example_short_circuit_operator.py
[2023-02-18T10:07:10.141+0000] {processor.py:743} INFO - Processing file /home/airflow/.local/lib/python3.7/site-packages/airflow/example_dags/example_short_circuit_operator.py for tasks to queue
[2023-02-18T10:07:10.413+0000] {logging_mixin.py:137} INFO - [2023-02-18T10:07:10.224+0000] {dagbag.py:538} INFO - Filling up the DagBag from /home/airflow/.local/lib/python3.7/site-packages/airflow/example_dags/example_short_circuit_operator.py
[2023-02-18T10:07:12.091+0000] {processor.py:753} INFO - DAG(s) dict_keys(['example_short_circuit_operator']) retrieved from /home/airflow/.local/lib/python3.7/site-packages/airflow/example_dags/example_short_circuit_operator.py
[2023-02-18T10:07:14.098+0000] {logging_mixin.py:137} INFO - [2023-02-18T10:07:14.098+0000] {dag.py:2690} INFO - Sync 1 DAGs
[2023-02-18T10:07:18.960+0000] {logging_mixin.py:137} INFO - [2023-02-18T10:07:18.959+0000] {dag.py:3441} INFO - Setting next_dagrun for example_short_circuit_operator to 2023-02-17T10:07:18.942744+00:00, run_after=2023-02-18T10:07:18.942744+00:00
[2023-02-18T10:07:21.905+0000] {processor.py:175} INFO - Processing /home/airflow/.local/lib/python3.7/site-packages/airflow/example_dags/example_short_circuit_operator.py took 12.639 seconds
