[2023-02-18T07:48:40.798+0000] {processor.py:153} INFO - Started process (PID=111) to work on /home/airflow/.local/lib/python3.7/site-packages/airflow/example_dags/example_branch_labels.py
[2023-02-18T07:48:40.799+0000] {processor.py:743} INFO - Processing file /home/airflow/.local/lib/python3.7/site-packages/airflow/example_dags/example_branch_labels.py for tasks to queue
[2023-02-18T07:48:40.845+0000] {logging_mixin.py:137} INFO - [2023-02-18T07:48:40.845+0000] {dagbag.py:538} INFO - Filling up the DagBag from /home/airflow/.local/lib/python3.7/site-packages/airflow/example_dags/example_branch_labels.py
[2023-02-18T07:48:41.328+0000] {processor.py:753} INFO - DAG(s) dict_keys(['example_branch_labels']) retrieved from /home/airflow/.local/lib/python3.7/site-packages/airflow/example_dags/example_branch_labels.py
[2023-02-18T07:48:41.816+0000] {logging_mixin.py:137} INFO - [2023-02-18T07:48:41.816+0000] {dag.py:2690} INFO - Sync 1 DAGs
[2023-02-18T07:48:42.287+0000] {logging_mixin.py:137} INFO - [2023-02-18T07:48:42.287+0000] {dag.py:3441} INFO - Setting next_dagrun for example_branch_labels to 2023-02-17T00:00:00+00:00, run_after=2023-02-18T00:00:00+00:00
[2023-02-18T07:48:42.865+0000] {processor.py:175} INFO - Processing /home/airflow/.local/lib/python3.7/site-packages/airflow/example_dags/example_branch_labels.py took 2.291 seconds
[2023-02-18T07:50:09.275+0000] {processor.py:153} INFO - Started process (PID=188) to work on /home/airflow/.local/lib/python3.7/site-packages/airflow/example_dags/example_branch_labels.py
[2023-02-18T07:50:09.352+0000] {processor.py:743} INFO - Processing file /home/airflow/.local/lib/python3.7/site-packages/airflow/example_dags/example_branch_labels.py for tasks to queue
[2023-02-18T07:50:09.354+0000] {logging_mixin.py:137} INFO - [2023-02-18T07:50:09.354+0000] {dagbag.py:538} INFO - Filling up the DagBag from /home/airflow/.local/lib/python3.7/site-packages/airflow/example_dags/example_branch_labels.py
[2023-02-18T07:50:10.237+0000] {processor.py:753} INFO - DAG(s) dict_keys(['example_branch_labels']) retrieved from /home/airflow/.local/lib/python3.7/site-packages/airflow/example_dags/example_branch_labels.py
[2023-02-18T07:50:12.099+0000] {logging_mixin.py:137} INFO - [2023-02-18T07:50:12.099+0000] {dag.py:2690} INFO - Sync 1 DAGs
[2023-02-18T07:50:13.173+0000] {logging_mixin.py:137} INFO - [2023-02-18T07:50:13.172+0000] {dag.py:3441} INFO - Setting next_dagrun for example_branch_labels to 2023-02-17T00:00:00+00:00, run_after=2023-02-18T00:00:00+00:00
[2023-02-18T07:50:13.883+0000] {processor.py:175} INFO - Processing /home/airflow/.local/lib/python3.7/site-packages/airflow/example_dags/example_branch_labels.py took 4.754 seconds
[2023-02-18T07:51:04.256+0000] {processor.py:153} INFO - Started process (PID=233) to work on /home/airflow/.local/lib/python3.7/site-packages/airflow/example_dags/example_branch_labels.py
[2023-02-18T07:51:04.288+0000] {processor.py:743} INFO - Processing file /home/airflow/.local/lib/python3.7/site-packages/airflow/example_dags/example_branch_labels.py for tasks to queue
[2023-02-18T07:51:04.290+0000] {logging_mixin.py:137} INFO - [2023-02-18T07:51:04.290+0000] {dagbag.py:538} INFO - Filling up the DagBag from /home/airflow/.local/lib/python3.7/site-packages/airflow/example_dags/example_branch_labels.py
[2023-02-18T07:51:04.745+0000] {processor.py:753} INFO - DAG(s) dict_keys(['example_branch_labels']) retrieved from /home/airflow/.local/lib/python3.7/site-packages/airflow/example_dags/example_branch_labels.py
[2023-02-18T07:51:05.289+0000] {logging_mixin.py:137} INFO - [2023-02-18T07:51:05.277+0000] {dag.py:2690} INFO - Sync 1 DAGs
[2023-02-18T07:51:06.058+0000] {logging_mixin.py:137} INFO - [2023-02-18T07:51:06.057+0000] {dag.py:3441} INFO - Setting next_dagrun for example_branch_labels to 2023-02-17T00:00:00+00:00, run_after=2023-02-18T00:00:00+00:00
[2023-02-18T07:51:07.001+0000] {processor.py:175} INFO - Processing /home/airflow/.local/lib/python3.7/site-packages/airflow/example_dags/example_branch_labels.py took 2.792 seconds
[2023-02-18T07:52:01.575+0000] {processor.py:153} INFO - Started process (PID=286) to work on /home/airflow/.local/lib/python3.7/site-packages/airflow/example_dags/example_branch_labels.py
[2023-02-18T07:52:01.590+0000] {processor.py:743} INFO - Processing file /home/airflow/.local/lib/python3.7/site-packages/airflow/example_dags/example_branch_labels.py for tasks to queue
[2023-02-18T07:52:01.605+0000] {logging_mixin.py:137} INFO - [2023-02-18T07:52:01.592+0000] {dagbag.py:538} INFO - Filling up the DagBag from /home/airflow/.local/lib/python3.7/site-packages/airflow/example_dags/example_branch_labels.py
[2023-02-18T07:52:02.249+0000] {processor.py:753} INFO - DAG(s) dict_keys(['example_branch_labels']) retrieved from /home/airflow/.local/lib/python3.7/site-packages/airflow/example_dags/example_branch_labels.py
[2023-02-18T07:52:02.854+0000] {logging_mixin.py:137} INFO - [2023-02-18T07:52:02.853+0000] {dag.py:2690} INFO - Sync 1 DAGs
[2023-02-18T07:52:03.191+0000] {logging_mixin.py:137} INFO - [2023-02-18T07:52:03.191+0000] {dag.py:3441} INFO - Setting next_dagrun for example_branch_labels to 2023-02-17T00:00:00+00:00, run_after=2023-02-18T00:00:00+00:00
[2023-02-18T07:52:03.939+0000] {processor.py:175} INFO - Processing /home/airflow/.local/lib/python3.7/site-packages/airflow/example_dags/example_branch_labels.py took 2.386 seconds
[2023-02-18T07:52:52.072+0000] {processor.py:153} INFO - Started process (PID=334) to work on /home/airflow/.local/lib/python3.7/site-packages/airflow/example_dags/example_branch_labels.py
[2023-02-18T07:52:52.091+0000] {processor.py:743} INFO - Processing file /home/airflow/.local/lib/python3.7/site-packages/airflow/example_dags/example_branch_labels.py for tasks to queue
[2023-02-18T07:52:52.172+0000] {logging_mixin.py:137} INFO - [2023-02-18T07:52:52.171+0000] {dagbag.py:538} INFO - Filling up the DagBag from /home/airflow/.local/lib/python3.7/site-packages/airflow/example_dags/example_branch_labels.py
[2023-02-18T07:52:52.845+0000] {processor.py:753} INFO - DAG(s) dict_keys(['example_branch_labels']) retrieved from /home/airflow/.local/lib/python3.7/site-packages/airflow/example_dags/example_branch_labels.py
[2023-02-18T07:52:54.292+0000] {logging_mixin.py:137} INFO - [2023-02-18T07:52:54.248+0000] {dag.py:2690} INFO - Sync 1 DAGs
[2023-02-18T07:52:55.237+0000] {logging_mixin.py:137} INFO - [2023-02-18T07:52:55.236+0000] {dag.py:3441} INFO - Setting next_dagrun for example_branch_labels to 2023-02-17T00:00:00+00:00, run_after=2023-02-18T00:00:00+00:00
[2023-02-18T07:52:55.920+0000] {processor.py:175} INFO - Processing /home/airflow/.local/lib/python3.7/site-packages/airflow/example_dags/example_branch_labels.py took 4.037 seconds
[2023-02-18T07:54:15.554+0000] {processor.py:153} INFO - Started process (PID=414) to work on /home/airflow/.local/lib/python3.7/site-packages/airflow/example_dags/example_branch_labels.py
[2023-02-18T07:54:15.600+0000] {processor.py:743} INFO - Processing file /home/airflow/.local/lib/python3.7/site-packages/airflow/example_dags/example_branch_labels.py for tasks to queue
[2023-02-18T07:54:15.602+0000] {logging_mixin.py:137} INFO - [2023-02-18T07:54:15.602+0000] {dagbag.py:538} INFO - Filling up the DagBag from /home/airflow/.local/lib/python3.7/site-packages/airflow/example_dags/example_branch_labels.py
[2023-02-18T07:54:16.048+0000] {processor.py:753} INFO - DAG(s) dict_keys(['example_branch_labels']) retrieved from /home/airflow/.local/lib/python3.7/site-packages/airflow/example_dags/example_branch_labels.py
[2023-02-18T07:54:16.581+0000] {logging_mixin.py:137} INFO - [2023-02-18T07:54:16.580+0000] {dag.py:2690} INFO - Sync 1 DAGs
[2023-02-18T07:54:17.460+0000] {logging_mixin.py:137} INFO - [2023-02-18T07:54:17.460+0000] {dag.py:3441} INFO - Setting next_dagrun for example_branch_labels to 2023-02-17T00:00:00+00:00, run_after=2023-02-18T00:00:00+00:00
[2023-02-18T07:54:18.037+0000] {processor.py:175} INFO - Processing /home/airflow/.local/lib/python3.7/site-packages/airflow/example_dags/example_branch_labels.py took 2.531 seconds
[2023-02-18T07:55:06.400+0000] {processor.py:153} INFO - Started process (PID=458) to work on /home/airflow/.local/lib/python3.7/site-packages/airflow/example_dags/example_branch_labels.py
[2023-02-18T07:55:06.433+0000] {processor.py:743} INFO - Processing file /home/airflow/.local/lib/python3.7/site-packages/airflow/example_dags/example_branch_labels.py for tasks to queue
[2023-02-18T07:55:06.435+0000] {logging_mixin.py:137} INFO - [2023-02-18T07:55:06.435+0000] {dagbag.py:538} INFO - Filling up the DagBag from /home/airflow/.local/lib/python3.7/site-packages/airflow/example_dags/example_branch_labels.py
[2023-02-18T07:55:06.967+0000] {processor.py:753} INFO - DAG(s) dict_keys(['example_branch_labels']) retrieved from /home/airflow/.local/lib/python3.7/site-packages/airflow/example_dags/example_branch_labels.py
[2023-02-18T07:55:08.225+0000] {logging_mixin.py:137} INFO - [2023-02-18T07:55:08.224+0000] {dag.py:2690} INFO - Sync 1 DAGs
[2023-02-18T07:55:08.741+0000] {logging_mixin.py:137} INFO - [2023-02-18T07:55:08.741+0000] {dag.py:3441} INFO - Setting next_dagrun for example_branch_labels to 2023-02-17T00:00:00+00:00, run_after=2023-02-18T00:00:00+00:00
[2023-02-18T07:55:09.432+0000] {processor.py:175} INFO - Processing /home/airflow/.local/lib/python3.7/site-packages/airflow/example_dags/example_branch_labels.py took 3.190 seconds
[2023-02-18T07:56:14.930+0000] {processor.py:153} INFO - Started process (PID=514) to work on /home/airflow/.local/lib/python3.7/site-packages/airflow/example_dags/example_branch_labels.py
[2023-02-18T07:56:16.441+0000] {processor.py:743} INFO - Processing file /home/airflow/.local/lib/python3.7/site-packages/airflow/example_dags/example_branch_labels.py for tasks to queue
[2023-02-18T07:56:16.504+0000] {logging_mixin.py:137} INFO - [2023-02-18T07:56:16.503+0000] {dagbag.py:538} INFO - Filling up the DagBag from /home/airflow/.local/lib/python3.7/site-packages/airflow/example_dags/example_branch_labels.py
[2023-02-18T07:56:18.299+0000] {processor.py:753} INFO - DAG(s) dict_keys(['example_branch_labels']) retrieved from /home/airflow/.local/lib/python3.7/site-packages/airflow/example_dags/example_branch_labels.py
[2023-02-18T07:56:19.332+0000] {logging_mixin.py:137} INFO - [2023-02-18T07:56:19.332+0000] {dag.py:2690} INFO - Sync 1 DAGs
[2023-02-18T07:56:20.113+0000] {logging_mixin.py:137} INFO - [2023-02-18T07:56:20.112+0000] {dag.py:3441} INFO - Setting next_dagrun for example_branch_labels to 2023-02-17T00:00:00+00:00, run_after=2023-02-18T00:00:00+00:00
[2023-02-18T07:56:20.845+0000] {processor.py:175} INFO - Processing /home/airflow/.local/lib/python3.7/site-packages/airflow/example_dags/example_branch_labels.py took 5.962 seconds
[2023-02-18T07:58:24.646+0000] {processor.py:153} INFO - Started process (PID=594) to work on /home/airflow/.local/lib/python3.7/site-packages/airflow/example_dags/example_branch_labels.py
[2023-02-18T07:58:24.725+0000] {processor.py:743} INFO - Processing file /home/airflow/.local/lib/python3.7/site-packages/airflow/example_dags/example_branch_labels.py for tasks to queue
[2023-02-18T07:58:24.813+0000] {logging_mixin.py:137} INFO - [2023-02-18T07:58:24.812+0000] {dagbag.py:538} INFO - Filling up the DagBag from /home/airflow/.local/lib/python3.7/site-packages/airflow/example_dags/example_branch_labels.py
[2023-02-18T07:58:26.474+0000] {processor.py:753} INFO - DAG(s) dict_keys(['example_branch_labels']) retrieved from /home/airflow/.local/lib/python3.7/site-packages/airflow/example_dags/example_branch_labels.py
[2023-02-18T07:58:28.897+0000] {logging_mixin.py:137} INFO - [2023-02-18T07:58:28.896+0000] {dag.py:2690} INFO - Sync 1 DAGs
[2023-02-18T07:58:31.376+0000] {logging_mixin.py:137} INFO - [2023-02-18T07:58:31.375+0000] {dag.py:3441} INFO - Setting next_dagrun for example_branch_labels to 2023-02-17T00:00:00+00:00, run_after=2023-02-18T00:00:00+00:00
[2023-02-18T07:58:33.303+0000] {processor.py:175} INFO - Processing /home/airflow/.local/lib/python3.7/site-packages/airflow/example_dags/example_branch_labels.py took 9.063 seconds
[2023-02-18T08:01:22.248+0000] {processor.py:153} INFO - Started process (PID=707) to work on /home/airflow/.local/lib/python3.7/site-packages/airflow/example_dags/example_branch_labels.py
[2023-02-18T08:01:22.300+0000] {processor.py:743} INFO - Processing file /home/airflow/.local/lib/python3.7/site-packages/airflow/example_dags/example_branch_labels.py for tasks to queue
[2023-02-18T08:01:22.316+0000] {logging_mixin.py:137} INFO - [2023-02-18T08:01:22.315+0000] {dagbag.py:538} INFO - Filling up the DagBag from /home/airflow/.local/lib/python3.7/site-packages/airflow/example_dags/example_branch_labels.py
[2023-02-18T08:01:23.599+0000] {processor.py:753} INFO - DAG(s) dict_keys(['example_branch_labels']) retrieved from /home/airflow/.local/lib/python3.7/site-packages/airflow/example_dags/example_branch_labels.py
[2023-02-18T08:01:25.542+0000] {logging_mixin.py:137} INFO - [2023-02-18T08:01:25.541+0000] {dag.py:2690} INFO - Sync 1 DAGs
[2023-02-18T08:01:29.474+0000] {logging_mixin.py:137} INFO - [2023-02-18T08:01:29.473+0000] {dag.py:3441} INFO - Setting next_dagrun for example_branch_labels to 2023-02-17T00:00:00+00:00, run_after=2023-02-18T00:00:00+00:00
[2023-02-18T08:01:31.389+0000] {processor.py:175} INFO - Processing /home/airflow/.local/lib/python3.7/site-packages/airflow/example_dags/example_branch_labels.py took 9.863 seconds
[2023-02-18T08:04:48.772+0000] {processor.py:153} INFO - Started process (PID=829) to work on /home/airflow/.local/lib/python3.7/site-packages/airflow/example_dags/example_branch_labels.py
[2023-02-18T08:04:48.987+0000] {processor.py:743} INFO - Processing file /home/airflow/.local/lib/python3.7/site-packages/airflow/example_dags/example_branch_labels.py for tasks to queue
[2023-02-18T08:04:49.011+0000] {logging_mixin.py:137} INFO - [2023-02-18T08:04:49.011+0000] {dagbag.py:538} INFO - Filling up the DagBag from /home/airflow/.local/lib/python3.7/site-packages/airflow/example_dags/example_branch_labels.py
[2023-02-18T08:04:52.177+0000] {processor.py:753} INFO - DAG(s) dict_keys(['example_branch_labels']) retrieved from /home/airflow/.local/lib/python3.7/site-packages/airflow/example_dags/example_branch_labels.py
[2023-02-18T08:04:57.011+0000] {logging_mixin.py:137} INFO - [2023-02-18T08:04:57.010+0000] {dag.py:2690} INFO - Sync 1 DAGs
[2023-02-18T08:05:01.525+0000] {logging_mixin.py:137} INFO - [2023-02-18T08:05:01.477+0000] {dag.py:3441} INFO - Setting next_dagrun for example_branch_labels to 2023-02-17T00:00:00+00:00, run_after=2023-02-18T00:00:00+00:00
[2023-02-18T08:05:04.386+0000] {processor.py:175} INFO - Processing /home/airflow/.local/lib/python3.7/site-packages/airflow/example_dags/example_branch_labels.py took 16.474 seconds
[2023-02-18T08:09:28.362+0000] {processor.py:153} INFO - Started process (PID=983) to work on /home/airflow/.local/lib/python3.7/site-packages/airflow/example_dags/example_branch_labels.py
[2023-02-18T08:09:28.488+0000] {processor.py:743} INFO - Processing file /home/airflow/.local/lib/python3.7/site-packages/airflow/example_dags/example_branch_labels.py for tasks to queue
[2023-02-18T08:09:28.685+0000] {logging_mixin.py:137} INFO - [2023-02-18T08:09:28.685+0000] {dagbag.py:538} INFO - Filling up the DagBag from /home/airflow/.local/lib/python3.7/site-packages/airflow/example_dags/example_branch_labels.py
[2023-02-18T08:09:30.881+0000] {processor.py:753} INFO - DAG(s) dict_keys(['example_branch_labels']) retrieved from /home/airflow/.local/lib/python3.7/site-packages/airflow/example_dags/example_branch_labels.py
[2023-02-18T08:09:33.300+0000] {logging_mixin.py:137} INFO - [2023-02-18T08:09:33.299+0000] {dag.py:2690} INFO - Sync 1 DAGs
[2023-02-18T08:09:36.467+0000] {logging_mixin.py:137} INFO - [2023-02-18T08:09:36.466+0000] {dag.py:3441} INFO - Setting next_dagrun for example_branch_labels to 2023-02-17T00:00:00+00:00, run_after=2023-02-18T00:00:00+00:00
[2023-02-18T08:09:38.795+0000] {processor.py:175} INFO - Processing /home/airflow/.local/lib/python3.7/site-packages/airflow/example_dags/example_branch_labels.py took 11.502 seconds
[2023-02-18T08:12:54.386+0000] {processor.py:153} INFO - Started process (PID=1105) to work on /home/airflow/.local/lib/python3.7/site-packages/airflow/example_dags/example_branch_labels.py
[2023-02-18T08:12:54.418+0000] {processor.py:743} INFO - Processing file /home/airflow/.local/lib/python3.7/site-packages/airflow/example_dags/example_branch_labels.py for tasks to queue
[2023-02-18T08:12:54.421+0000] {logging_mixin.py:137} INFO - [2023-02-18T08:12:54.421+0000] {dagbag.py:538} INFO - Filling up the DagBag from /home/airflow/.local/lib/python3.7/site-packages/airflow/example_dags/example_branch_labels.py
[2023-02-18T08:12:56.226+0000] {processor.py:753} INFO - DAG(s) dict_keys(['example_branch_labels']) retrieved from /home/airflow/.local/lib/python3.7/site-packages/airflow/example_dags/example_branch_labels.py
[2023-02-18T08:12:59.818+0000] {logging_mixin.py:137} INFO - [2023-02-18T08:12:59.817+0000] {dag.py:2690} INFO - Sync 1 DAGs
[2023-02-18T08:13:03.990+0000] {logging_mixin.py:137} INFO - [2023-02-18T08:13:03.989+0000] {dag.py:3441} INFO - Setting next_dagrun for example_branch_labels to 2023-02-17T00:00:00+00:00, run_after=2023-02-18T00:00:00+00:00
[2023-02-18T08:13:06.895+0000] {processor.py:175} INFO - Processing /home/airflow/.local/lib/python3.7/site-packages/airflow/example_dags/example_branch_labels.py took 13.077 seconds
[2023-02-18T08:16:19.329+0000] {processor.py:153} INFO - Started process (PID=1235) to work on /home/airflow/.local/lib/python3.7/site-packages/airflow/example_dags/example_branch_labels.py
[2023-02-18T08:16:19.365+0000] {processor.py:743} INFO - Processing file /home/airflow/.local/lib/python3.7/site-packages/airflow/example_dags/example_branch_labels.py for tasks to queue
[2023-02-18T08:16:19.381+0000] {logging_mixin.py:137} INFO - [2023-02-18T08:16:19.380+0000] {dagbag.py:538} INFO - Filling up the DagBag from /home/airflow/.local/lib/python3.7/site-packages/airflow/example_dags/example_branch_labels.py
[2023-02-18T08:16:20.480+0000] {processor.py:753} INFO - DAG(s) dict_keys(['example_branch_labels']) retrieved from /home/airflow/.local/lib/python3.7/site-packages/airflow/example_dags/example_branch_labels.py
[2023-02-18T08:16:22.581+0000] {logging_mixin.py:137} INFO - [2023-02-18T08:16:22.581+0000] {dag.py:2690} INFO - Sync 1 DAGs
[2023-02-18T08:16:26.390+0000] {logging_mixin.py:137} INFO - [2023-02-18T08:16:26.390+0000] {dag.py:3441} INFO - Setting next_dagrun for example_branch_labels to 2023-02-17T00:00:00+00:00, run_after=2023-02-18T00:00:00+00:00
[2023-02-18T08:16:28.281+0000] {processor.py:175} INFO - Processing /home/airflow/.local/lib/python3.7/site-packages/airflow/example_dags/example_branch_labels.py took 9.259 seconds
[2023-02-18T08:19:30.046+0000] {processor.py:153} INFO - Started process (PID=1352) to work on /home/airflow/.local/lib/python3.7/site-packages/airflow/example_dags/example_branch_labels.py
[2023-02-18T08:19:30.093+0000] {processor.py:743} INFO - Processing file /home/airflow/.local/lib/python3.7/site-packages/airflow/example_dags/example_branch_labels.py for tasks to queue
[2023-02-18T08:19:30.095+0000] {logging_mixin.py:137} INFO - [2023-02-18T08:19:30.094+0000] {dagbag.py:538} INFO - Filling up the DagBag from /home/airflow/.local/lib/python3.7/site-packages/airflow/example_dags/example_branch_labels.py
[2023-02-18T08:19:32.167+0000] {processor.py:753} INFO - DAG(s) dict_keys(['example_branch_labels']) retrieved from /home/airflow/.local/lib/python3.7/site-packages/airflow/example_dags/example_branch_labels.py
[2023-02-18T08:19:33.764+0000] {logging_mixin.py:137} INFO - [2023-02-18T08:19:33.763+0000] {dag.py:2690} INFO - Sync 1 DAGs
[2023-02-18T08:19:34.910+0000] {logging_mixin.py:137} INFO - [2023-02-18T08:19:34.910+0000] {dag.py:3441} INFO - Setting next_dagrun for example_branch_labels to 2023-02-17T00:00:00+00:00, run_after=2023-02-18T00:00:00+00:00
[2023-02-18T08:19:37.172+0000] {processor.py:175} INFO - Processing /home/airflow/.local/lib/python3.7/site-packages/airflow/example_dags/example_branch_labels.py took 7.712 seconds
[2023-02-18T08:22:26.421+0000] {processor.py:153} INFO - Started process (PID=1464) to work on /home/airflow/.local/lib/python3.7/site-packages/airflow/example_dags/example_branch_labels.py
[2023-02-18T08:22:26.485+0000] {processor.py:743} INFO - Processing file /home/airflow/.local/lib/python3.7/site-packages/airflow/example_dags/example_branch_labels.py for tasks to queue
[2023-02-18T08:22:26.660+0000] {logging_mixin.py:137} INFO - [2023-02-18T08:22:26.659+0000] {dagbag.py:538} INFO - Filling up the DagBag from /home/airflow/.local/lib/python3.7/site-packages/airflow/example_dags/example_branch_labels.py
[2023-02-18T08:22:28.572+0000] {processor.py:753} INFO - DAG(s) dict_keys(['example_branch_labels']) retrieved from /home/airflow/.local/lib/python3.7/site-packages/airflow/example_dags/example_branch_labels.py
[2023-02-18T08:22:31.468+0000] {logging_mixin.py:137} INFO - [2023-02-18T08:22:31.467+0000] {dag.py:2690} INFO - Sync 1 DAGs
[2023-02-18T08:22:35.419+0000] {logging_mixin.py:137} INFO - [2023-02-18T08:22:35.418+0000] {dag.py:3441} INFO - Setting next_dagrun for example_branch_labels to 2023-02-17T00:00:00+00:00, run_after=2023-02-18T00:00:00+00:00
[2023-02-18T08:22:37.017+0000] {processor.py:175} INFO - Processing /home/airflow/.local/lib/python3.7/site-packages/airflow/example_dags/example_branch_labels.py took 11.028 seconds
[2023-02-18T08:25:39.911+0000] {processor.py:153} INFO - Started process (PID=1583) to work on /home/airflow/.local/lib/python3.7/site-packages/airflow/example_dags/example_branch_labels.py
[2023-02-18T08:25:40.173+0000] {processor.py:743} INFO - Processing file /home/airflow/.local/lib/python3.7/site-packages/airflow/example_dags/example_branch_labels.py for tasks to queue
[2023-02-18T08:25:40.204+0000] {logging_mixin.py:137} INFO - [2023-02-18T08:25:40.176+0000] {dagbag.py:538} INFO - Filling up the DagBag from /home/airflow/.local/lib/python3.7/site-packages/airflow/example_dags/example_branch_labels.py
[2023-02-18T08:25:42.177+0000] {processor.py:753} INFO - DAG(s) dict_keys(['example_branch_labels']) retrieved from /home/airflow/.local/lib/python3.7/site-packages/airflow/example_dags/example_branch_labels.py
[2023-02-18T08:25:46.728+0000] {logging_mixin.py:137} INFO - [2023-02-18T08:25:46.727+0000] {dag.py:2690} INFO - Sync 1 DAGs
[2023-02-18T08:25:51.561+0000] {logging_mixin.py:137} INFO - [2023-02-18T08:25:51.560+0000] {dag.py:3441} INFO - Setting next_dagrun for example_branch_labels to 2023-02-17T00:00:00+00:00, run_after=2023-02-18T00:00:00+00:00
[2023-02-18T08:25:53.585+0000] {processor.py:175} INFO - Processing /home/airflow/.local/lib/python3.7/site-packages/airflow/example_dags/example_branch_labels.py took 14.661 seconds
[2023-02-18T08:31:25.805+0000] {processor.py:153} INFO - Started process (PID=1763) to work on /home/airflow/.local/lib/python3.7/site-packages/airflow/example_dags/example_branch_labels.py
[2023-02-18T08:31:26.004+0000] {processor.py:743} INFO - Processing file /home/airflow/.local/lib/python3.7/site-packages/airflow/example_dags/example_branch_labels.py for tasks to queue
[2023-02-18T08:31:26.170+0000] {logging_mixin.py:137} INFO - [2023-02-18T08:31:26.140+0000] {dagbag.py:538} INFO - Filling up the DagBag from /home/airflow/.local/lib/python3.7/site-packages/airflow/example_dags/example_branch_labels.py
[2023-02-18T08:31:27.259+0000] {processor.py:753} INFO - DAG(s) dict_keys(['example_branch_labels']) retrieved from /home/airflow/.local/lib/python3.7/site-packages/airflow/example_dags/example_branch_labels.py
[2023-02-18T08:31:34.735+0000] {logging_mixin.py:137} INFO - [2023-02-18T08:31:34.734+0000] {dag.py:2690} INFO - Sync 1 DAGs
[2023-02-18T08:31:43.469+0000] {logging_mixin.py:137} INFO - [2023-02-18T08:31:43.216+0000] {dag.py:3441} INFO - Setting next_dagrun for example_branch_labels to 2023-02-17T00:00:00+00:00, run_after=2023-02-18T00:00:00+00:00
[2023-02-18T08:31:47.279+0000] {processor.py:175} INFO - Processing /home/airflow/.local/lib/python3.7/site-packages/airflow/example_dags/example_branch_labels.py took 22.100 seconds
[2023-02-18T08:40:55.172+0000] {processor.py:153} INFO - Started process (PID=2048) to work on /home/airflow/.local/lib/python3.7/site-packages/airflow/example_dags/example_branch_labels.py
[2023-02-18T08:40:55.717+0000] {processor.py:743} INFO - Processing file /home/airflow/.local/lib/python3.7/site-packages/airflow/example_dags/example_branch_labels.py for tasks to queue
[2023-02-18T08:40:56.356+0000] {logging_mixin.py:137} INFO - [2023-02-18T08:40:56.355+0000] {dagbag.py:538} INFO - Filling up the DagBag from /home/airflow/.local/lib/python3.7/site-packages/airflow/example_dags/example_branch_labels.py
[2023-02-18T08:41:02.119+0000] {processor.py:753} INFO - DAG(s) dict_keys(['example_branch_labels']) retrieved from /home/airflow/.local/lib/python3.7/site-packages/airflow/example_dags/example_branch_labels.py
[2023-02-18T08:41:10.558+0000] {logging_mixin.py:137} INFO - [2023-02-18T08:41:10.557+0000] {dag.py:2690} INFO - Sync 1 DAGs
[2023-02-18T08:41:15.540+0000] {logging_mixin.py:137} INFO - [2023-02-18T08:41:15.511+0000] {dag.py:3441} INFO - Setting next_dagrun for example_branch_labels to 2023-02-17T00:00:00+00:00, run_after=2023-02-18T00:00:00+00:00
[2023-02-18T08:41:31.676+0000] {processor.py:175} INFO - Processing /home/airflow/.local/lib/python3.7/site-packages/airflow/example_dags/example_branch_labels.py took 38.578 seconds
[2023-02-18T09:51:42.992+0000] {processor.py:153} INFO - Started process (PID=158) to work on /home/airflow/.local/lib/python3.7/site-packages/airflow/example_dags/example_branch_labels.py
[2023-02-18T09:51:43.027+0000] {processor.py:743} INFO - Processing file /home/airflow/.local/lib/python3.7/site-packages/airflow/example_dags/example_branch_labels.py for tasks to queue
[2023-02-18T09:51:43.046+0000] {logging_mixin.py:137} INFO - [2023-02-18T09:51:43.045+0000] {dagbag.py:538} INFO - Filling up the DagBag from /home/airflow/.local/lib/python3.7/site-packages/airflow/example_dags/example_branch_labels.py
[2023-02-18T09:51:43.305+0000] {processor.py:753} INFO - DAG(s) dict_keys(['example_branch_labels']) retrieved from /home/airflow/.local/lib/python3.7/site-packages/airflow/example_dags/example_branch_labels.py
[2023-02-18T09:51:45.029+0000] {logging_mixin.py:137} INFO - [2023-02-18T09:51:45.028+0000] {dag.py:2690} INFO - Sync 1 DAGs
[2023-02-18T09:51:47.075+0000] {logging_mixin.py:137} INFO - [2023-02-18T09:51:46.939+0000] {dag.py:3441} INFO - Setting next_dagrun for example_branch_labels to 2023-02-17T00:00:00+00:00, run_after=2023-02-18T00:00:00+00:00
[2023-02-18T09:51:48.253+0000] {processor.py:175} INFO - Processing /home/airflow/.local/lib/python3.7/site-packages/airflow/example_dags/example_branch_labels.py took 5.408 seconds
[2023-02-18T09:53:30.680+0000] {processor.py:153} INFO - Started process (PID=246) to work on /home/airflow/.local/lib/python3.7/site-packages/airflow/example_dags/example_branch_labels.py
[2023-02-18T09:53:30.734+0000] {processor.py:743} INFO - Processing file /home/airflow/.local/lib/python3.7/site-packages/airflow/example_dags/example_branch_labels.py for tasks to queue
[2023-02-18T09:53:30.796+0000] {logging_mixin.py:137} INFO - [2023-02-18T09:53:30.767+0000] {dagbag.py:538} INFO - Filling up the DagBag from /home/airflow/.local/lib/python3.7/site-packages/airflow/example_dags/example_branch_labels.py
[2023-02-18T09:53:31.372+0000] {processor.py:753} INFO - DAG(s) dict_keys(['example_branch_labels']) retrieved from /home/airflow/.local/lib/python3.7/site-packages/airflow/example_dags/example_branch_labels.py
[2023-02-18T09:53:32.426+0000] {logging_mixin.py:137} INFO - [2023-02-18T09:53:32.426+0000] {dag.py:2690} INFO - Sync 1 DAGs
[2023-02-18T09:53:33.883+0000] {logging_mixin.py:137} INFO - [2023-02-18T09:53:33.883+0000] {dag.py:3441} INFO - Setting next_dagrun for example_branch_labels to 2023-02-17T00:00:00+00:00, run_after=2023-02-18T00:00:00+00:00
[2023-02-18T09:53:34.330+0000] {processor.py:175} INFO - Processing /home/airflow/.local/lib/python3.7/site-packages/airflow/example_dags/example_branch_labels.py took 3.703 seconds
[2023-02-18T09:54:50.846+0000] {processor.py:153} INFO - Started process (PID=325) to work on /home/airflow/.local/lib/python3.7/site-packages/airflow/example_dags/example_branch_labels.py
[2023-02-18T09:54:50.894+0000] {processor.py:743} INFO - Processing file /home/airflow/.local/lib/python3.7/site-packages/airflow/example_dags/example_branch_labels.py for tasks to queue
[2023-02-18T09:54:50.939+0000] {logging_mixin.py:137} INFO - [2023-02-18T09:54:50.939+0000] {dagbag.py:538} INFO - Filling up the DagBag from /home/airflow/.local/lib/python3.7/site-packages/airflow/example_dags/example_branch_labels.py
[2023-02-18T09:54:51.762+0000] {processor.py:753} INFO - DAG(s) dict_keys(['example_branch_labels']) retrieved from /home/airflow/.local/lib/python3.7/site-packages/airflow/example_dags/example_branch_labels.py
[2023-02-18T09:54:53.237+0000] {logging_mixin.py:137} INFO - [2023-02-18T09:54:53.237+0000] {dag.py:2690} INFO - Sync 1 DAGs
[2023-02-18T09:54:54.104+0000] {logging_mixin.py:137} INFO - [2023-02-18T09:54:54.104+0000] {dag.py:3441} INFO - Setting next_dagrun for example_branch_labels to 2023-02-17T00:00:00+00:00, run_after=2023-02-18T00:00:00+00:00
[2023-02-18T09:54:55.231+0000] {processor.py:175} INFO - Processing /home/airflow/.local/lib/python3.7/site-packages/airflow/example_dags/example_branch_labels.py took 4.430 seconds
[2023-02-18T09:56:09.065+0000] {processor.py:153} INFO - Started process (PID=386) to work on /home/airflow/.local/lib/python3.7/site-packages/airflow/example_dags/example_branch_labels.py
[2023-02-18T09:56:09.165+0000] {processor.py:743} INFO - Processing file /home/airflow/.local/lib/python3.7/site-packages/airflow/example_dags/example_branch_labels.py for tasks to queue
[2023-02-18T09:56:09.180+0000] {logging_mixin.py:137} INFO - [2023-02-18T09:56:09.168+0000] {dagbag.py:538} INFO - Filling up the DagBag from /home/airflow/.local/lib/python3.7/site-packages/airflow/example_dags/example_branch_labels.py
[2023-02-18T09:56:09.501+0000] {processor.py:753} INFO - DAG(s) dict_keys(['example_branch_labels']) retrieved from /home/airflow/.local/lib/python3.7/site-packages/airflow/example_dags/example_branch_labels.py
[2023-02-18T09:56:12.849+0000] {logging_mixin.py:137} INFO - [2023-02-18T09:56:12.812+0000] {dag.py:2690} INFO - Sync 1 DAGs
[2023-02-18T09:56:17.792+0000] {logging_mixin.py:137} INFO - [2023-02-18T09:56:17.786+0000] {dag.py:3441} INFO - Setting next_dagrun for example_branch_labels to 2023-02-17T00:00:00+00:00, run_after=2023-02-18T00:00:00+00:00
[2023-02-18T09:56:20.371+0000] {processor.py:175} INFO - Processing /home/airflow/.local/lib/python3.7/site-packages/airflow/example_dags/example_branch_labels.py took 11.516 seconds
[2023-02-18T09:58:49.035+0000] {processor.py:153} INFO - Started process (PID=485) to work on /home/airflow/.local/lib/python3.7/site-packages/airflow/example_dags/example_branch_labels.py
[2023-02-18T09:58:49.069+0000] {processor.py:743} INFO - Processing file /home/airflow/.local/lib/python3.7/site-packages/airflow/example_dags/example_branch_labels.py for tasks to queue
[2023-02-18T09:58:49.215+0000] {logging_mixin.py:137} INFO - [2023-02-18T09:58:49.150+0000] {dagbag.py:538} INFO - Filling up the DagBag from /home/airflow/.local/lib/python3.7/site-packages/airflow/example_dags/example_branch_labels.py
[2023-02-18T09:58:50.761+0000] {processor.py:753} INFO - DAG(s) dict_keys(['example_branch_labels']) retrieved from /home/airflow/.local/lib/python3.7/site-packages/airflow/example_dags/example_branch_labels.py
[2023-02-18T09:58:52.784+0000] {logging_mixin.py:137} INFO - [2023-02-18T09:58:52.783+0000] {dag.py:2690} INFO - Sync 1 DAGs
[2023-02-18T09:58:55.604+0000] {logging_mixin.py:137} INFO - [2023-02-18T09:58:55.394+0000] {dag.py:3441} INFO - Setting next_dagrun for example_branch_labels to 2023-02-17T00:00:00+00:00, run_after=2023-02-18T00:00:00+00:00
[2023-02-18T09:58:56.861+0000] {processor.py:175} INFO - Processing /home/airflow/.local/lib/python3.7/site-packages/airflow/example_dags/example_branch_labels.py took 8.245 seconds
[2023-02-18T10:00:51.179+0000] {processor.py:153} INFO - Started process (PID=570) to work on /home/airflow/.local/lib/python3.7/site-packages/airflow/example_dags/example_branch_labels.py
[2023-02-18T10:00:51.231+0000] {processor.py:743} INFO - Processing file /home/airflow/.local/lib/python3.7/site-packages/airflow/example_dags/example_branch_labels.py for tasks to queue
[2023-02-18T10:00:51.389+0000] {logging_mixin.py:137} INFO - [2023-02-18T10:00:51.234+0000] {dagbag.py:538} INFO - Filling up the DagBag from /home/airflow/.local/lib/python3.7/site-packages/airflow/example_dags/example_branch_labels.py
[2023-02-18T10:00:52.285+0000] {processor.py:753} INFO - DAG(s) dict_keys(['example_branch_labels']) retrieved from /home/airflow/.local/lib/python3.7/site-packages/airflow/example_dags/example_branch_labels.py
[2023-02-18T10:00:53.472+0000] {logging_mixin.py:137} INFO - [2023-02-18T10:00:53.472+0000] {dag.py:2690} INFO - Sync 1 DAGs
[2023-02-18T10:00:55.536+0000] {logging_mixin.py:137} INFO - [2023-02-18T10:00:55.536+0000] {dag.py:3441} INFO - Setting next_dagrun for example_branch_labels to 2023-02-17T00:00:00+00:00, run_after=2023-02-18T00:00:00+00:00
[2023-02-18T10:00:56.532+0000] {processor.py:175} INFO - Processing /home/airflow/.local/lib/python3.7/site-packages/airflow/example_dags/example_branch_labels.py took 5.554 seconds
[2023-02-18T10:02:23.571+0000] {processor.py:153} INFO - Started process (PID=635) to work on /home/airflow/.local/lib/python3.7/site-packages/airflow/example_dags/example_branch_labels.py
[2023-02-18T10:02:23.600+0000] {processor.py:743} INFO - Processing file /home/airflow/.local/lib/python3.7/site-packages/airflow/example_dags/example_branch_labels.py for tasks to queue
[2023-02-18T10:02:23.616+0000] {logging_mixin.py:137} INFO - [2023-02-18T10:02:23.602+0000] {dagbag.py:538} INFO - Filling up the DagBag from /home/airflow/.local/lib/python3.7/site-packages/airflow/example_dags/example_branch_labels.py
[2023-02-18T10:02:24.764+0000] {processor.py:753} INFO - DAG(s) dict_keys(['example_branch_labels']) retrieved from /home/airflow/.local/lib/python3.7/site-packages/airflow/example_dags/example_branch_labels.py
[2023-02-18T10:02:25.966+0000] {logging_mixin.py:137} INFO - [2023-02-18T10:02:25.952+0000] {dag.py:2690} INFO - Sync 1 DAGs
[2023-02-18T10:02:28.863+0000] {logging_mixin.py:137} INFO - [2023-02-18T10:02:28.863+0000] {dag.py:3441} INFO - Setting next_dagrun for example_branch_labels to 2023-02-17T00:00:00+00:00, run_after=2023-02-18T00:00:00+00:00
[2023-02-18T10:02:30.179+0000] {processor.py:175} INFO - Processing /home/airflow/.local/lib/python3.7/site-packages/airflow/example_dags/example_branch_labels.py took 7.097 seconds
[2023-02-18T10:04:35.384+0000] {processor.py:153} INFO - Started process (PID=719) to work on /home/airflow/.local/lib/python3.7/site-packages/airflow/example_dags/example_branch_labels.py
[2023-02-18T10:04:35.555+0000] {processor.py:743} INFO - Processing file /home/airflow/.local/lib/python3.7/site-packages/airflow/example_dags/example_branch_labels.py for tasks to queue
[2023-02-18T10:04:35.586+0000] {logging_mixin.py:137} INFO - [2023-02-18T10:04:35.586+0000] {dagbag.py:538} INFO - Filling up the DagBag from /home/airflow/.local/lib/python3.7/site-packages/airflow/example_dags/example_branch_labels.py
[2023-02-18T10:04:36.424+0000] {processor.py:753} INFO - DAG(s) dict_keys(['example_branch_labels']) retrieved from /home/airflow/.local/lib/python3.7/site-packages/airflow/example_dags/example_branch_labels.py
[2023-02-18T10:04:38.592+0000] {logging_mixin.py:137} INFO - [2023-02-18T10:04:38.591+0000] {dag.py:2690} INFO - Sync 1 DAGs
[2023-02-18T10:04:41.555+0000] {logging_mixin.py:137} INFO - [2023-02-18T10:04:41.555+0000] {dag.py:3441} INFO - Setting next_dagrun for example_branch_labels to 2023-02-17T00:00:00+00:00, run_after=2023-02-18T00:00:00+00:00
[2023-02-18T10:04:43.438+0000] {processor.py:175} INFO - Processing /home/airflow/.local/lib/python3.7/site-packages/airflow/example_dags/example_branch_labels.py took 8.453 seconds
[2023-02-18T10:07:37.737+0000] {processor.py:153} INFO - Started process (PID=833) to work on /home/airflow/.local/lib/python3.7/site-packages/airflow/example_dags/example_branch_labels.py
[2023-02-18T10:07:37.769+0000] {processor.py:743} INFO - Processing file /home/airflow/.local/lib/python3.7/site-packages/airflow/example_dags/example_branch_labels.py for tasks to queue
[2023-02-18T10:07:37.771+0000] {logging_mixin.py:137} INFO - [2023-02-18T10:07:37.771+0000] {dagbag.py:538} INFO - Filling up the DagBag from /home/airflow/.local/lib/python3.7/site-packages/airflow/example_dags/example_branch_labels.py
[2023-02-18T10:07:39.326+0000] {processor.py:753} INFO - DAG(s) dict_keys(['example_branch_labels']) retrieved from /home/airflow/.local/lib/python3.7/site-packages/airflow/example_dags/example_branch_labels.py
[2023-02-18T10:07:41.810+0000] {logging_mixin.py:137} INFO - [2023-02-18T10:07:41.810+0000] {dag.py:2690} INFO - Sync 1 DAGs
[2023-02-18T10:07:44.418+0000] {logging_mixin.py:137} INFO - [2023-02-18T10:07:44.418+0000] {dag.py:3441} INFO - Setting next_dagrun for example_branch_labels to 2023-02-17T00:00:00+00:00, run_after=2023-02-18T00:00:00+00:00
[2023-02-18T10:07:48.255+0000] {processor.py:175} INFO - Processing /home/airflow/.local/lib/python3.7/site-packages/airflow/example_dags/example_branch_labels.py took 11.084 seconds
