[2023-02-18T07:48:43.178+0000] {processor.py:153} INFO - Started process (PID=114) to work on /home/airflow/.local/lib/python3.7/site-packages/airflow/example_dags/example_branch_operator_decorator.py
[2023-02-18T07:48:43.207+0000] {processor.py:743} INFO - Processing file /home/airflow/.local/lib/python3.7/site-packages/airflow/example_dags/example_branch_operator_decorator.py for tasks to queue
[2023-02-18T07:48:43.210+0000] {logging_mixin.py:137} INFO - [2023-02-18T07:48:43.209+0000] {dagbag.py:538} INFO - Filling up the DagBag from /home/airflow/.local/lib/python3.7/site-packages/airflow/example_dags/example_branch_operator_decorator.py
[2023-02-18T07:48:44.327+0000] {processor.py:753} INFO - DAG(s) dict_keys(['example_branch_python_operator_decorator']) retrieved from /home/airflow/.local/lib/python3.7/site-packages/airflow/example_dags/example_branch_operator_decorator.py
[2023-02-18T07:48:45.273+0000] {logging_mixin.py:137} INFO - [2023-02-18T07:48:45.273+0000] {dag.py:2690} INFO - Sync 1 DAGs
[2023-02-18T07:48:45.962+0000] {logging_mixin.py:137} INFO - [2023-02-18T07:48:45.962+0000] {dag.py:3441} INFO - Setting next_dagrun for example_branch_python_operator_decorator to 2023-02-17T00:00:00+00:00, run_after=2023-02-18T00:00:00+00:00
[2023-02-18T07:48:46.781+0000] {processor.py:175} INFO - Processing /home/airflow/.local/lib/python3.7/site-packages/airflow/example_dags/example_branch_operator_decorator.py took 3.736 seconds
[2023-02-18T07:50:09.528+0000] {processor.py:153} INFO - Started process (PID=189) to work on /home/airflow/.local/lib/python3.7/site-packages/airflow/example_dags/example_branch_operator_decorator.py
[2023-02-18T07:50:09.594+0000] {processor.py:743} INFO - Processing file /home/airflow/.local/lib/python3.7/site-packages/airflow/example_dags/example_branch_operator_decorator.py for tasks to queue
[2023-02-18T07:50:09.694+0000] {logging_mixin.py:137} INFO - [2023-02-18T07:50:09.643+0000] {dagbag.py:538} INFO - Filling up the DagBag from /home/airflow/.local/lib/python3.7/site-packages/airflow/example_dags/example_branch_operator_decorator.py
[2023-02-18T07:50:10.446+0000] {processor.py:753} INFO - DAG(s) dict_keys(['example_branch_python_operator_decorator']) retrieved from /home/airflow/.local/lib/python3.7/site-packages/airflow/example_dags/example_branch_operator_decorator.py
[2023-02-18T07:50:11.441+0000] {logging_mixin.py:137} INFO - [2023-02-18T07:50:11.440+0000] {dag.py:2690} INFO - Sync 1 DAGs
[2023-02-18T07:50:11.872+0000] {logging_mixin.py:137} INFO - [2023-02-18T07:50:11.871+0000] {dag.py:3441} INFO - Setting next_dagrun for example_branch_python_operator_decorator to 2023-02-17T00:00:00+00:00, run_after=2023-02-18T00:00:00+00:00
[2023-02-18T07:50:12.402+0000] {processor.py:175} INFO - Processing /home/airflow/.local/lib/python3.7/site-packages/airflow/example_dags/example_branch_operator_decorator.py took 2.976 seconds
[2023-02-18T07:51:06.812+0000] {processor.py:153} INFO - Started process (PID=234) to work on /home/airflow/.local/lib/python3.7/site-packages/airflow/example_dags/example_branch_operator_decorator.py
[2023-02-18T07:51:07.242+0000] {processor.py:743} INFO - Processing file /home/airflow/.local/lib/python3.7/site-packages/airflow/example_dags/example_branch_operator_decorator.py for tasks to queue
[2023-02-18T07:51:07.244+0000] {logging_mixin.py:137} INFO - [2023-02-18T07:51:07.244+0000] {dagbag.py:538} INFO - Filling up the DagBag from /home/airflow/.local/lib/python3.7/site-packages/airflow/example_dags/example_branch_operator_decorator.py
[2023-02-18T07:51:08.475+0000] {processor.py:753} INFO - DAG(s) dict_keys(['example_branch_python_operator_decorator']) retrieved from /home/airflow/.local/lib/python3.7/site-packages/airflow/example_dags/example_branch_operator_decorator.py
[2023-02-18T07:51:10.624+0000] {logging_mixin.py:137} INFO - [2023-02-18T07:51:10.623+0000] {dag.py:2690} INFO - Sync 1 DAGs
[2023-02-18T07:51:11.946+0000] {logging_mixin.py:137} INFO - [2023-02-18T07:51:11.946+0000] {dag.py:3441} INFO - Setting next_dagrun for example_branch_python_operator_decorator to 2023-02-17T00:00:00+00:00, run_after=2023-02-18T00:00:00+00:00
[2023-02-18T07:51:12.447+0000] {processor.py:175} INFO - Processing /home/airflow/.local/lib/python3.7/site-packages/airflow/example_dags/example_branch_operator_decorator.py took 6.000 seconds
[2023-02-18T07:52:03.158+0000] {processor.py:153} INFO - Started process (PID=287) to work on /home/airflow/.local/lib/python3.7/site-packages/airflow/example_dags/example_branch_operator_decorator.py
[2023-02-18T07:52:03.190+0000] {processor.py:743} INFO - Processing file /home/airflow/.local/lib/python3.7/site-packages/airflow/example_dags/example_branch_operator_decorator.py for tasks to queue
[2023-02-18T07:52:03.192+0000] {logging_mixin.py:137} INFO - [2023-02-18T07:52:03.191+0000] {dagbag.py:538} INFO - Filling up the DagBag from /home/airflow/.local/lib/python3.7/site-packages/airflow/example_dags/example_branch_operator_decorator.py
[2023-02-18T07:52:04.073+0000] {processor.py:753} INFO - DAG(s) dict_keys(['example_branch_python_operator_decorator']) retrieved from /home/airflow/.local/lib/python3.7/site-packages/airflow/example_dags/example_branch_operator_decorator.py
[2023-02-18T07:52:04.727+0000] {logging_mixin.py:137} INFO - [2023-02-18T07:52:04.727+0000] {dag.py:2690} INFO - Sync 1 DAGs
[2023-02-18T07:52:05.561+0000] {logging_mixin.py:137} INFO - [2023-02-18T07:52:05.561+0000] {dag.py:3441} INFO - Setting next_dagrun for example_branch_python_operator_decorator to 2023-02-17T00:00:00+00:00, run_after=2023-02-18T00:00:00+00:00
[2023-02-18T07:52:06.285+0000] {processor.py:175} INFO - Processing /home/airflow/.local/lib/python3.7/site-packages/airflow/example_dags/example_branch_operator_decorator.py took 3.283 seconds
[2023-02-18T07:53:30.910+0000] {processor.py:153} INFO - Started process (PID=374) to work on /home/airflow/.local/lib/python3.7/site-packages/airflow/example_dags/example_branch_operator_decorator.py
[2023-02-18T07:53:30.953+0000] {processor.py:743} INFO - Processing file /home/airflow/.local/lib/python3.7/site-packages/airflow/example_dags/example_branch_operator_decorator.py for tasks to queue
[2023-02-18T07:53:30.955+0000] {logging_mixin.py:137} INFO - [2023-02-18T07:53:30.955+0000] {dagbag.py:538} INFO - Filling up the DagBag from /home/airflow/.local/lib/python3.7/site-packages/airflow/example_dags/example_branch_operator_decorator.py
[2023-02-18T07:53:31.969+0000] {processor.py:753} INFO - DAG(s) dict_keys(['example_branch_python_operator_decorator']) retrieved from /home/airflow/.local/lib/python3.7/site-packages/airflow/example_dags/example_branch_operator_decorator.py
[2023-02-18T07:53:33.428+0000] {logging_mixin.py:137} INFO - [2023-02-18T07:53:33.428+0000] {dag.py:2690} INFO - Sync 1 DAGs
[2023-02-18T07:53:34.301+0000] {logging_mixin.py:137} INFO - [2023-02-18T07:53:34.300+0000] {dag.py:3441} INFO - Setting next_dagrun for example_branch_python_operator_decorator to 2023-02-17T00:00:00+00:00, run_after=2023-02-18T00:00:00+00:00
[2023-02-18T07:53:34.920+0000] {processor.py:175} INFO - Processing /home/airflow/.local/lib/python3.7/site-packages/airflow/example_dags/example_branch_operator_decorator.py took 4.110 seconds
[2023-02-18T07:55:08.465+0000] {processor.py:153} INFO - Started process (PID=459) to work on /home/airflow/.local/lib/python3.7/site-packages/airflow/example_dags/example_branch_operator_decorator.py
[2023-02-18T07:55:08.486+0000] {processor.py:743} INFO - Processing file /home/airflow/.local/lib/python3.7/site-packages/airflow/example_dags/example_branch_operator_decorator.py for tasks to queue
[2023-02-18T07:55:08.518+0000] {logging_mixin.py:137} INFO - [2023-02-18T07:55:08.518+0000] {dagbag.py:538} INFO - Filling up the DagBag from /home/airflow/.local/lib/python3.7/site-packages/airflow/example_dags/example_branch_operator_decorator.py
[2023-02-18T07:55:09.701+0000] {processor.py:753} INFO - DAG(s) dict_keys(['example_branch_python_operator_decorator']) retrieved from /home/airflow/.local/lib/python3.7/site-packages/airflow/example_dags/example_branch_operator_decorator.py
[2023-02-18T07:55:10.675+0000] {logging_mixin.py:137} INFO - [2023-02-18T07:55:10.674+0000] {dag.py:2690} INFO - Sync 1 DAGs
[2023-02-18T07:55:11.401+0000] {logging_mixin.py:137} INFO - [2023-02-18T07:55:11.400+0000] {dag.py:3441} INFO - Setting next_dagrun for example_branch_python_operator_decorator to 2023-02-17T00:00:00+00:00, run_after=2023-02-18T00:00:00+00:00
[2023-02-18T07:55:11.900+0000] {processor.py:175} INFO - Processing /home/airflow/.local/lib/python3.7/site-packages/airflow/example_dags/example_branch_operator_decorator.py took 3.491 seconds
[2023-02-18T07:56:18.862+0000] {processor.py:153} INFO - Started process (PID=516) to work on /home/airflow/.local/lib/python3.7/site-packages/airflow/example_dags/example_branch_operator_decorator.py
[2023-02-18T07:56:19.006+0000] {processor.py:743} INFO - Processing file /home/airflow/.local/lib/python3.7/site-packages/airflow/example_dags/example_branch_operator_decorator.py for tasks to queue
[2023-02-18T07:56:19.008+0000] {logging_mixin.py:137} INFO - [2023-02-18T07:56:19.007+0000] {dagbag.py:538} INFO - Filling up the DagBag from /home/airflow/.local/lib/python3.7/site-packages/airflow/example_dags/example_branch_operator_decorator.py
[2023-02-18T07:56:20.047+0000] {processor.py:753} INFO - DAG(s) dict_keys(['example_branch_python_operator_decorator']) retrieved from /home/airflow/.local/lib/python3.7/site-packages/airflow/example_dags/example_branch_operator_decorator.py
[2023-02-18T07:56:20.603+0000] {logging_mixin.py:137} INFO - [2023-02-18T07:56:20.603+0000] {dag.py:2690} INFO - Sync 1 DAGs
[2023-02-18T07:56:21.845+0000] {logging_mixin.py:137} INFO - [2023-02-18T07:56:21.844+0000] {dag.py:3441} INFO - Setting next_dagrun for example_branch_python_operator_decorator to 2023-02-17T00:00:00+00:00, run_after=2023-02-18T00:00:00+00:00
[2023-02-18T07:56:22.696+0000] {processor.py:175} INFO - Processing /home/airflow/.local/lib/python3.7/site-packages/airflow/example_dags/example_branch_operator_decorator.py took 4.030 seconds
[2023-02-18T07:58:34.379+0000] {processor.py:153} INFO - Started process (PID=597) to work on /home/airflow/.local/lib/python3.7/site-packages/airflow/example_dags/example_branch_operator_decorator.py
[2023-02-18T07:58:34.640+0000] {processor.py:743} INFO - Processing file /home/airflow/.local/lib/python3.7/site-packages/airflow/example_dags/example_branch_operator_decorator.py for tasks to queue
[2023-02-18T07:58:34.779+0000] {logging_mixin.py:137} INFO - [2023-02-18T07:58:34.778+0000] {dagbag.py:538} INFO - Filling up the DagBag from /home/airflow/.local/lib/python3.7/site-packages/airflow/example_dags/example_branch_operator_decorator.py
[2023-02-18T07:58:36.939+0000] {processor.py:753} INFO - DAG(s) dict_keys(['example_branch_python_operator_decorator']) retrieved from /home/airflow/.local/lib/python3.7/site-packages/airflow/example_dags/example_branch_operator_decorator.py
[2023-02-18T07:58:38.792+0000] {logging_mixin.py:137} INFO - [2023-02-18T07:58:38.791+0000] {dag.py:2690} INFO - Sync 1 DAGs
[2023-02-18T07:58:41.699+0000] {logging_mixin.py:137} INFO - [2023-02-18T07:58:41.698+0000] {dag.py:3441} INFO - Setting next_dagrun for example_branch_python_operator_decorator to 2023-02-17T00:00:00+00:00, run_after=2023-02-18T00:00:00+00:00
[2023-02-18T07:58:43.484+0000] {processor.py:175} INFO - Processing /home/airflow/.local/lib/python3.7/site-packages/airflow/example_dags/example_branch_operator_decorator.py took 9.547 seconds
[2023-02-18T08:01:30.605+0000] {processor.py:153} INFO - Started process (PID=710) to work on /home/airflow/.local/lib/python3.7/site-packages/airflow/example_dags/example_branch_operator_decorator.py
[2023-02-18T08:01:30.785+0000] {processor.py:743} INFO - Processing file /home/airflow/.local/lib/python3.7/site-packages/airflow/example_dags/example_branch_operator_decorator.py for tasks to queue
[2023-02-18T08:01:30.787+0000] {logging_mixin.py:137} INFO - [2023-02-18T08:01:30.787+0000] {dagbag.py:538} INFO - Filling up the DagBag from /home/airflow/.local/lib/python3.7/site-packages/airflow/example_dags/example_branch_operator_decorator.py
[2023-02-18T08:01:34.389+0000] {processor.py:753} INFO - DAG(s) dict_keys(['example_branch_python_operator_decorator']) retrieved from /home/airflow/.local/lib/python3.7/site-packages/airflow/example_dags/example_branch_operator_decorator.py
[2023-02-18T08:01:36.876+0000] {logging_mixin.py:137} INFO - [2023-02-18T08:01:36.875+0000] {dag.py:2690} INFO - Sync 1 DAGs
[2023-02-18T08:01:39.710+0000] {logging_mixin.py:137} INFO - [2023-02-18T08:01:39.709+0000] {dag.py:3441} INFO - Setting next_dagrun for example_branch_python_operator_decorator to 2023-02-17T00:00:00+00:00, run_after=2023-02-18T00:00:00+00:00
[2023-02-18T08:01:41.438+0000] {processor.py:175} INFO - Processing /home/airflow/.local/lib/python3.7/site-packages/airflow/example_dags/example_branch_operator_decorator.py took 11.206 seconds
[2023-02-18T08:05:01.336+0000] {processor.py:153} INFO - Started process (PID=832) to work on /home/airflow/.local/lib/python3.7/site-packages/airflow/example_dags/example_branch_operator_decorator.py
[2023-02-18T08:05:01.564+0000] {processor.py:743} INFO - Processing file /home/airflow/.local/lib/python3.7/site-packages/airflow/example_dags/example_branch_operator_decorator.py for tasks to queue
[2023-02-18T08:05:01.567+0000] {logging_mixin.py:137} INFO - [2023-02-18T08:05:01.566+0000] {dagbag.py:538} INFO - Filling up the DagBag from /home/airflow/.local/lib/python3.7/site-packages/airflow/example_dags/example_branch_operator_decorator.py
[2023-02-18T08:05:07.289+0000] {processor.py:753} INFO - DAG(s) dict_keys(['example_branch_python_operator_decorator']) retrieved from /home/airflow/.local/lib/python3.7/site-packages/airflow/example_dags/example_branch_operator_decorator.py
[2023-02-18T08:05:13.967+0000] {logging_mixin.py:137} INFO - [2023-02-18T08:05:13.967+0000] {dag.py:2690} INFO - Sync 1 DAGs
[2023-02-18T08:05:17.505+0000] {logging_mixin.py:137} INFO - [2023-02-18T08:05:17.504+0000] {dag.py:3441} INFO - Setting next_dagrun for example_branch_python_operator_decorator to 2023-02-17T00:00:00+00:00, run_after=2023-02-18T00:00:00+00:00
[2023-02-18T08:05:21.475+0000] {processor.py:175} INFO - Processing /home/airflow/.local/lib/python3.7/site-packages/airflow/example_dags/example_branch_operator_decorator.py took 20.624 seconds
[2023-02-18T08:09:33.730+0000] {processor.py:153} INFO - Started process (PID=991) to work on /home/airflow/.local/lib/python3.7/site-packages/airflow/example_dags/example_branch_operator_decorator.py
[2023-02-18T08:09:34.011+0000] {processor.py:743} INFO - Processing file /home/airflow/.local/lib/python3.7/site-packages/airflow/example_dags/example_branch_operator_decorator.py for tasks to queue
[2023-02-18T08:09:34.016+0000] {logging_mixin.py:137} INFO - [2023-02-18T08:09:34.015+0000] {dagbag.py:538} INFO - Filling up the DagBag from /home/airflow/.local/lib/python3.7/site-packages/airflow/example_dags/example_branch_operator_decorator.py
[2023-02-18T08:09:35.848+0000] {processor.py:753} INFO - DAG(s) dict_keys(['example_branch_python_operator_decorator']) retrieved from /home/airflow/.local/lib/python3.7/site-packages/airflow/example_dags/example_branch_operator_decorator.py
[2023-02-18T08:09:38.969+0000] {logging_mixin.py:137} INFO - [2023-02-18T08:09:38.968+0000] {dag.py:2690} INFO - Sync 1 DAGs
[2023-02-18T08:09:41.819+0000] {logging_mixin.py:137} INFO - [2023-02-18T08:09:41.818+0000] {dag.py:3441} INFO - Setting next_dagrun for example_branch_python_operator_decorator to 2023-02-17T00:00:00+00:00, run_after=2023-02-18T00:00:00+00:00
[2023-02-18T08:09:43.709+0000] {processor.py:175} INFO - Processing /home/airflow/.local/lib/python3.7/site-packages/airflow/example_dags/example_branch_operator_decorator.py took 10.482 seconds
[2023-02-18T08:13:06.017+0000] {processor.py:153} INFO - Started process (PID=1115) to work on /home/airflow/.local/lib/python3.7/site-packages/airflow/example_dags/example_branch_operator_decorator.py
[2023-02-18T08:13:06.180+0000] {processor.py:743} INFO - Processing file /home/airflow/.local/lib/python3.7/site-packages/airflow/example_dags/example_branch_operator_decorator.py for tasks to queue
[2023-02-18T08:13:06.370+0000] {logging_mixin.py:137} INFO - [2023-02-18T08:13:06.182+0000] {dagbag.py:538} INFO - Filling up the DagBag from /home/airflow/.local/lib/python3.7/site-packages/airflow/example_dags/example_branch_operator_decorator.py
[2023-02-18T08:13:11.336+0000] {processor.py:753} INFO - DAG(s) dict_keys(['example_branch_python_operator_decorator']) retrieved from /home/airflow/.local/lib/python3.7/site-packages/airflow/example_dags/example_branch_operator_decorator.py
[2023-02-18T08:13:16.010+0000] {logging_mixin.py:137} INFO - [2023-02-18T08:13:15.977+0000] {dag.py:2690} INFO - Sync 1 DAGs
[2023-02-18T08:13:20.257+0000] {logging_mixin.py:137} INFO - [2023-02-18T08:13:20.256+0000] {dag.py:3441} INFO - Setting next_dagrun for example_branch_python_operator_decorator to 2023-02-17T00:00:00+00:00, run_after=2023-02-18T00:00:00+00:00
[2023-02-18T08:13:22.103+0000] {processor.py:175} INFO - Processing /home/airflow/.local/lib/python3.7/site-packages/airflow/example_dags/example_branch_operator_decorator.py took 16.147 seconds
[2023-02-18T08:16:26.271+0000] {processor.py:153} INFO - Started process (PID=1239) to work on /home/airflow/.local/lib/python3.7/site-packages/airflow/example_dags/example_branch_operator_decorator.py
[2023-02-18T08:16:26.310+0000] {processor.py:743} INFO - Processing file /home/airflow/.local/lib/python3.7/site-packages/airflow/example_dags/example_branch_operator_decorator.py for tasks to queue
[2023-02-18T08:16:26.312+0000] {logging_mixin.py:137} INFO - [2023-02-18T08:16:26.312+0000] {dagbag.py:538} INFO - Filling up the DagBag from /home/airflow/.local/lib/python3.7/site-packages/airflow/example_dags/example_branch_operator_decorator.py
[2023-02-18T08:16:30.627+0000] {processor.py:753} INFO - DAG(s) dict_keys(['example_branch_python_operator_decorator']) retrieved from /home/airflow/.local/lib/python3.7/site-packages/airflow/example_dags/example_branch_operator_decorator.py
[2023-02-18T08:16:33.444+0000] {logging_mixin.py:137} INFO - [2023-02-18T08:16:33.443+0000] {dag.py:2690} INFO - Sync 1 DAGs
[2023-02-18T08:16:36.651+0000] {logging_mixin.py:137} INFO - [2023-02-18T08:16:36.650+0000] {dag.py:3441} INFO - Setting next_dagrun for example_branch_python_operator_decorator to 2023-02-17T00:00:00+00:00, run_after=2023-02-18T00:00:00+00:00
[2023-02-18T08:16:38.271+0000] {processor.py:175} INFO - Processing /home/airflow/.local/lib/python3.7/site-packages/airflow/example_dags/example_branch_operator_decorator.py took 12.666 seconds
[2023-02-18T08:19:38.697+0000] {processor.py:153} INFO - Started process (PID=1355) to work on /home/airflow/.local/lib/python3.7/site-packages/airflow/example_dags/example_branch_operator_decorator.py
[2023-02-18T08:19:38.772+0000] {processor.py:743} INFO - Processing file /home/airflow/.local/lib/python3.7/site-packages/airflow/example_dags/example_branch_operator_decorator.py for tasks to queue
[2023-02-18T08:19:38.775+0000] {logging_mixin.py:137} INFO - [2023-02-18T08:19:38.774+0000] {dagbag.py:538} INFO - Filling up the DagBag from /home/airflow/.local/lib/python3.7/site-packages/airflow/example_dags/example_branch_operator_decorator.py
[2023-02-18T08:19:40.403+0000] {processor.py:753} INFO - DAG(s) dict_keys(['example_branch_python_operator_decorator']) retrieved from /home/airflow/.local/lib/python3.7/site-packages/airflow/example_dags/example_branch_operator_decorator.py
[2023-02-18T08:19:42.969+0000] {logging_mixin.py:137} INFO - [2023-02-18T08:19:42.968+0000] {dag.py:2690} INFO - Sync 1 DAGs
[2023-02-18T08:19:47.276+0000] {logging_mixin.py:137} INFO - [2023-02-18T08:19:47.276+0000] {dag.py:3441} INFO - Setting next_dagrun for example_branch_python_operator_decorator to 2023-02-17T00:00:00+00:00, run_after=2023-02-18T00:00:00+00:00
[2023-02-18T08:19:49.714+0000] {processor.py:175} INFO - Processing /home/airflow/.local/lib/python3.7/site-packages/airflow/example_dags/example_branch_operator_decorator.py took 11.293 seconds
[2023-02-18T08:22:33.712+0000] {processor.py:153} INFO - Started process (PID=1468) to work on /home/airflow/.local/lib/python3.7/site-packages/airflow/example_dags/example_branch_operator_decorator.py
[2023-02-18T08:22:33.823+0000] {processor.py:743} INFO - Processing file /home/airflow/.local/lib/python3.7/site-packages/airflow/example_dags/example_branch_operator_decorator.py for tasks to queue
[2023-02-18T08:22:33.854+0000] {logging_mixin.py:137} INFO - [2023-02-18T08:22:33.853+0000] {dagbag.py:538} INFO - Filling up the DagBag from /home/airflow/.local/lib/python3.7/site-packages/airflow/example_dags/example_branch_operator_decorator.py
[2023-02-18T08:22:37.768+0000] {processor.py:753} INFO - DAG(s) dict_keys(['example_branch_python_operator_decorator']) retrieved from /home/airflow/.local/lib/python3.7/site-packages/airflow/example_dags/example_branch_operator_decorator.py
[2023-02-18T08:22:40.049+0000] {logging_mixin.py:137} INFO - [2023-02-18T08:22:40.005+0000] {dag.py:2690} INFO - Sync 1 DAGs
[2023-02-18T08:22:44.957+0000] {logging_mixin.py:137} INFO - [2023-02-18T08:22:44.956+0000] {dag.py:3441} INFO - Setting next_dagrun for example_branch_python_operator_decorator to 2023-02-17T00:00:00+00:00, run_after=2023-02-18T00:00:00+00:00
[2023-02-18T08:22:47.105+0000] {processor.py:175} INFO - Processing /home/airflow/.local/lib/python3.7/site-packages/airflow/example_dags/example_branch_operator_decorator.py took 13.641 seconds
[2023-02-18T08:25:49.202+0000] {processor.py:153} INFO - Started process (PID=1586) to work on /home/airflow/.local/lib/python3.7/site-packages/airflow/example_dags/example_branch_operator_decorator.py
[2023-02-18T08:25:49.251+0000] {processor.py:743} INFO - Processing file /home/airflow/.local/lib/python3.7/site-packages/airflow/example_dags/example_branch_operator_decorator.py for tasks to queue
[2023-02-18T08:25:49.322+0000] {logging_mixin.py:137} INFO - [2023-02-18T08:25:49.322+0000] {dagbag.py:538} INFO - Filling up the DagBag from /home/airflow/.local/lib/python3.7/site-packages/airflow/example_dags/example_branch_operator_decorator.py
[2023-02-18T08:25:51.728+0000] {processor.py:753} INFO - DAG(s) dict_keys(['example_branch_python_operator_decorator']) retrieved from /home/airflow/.local/lib/python3.7/site-packages/airflow/example_dags/example_branch_operator_decorator.py
[2023-02-18T08:25:52.993+0000] {logging_mixin.py:137} INFO - [2023-02-18T08:25:52.993+0000] {dag.py:2690} INFO - Sync 1 DAGs
[2023-02-18T08:25:59.341+0000] {logging_mixin.py:137} INFO - [2023-02-18T08:25:59.340+0000] {dag.py:3441} INFO - Setting next_dagrun for example_branch_python_operator_decorator to 2023-02-17T00:00:00+00:00, run_after=2023-02-18T00:00:00+00:00
[2023-02-18T08:26:00.882+0000] {processor.py:175} INFO - Processing /home/airflow/.local/lib/python3.7/site-packages/airflow/example_dags/example_branch_operator_decorator.py took 12.057 seconds
[2023-02-18T08:31:49.286+0000] {processor.py:153} INFO - Started process (PID=1773) to work on /home/airflow/.local/lib/python3.7/site-packages/airflow/example_dags/example_branch_operator_decorator.py
[2023-02-18T08:31:49.302+0000] {processor.py:743} INFO - Processing file /home/airflow/.local/lib/python3.7/site-packages/airflow/example_dags/example_branch_operator_decorator.py for tasks to queue
[2023-02-18T08:31:49.305+0000] {logging_mixin.py:137} INFO - [2023-02-18T08:31:49.304+0000] {dagbag.py:538} INFO - Filling up the DagBag from /home/airflow/.local/lib/python3.7/site-packages/airflow/example_dags/example_branch_operator_decorator.py
[2023-02-18T08:31:55.125+0000] {processor.py:753} INFO - DAG(s) dict_keys(['example_branch_python_operator_decorator']) retrieved from /home/airflow/.local/lib/python3.7/site-packages/airflow/example_dags/example_branch_operator_decorator.py
[2023-02-18T08:32:03.410+0000] {logging_mixin.py:137} INFO - [2023-02-18T08:32:03.409+0000] {dag.py:2690} INFO - Sync 1 DAGs
[2023-02-18T08:32:11.763+0000] {logging_mixin.py:137} INFO - [2023-02-18T08:32:11.762+0000] {dag.py:3441} INFO - Setting next_dagrun for example_branch_python_operator_decorator to 2023-02-17T00:00:00+00:00, run_after=2023-02-18T00:00:00+00:00
[2023-02-18T08:32:15.890+0000] {processor.py:175} INFO - Processing /home/airflow/.local/lib/python3.7/site-packages/airflow/example_dags/example_branch_operator_decorator.py took 27.738 seconds
[2023-02-18T08:41:41.053+0000] {processor.py:153} INFO - Started process (PID=2064) to work on /home/airflow/.local/lib/python3.7/site-packages/airflow/example_dags/example_branch_operator_decorator.py
[2023-02-18T08:41:42.099+0000] {processor.py:743} INFO - Processing file /home/airflow/.local/lib/python3.7/site-packages/airflow/example_dags/example_branch_operator_decorator.py for tasks to queue
[2023-02-18T08:41:42.196+0000] {logging_mixin.py:137} INFO - [2023-02-18T08:41:42.196+0000] {dagbag.py:538} INFO - Filling up the DagBag from /home/airflow/.local/lib/python3.7/site-packages/airflow/example_dags/example_branch_operator_decorator.py
[2023-02-18T08:41:52.572+0000] {processor.py:753} INFO - DAG(s) dict_keys(['example_branch_python_operator_decorator']) retrieved from /home/airflow/.local/lib/python3.7/site-packages/airflow/example_dags/example_branch_operator_decorator.py
[2023-02-18T08:42:08.267+0000] {logging_mixin.py:137} INFO - [2023-02-18T08:42:08.267+0000] {dag.py:2690} INFO - Sync 1 DAGs
[2023-02-18T09:51:49.034+0000] {processor.py:153} INFO - Started process (PID=159) to work on /home/airflow/.local/lib/python3.7/site-packages/airflow/example_dags/example_branch_operator_decorator.py
[2023-02-18T09:51:49.080+0000] {processor.py:743} INFO - Processing file /home/airflow/.local/lib/python3.7/site-packages/airflow/example_dags/example_branch_operator_decorator.py for tasks to queue
[2023-02-18T09:51:49.082+0000] {logging_mixin.py:137} INFO - [2023-02-18T09:51:49.081+0000] {dagbag.py:538} INFO - Filling up the DagBag from /home/airflow/.local/lib/python3.7/site-packages/airflow/example_dags/example_branch_operator_decorator.py
[2023-02-18T09:51:50.687+0000] {processor.py:753} INFO - DAG(s) dict_keys(['example_branch_python_operator_decorator']) retrieved from /home/airflow/.local/lib/python3.7/site-packages/airflow/example_dags/example_branch_operator_decorator.py
[2023-02-18T09:51:54.285+0000] {logging_mixin.py:137} INFO - [2023-02-18T09:51:54.285+0000] {dag.py:2690} INFO - Sync 1 DAGs
[2023-02-18T09:51:55.542+0000] {logging_mixin.py:137} INFO - [2023-02-18T09:51:55.397+0000] {dag.py:3441} INFO - Setting next_dagrun for example_branch_python_operator_decorator to 2023-02-17T00:00:00+00:00, run_after=2023-02-18T00:00:00+00:00
[2023-02-18T09:51:56.417+0000] {processor.py:175} INFO - Processing /home/airflow/.local/lib/python3.7/site-packages/airflow/example_dags/example_branch_operator_decorator.py took 7.487 seconds
[2023-02-18T09:53:33.695+0000] {processor.py:153} INFO - Started process (PID=247) to work on /home/airflow/.local/lib/python3.7/site-packages/airflow/example_dags/example_branch_operator_decorator.py
[2023-02-18T09:53:33.757+0000] {processor.py:743} INFO - Processing file /home/airflow/.local/lib/python3.7/site-packages/airflow/example_dags/example_branch_operator_decorator.py for tasks to queue
[2023-02-18T09:53:33.760+0000] {logging_mixin.py:137} INFO - [2023-02-18T09:53:33.759+0000] {dagbag.py:538} INFO - Filling up the DagBag from /home/airflow/.local/lib/python3.7/site-packages/airflow/example_dags/example_branch_operator_decorator.py
[2023-02-18T09:53:34.721+0000] {processor.py:753} INFO - DAG(s) dict_keys(['example_branch_python_operator_decorator']) retrieved from /home/airflow/.local/lib/python3.7/site-packages/airflow/example_dags/example_branch_operator_decorator.py
[2023-02-18T09:53:35.816+0000] {logging_mixin.py:137} INFO - [2023-02-18T09:53:35.815+0000] {dag.py:2690} INFO - Sync 1 DAGs
[2023-02-18T09:53:36.432+0000] {logging_mixin.py:137} INFO - [2023-02-18T09:53:36.431+0000] {dag.py:3441} INFO - Setting next_dagrun for example_branch_python_operator_decorator to 2023-02-17T00:00:00+00:00, run_after=2023-02-18T00:00:00+00:00
[2023-02-18T09:53:36.874+0000] {processor.py:175} INFO - Processing /home/airflow/.local/lib/python3.7/site-packages/airflow/example_dags/example_branch_operator_decorator.py took 3.233 seconds
[2023-02-18T09:54:55.529+0000] {processor.py:153} INFO - Started process (PID=328) to work on /home/airflow/.local/lib/python3.7/site-packages/airflow/example_dags/example_branch_operator_decorator.py
[2023-02-18T09:54:55.582+0000] {processor.py:743} INFO - Processing file /home/airflow/.local/lib/python3.7/site-packages/airflow/example_dags/example_branch_operator_decorator.py for tasks to queue
[2023-02-18T09:54:55.600+0000] {logging_mixin.py:137} INFO - [2023-02-18T09:54:55.599+0000] {dagbag.py:538} INFO - Filling up the DagBag from /home/airflow/.local/lib/python3.7/site-packages/airflow/example_dags/example_branch_operator_decorator.py
[2023-02-18T09:54:57.375+0000] {processor.py:753} INFO - DAG(s) dict_keys(['example_branch_python_operator_decorator']) retrieved from /home/airflow/.local/lib/python3.7/site-packages/airflow/example_dags/example_branch_operator_decorator.py
[2023-02-18T09:54:58.056+0000] {logging_mixin.py:137} INFO - [2023-02-18T09:54:58.055+0000] {dag.py:2690} INFO - Sync 1 DAGs
[2023-02-18T09:54:58.876+0000] {logging_mixin.py:137} INFO - [2023-02-18T09:54:58.876+0000] {dag.py:3441} INFO - Setting next_dagrun for example_branch_python_operator_decorator to 2023-02-17T00:00:00+00:00, run_after=2023-02-18T00:00:00+00:00
[2023-02-18T09:54:59.414+0000] {processor.py:175} INFO - Processing /home/airflow/.local/lib/python3.7/site-packages/airflow/example_dags/example_branch_operator_decorator.py took 3.918 seconds
[2023-02-18T09:56:16.130+0000] {processor.py:153} INFO - Started process (PID=387) to work on /home/airflow/.local/lib/python3.7/site-packages/airflow/example_dags/example_branch_operator_decorator.py
[2023-02-18T09:56:16.174+0000] {processor.py:743} INFO - Processing file /home/airflow/.local/lib/python3.7/site-packages/airflow/example_dags/example_branch_operator_decorator.py for tasks to queue
[2023-02-18T09:56:16.180+0000] {logging_mixin.py:137} INFO - [2023-02-18T09:56:16.176+0000] {dagbag.py:538} INFO - Filling up the DagBag from /home/airflow/.local/lib/python3.7/site-packages/airflow/example_dags/example_branch_operator_decorator.py
[2023-02-18T09:56:17.281+0000] {processor.py:753} INFO - DAG(s) dict_keys(['example_branch_python_operator_decorator']) retrieved from /home/airflow/.local/lib/python3.7/site-packages/airflow/example_dags/example_branch_operator_decorator.py
[2023-02-18T09:56:19.081+0000] {logging_mixin.py:137} INFO - [2023-02-18T09:56:18.945+0000] {dag.py:2690} INFO - Sync 1 DAGs
[2023-02-18T09:56:21.093+0000] {logging_mixin.py:137} INFO - [2023-02-18T09:56:21.092+0000] {dag.py:3441} INFO - Setting next_dagrun for example_branch_python_operator_decorator to 2023-02-17T00:00:00+00:00, run_after=2023-02-18T00:00:00+00:00
[2023-02-18T09:56:23.306+0000] {processor.py:175} INFO - Processing /home/airflow/.local/lib/python3.7/site-packages/airflow/example_dags/example_branch_operator_decorator.py took 7.307 seconds
[2023-02-18T09:58:54.103+0000] {processor.py:153} INFO - Started process (PID=487) to work on /home/airflow/.local/lib/python3.7/site-packages/airflow/example_dags/example_branch_operator_decorator.py
[2023-02-18T09:58:54.182+0000] {processor.py:743} INFO - Processing file /home/airflow/.local/lib/python3.7/site-packages/airflow/example_dags/example_branch_operator_decorator.py for tasks to queue
[2023-02-18T09:58:54.185+0000] {logging_mixin.py:137} INFO - [2023-02-18T09:58:54.184+0000] {dagbag.py:538} INFO - Filling up the DagBag from /home/airflow/.local/lib/python3.7/site-packages/airflow/example_dags/example_branch_operator_decorator.py
[2023-02-18T09:58:55.559+0000] {processor.py:753} INFO - DAG(s) dict_keys(['example_branch_python_operator_decorator']) retrieved from /home/airflow/.local/lib/python3.7/site-packages/airflow/example_dags/example_branch_operator_decorator.py
[2023-02-18T09:58:57.694+0000] {logging_mixin.py:137} INFO - [2023-02-18T09:58:57.694+0000] {dag.py:2690} INFO - Sync 1 DAGs
[2023-02-18T09:59:00.260+0000] {logging_mixin.py:137} INFO - [2023-02-18T09:59:00.260+0000] {dag.py:3441} INFO - Setting next_dagrun for example_branch_python_operator_decorator to 2023-02-17T00:00:00+00:00, run_after=2023-02-18T00:00:00+00:00
[2023-02-18T09:59:01.136+0000] {processor.py:175} INFO - Processing /home/airflow/.local/lib/python3.7/site-packages/airflow/example_dags/example_branch_operator_decorator.py took 7.360 seconds
[2023-02-18T10:00:55.858+0000] {processor.py:153} INFO - Started process (PID=572) to work on /home/airflow/.local/lib/python3.7/site-packages/airflow/example_dags/example_branch_operator_decorator.py
[2023-02-18T10:00:55.906+0000] {processor.py:743} INFO - Processing file /home/airflow/.local/lib/python3.7/site-packages/airflow/example_dags/example_branch_operator_decorator.py for tasks to queue
[2023-02-18T10:00:55.909+0000] {logging_mixin.py:137} INFO - [2023-02-18T10:00:55.908+0000] {dagbag.py:538} INFO - Filling up the DagBag from /home/airflow/.local/lib/python3.7/site-packages/airflow/example_dags/example_branch_operator_decorator.py
[2023-02-18T10:00:57.448+0000] {processor.py:753} INFO - DAG(s) dict_keys(['example_branch_python_operator_decorator']) retrieved from /home/airflow/.local/lib/python3.7/site-packages/airflow/example_dags/example_branch_operator_decorator.py
[2023-02-18T10:00:59.857+0000] {logging_mixin.py:137} INFO - [2023-02-18T10:00:59.856+0000] {dag.py:2690} INFO - Sync 1 DAGs
[2023-02-18T10:01:01.898+0000] {logging_mixin.py:137} INFO - [2023-02-18T10:01:01.897+0000] {dag.py:3441} INFO - Setting next_dagrun for example_branch_python_operator_decorator to 2023-02-17T00:00:00+00:00, run_after=2023-02-18T00:00:00+00:00
[2023-02-18T10:01:03.495+0000] {processor.py:175} INFO - Processing /home/airflow/.local/lib/python3.7/site-packages/airflow/example_dags/example_branch_operator_decorator.py took 7.781 seconds
[2023-02-18T10:02:27.840+0000] {processor.py:153} INFO - Started process (PID=638) to work on /home/airflow/.local/lib/python3.7/site-packages/airflow/example_dags/example_branch_operator_decorator.py
[2023-02-18T10:02:27.934+0000] {processor.py:743} INFO - Processing file /home/airflow/.local/lib/python3.7/site-packages/airflow/example_dags/example_branch_operator_decorator.py for tasks to queue
[2023-02-18T10:02:28.019+0000] {logging_mixin.py:137} INFO - [2023-02-18T10:02:28.006+0000] {dagbag.py:538} INFO - Filling up the DagBag from /home/airflow/.local/lib/python3.7/site-packages/airflow/example_dags/example_branch_operator_decorator.py
[2023-02-18T10:02:29.751+0000] {processor.py:753} INFO - DAG(s) dict_keys(['example_branch_python_operator_decorator']) retrieved from /home/airflow/.local/lib/python3.7/site-packages/airflow/example_dags/example_branch_operator_decorator.py
[2023-02-18T10:02:32.468+0000] {logging_mixin.py:137} INFO - [2023-02-18T10:02:32.468+0000] {dag.py:2690} INFO - Sync 1 DAGs
[2023-02-18T10:02:34.896+0000] {logging_mixin.py:137} INFO - [2023-02-18T10:02:34.896+0000] {dag.py:3441} INFO - Setting next_dagrun for example_branch_python_operator_decorator to 2023-02-17T00:00:00+00:00, run_after=2023-02-18T00:00:00+00:00
[2023-02-18T10:02:36.707+0000] {processor.py:175} INFO - Processing /home/airflow/.local/lib/python3.7/site-packages/airflow/example_dags/example_branch_operator_decorator.py took 8.901 seconds
[2023-02-18T10:04:43.340+0000] {processor.py:153} INFO - Started process (PID=729) to work on /home/airflow/.local/lib/python3.7/site-packages/airflow/example_dags/example_branch_operator_decorator.py
[2023-02-18T10:04:43.356+0000] {processor.py:743} INFO - Processing file /home/airflow/.local/lib/python3.7/site-packages/airflow/example_dags/example_branch_operator_decorator.py for tasks to queue
[2023-02-18T10:04:43.358+0000] {logging_mixin.py:137} INFO - [2023-02-18T10:04:43.358+0000] {dagbag.py:538} INFO - Filling up the DagBag from /home/airflow/.local/lib/python3.7/site-packages/airflow/example_dags/example_branch_operator_decorator.py
[2023-02-18T10:04:47.615+0000] {processor.py:753} INFO - DAG(s) dict_keys(['example_branch_python_operator_decorator']) retrieved from /home/airflow/.local/lib/python3.7/site-packages/airflow/example_dags/example_branch_operator_decorator.py
[2023-02-18T10:04:51.162+0000] {logging_mixin.py:137} INFO - [2023-02-18T10:04:51.102+0000] {dag.py:2690} INFO - Sync 1 DAGs
[2023-02-18T10:04:55.040+0000] {logging_mixin.py:137} INFO - [2023-02-18T10:04:55.040+0000] {dag.py:3441} INFO - Setting next_dagrun for example_branch_python_operator_decorator to 2023-02-17T00:00:00+00:00, run_after=2023-02-18T00:00:00+00:00
[2023-02-18T10:04:56.868+0000] {processor.py:175} INFO - Processing /home/airflow/.local/lib/python3.7/site-packages/airflow/example_dags/example_branch_operator_decorator.py took 14.069 seconds
[2023-02-18T10:07:48.406+0000] {processor.py:153} INFO - Started process (PID=834) to work on /home/airflow/.local/lib/python3.7/site-packages/airflow/example_dags/example_branch_operator_decorator.py
[2023-02-18T10:07:48.583+0000] {processor.py:743} INFO - Processing file /home/airflow/.local/lib/python3.7/site-packages/airflow/example_dags/example_branch_operator_decorator.py for tasks to queue
[2023-02-18T10:07:48.694+0000] {logging_mixin.py:137} INFO - [2023-02-18T10:07:48.694+0000] {dagbag.py:538} INFO - Filling up the DagBag from /home/airflow/.local/lib/python3.7/site-packages/airflow/example_dags/example_branch_operator_decorator.py
[2023-02-18T10:07:52.233+0000] {processor.py:753} INFO - DAG(s) dict_keys(['example_branch_python_operator_decorator']) retrieved from /home/airflow/.local/lib/python3.7/site-packages/airflow/example_dags/example_branch_operator_decorator.py
[2023-02-18T10:07:53.120+0000] {logging_mixin.py:137} INFO - [2023-02-18T10:07:53.120+0000] {dag.py:2690} INFO - Sync 1 DAGs
[2023-02-18T10:07:55.541+0000] {logging_mixin.py:137} INFO - [2023-02-18T10:07:55.540+0000] {dag.py:3441} INFO - Setting next_dagrun for example_branch_python_operator_decorator to 2023-02-17T00:00:00+00:00, run_after=2023-02-18T00:00:00+00:00
[2023-02-18T10:07:56.524+0000] {processor.py:175} INFO - Processing /home/airflow/.local/lib/python3.7/site-packages/airflow/example_dags/example_branch_operator_decorator.py took 8.850 seconds
