[2023-02-18T07:49:15.660+0000] {processor.py:153} INFO - Started process (PID=138) to work on /home/airflow/.local/lib/python3.7/site-packages/airflow/example_dags/example_sla_dag.py
[2023-02-18T07:49:15.755+0000] {processor.py:743} INFO - Processing file /home/airflow/.local/lib/python3.7/site-packages/airflow/example_dags/example_sla_dag.py for tasks to queue
[2023-02-18T07:49:15.817+0000] {logging_mixin.py:137} INFO - [2023-02-18T07:49:15.756+0000] {dagbag.py:538} INFO - Filling up the DagBag from /home/airflow/.local/lib/python3.7/site-packages/airflow/example_dags/example_sla_dag.py
[2023-02-18T07:49:16.640+0000] {processor.py:753} INFO - DAG(s) dict_keys(['example_sla_dag']) retrieved from /home/airflow/.local/lib/python3.7/site-packages/airflow/example_dags/example_sla_dag.py
[2023-02-18T07:49:17.410+0000] {logging_mixin.py:137} INFO - [2023-02-18T07:49:17.409+0000] {dag.py:2690} INFO - Sync 1 DAGs
[2023-02-18T07:49:18.521+0000] {logging_mixin.py:137} INFO - [2023-02-18T07:49:18.473+0000] {dag.py:3441} INFO - Setting next_dagrun for example_sla_dag to 2023-02-18T07:46:00+00:00, run_after=2023-02-18T07:48:00+00:00
[2023-02-18T07:49:19.461+0000] {processor.py:175} INFO - Processing /home/airflow/.local/lib/python3.7/site-packages/airflow/example_dags/example_sla_dag.py took 3.962 seconds
[2023-02-18T07:50:44.206+0000] {processor.py:153} INFO - Started process (PID=215) to work on /home/airflow/.local/lib/python3.7/site-packages/airflow/example_dags/example_sla_dag.py
[2023-02-18T07:50:44.270+0000] {processor.py:743} INFO - Processing file /home/airflow/.local/lib/python3.7/site-packages/airflow/example_dags/example_sla_dag.py for tasks to queue
[2023-02-18T07:50:44.272+0000] {logging_mixin.py:137} INFO - [2023-02-18T07:50:44.272+0000] {dagbag.py:538} INFO - Filling up the DagBag from /home/airflow/.local/lib/python3.7/site-packages/airflow/example_dags/example_sla_dag.py
[2023-02-18T07:50:45.124+0000] {processor.py:753} INFO - DAG(s) dict_keys(['example_sla_dag']) retrieved from /home/airflow/.local/lib/python3.7/site-packages/airflow/example_dags/example_sla_dag.py
[2023-02-18T07:50:45.847+0000] {logging_mixin.py:137} INFO - [2023-02-18T07:50:45.847+0000] {dag.py:2690} INFO - Sync 1 DAGs
[2023-02-18T07:50:47.574+0000] {logging_mixin.py:137} INFO - [2023-02-18T07:50:47.574+0000] {dag.py:3441} INFO - Setting next_dagrun for example_sla_dag to 2023-02-18T07:48:00+00:00, run_after=2023-02-18T07:50:00+00:00
[2023-02-18T07:50:49.225+0000] {processor.py:175} INFO - Processing /home/airflow/.local/lib/python3.7/site-packages/airflow/example_dags/example_sla_dag.py took 5.052 seconds
[2023-02-18T07:52:29.835+0000] {processor.py:153} INFO - Started process (PID=315) to work on /home/airflow/.local/lib/python3.7/site-packages/airflow/example_dags/example_sla_dag.py
[2023-02-18T07:52:29.885+0000] {processor.py:743} INFO - Processing file /home/airflow/.local/lib/python3.7/site-packages/airflow/example_dags/example_sla_dag.py for tasks to queue
[2023-02-18T07:52:29.915+0000] {logging_mixin.py:137} INFO - [2023-02-18T07:52:29.915+0000] {dagbag.py:538} INFO - Filling up the DagBag from /home/airflow/.local/lib/python3.7/site-packages/airflow/example_dags/example_sla_dag.py
[2023-02-18T07:52:31.051+0000] {processor.py:753} INFO - DAG(s) dict_keys(['example_sla_dag']) retrieved from /home/airflow/.local/lib/python3.7/site-packages/airflow/example_dags/example_sla_dag.py
[2023-02-18T07:52:32.335+0000] {logging_mixin.py:137} INFO - [2023-02-18T07:52:32.334+0000] {dag.py:2690} INFO - Sync 1 DAGs
[2023-02-18T07:52:33.449+0000] {logging_mixin.py:137} INFO - [2023-02-18T07:52:33.449+0000] {dag.py:3441} INFO - Setting next_dagrun for example_sla_dag to 2023-02-18T07:50:00+00:00, run_after=2023-02-18T07:52:00+00:00
[2023-02-18T07:52:34.154+0000] {processor.py:175} INFO - Processing /home/airflow/.local/lib/python3.7/site-packages/airflow/example_dags/example_sla_dag.py took 4.470 seconds
[2023-02-18T07:53:57.823+0000] {processor.py:153} INFO - Started process (PID=397) to work on /home/airflow/.local/lib/python3.7/site-packages/airflow/example_dags/example_sla_dag.py
[2023-02-18T07:53:57.854+0000] {processor.py:743} INFO - Processing file /home/airflow/.local/lib/python3.7/site-packages/airflow/example_dags/example_sla_dag.py for tasks to queue
[2023-02-18T07:53:57.856+0000] {logging_mixin.py:137} INFO - [2023-02-18T07:53:57.855+0000] {dagbag.py:538} INFO - Filling up the DagBag from /home/airflow/.local/lib/python3.7/site-packages/airflow/example_dags/example_sla_dag.py
[2023-02-18T07:53:58.622+0000] {processor.py:753} INFO - DAG(s) dict_keys(['example_sla_dag']) retrieved from /home/airflow/.local/lib/python3.7/site-packages/airflow/example_dags/example_sla_dag.py
[2023-02-18T07:53:59.846+0000] {logging_mixin.py:137} INFO - [2023-02-18T07:53:59.845+0000] {dag.py:2690} INFO - Sync 1 DAGs
[2023-02-18T07:54:00.965+0000] {logging_mixin.py:137} INFO - [2023-02-18T07:54:00.963+0000] {dag.py:3441} INFO - Setting next_dagrun for example_sla_dag to 2023-02-18T07:52:00+00:00, run_after=2023-02-18T07:54:00+00:00
[2023-02-18T07:54:01.861+0000] {processor.py:175} INFO - Processing /home/airflow/.local/lib/python3.7/site-packages/airflow/example_dags/example_sla_dag.py took 4.134 seconds
[2023-02-18T07:55:42.198+0000] {processor.py:153} INFO - Started process (PID=488) to work on /home/airflow/.local/lib/python3.7/site-packages/airflow/example_dags/example_sla_dag.py
[2023-02-18T07:55:42.261+0000] {processor.py:743} INFO - Processing file /home/airflow/.local/lib/python3.7/site-packages/airflow/example_dags/example_sla_dag.py for tasks to queue
[2023-02-18T07:55:42.263+0000] {logging_mixin.py:137} INFO - [2023-02-18T07:55:42.263+0000] {dagbag.py:538} INFO - Filling up the DagBag from /home/airflow/.local/lib/python3.7/site-packages/airflow/example_dags/example_sla_dag.py
[2023-02-18T07:55:44.360+0000] {processor.py:753} INFO - DAG(s) dict_keys(['example_sla_dag']) retrieved from /home/airflow/.local/lib/python3.7/site-packages/airflow/example_dags/example_sla_dag.py
[2023-02-18T07:55:46.254+0000] {logging_mixin.py:137} INFO - [2023-02-18T07:55:46.254+0000] {dag.py:2690} INFO - Sync 1 DAGs
[2023-02-18T07:55:48.009+0000] {logging_mixin.py:137} INFO - [2023-02-18T07:55:48.009+0000] {dag.py:3441} INFO - Setting next_dagrun for example_sla_dag to 2023-02-18T07:52:00+00:00, run_after=2023-02-18T07:54:00+00:00
[2023-02-18T07:55:49.318+0000] {processor.py:175} INFO - Processing /home/airflow/.local/lib/python3.7/site-packages/airflow/example_dags/example_sla_dag.py took 7.472 seconds
[2023-02-18T07:59:53.073+0000] {processor.py:153} INFO - Started process (PID=649) to work on /home/airflow/.local/lib/python3.7/site-packages/airflow/example_dags/example_sla_dag.py
[2023-02-18T07:59:53.152+0000] {processor.py:743} INFO - Processing file /home/airflow/.local/lib/python3.7/site-packages/airflow/example_dags/example_sla_dag.py for tasks to queue
[2023-02-18T07:59:53.234+0000] {logging_mixin.py:137} INFO - [2023-02-18T07:59:53.154+0000] {dagbag.py:538} INFO - Filling up the DagBag from /home/airflow/.local/lib/python3.7/site-packages/airflow/example_dags/example_sla_dag.py
[2023-02-18T07:59:55.975+0000] {processor.py:753} INFO - DAG(s) dict_keys(['example_sla_dag']) retrieved from /home/airflow/.local/lib/python3.7/site-packages/airflow/example_dags/example_sla_dag.py
[2023-02-18T08:00:00.501+0000] {logging_mixin.py:137} INFO - [2023-02-18T08:00:00.269+0000] {dag.py:2690} INFO - Sync 1 DAGs
[2023-02-18T08:00:05.647+0000] {logging_mixin.py:137} INFO - [2023-02-18T08:00:05.646+0000] {dag.py:3441} INFO - Setting next_dagrun for example_sla_dag to 2023-02-18T07:58:00+00:00, run_after=2023-02-18T08:00:00+00:00
[2023-02-18T08:00:07.662+0000] {processor.py:175} INFO - Processing /home/airflow/.local/lib/python3.7/site-packages/airflow/example_dags/example_sla_dag.py took 14.660 seconds
[2023-02-18T08:03:00.331+0000] {processor.py:153} INFO - Started process (PID=760) to work on /home/airflow/.local/lib/python3.7/site-packages/airflow/example_dags/example_sla_dag.py
[2023-02-18T08:03:00.403+0000] {processor.py:743} INFO - Processing file /home/airflow/.local/lib/python3.7/site-packages/airflow/example_dags/example_sla_dag.py for tasks to queue
[2023-02-18T08:03:00.406+0000] {logging_mixin.py:137} INFO - [2023-02-18T08:03:00.405+0000] {dagbag.py:538} INFO - Filling up the DagBag from /home/airflow/.local/lib/python3.7/site-packages/airflow/example_dags/example_sla_dag.py
[2023-02-18T08:03:04.019+0000] {processor.py:753} INFO - DAG(s) dict_keys(['example_sla_dag']) retrieved from /home/airflow/.local/lib/python3.7/site-packages/airflow/example_dags/example_sla_dag.py
[2023-02-18T08:03:07.841+0000] {logging_mixin.py:137} INFO - [2023-02-18T08:03:07.840+0000] {dag.py:2690} INFO - Sync 1 DAGs
[2023-02-18T08:03:11.659+0000] {logging_mixin.py:137} INFO - [2023-02-18T08:03:11.659+0000] {dag.py:3441} INFO - Setting next_dagrun for example_sla_dag to 2023-02-18T08:00:00+00:00, run_after=2023-02-18T08:02:00+00:00
[2023-02-18T08:03:13.661+0000] {processor.py:175} INFO - Processing /home/airflow/.local/lib/python3.7/site-packages/airflow/example_dags/example_sla_dag.py took 14.222 seconds
[2023-02-18T08:07:25.321+0000] {processor.py:153} INFO - Started process (PID=911) to work on /home/airflow/.local/lib/python3.7/site-packages/airflow/example_dags/example_sla_dag.py
[2023-02-18T08:07:25.674+0000] {processor.py:743} INFO - Processing file /home/airflow/.local/lib/python3.7/site-packages/airflow/example_dags/example_sla_dag.py for tasks to queue
[2023-02-18T08:07:25.783+0000] {logging_mixin.py:137} INFO - [2023-02-18T08:07:25.780+0000] {dagbag.py:538} INFO - Filling up the DagBag from /home/airflow/.local/lib/python3.7/site-packages/airflow/example_dags/example_sla_dag.py
[2023-02-18T08:07:29.661+0000] {processor.py:753} INFO - DAG(s) dict_keys(['example_sla_dag']) retrieved from /home/airflow/.local/lib/python3.7/site-packages/airflow/example_dags/example_sla_dag.py
[2023-02-18T08:07:32.654+0000] {logging_mixin.py:137} INFO - [2023-02-18T08:07:32.653+0000] {dag.py:2690} INFO - Sync 1 DAGs
[2023-02-18T08:07:37.801+0000] {logging_mixin.py:137} INFO - [2023-02-18T08:07:37.800+0000] {dag.py:3441} INFO - Setting next_dagrun for example_sla_dag to 2023-02-18T08:04:00+00:00, run_after=2023-02-18T08:06:00+00:00
[2023-02-18T08:07:39.581+0000] {processor.py:175} INFO - Processing /home/airflow/.local/lib/python3.7/site-packages/airflow/example_dags/example_sla_dag.py took 14.641 seconds
[2023-02-18T08:11:18.613+0000] {processor.py:153} INFO - Started process (PID=1051) to work on /home/airflow/.local/lib/python3.7/site-packages/airflow/example_dags/example_sla_dag.py
[2023-02-18T08:11:18.670+0000] {processor.py:743} INFO - Processing file /home/airflow/.local/lib/python3.7/site-packages/airflow/example_dags/example_sla_dag.py for tasks to queue
[2023-02-18T08:11:18.673+0000] {logging_mixin.py:137} INFO - [2023-02-18T08:11:18.672+0000] {dagbag.py:538} INFO - Filling up the DagBag from /home/airflow/.local/lib/python3.7/site-packages/airflow/example_dags/example_sla_dag.py
[2023-02-18T08:11:20.326+0000] {processor.py:753} INFO - DAG(s) dict_keys(['example_sla_dag']) retrieved from /home/airflow/.local/lib/python3.7/site-packages/airflow/example_dags/example_sla_dag.py
[2023-02-18T08:11:22.889+0000] {logging_mixin.py:137} INFO - [2023-02-18T08:11:22.888+0000] {dag.py:2690} INFO - Sync 1 DAGs
[2023-02-18T08:11:26.703+0000] {logging_mixin.py:137} INFO - [2023-02-18T08:11:26.703+0000] {dag.py:3441} INFO - Setting next_dagrun for example_sla_dag to 2023-02-18T08:08:00+00:00, run_after=2023-02-18T08:10:00+00:00
[2023-02-18T08:11:28.795+0000] {processor.py:175} INFO - Processing /home/airflow/.local/lib/python3.7/site-packages/airflow/example_dags/example_sla_dag.py took 10.440 seconds
[2023-02-18T08:14:44.484+0000] {processor.py:153} INFO - Started process (PID=1173) to work on /home/airflow/.local/lib/python3.7/site-packages/airflow/example_dags/example_sla_dag.py
[2023-02-18T08:14:44.502+0000] {processor.py:743} INFO - Processing file /home/airflow/.local/lib/python3.7/site-packages/airflow/example_dags/example_sla_dag.py for tasks to queue
[2023-02-18T08:14:44.541+0000] {logging_mixin.py:137} INFO - [2023-02-18T08:14:44.541+0000] {dagbag.py:538} INFO - Filling up the DagBag from /home/airflow/.local/lib/python3.7/site-packages/airflow/example_dags/example_sla_dag.py
[2023-02-18T08:14:46.952+0000] {processor.py:753} INFO - DAG(s) dict_keys(['example_sla_dag']) retrieved from /home/airflow/.local/lib/python3.7/site-packages/airflow/example_dags/example_sla_dag.py
[2023-02-18T08:14:49.556+0000] {logging_mixin.py:137} INFO - [2023-02-18T08:14:49.555+0000] {dag.py:2690} INFO - Sync 1 DAGs
[2023-02-18T08:14:51.786+0000] {logging_mixin.py:137} INFO - [2023-02-18T08:14:51.785+0000] {dag.py:3441} INFO - Setting next_dagrun for example_sla_dag to 2023-02-18T08:12:00+00:00, run_after=2023-02-18T08:14:00+00:00
[2023-02-18T08:14:53.547+0000] {processor.py:175} INFO - Processing /home/airflow/.local/lib/python3.7/site-packages/airflow/example_dags/example_sla_dag.py took 9.460 seconds
[2023-02-18T08:17:48.117+0000] {processor.py:153} INFO - Started process (PID=1291) to work on /home/airflow/.local/lib/python3.7/site-packages/airflow/example_dags/example_sla_dag.py
[2023-02-18T08:17:48.946+0000] {processor.py:743} INFO - Processing file /home/airflow/.local/lib/python3.7/site-packages/airflow/example_dags/example_sla_dag.py for tasks to queue
[2023-02-18T08:17:49.002+0000] {logging_mixin.py:137} INFO - [2023-02-18T08:17:48.949+0000] {dagbag.py:538} INFO - Filling up the DagBag from /home/airflow/.local/lib/python3.7/site-packages/airflow/example_dags/example_sla_dag.py
[2023-02-18T08:17:53.802+0000] {processor.py:753} INFO - DAG(s) dict_keys(['example_sla_dag']) retrieved from /home/airflow/.local/lib/python3.7/site-packages/airflow/example_dags/example_sla_dag.py
[2023-02-18T08:17:56.659+0000] {logging_mixin.py:137} INFO - [2023-02-18T08:17:56.659+0000] {dag.py:2690} INFO - Sync 1 DAGs
[2023-02-18T08:18:01.156+0000] {logging_mixin.py:137} INFO - [2023-02-18T08:18:01.155+0000] {dag.py:3441} INFO - Setting next_dagrun for example_sla_dag to 2023-02-18T08:16:00+00:00, run_after=2023-02-18T08:18:00+00:00
[2023-02-18T08:18:02.522+0000] {processor.py:175} INFO - Processing /home/airflow/.local/lib/python3.7/site-packages/airflow/example_dags/example_sla_dag.py took 15.443 seconds
[2023-02-18T08:21:01.149+0000] {processor.py:153} INFO - Started process (PID=1406) to work on /home/airflow/.local/lib/python3.7/site-packages/airflow/example_dags/example_sla_dag.py
[2023-02-18T08:21:01.259+0000] {processor.py:743} INFO - Processing file /home/airflow/.local/lib/python3.7/site-packages/airflow/example_dags/example_sla_dag.py for tasks to queue
[2023-02-18T08:21:01.262+0000] {logging_mixin.py:137} INFO - [2023-02-18T08:21:01.261+0000] {dagbag.py:538} INFO - Filling up the DagBag from /home/airflow/.local/lib/python3.7/site-packages/airflow/example_dags/example_sla_dag.py
[2023-02-18T08:21:03.084+0000] {processor.py:753} INFO - DAG(s) dict_keys(['example_sla_dag']) retrieved from /home/airflow/.local/lib/python3.7/site-packages/airflow/example_dags/example_sla_dag.py
[2023-02-18T08:21:05.005+0000] {logging_mixin.py:137} INFO - [2023-02-18T08:21:05.004+0000] {dag.py:2690} INFO - Sync 1 DAGs
[2023-02-18T08:21:08.183+0000] {logging_mixin.py:137} INFO - [2023-02-18T08:21:08.182+0000] {dag.py:3441} INFO - Setting next_dagrun for example_sla_dag to 2023-02-18T08:18:00+00:00, run_after=2023-02-18T08:20:00+00:00
[2023-02-18T08:21:08.759+0000] {processor.py:175} INFO - Processing /home/airflow/.local/lib/python3.7/site-packages/airflow/example_dags/example_sla_dag.py took 8.064 seconds
[2023-02-18T08:23:51.890+0000] {processor.py:153} INFO - Started process (PID=1520) to work on /home/airflow/.local/lib/python3.7/site-packages/airflow/example_dags/example_sla_dag.py
[2023-02-18T08:23:51.921+0000] {processor.py:743} INFO - Processing file /home/airflow/.local/lib/python3.7/site-packages/airflow/example_dags/example_sla_dag.py for tasks to queue
[2023-02-18T08:23:51.925+0000] {logging_mixin.py:137} INFO - [2023-02-18T08:23:51.924+0000] {dagbag.py:538} INFO - Filling up the DagBag from /home/airflow/.local/lib/python3.7/site-packages/airflow/example_dags/example_sla_dag.py
[2023-02-18T08:23:55.716+0000] {processor.py:753} INFO - DAG(s) dict_keys(['example_sla_dag']) retrieved from /home/airflow/.local/lib/python3.7/site-packages/airflow/example_dags/example_sla_dag.py
[2023-02-18T08:23:59.136+0000] {logging_mixin.py:137} INFO - [2023-02-18T08:23:59.136+0000] {dag.py:2690} INFO - Sync 1 DAGs
[2023-02-18T08:24:03.286+0000] {logging_mixin.py:137} INFO - [2023-02-18T08:24:03.285+0000] {dag.py:3441} INFO - Setting next_dagrun for example_sla_dag to 2023-02-18T08:22:00+00:00, run_after=2023-02-18T08:24:00+00:00
[2023-02-18T08:24:05.484+0000] {processor.py:175} INFO - Processing /home/airflow/.local/lib/python3.7/site-packages/airflow/example_dags/example_sla_dag.py took 14.043 seconds
[2023-02-18T08:28:02.429+0000] {processor.py:153} INFO - Started process (PID=1660) to work on /home/airflow/.local/lib/python3.7/site-packages/airflow/example_dags/example_sla_dag.py
[2023-02-18T08:28:02.573+0000] {processor.py:743} INFO - Processing file /home/airflow/.local/lib/python3.7/site-packages/airflow/example_dags/example_sla_dag.py for tasks to queue
[2023-02-18T08:28:02.686+0000] {logging_mixin.py:137} INFO - [2023-02-18T08:28:02.686+0000] {dagbag.py:538} INFO - Filling up the DagBag from /home/airflow/.local/lib/python3.7/site-packages/airflow/example_dags/example_sla_dag.py
[2023-02-18T08:28:07.836+0000] {processor.py:753} INFO - DAG(s) dict_keys(['example_sla_dag']) retrieved from /home/airflow/.local/lib/python3.7/site-packages/airflow/example_dags/example_sla_dag.py
[2023-02-18T08:28:11.849+0000] {logging_mixin.py:137} INFO - [2023-02-18T08:28:11.849+0000] {dag.py:2690} INFO - Sync 1 DAGs
[2023-02-18T08:28:18.441+0000] {logging_mixin.py:137} INFO - [2023-02-18T08:28:18.429+0000] {dag.py:3441} INFO - Setting next_dagrun for example_sla_dag to 2023-02-18T08:26:00+00:00, run_after=2023-02-18T08:28:00+00:00
[2023-02-18T08:28:19.236+0000] {processor.py:175} INFO - Processing /home/airflow/.local/lib/python3.7/site-packages/airflow/example_dags/example_sla_dag.py took 17.278 seconds
[2023-02-18T08:35:37.922+0000] {processor.py:153} INFO - Started process (PID=1891) to work on /home/airflow/.local/lib/python3.7/site-packages/airflow/example_dags/example_sla_dag.py
[2023-02-18T08:35:38.052+0000] {processor.py:743} INFO - Processing file /home/airflow/.local/lib/python3.7/site-packages/airflow/example_dags/example_sla_dag.py for tasks to queue
[2023-02-18T08:35:38.055+0000] {logging_mixin.py:137} INFO - [2023-02-18T08:35:38.055+0000] {dagbag.py:538} INFO - Filling up the DagBag from /home/airflow/.local/lib/python3.7/site-packages/airflow/example_dags/example_sla_dag.py
[2023-02-18T08:35:43.025+0000] {processor.py:753} INFO - DAG(s) dict_keys(['example_sla_dag']) retrieved from /home/airflow/.local/lib/python3.7/site-packages/airflow/example_dags/example_sla_dag.py
[2023-02-18T08:35:49.482+0000] {logging_mixin.py:137} INFO - [2023-02-18T08:35:49.481+0000] {dag.py:2690} INFO - Sync 1 DAGs
[2023-02-18T08:35:57.926+0000] {logging_mixin.py:137} INFO - [2023-02-18T08:35:57.926+0000] {dag.py:3441} INFO - Setting next_dagrun for example_sla_dag to 2023-02-18T08:32:00+00:00, run_after=2023-02-18T08:34:00+00:00
[2023-02-18T08:36:02.628+0000] {processor.py:175} INFO - Processing /home/airflow/.local/lib/python3.7/site-packages/airflow/example_dags/example_sla_dag.py took 25.475 seconds
[2023-02-18T08:50:05.212+0000] {processor.py:153} INFO - Started process (PID=2273) to work on /home/airflow/.local/lib/python3.7/site-packages/airflow/example_dags/example_sla_dag.py
[2023-02-18T08:50:06.091+0000] {processor.py:743} INFO - Processing file /home/airflow/.local/lib/python3.7/site-packages/airflow/example_dags/example_sla_dag.py for tasks to queue
[2023-02-18T08:50:07.416+0000] {logging_mixin.py:137} INFO - [2023-02-18T08:50:07.415+0000] {dagbag.py:538} INFO - Filling up the DagBag from /home/airflow/.local/lib/python3.7/site-packages/airflow/example_dags/example_sla_dag.py
[2023-02-18T08:51:10.992+0000] {logging_mixin.py:137} INFO - [2023-02-18T08:51:10.991+0000] {timeout.py:68} ERROR - Process timed out, PID: 2273
[2023-02-18T08:51:14.063+0000] {logging_mixin.py:137} INFO - [2023-02-18T08:51:10.993+0000] {dagbag.py:343} ERROR - Failed to import: /home/airflow/.local/lib/python3.7/site-packages/airflow/example_dags/example_sla_dag.py
Traceback (most recent call last):
  File "/home/airflow/.local/lib/python3.7/site-packages/airflow/models/dagbag.py", line 339, in parse
    loader.exec_module(new_module)
  File "<frozen importlib._bootstrap_external>", line 728, in exec_module
  File "<frozen importlib._bootstrap>", line 219, in _call_with_frames_removed
  File "/home/airflow/.local/lib/python3.7/site-packages/airflow/example_dags/example_sla_dag.py", line 25, in <module>
    from airflow.decorators import dag, task
  File "/home/airflow/.local/lib/python3.7/site-packages/airflow/decorators/__init__.py", line 21, in <module>
    from airflow.decorators.base import TaskDecorator
  File "/home/airflow/.local/lib/python3.7/site-packages/airflow/decorators/base.py", line 452, in <module>
    class DecoratedMappedOperator(MappedOperator):
  File "/home/airflow/.local/lib/python3.7/site-packages/attr/_next_gen.py", line 146, in wrap
    return do_it(cls, True)
  File "/home/airflow/.local/lib/python3.7/site-packages/attr/_next_gen.py", line 112, in do_it
    match_args=match_args,
  File "/home/airflow/.local/lib/python3.7/site-packages/attr/_make.py", line 1595, in attrs
    return wrap(maybe_cls)
  File "/home/airflow/.local/lib/python3.7/site-packages/attr/_make.py", line 1511, in wrap
    field_transformer,
  File "/home/airflow/.local/lib/python3.7/site-packages/attr/_make.py", line 664, in __init__
    field_transformer,
  File "/home/airflow/.local/lib/python3.7/site-packages/attr/_make.py", line 538, in _transform_attrs
    cls, {a.name for a in own_attrs}
  File "/home/airflow/.local/lib/python3.7/site-packages/attr/_make.py", line 421, in _collect_base_attrs
    for a in getattr(base_cls, "__attrs_attrs__", []):
  File "/home/airflow/.local/lib/python3.7/site-packages/airflow/dag_processing/manager.py", line 466, in _exit_gracefully
    self.log.debug("Current Stacktrace is: %s", "\n".join(map(str, inspect.stack())))
  File "/usr/local/lib/python3.7/inspect.py", line 1513, in stack
    return getouterframes(sys._getframe(1), context)
  File "/usr/local/lib/python3.7/inspect.py", line 1490, in getouterframes
    frameinfo = (frame,) + getframeinfo(frame, context)
  File "/usr/local/lib/python3.7/inspect.py", line 1464, in getframeinfo
    lines, lnum = findsource(frame)
  File "/usr/local/lib/python3.7/inspect.py", line 780, in findsource
    module = getmodule(object, file)
  File "/usr/local/lib/python3.7/inspect.py", line 739, in getmodule
    f = getabsfile(module)
  File "/usr/local/lib/python3.7/inspect.py", line 708, in getabsfile
    _filename = getsourcefile(object) or getfile(object)
  File "/usr/local/lib/python3.7/inspect.py", line 693, in getsourcefile
    if os.path.exists(filename):
  File "/usr/local/lib/python3.7/genericpath.py", line 19, in exists
    os.stat(path)
  File "/home/airflow/.local/lib/python3.7/site-packages/airflow/utils/timeout.py", line 69, in handle_timeout
    raise AirflowTaskTimeout(self.error_message)
airflow.exceptions.AirflowTaskTimeout: DagBag import timeout for /home/airflow/.local/lib/python3.7/site-packages/airflow/example_dags/example_sla_dag.py after 30.0s.
Please take a look at these docs to improve your DAG import time:
* https://airflow.apache.org/docs/apache-airflow/2.5.1/best-practices.html#top-level-python-code
* https://airflow.apache.org/docs/apache-airflow/2.5.1/best-practices.html#reducing-dag-complexity, PID: 2273
[2023-02-18T08:51:15.622+0000] {processor.py:755} WARNING - No viable dags retrieved from /home/airflow/.local/lib/python3.7/site-packages/airflow/example_dags/example_sla_dag.py
[2023-02-18T08:51:27.018+0000] {processor.py:175} INFO - Processing /home/airflow/.local/lib/python3.7/site-packages/airflow/example_dags/example_sla_dag.py took 97.781 seconds
[2023-02-18T09:52:44.018+0000] {processor.py:153} INFO - Started process (PID=203) to work on /home/airflow/.local/lib/python3.7/site-packages/airflow/example_dags/example_sla_dag.py
[2023-02-18T09:52:44.151+0000] {processor.py:743} INFO - Processing file /home/airflow/.local/lib/python3.7/site-packages/airflow/example_dags/example_sla_dag.py for tasks to queue
[2023-02-18T09:52:44.153+0000] {logging_mixin.py:137} INFO - [2023-02-18T09:52:44.153+0000] {dagbag.py:538} INFO - Filling up the DagBag from /home/airflow/.local/lib/python3.7/site-packages/airflow/example_dags/example_sla_dag.py
[2023-02-18T09:52:45.527+0000] {processor.py:753} INFO - DAG(s) dict_keys(['example_sla_dag']) retrieved from /home/airflow/.local/lib/python3.7/site-packages/airflow/example_dags/example_sla_dag.py
[2023-02-18T09:52:46.723+0000] {logging_mixin.py:137} INFO - [2023-02-18T09:52:46.723+0000] {dag.py:2690} INFO - Sync 1 DAGs
[2023-02-18T09:52:47.964+0000] {logging_mixin.py:137} INFO - [2023-02-18T09:52:47.964+0000] {dag.py:3441} INFO - Setting next_dagrun for example_sla_dag to 2023-02-18T09:50:00+00:00, run_after=2023-02-18T09:52:00+00:00
[2023-02-18T09:52:48.830+0000] {processor.py:175} INFO - Processing /home/airflow/.local/lib/python3.7/site-packages/airflow/example_dags/example_sla_dag.py took 5.114 seconds
[2023-02-18T09:53:57.701+0000] {processor.py:153} INFO - Started process (PID=272) to work on /home/airflow/.local/lib/python3.7/site-packages/airflow/example_dags/example_sla_dag.py
[2023-02-18T09:53:57.732+0000] {processor.py:743} INFO - Processing file /home/airflow/.local/lib/python3.7/site-packages/airflow/example_dags/example_sla_dag.py for tasks to queue
[2023-02-18T09:53:57.734+0000] {logging_mixin.py:137} INFO - [2023-02-18T09:53:57.733+0000] {dagbag.py:538} INFO - Filling up the DagBag from /home/airflow/.local/lib/python3.7/site-packages/airflow/example_dags/example_sla_dag.py
[2023-02-18T09:53:58.525+0000] {processor.py:753} INFO - DAG(s) dict_keys(['example_sla_dag']) retrieved from /home/airflow/.local/lib/python3.7/site-packages/airflow/example_dags/example_sla_dag.py
[2023-02-18T09:53:58.995+0000] {logging_mixin.py:137} INFO - [2023-02-18T09:53:58.995+0000] {dag.py:2690} INFO - Sync 1 DAGs
[2023-02-18T09:53:59.844+0000] {logging_mixin.py:137} INFO - [2023-02-18T09:53:59.844+0000] {dag.py:3441} INFO - Setting next_dagrun for example_sla_dag to 2023-02-18T09:50:00+00:00, run_after=2023-02-18T09:52:00+00:00
[2023-02-18T09:54:00.364+0000] {processor.py:175} INFO - Processing /home/airflow/.local/lib/python3.7/site-packages/airflow/example_dags/example_sla_dag.py took 2.743 seconds
[2023-02-18T09:55:39.351+0000] {processor.py:153} INFO - Started process (PID=361) to work on /home/airflow/.local/lib/python3.7/site-packages/airflow/example_dags/example_sla_dag.py
[2023-02-18T09:55:39.367+0000] {processor.py:743} INFO - Processing file /home/airflow/.local/lib/python3.7/site-packages/airflow/example_dags/example_sla_dag.py for tasks to queue
[2023-02-18T09:55:39.431+0000] {logging_mixin.py:137} INFO - [2023-02-18T09:55:39.369+0000] {dagbag.py:538} INFO - Filling up the DagBag from /home/airflow/.local/lib/python3.7/site-packages/airflow/example_dags/example_sla_dag.py
[2023-02-18T09:55:41.661+0000] {processor.py:753} INFO - DAG(s) dict_keys(['example_sla_dag']) retrieved from /home/airflow/.local/lib/python3.7/site-packages/airflow/example_dags/example_sla_dag.py
[2023-02-18T09:55:43.242+0000] {logging_mixin.py:137} INFO - [2023-02-18T09:55:43.198+0000] {dag.py:2690} INFO - Sync 1 DAGs
[2023-02-18T09:55:45.100+0000] {logging_mixin.py:137} INFO - [2023-02-18T09:55:45.100+0000] {dag.py:3441} INFO - Setting next_dagrun for example_sla_dag to 2023-02-18T09:52:00+00:00, run_after=2023-02-18T09:54:00+00:00
[2023-02-18T09:55:46.873+0000] {processor.py:175} INFO - Processing /home/airflow/.local/lib/python3.7/site-packages/airflow/example_dags/example_sla_dag.py took 7.745 seconds
[2023-02-18T09:59:52.894+0000] {processor.py:153} INFO - Started process (PID=527) to work on /home/airflow/.local/lib/python3.7/site-packages/airflow/example_dags/example_sla_dag.py
[2023-02-18T09:59:52.913+0000] {processor.py:743} INFO - Processing file /home/airflow/.local/lib/python3.7/site-packages/airflow/example_dags/example_sla_dag.py for tasks to queue
[2023-02-18T09:59:52.916+0000] {logging_mixin.py:137} INFO - [2023-02-18T09:59:52.915+0000] {dagbag.py:538} INFO - Filling up the DagBag from /home/airflow/.local/lib/python3.7/site-packages/airflow/example_dags/example_sla_dag.py
[2023-02-18T09:59:55.588+0000] {processor.py:753} INFO - DAG(s) dict_keys(['example_sla_dag']) retrieved from /home/airflow/.local/lib/python3.7/site-packages/airflow/example_dags/example_sla_dag.py
[2023-02-18T09:59:57.205+0000] {logging_mixin.py:137} INFO - [2023-02-18T09:59:57.205+0000] {dag.py:2690} INFO - Sync 1 DAGs
[2023-02-18T09:59:59.691+0000] {logging_mixin.py:137} INFO - [2023-02-18T09:59:59.691+0000] {dag.py:3441} INFO - Setting next_dagrun for example_sla_dag to 2023-02-18T09:56:00+00:00, run_after=2023-02-18T09:58:00+00:00
[2023-02-18T10:00:01.198+0000] {processor.py:175} INFO - Processing /home/airflow/.local/lib/python3.7/site-packages/airflow/example_dags/example_sla_dag.py took 8.372 seconds
[2023-02-18T10:03:14.230+0000] {processor.py:153} INFO - Started process (PID=667) to work on /home/airflow/.local/lib/python3.7/site-packages/airflow/example_dags/example_sla_dag.py
[2023-02-18T10:03:14.249+0000] {processor.py:743} INFO - Processing file /home/airflow/.local/lib/python3.7/site-packages/airflow/example_dags/example_sla_dag.py for tasks to queue
[2023-02-18T10:03:14.583+0000] {logging_mixin.py:137} INFO - [2023-02-18T10:03:14.582+0000] {dagbag.py:538} INFO - Filling up the DagBag from /home/airflow/.local/lib/python3.7/site-packages/airflow/example_dags/example_sla_dag.py
[2023-02-18T10:03:16.538+0000] {processor.py:753} INFO - DAG(s) dict_keys(['example_sla_dag']) retrieved from /home/airflow/.local/lib/python3.7/site-packages/airflow/example_dags/example_sla_dag.py
[2023-02-18T10:03:18.075+0000] {logging_mixin.py:137} INFO - [2023-02-18T10:03:18.075+0000] {dag.py:2690} INFO - Sync 1 DAGs
[2023-02-18T10:03:20.486+0000] {logging_mixin.py:137} INFO - [2023-02-18T10:03:20.485+0000] {dag.py:3441} INFO - Setting next_dagrun for example_sla_dag to 2023-02-18T10:00:00+00:00, run_after=2023-02-18T10:02:00+00:00
[2023-02-18T10:03:22.717+0000] {processor.py:175} INFO - Processing /home/airflow/.local/lib/python3.7/site-packages/airflow/example_dags/example_sla_dag.py took 8.678 seconds
[2023-02-18T10:06:18.568+0000] {processor.py:153} INFO - Started process (PID=781) to work on /home/airflow/.local/lib/python3.7/site-packages/airflow/example_dags/example_sla_dag.py
[2023-02-18T10:06:18.679+0000] {processor.py:743} INFO - Processing file /home/airflow/.local/lib/python3.7/site-packages/airflow/example_dags/example_sla_dag.py for tasks to queue
[2023-02-18T10:06:18.795+0000] {logging_mixin.py:137} INFO - [2023-02-18T10:06:18.794+0000] {dagbag.py:538} INFO - Filling up the DagBag from /home/airflow/.local/lib/python3.7/site-packages/airflow/example_dags/example_sla_dag.py
[2023-02-18T10:06:22.603+0000] {processor.py:753} INFO - DAG(s) dict_keys(['example_sla_dag']) retrieved from /home/airflow/.local/lib/python3.7/site-packages/airflow/example_dags/example_sla_dag.py
[2023-02-18T10:06:25.573+0000] {logging_mixin.py:137} INFO - [2023-02-18T10:06:25.572+0000] {dag.py:2690} INFO - Sync 1 DAGs
[2023-02-18T10:06:27.704+0000] {logging_mixin.py:137} INFO - [2023-02-18T10:06:27.703+0000] {dag.py:3441} INFO - Setting next_dagrun for example_sla_dag to 2023-02-18T10:04:00+00:00, run_after=2023-02-18T10:06:00+00:00
[2023-02-18T10:06:29.116+0000] {processor.py:175} INFO - Processing /home/airflow/.local/lib/python3.7/site-packages/airflow/example_dags/example_sla_dag.py took 11.247 seconds
[2023-02-18T10:08:52.573+0000] {processor.py:153} INFO - Started process (PID=886) to work on /home/airflow/.local/lib/python3.7/site-packages/airflow/example_dags/example_sla_dag.py
[2023-02-18T10:08:52.617+0000] {processor.py:743} INFO - Processing file /home/airflow/.local/lib/python3.7/site-packages/airflow/example_dags/example_sla_dag.py for tasks to queue
[2023-02-18T10:08:52.742+0000] {logging_mixin.py:137} INFO - [2023-02-18T10:08:52.742+0000] {dagbag.py:538} INFO - Filling up the DagBag from /home/airflow/.local/lib/python3.7/site-packages/airflow/example_dags/example_sla_dag.py
[2023-02-18T10:08:54.220+0000] {processor.py:753} INFO - DAG(s) dict_keys(['example_sla_dag']) retrieved from /home/airflow/.local/lib/python3.7/site-packages/airflow/example_dags/example_sla_dag.py
[2023-02-18T10:08:54.848+0000] {logging_mixin.py:137} INFO - [2023-02-18T10:08:54.848+0000] {dag.py:2690} INFO - Sync 1 DAGs
[2023-02-18T10:08:56.645+0000] {logging_mixin.py:137} INFO - [2023-02-18T10:08:56.643+0000] {dag.py:3441} INFO - Setting next_dagrun for example_sla_dag to 2023-02-18T10:06:00+00:00, run_after=2023-02-18T10:08:00+00:00
[2023-02-18T10:08:57.965+0000] {processor.py:175} INFO - Processing /home/airflow/.local/lib/python3.7/site-packages/airflow/example_dags/example_sla_dag.py took 5.659 seconds
