[2023-02-18T07:49:35.681+0000] {processor.py:153} INFO - Started process (PID=156) to work on /home/airflow/.local/lib/python3.7/site-packages/airflow/example_dags/example_local_kubernetes_executor.py
[2023-02-18T07:49:35.804+0000] {processor.py:743} INFO - Processing file /home/airflow/.local/lib/python3.7/site-packages/airflow/example_dags/example_local_kubernetes_executor.py for tasks to queue
[2023-02-18T07:49:35.806+0000] {logging_mixin.py:137} INFO - [2023-02-18T07:49:35.806+0000] {dagbag.py:538} INFO - Filling up the DagBag from /home/airflow/.local/lib/python3.7/site-packages/airflow/example_dags/example_local_kubernetes_executor.py
[2023-02-18T07:49:36.581+0000] {processor.py:753} INFO - DAG(s) dict_keys(['example_local_kubernetes_executor']) retrieved from /home/airflow/.local/lib/python3.7/site-packages/airflow/example_dags/example_local_kubernetes_executor.py
[2023-02-18T07:49:37.472+0000] {logging_mixin.py:137} INFO - [2023-02-18T07:49:37.472+0000] {dag.py:2690} INFO - Sync 1 DAGs
[2023-02-18T07:49:38.340+0000] {logging_mixin.py:137} INFO - [2023-02-18T07:49:38.339+0000] {dag.py:3441} INFO - Setting next_dagrun for example_local_kubernetes_executor to None, run_after=None
[2023-02-18T07:49:40.130+0000] {processor.py:175} INFO - Processing /home/airflow/.local/lib/python3.7/site-packages/airflow/example_dags/example_local_kubernetes_executor.py took 4.615 seconds
[2023-02-18T07:51:27.832+0000] {processor.py:153} INFO - Started process (PID=258) to work on /home/airflow/.local/lib/python3.7/site-packages/airflow/example_dags/example_local_kubernetes_executor.py
[2023-02-18T07:51:27.864+0000] {processor.py:743} INFO - Processing file /home/airflow/.local/lib/python3.7/site-packages/airflow/example_dags/example_local_kubernetes_executor.py for tasks to queue
[2023-02-18T07:51:27.867+0000] {logging_mixin.py:137} INFO - [2023-02-18T07:51:27.866+0000] {dagbag.py:538} INFO - Filling up the DagBag from /home/airflow/.local/lib/python3.7/site-packages/airflow/example_dags/example_local_kubernetes_executor.py
[2023-02-18T07:51:29.010+0000] {processor.py:753} INFO - DAG(s) dict_keys(['example_local_kubernetes_executor']) retrieved from /home/airflow/.local/lib/python3.7/site-packages/airflow/example_dags/example_local_kubernetes_executor.py
[2023-02-18T07:51:30.832+0000] {logging_mixin.py:137} INFO - [2023-02-18T07:51:30.831+0000] {dag.py:2690} INFO - Sync 1 DAGs
[2023-02-18T07:51:32.688+0000] {logging_mixin.py:137} INFO - [2023-02-18T07:51:32.688+0000] {dag.py:3441} INFO - Setting next_dagrun for example_local_kubernetes_executor to None, run_after=None
[2023-02-18T07:51:33.267+0000] {processor.py:175} INFO - Processing /home/airflow/.local/lib/python3.7/site-packages/airflow/example_dags/example_local_kubernetes_executor.py took 5.674 seconds
[2023-02-18T07:53:06.577+0000] {processor.py:153} INFO - Started process (PID=344) to work on /home/airflow/.local/lib/python3.7/site-packages/airflow/example_dags/example_local_kubernetes_executor.py
[2023-02-18T07:53:06.609+0000] {processor.py:743} INFO - Processing file /home/airflow/.local/lib/python3.7/site-packages/airflow/example_dags/example_local_kubernetes_executor.py for tasks to queue
[2023-02-18T07:53:06.611+0000] {logging_mixin.py:137} INFO - [2023-02-18T07:53:06.611+0000] {dagbag.py:538} INFO - Filling up the DagBag from /home/airflow/.local/lib/python3.7/site-packages/airflow/example_dags/example_local_kubernetes_executor.py
[2023-02-18T07:53:07.386+0000] {processor.py:753} INFO - DAG(s) dict_keys(['example_local_kubernetes_executor']) retrieved from /home/airflow/.local/lib/python3.7/site-packages/airflow/example_dags/example_local_kubernetes_executor.py
[2023-02-18T07:53:08.150+0000] {logging_mixin.py:137} INFO - [2023-02-18T07:53:08.148+0000] {dag.py:2690} INFO - Sync 1 DAGs
[2023-02-18T07:53:08.887+0000] {logging_mixin.py:137} INFO - [2023-02-18T07:53:08.886+0000] {dag.py:3441} INFO - Setting next_dagrun for example_local_kubernetes_executor to None, run_after=None
[2023-02-18T07:53:09.518+0000] {processor.py:175} INFO - Processing /home/airflow/.local/lib/python3.7/site-packages/airflow/example_dags/example_local_kubernetes_executor.py took 3.035 seconds
[2023-02-18T07:54:35.023+0000] {processor.py:153} INFO - Started process (PID=431) to work on /home/airflow/.local/lib/python3.7/site-packages/airflow/example_dags/example_local_kubernetes_executor.py
[2023-02-18T07:54:35.040+0000] {processor.py:743} INFO - Processing file /home/airflow/.local/lib/python3.7/site-packages/airflow/example_dags/example_local_kubernetes_executor.py for tasks to queue
[2023-02-18T07:54:35.043+0000] {logging_mixin.py:137} INFO - [2023-02-18T07:54:35.042+0000] {dagbag.py:538} INFO - Filling up the DagBag from /home/airflow/.local/lib/python3.7/site-packages/airflow/example_dags/example_local_kubernetes_executor.py
[2023-02-18T07:54:35.569+0000] {processor.py:753} INFO - DAG(s) dict_keys(['example_local_kubernetes_executor']) retrieved from /home/airflow/.local/lib/python3.7/site-packages/airflow/example_dags/example_local_kubernetes_executor.py
[2023-02-18T07:54:36.803+0000] {logging_mixin.py:137} INFO - [2023-02-18T07:54:36.802+0000] {dag.py:2690} INFO - Sync 1 DAGs
[2023-02-18T07:54:38.555+0000] {logging_mixin.py:137} INFO - [2023-02-18T07:54:38.555+0000] {dag.py:3441} INFO - Setting next_dagrun for example_local_kubernetes_executor to None, run_after=None
[2023-02-18T07:54:39.150+0000] {processor.py:175} INFO - Processing /home/airflow/.local/lib/python3.7/site-packages/airflow/example_dags/example_local_kubernetes_executor.py took 4.269 seconds
[2023-02-18T07:57:11.684+0000] {processor.py:153} INFO - Started process (PID=544) to work on /home/airflow/.local/lib/python3.7/site-packages/airflow/example_dags/example_local_kubernetes_executor.py
[2023-02-18T07:57:11.953+0000] {processor.py:743} INFO - Processing file /home/airflow/.local/lib/python3.7/site-packages/airflow/example_dags/example_local_kubernetes_executor.py for tasks to queue
[2023-02-18T07:57:11.957+0000] {logging_mixin.py:137} INFO - [2023-02-18T07:57:11.956+0000] {dagbag.py:538} INFO - Filling up the DagBag from /home/airflow/.local/lib/python3.7/site-packages/airflow/example_dags/example_local_kubernetes_executor.py
[2023-02-18T07:57:13.545+0000] {processor.py:753} INFO - DAG(s) dict_keys(['example_local_kubernetes_executor']) retrieved from /home/airflow/.local/lib/python3.7/site-packages/airflow/example_dags/example_local_kubernetes_executor.py
[2023-02-18T07:57:14.917+0000] {logging_mixin.py:137} INFO - [2023-02-18T07:57:14.916+0000] {dag.py:2690} INFO - Sync 1 DAGs
[2023-02-18T07:57:18.537+0000] {logging_mixin.py:137} INFO - [2023-02-18T07:57:18.536+0000] {dag.py:3441} INFO - Setting next_dagrun for example_local_kubernetes_executor to None, run_after=None
[2023-02-18T07:57:21.279+0000] {processor.py:175} INFO - Processing /home/airflow/.local/lib/python3.7/site-packages/airflow/example_dags/example_local_kubernetes_executor.py took 10.309 seconds
[2023-02-18T08:00:49.662+0000] {processor.py:153} INFO - Started process (PID=684) to work on /home/airflow/.local/lib/python3.7/site-packages/airflow/example_dags/example_local_kubernetes_executor.py
[2023-02-18T08:00:49.709+0000] {processor.py:743} INFO - Processing file /home/airflow/.local/lib/python3.7/site-packages/airflow/example_dags/example_local_kubernetes_executor.py for tasks to queue
[2023-02-18T08:00:49.714+0000] {logging_mixin.py:137} INFO - [2023-02-18T08:00:49.713+0000] {dagbag.py:538} INFO - Filling up the DagBag from /home/airflow/.local/lib/python3.7/site-packages/airflow/example_dags/example_local_kubernetes_executor.py
[2023-02-18T08:00:51.613+0000] {processor.py:753} INFO - DAG(s) dict_keys(['example_local_kubernetes_executor']) retrieved from /home/airflow/.local/lib/python3.7/site-packages/airflow/example_dags/example_local_kubernetes_executor.py
[2023-02-18T08:00:53.047+0000] {logging_mixin.py:137} INFO - [2023-02-18T08:00:53.047+0000] {dag.py:2690} INFO - Sync 1 DAGs
[2023-02-18T08:00:56.048+0000] {logging_mixin.py:137} INFO - [2023-02-18T08:00:56.047+0000] {dag.py:3441} INFO - Setting next_dagrun for example_local_kubernetes_executor to None, run_after=None
[2023-02-18T08:00:59.322+0000] {processor.py:175} INFO - Processing /home/airflow/.local/lib/python3.7/site-packages/airflow/example_dags/example_local_kubernetes_executor.py took 9.831 seconds
[2023-02-18T08:08:31.872+0000] {processor.py:153} INFO - Started process (PID=953) to work on /home/airflow/.local/lib/python3.7/site-packages/airflow/example_dags/example_local_kubernetes_executor.py
[2023-02-18T08:08:31.877+0000] {processor.py:743} INFO - Processing file /home/airflow/.local/lib/python3.7/site-packages/airflow/example_dags/example_local_kubernetes_executor.py for tasks to queue
[2023-02-18T08:08:31.892+0000] {logging_mixin.py:137} INFO - [2023-02-18T08:08:31.891+0000] {dagbag.py:538} INFO - Filling up the DagBag from /home/airflow/.local/lib/python3.7/site-packages/airflow/example_dags/example_local_kubernetes_executor.py
[2023-02-18T08:08:33.419+0000] {processor.py:753} INFO - DAG(s) dict_keys(['example_local_kubernetes_executor']) retrieved from /home/airflow/.local/lib/python3.7/site-packages/airflow/example_dags/example_local_kubernetes_executor.py
[2023-02-18T08:08:37.128+0000] {logging_mixin.py:137} INFO - [2023-02-18T08:08:37.128+0000] {dag.py:2690} INFO - Sync 1 DAGs
[2023-02-18T08:08:38.818+0000] {logging_mixin.py:137} INFO - [2023-02-18T08:08:38.817+0000] {dag.py:3441} INFO - Setting next_dagrun for example_local_kubernetes_executor to None, run_after=None
[2023-02-18T08:08:41.025+0000] {processor.py:175} INFO - Processing /home/airflow/.local/lib/python3.7/site-packages/airflow/example_dags/example_local_kubernetes_executor.py took 9.613 seconds
[2023-02-18T08:15:32.764+0000] {processor.py:153} INFO - Started process (PID=1201) to work on /home/airflow/.local/lib/python3.7/site-packages/airflow/example_dags/example_local_kubernetes_executor.py
[2023-02-18T08:15:32.779+0000] {processor.py:743} INFO - Processing file /home/airflow/.local/lib/python3.7/site-packages/airflow/example_dags/example_local_kubernetes_executor.py for tasks to queue
[2023-02-18T08:15:32.797+0000] {logging_mixin.py:137} INFO - [2023-02-18T08:15:32.796+0000] {dagbag.py:538} INFO - Filling up the DagBag from /home/airflow/.local/lib/python3.7/site-packages/airflow/example_dags/example_local_kubernetes_executor.py
[2023-02-18T08:15:34.928+0000] {processor.py:753} INFO - DAG(s) dict_keys(['example_local_kubernetes_executor']) retrieved from /home/airflow/.local/lib/python3.7/site-packages/airflow/example_dags/example_local_kubernetes_executor.py
[2023-02-18T08:15:37.071+0000] {logging_mixin.py:137} INFO - [2023-02-18T08:15:37.071+0000] {dag.py:2690} INFO - Sync 1 DAGs
[2023-02-18T08:15:39.749+0000] {logging_mixin.py:137} INFO - [2023-02-18T08:15:39.748+0000] {dag.py:3441} INFO - Setting next_dagrun for example_local_kubernetes_executor to None, run_after=None
[2023-02-18T08:15:41.515+0000] {processor.py:175} INFO - Processing /home/airflow/.local/lib/python3.7/site-packages/airflow/example_dags/example_local_kubernetes_executor.py took 8.790 seconds
[2023-02-18T08:21:39.477+0000] {processor.py:153} INFO - Started process (PID=1431) to work on /home/airflow/.local/lib/python3.7/site-packages/airflow/example_dags/example_local_kubernetes_executor.py
[2023-02-18T08:21:39.491+0000] {processor.py:743} INFO - Processing file /home/airflow/.local/lib/python3.7/site-packages/airflow/example_dags/example_local_kubernetes_executor.py for tasks to queue
[2023-02-18T08:21:39.494+0000] {logging_mixin.py:137} INFO - [2023-02-18T08:21:39.493+0000] {dagbag.py:538} INFO - Filling up the DagBag from /home/airflow/.local/lib/python3.7/site-packages/airflow/example_dags/example_local_kubernetes_executor.py
[2023-02-18T08:21:40.904+0000] {processor.py:753} INFO - DAG(s) dict_keys(['example_local_kubernetes_executor']) retrieved from /home/airflow/.local/lib/python3.7/site-packages/airflow/example_dags/example_local_kubernetes_executor.py
[2023-02-18T08:21:42.522+0000] {logging_mixin.py:137} INFO - [2023-02-18T08:21:42.522+0000] {dag.py:2690} INFO - Sync 1 DAGs
[2023-02-18T08:21:46.133+0000] {logging_mixin.py:137} INFO - [2023-02-18T08:21:46.132+0000] {dag.py:3441} INFO - Setting next_dagrun for example_local_kubernetes_executor to None, run_after=None
[2023-02-18T08:21:48.005+0000] {processor.py:175} INFO - Processing /home/airflow/.local/lib/python3.7/site-packages/airflow/example_dags/example_local_kubernetes_executor.py took 8.839 seconds
[2023-02-18T08:29:25.614+0000] {processor.py:153} INFO - Started process (PID=1699) to work on /home/airflow/.local/lib/python3.7/site-packages/airflow/example_dags/example_local_kubernetes_executor.py
[2023-02-18T08:29:25.988+0000] {processor.py:743} INFO - Processing file /home/airflow/.local/lib/python3.7/site-packages/airflow/example_dags/example_local_kubernetes_executor.py for tasks to queue
[2023-02-18T08:29:25.991+0000] {logging_mixin.py:137} INFO - [2023-02-18T08:29:25.990+0000] {dagbag.py:538} INFO - Filling up the DagBag from /home/airflow/.local/lib/python3.7/site-packages/airflow/example_dags/example_local_kubernetes_executor.py
[2023-02-18T08:29:30.884+0000] {processor.py:753} INFO - DAG(s) dict_keys(['example_local_kubernetes_executor']) retrieved from /home/airflow/.local/lib/python3.7/site-packages/airflow/example_dags/example_local_kubernetes_executor.py
[2023-02-18T08:29:40.367+0000] {logging_mixin.py:137} INFO - [2023-02-18T08:29:40.366+0000] {dag.py:2690} INFO - Sync 1 DAGs
[2023-02-18T08:29:45.504+0000] {logging_mixin.py:137} INFO - [2023-02-18T08:29:45.503+0000] {dag.py:3441} INFO - Setting next_dagrun for example_local_kubernetes_executor to None, run_after=None
[2023-02-18T08:29:50.836+0000] {processor.py:175} INFO - Processing /home/airflow/.local/lib/python3.7/site-packages/airflow/example_dags/example_local_kubernetes_executor.py took 26.318 seconds
[2023-02-18T09:53:05.142+0000] {processor.py:153} INFO - Started process (PID=220) to work on /home/airflow/.local/lib/python3.7/site-packages/airflow/example_dags/example_local_kubernetes_executor.py
[2023-02-18T09:53:05.157+0000] {processor.py:743} INFO - Processing file /home/airflow/.local/lib/python3.7/site-packages/airflow/example_dags/example_local_kubernetes_executor.py for tasks to queue
[2023-02-18T09:53:05.173+0000] {logging_mixin.py:137} INFO - [2023-02-18T09:53:05.172+0000] {dagbag.py:538} INFO - Filling up the DagBag from /home/airflow/.local/lib/python3.7/site-packages/airflow/example_dags/example_local_kubernetes_executor.py
[2023-02-18T09:53:05.560+0000] {processor.py:753} INFO - DAG(s) dict_keys(['example_local_kubernetes_executor']) retrieved from /home/airflow/.local/lib/python3.7/site-packages/airflow/example_dags/example_local_kubernetes_executor.py
[2023-02-18T09:53:06.109+0000] {logging_mixin.py:137} INFO - [2023-02-18T09:53:06.109+0000] {dag.py:2690} INFO - Sync 1 DAGs
[2023-02-18T09:53:06.971+0000] {logging_mixin.py:137} INFO - [2023-02-18T09:53:06.970+0000] {dag.py:3441} INFO - Setting next_dagrun for example_local_kubernetes_executor to None, run_after=None
[2023-02-18T09:53:07.747+0000] {processor.py:175} INFO - Processing /home/airflow/.local/lib/python3.7/site-packages/airflow/example_dags/example_local_kubernetes_executor.py took 2.750 seconds
[2023-02-18T09:54:21.160+0000] {processor.py:153} INFO - Started process (PID=293) to work on /home/airflow/.local/lib/python3.7/site-packages/airflow/example_dags/example_local_kubernetes_executor.py
[2023-02-18T09:54:21.288+0000] {processor.py:743} INFO - Processing file /home/airflow/.local/lib/python3.7/site-packages/airflow/example_dags/example_local_kubernetes_executor.py for tasks to queue
[2023-02-18T09:54:21.406+0000] {logging_mixin.py:137} INFO - [2023-02-18T09:54:21.405+0000] {dagbag.py:538} INFO - Filling up the DagBag from /home/airflow/.local/lib/python3.7/site-packages/airflow/example_dags/example_local_kubernetes_executor.py
[2023-02-18T09:54:22.086+0000] {processor.py:753} INFO - DAG(s) dict_keys(['example_local_kubernetes_executor']) retrieved from /home/airflow/.local/lib/python3.7/site-packages/airflow/example_dags/example_local_kubernetes_executor.py
[2023-02-18T09:54:22.958+0000] {logging_mixin.py:137} INFO - [2023-02-18T09:54:22.957+0000] {dag.py:2690} INFO - Sync 1 DAGs
[2023-02-18T09:54:24.587+0000] {logging_mixin.py:137} INFO - [2023-02-18T09:54:24.586+0000] {dag.py:3441} INFO - Setting next_dagrun for example_local_kubernetes_executor to None, run_after=None
[2023-02-18T09:54:25.029+0000] {processor.py:175} INFO - Processing /home/airflow/.local/lib/python3.7/site-packages/airflow/example_dags/example_local_kubernetes_executor.py took 3.935 seconds
[2023-02-18T09:57:37.921+0000] {processor.py:153} INFO - Started process (PID=434) to work on /home/airflow/.local/lib/python3.7/site-packages/airflow/example_dags/example_local_kubernetes_executor.py
[2023-02-18T09:57:37.951+0000] {processor.py:743} INFO - Processing file /home/airflow/.local/lib/python3.7/site-packages/airflow/example_dags/example_local_kubernetes_executor.py for tasks to queue
[2023-02-18T09:57:37.954+0000] {logging_mixin.py:137} INFO - [2023-02-18T09:57:37.953+0000] {dagbag.py:538} INFO - Filling up the DagBag from /home/airflow/.local/lib/python3.7/site-packages/airflow/example_dags/example_local_kubernetes_executor.py
[2023-02-18T09:57:40.859+0000] {processor.py:753} INFO - DAG(s) dict_keys(['example_local_kubernetes_executor']) retrieved from /home/airflow/.local/lib/python3.7/site-packages/airflow/example_dags/example_local_kubernetes_executor.py
[2023-02-18T09:57:43.500+0000] {logging_mixin.py:137} INFO - [2023-02-18T09:57:43.500+0000] {dag.py:2690} INFO - Sync 1 DAGs
[2023-02-18T09:57:46.139+0000] {logging_mixin.py:137} INFO - [2023-02-18T09:57:46.138+0000] {dag.py:3441} INFO - Setting next_dagrun for example_local_kubernetes_executor to None, run_after=None
[2023-02-18T09:57:48.616+0000] {processor.py:175} INFO - Processing /home/airflow/.local/lib/python3.7/site-packages/airflow/example_dags/example_local_kubernetes_executor.py took 11.538 seconds
[2023-02-18T10:00:27.515+0000] {processor.py:153} INFO - Started process (PID=547) to work on /home/airflow/.local/lib/python3.7/site-packages/airflow/example_dags/example_local_kubernetes_executor.py
[2023-02-18T10:00:27.534+0000] {processor.py:743} INFO - Processing file /home/airflow/.local/lib/python3.7/site-packages/airflow/example_dags/example_local_kubernetes_executor.py for tasks to queue
[2023-02-18T10:00:27.537+0000] {logging_mixin.py:137} INFO - [2023-02-18T10:00:27.536+0000] {dagbag.py:538} INFO - Filling up the DagBag from /home/airflow/.local/lib/python3.7/site-packages/airflow/example_dags/example_local_kubernetes_executor.py
[2023-02-18T10:00:28.440+0000] {processor.py:753} INFO - DAG(s) dict_keys(['example_local_kubernetes_executor']) retrieved from /home/airflow/.local/lib/python3.7/site-packages/airflow/example_dags/example_local_kubernetes_executor.py
[2023-02-18T10:00:29.277+0000] {logging_mixin.py:137} INFO - [2023-02-18T10:00:29.233+0000] {dag.py:2690} INFO - Sync 1 DAGs
[2023-02-18T10:00:31.078+0000] {logging_mixin.py:137} INFO - [2023-02-18T10:00:31.078+0000] {dag.py:3441} INFO - Setting next_dagrun for example_local_kubernetes_executor to None, run_after=None
[2023-02-18T10:00:31.988+0000] {processor.py:175} INFO - Processing /home/airflow/.local/lib/python3.7/site-packages/airflow/example_dags/example_local_kubernetes_executor.py took 4.648 seconds
[2023-02-18T10:03:55.977+0000] {processor.py:153} INFO - Started process (PID=699) to work on /home/airflow/.local/lib/python3.7/site-packages/airflow/example_dags/example_local_kubernetes_executor.py
[2023-02-18T10:03:56.307+0000] {processor.py:743} INFO - Processing file /home/airflow/.local/lib/python3.7/site-packages/airflow/example_dags/example_local_kubernetes_executor.py for tasks to queue
[2023-02-18T10:03:56.323+0000] {logging_mixin.py:137} INFO - [2023-02-18T10:03:56.323+0000] {dagbag.py:538} INFO - Filling up the DagBag from /home/airflow/.local/lib/python3.7/site-packages/airflow/example_dags/example_local_kubernetes_executor.py
[2023-02-18T10:03:58.658+0000] {processor.py:753} INFO - DAG(s) dict_keys(['example_local_kubernetes_executor']) retrieved from /home/airflow/.local/lib/python3.7/site-packages/airflow/example_dags/example_local_kubernetes_executor.py
[2023-02-18T10:04:01.423+0000] {logging_mixin.py:137} INFO - [2023-02-18T10:04:01.330+0000] {dag.py:2690} INFO - Sync 1 DAGs
[2023-02-18T10:04:04.171+0000] {logging_mixin.py:137} INFO - [2023-02-18T10:04:04.171+0000] {dag.py:3441} INFO - Setting next_dagrun for example_local_kubernetes_executor to None, run_after=None
[2023-02-18T10:04:05.952+0000] {processor.py:175} INFO - Processing /home/airflow/.local/lib/python3.7/site-packages/airflow/example_dags/example_local_kubernetes_executor.py took 10.366 seconds
