[2023-02-18T07:48:37.308+0000] {processor.py:153} INFO - Started process (PID=103) to work on /home/airflow/.local/lib/python3.7/site-packages/airflow/example_dags/example_xcom.py
[2023-02-18T07:48:37.368+0000] {processor.py:743} INFO - Processing file /home/airflow/.local/lib/python3.7/site-packages/airflow/example_dags/example_xcom.py for tasks to queue
[2023-02-18T07:48:37.370+0000] {logging_mixin.py:137} INFO - [2023-02-18T07:48:37.370+0000] {dagbag.py:538} INFO - Filling up the DagBag from /home/airflow/.local/lib/python3.7/site-packages/airflow/example_dags/example_xcom.py
[2023-02-18T07:48:38.001+0000] {processor.py:753} INFO - DAG(s) dict_keys(['example_xcom']) retrieved from /home/airflow/.local/lib/python3.7/site-packages/airflow/example_dags/example_xcom.py
[2023-02-18T07:48:38.687+0000] {logging_mixin.py:137} INFO - [2023-02-18T07:48:38.687+0000] {dag.py:2690} INFO - Sync 1 DAGs
[2023-02-18T07:48:39.507+0000] {logging_mixin.py:137} INFO - [2023-02-18T07:48:39.507+0000] {dag.py:3441} INFO - Setting next_dagrun for example_xcom to 2021-01-01T00:00:00+00:00, run_after=2021-01-01T00:00:00+00:00
[2023-02-18T07:48:39.875+0000] {processor.py:175} INFO - Processing /home/airflow/.local/lib/python3.7/site-packages/airflow/example_dags/example_xcom.py took 2.683 seconds
[2023-02-18T07:50:01.586+0000] {processor.py:153} INFO - Started process (PID=178) to work on /home/airflow/.local/lib/python3.7/site-packages/airflow/example_dags/example_xcom.py
[2023-02-18T07:50:01.695+0000] {processor.py:743} INFO - Processing file /home/airflow/.local/lib/python3.7/site-packages/airflow/example_dags/example_xcom.py for tasks to queue
[2023-02-18T07:50:01.697+0000] {logging_mixin.py:137} INFO - [2023-02-18T07:50:01.697+0000] {dagbag.py:538} INFO - Filling up the DagBag from /home/airflow/.local/lib/python3.7/site-packages/airflow/example_dags/example_xcom.py
[2023-02-18T07:50:02.181+0000] {processor.py:753} INFO - DAG(s) dict_keys(['example_xcom']) retrieved from /home/airflow/.local/lib/python3.7/site-packages/airflow/example_dags/example_xcom.py
[2023-02-18T07:50:02.992+0000] {logging_mixin.py:137} INFO - [2023-02-18T07:50:02.992+0000] {dag.py:2690} INFO - Sync 1 DAGs
[2023-02-18T07:50:03.937+0000] {logging_mixin.py:137} INFO - [2023-02-18T07:50:03.915+0000] {dag.py:3441} INFO - Setting next_dagrun for example_xcom to 2021-01-01T00:00:00+00:00, run_after=2021-01-01T00:00:00+00:00
[2023-02-18T07:50:04.880+0000] {processor.py:175} INFO - Processing /home/airflow/.local/lib/python3.7/site-packages/airflow/example_dags/example_xcom.py took 3.376 seconds
[2023-02-18T07:50:58.876+0000] {processor.py:153} INFO - Started process (PID=230) to work on /home/airflow/.local/lib/python3.7/site-packages/airflow/example_dags/example_xcom.py
[2023-02-18T07:50:58.938+0000] {processor.py:743} INFO - Processing file /home/airflow/.local/lib/python3.7/site-packages/airflow/example_dags/example_xcom.py for tasks to queue
[2023-02-18T07:50:58.941+0000] {logging_mixin.py:137} INFO - [2023-02-18T07:50:58.940+0000] {dagbag.py:538} INFO - Filling up the DagBag from /home/airflow/.local/lib/python3.7/site-packages/airflow/example_dags/example_xcom.py
[2023-02-18T07:50:59.967+0000] {processor.py:753} INFO - DAG(s) dict_keys(['example_xcom']) retrieved from /home/airflow/.local/lib/python3.7/site-packages/airflow/example_dags/example_xcom.py
[2023-02-18T07:51:00.819+0000] {logging_mixin.py:137} INFO - [2023-02-18T07:51:00.818+0000] {dag.py:2690} INFO - Sync 1 DAGs
[2023-02-18T07:51:01.312+0000] {logging_mixin.py:137} INFO - [2023-02-18T07:51:01.311+0000] {dag.py:3441} INFO - Setting next_dagrun for example_xcom to 2021-01-01T00:00:00+00:00, run_after=2021-01-01T00:00:00+00:00
[2023-02-18T07:51:02.293+0000] {processor.py:175} INFO - Processing /home/airflow/.local/lib/python3.7/site-packages/airflow/example_dags/example_xcom.py took 3.463 seconds
[2023-02-18T07:51:54.570+0000] {processor.py:153} INFO - Started process (PID=281) to work on /home/airflow/.local/lib/python3.7/site-packages/airflow/example_dags/example_xcom.py
[2023-02-18T07:51:54.587+0000] {processor.py:743} INFO - Processing file /home/airflow/.local/lib/python3.7/site-packages/airflow/example_dags/example_xcom.py for tasks to queue
[2023-02-18T07:51:54.589+0000] {logging_mixin.py:137} INFO - [2023-02-18T07:51:54.588+0000] {dagbag.py:538} INFO - Filling up the DagBag from /home/airflow/.local/lib/python3.7/site-packages/airflow/example_dags/example_xcom.py
[2023-02-18T07:51:55.855+0000] {processor.py:753} INFO - DAG(s) dict_keys(['example_xcom']) retrieved from /home/airflow/.local/lib/python3.7/site-packages/airflow/example_dags/example_xcom.py
[2023-02-18T07:51:56.564+0000] {logging_mixin.py:137} INFO - [2023-02-18T07:51:56.551+0000] {dag.py:2690} INFO - Sync 1 DAGs
[2023-02-18T07:51:57.597+0000] {logging_mixin.py:137} INFO - [2023-02-18T07:51:57.596+0000] {dag.py:3441} INFO - Setting next_dagrun for example_xcom to 2021-01-01T00:00:00+00:00, run_after=2021-01-01T00:00:00+00:00
[2023-02-18T07:51:58.364+0000] {processor.py:175} INFO - Processing /home/airflow/.local/lib/python3.7/site-packages/airflow/example_dags/example_xcom.py took 4.017 seconds
[2023-02-18T07:52:45.915+0000] {processor.py:153} INFO - Started process (PID=324) to work on /home/airflow/.local/lib/python3.7/site-packages/airflow/example_dags/example_xcom.py
[2023-02-18T07:52:45.932+0000] {processor.py:743} INFO - Processing file /home/airflow/.local/lib/python3.7/site-packages/airflow/example_dags/example_xcom.py for tasks to queue
[2023-02-18T07:52:45.934+0000] {logging_mixin.py:137} INFO - [2023-02-18T07:52:45.934+0000] {dagbag.py:538} INFO - Filling up the DagBag from /home/airflow/.local/lib/python3.7/site-packages/airflow/example_dags/example_xcom.py
[2023-02-18T07:52:46.568+0000] {processor.py:753} INFO - DAG(s) dict_keys(['example_xcom']) retrieved from /home/airflow/.local/lib/python3.7/site-packages/airflow/example_dags/example_xcom.py
[2023-02-18T07:52:47.286+0000] {logging_mixin.py:137} INFO - [2023-02-18T07:52:47.274+0000] {dag.py:2690} INFO - Sync 1 DAGs
[2023-02-18T07:52:47.848+0000] {logging_mixin.py:137} INFO - [2023-02-18T07:52:47.847+0000] {dag.py:3441} INFO - Setting next_dagrun for example_xcom to 2021-01-01T00:00:00+00:00, run_after=2021-01-01T00:00:00+00:00
[2023-02-18T07:52:48.484+0000] {processor.py:175} INFO - Processing /home/airflow/.local/lib/python3.7/site-packages/airflow/example_dags/example_xcom.py took 2.632 seconds
[2023-02-18T07:53:27.729+0000] {processor.py:153} INFO - Started process (PID=365) to work on /home/airflow/.local/lib/python3.7/site-packages/airflow/example_dags/example_xcom.py
[2023-02-18T07:53:27.855+0000] {processor.py:743} INFO - Processing file /home/airflow/.local/lib/python3.7/site-packages/airflow/example_dags/example_xcom.py for tasks to queue
[2023-02-18T07:53:27.857+0000] {logging_mixin.py:137} INFO - [2023-02-18T07:53:27.857+0000] {dagbag.py:538} INFO - Filling up the DagBag from /home/airflow/.local/lib/python3.7/site-packages/airflow/example_dags/example_xcom.py
[2023-02-18T07:53:28.365+0000] {processor.py:753} INFO - DAG(s) dict_keys(['example_xcom']) retrieved from /home/airflow/.local/lib/python3.7/site-packages/airflow/example_dags/example_xcom.py
[2023-02-18T07:53:29.212+0000] {logging_mixin.py:137} INFO - [2023-02-18T07:53:29.211+0000] {dag.py:2690} INFO - Sync 1 DAGs
[2023-02-18T07:53:29.659+0000] {logging_mixin.py:137} INFO - [2023-02-18T07:53:29.659+0000] {dag.py:3441} INFO - Setting next_dagrun for example_xcom to 2021-01-01T00:00:00+00:00, run_after=2021-01-01T00:00:00+00:00
[2023-02-18T07:53:30.058+0000] {processor.py:175} INFO - Processing /home/airflow/.local/lib/python3.7/site-packages/airflow/example_dags/example_xcom.py took 2.364 seconds
[2023-02-18T07:54:10.369+0000] {processor.py:153} INFO - Started process (PID=405) to work on /home/airflow/.local/lib/python3.7/site-packages/airflow/example_dags/example_xcom.py
[2023-02-18T07:54:10.462+0000] {processor.py:743} INFO - Processing file /home/airflow/.local/lib/python3.7/site-packages/airflow/example_dags/example_xcom.py for tasks to queue
[2023-02-18T07:54:10.464+0000] {logging_mixin.py:137} INFO - [2023-02-18T07:54:10.463+0000] {dagbag.py:538} INFO - Filling up the DagBag from /home/airflow/.local/lib/python3.7/site-packages/airflow/example_dags/example_xcom.py
[2023-02-18T07:54:11.202+0000] {processor.py:753} INFO - DAG(s) dict_keys(['example_xcom']) retrieved from /home/airflow/.local/lib/python3.7/site-packages/airflow/example_dags/example_xcom.py
[2023-02-18T07:54:11.758+0000] {logging_mixin.py:137} INFO - [2023-02-18T07:54:11.757+0000] {dag.py:2690} INFO - Sync 1 DAGs
[2023-02-18T07:54:12.143+0000] {logging_mixin.py:137} INFO - [2023-02-18T07:54:12.142+0000] {dag.py:3441} INFO - Setting next_dagrun for example_xcom to 2021-01-01T00:00:00+00:00, run_after=2021-01-01T00:00:00+00:00
[2023-02-18T07:54:13.383+0000] {processor.py:175} INFO - Processing /home/airflow/.local/lib/python3.7/site-packages/airflow/example_dags/example_xcom.py took 3.171 seconds
[2023-02-18T07:54:59.716+0000] {processor.py:153} INFO - Started process (PID=453) to work on /home/airflow/.local/lib/python3.7/site-packages/airflow/example_dags/example_xcom.py
[2023-02-18T07:54:59.733+0000] {processor.py:743} INFO - Processing file /home/airflow/.local/lib/python3.7/site-packages/airflow/example_dags/example_xcom.py for tasks to queue
[2023-02-18T07:54:59.764+0000] {logging_mixin.py:137} INFO - [2023-02-18T07:54:59.735+0000] {dagbag.py:538} INFO - Filling up the DagBag from /home/airflow/.local/lib/python3.7/site-packages/airflow/example_dags/example_xcom.py
[2023-02-18T07:55:01.278+0000] {processor.py:753} INFO - DAG(s) dict_keys(['example_xcom']) retrieved from /home/airflow/.local/lib/python3.7/site-packages/airflow/example_dags/example_xcom.py
[2023-02-18T07:55:02.875+0000] {logging_mixin.py:137} INFO - [2023-02-18T07:55:02.875+0000] {dag.py:2690} INFO - Sync 1 DAGs
[2023-02-18T07:55:03.751+0000] {logging_mixin.py:137} INFO - [2023-02-18T07:55:03.739+0000] {dag.py:3441} INFO - Setting next_dagrun for example_xcom to 2021-01-01T00:00:00+00:00, run_after=2021-01-01T00:00:00+00:00
[2023-02-18T07:55:04.617+0000] {processor.py:175} INFO - Processing /home/airflow/.local/lib/python3.7/site-packages/airflow/example_dags/example_xcom.py took 4.980 seconds
[2023-02-18T07:56:05.756+0000] {processor.py:153} INFO - Started process (PID=503) to work on /home/airflow/.local/lib/python3.7/site-packages/airflow/example_dags/example_xcom.py
[2023-02-18T07:56:05.798+0000] {processor.py:743} INFO - Processing file /home/airflow/.local/lib/python3.7/site-packages/airflow/example_dags/example_xcom.py for tasks to queue
[2023-02-18T07:56:05.800+0000] {logging_mixin.py:137} INFO - [2023-02-18T07:56:05.800+0000] {dagbag.py:538} INFO - Filling up the DagBag from /home/airflow/.local/lib/python3.7/site-packages/airflow/example_dags/example_xcom.py
[2023-02-18T07:56:06.526+0000] {processor.py:753} INFO - DAG(s) dict_keys(['example_xcom']) retrieved from /home/airflow/.local/lib/python3.7/site-packages/airflow/example_dags/example_xcom.py
[2023-02-18T07:56:06.911+0000] {logging_mixin.py:137} INFO - [2023-02-18T07:56:06.910+0000] {dag.py:2690} INFO - Sync 1 DAGs
[2023-02-18T07:56:07.382+0000] {logging_mixin.py:137} INFO - [2023-02-18T07:56:07.366+0000] {dag.py:3441} INFO - Setting next_dagrun for example_xcom to 2021-01-01T00:00:00+00:00, run_after=2021-01-01T00:00:00+00:00
[2023-02-18T07:56:08.165+0000] {processor.py:175} INFO - Processing /home/airflow/.local/lib/python3.7/site-packages/airflow/example_dags/example_xcom.py took 2.651 seconds
[2023-02-18T07:58:08.571+0000] {processor.py:153} INFO - Started process (PID=584) to work on /home/airflow/.local/lib/python3.7/site-packages/airflow/example_dags/example_xcom.py
[2023-02-18T07:58:08.694+0000] {processor.py:743} INFO - Processing file /home/airflow/.local/lib/python3.7/site-packages/airflow/example_dags/example_xcom.py for tasks to queue
[2023-02-18T07:58:08.721+0000] {logging_mixin.py:137} INFO - [2023-02-18T07:58:08.701+0000] {dagbag.py:538} INFO - Filling up the DagBag from /home/airflow/.local/lib/python3.7/site-packages/airflow/example_dags/example_xcom.py
[2023-02-18T07:58:12.606+0000] {processor.py:753} INFO - DAG(s) dict_keys(['example_xcom']) retrieved from /home/airflow/.local/lib/python3.7/site-packages/airflow/example_dags/example_xcom.py
[2023-02-18T07:58:15.223+0000] {logging_mixin.py:137} INFO - [2023-02-18T07:58:14.978+0000] {dag.py:2690} INFO - Sync 1 DAGs
[2023-02-18T07:58:19.076+0000] {logging_mixin.py:137} INFO - [2023-02-18T07:58:19.075+0000] {dag.py:3441} INFO - Setting next_dagrun for example_xcom to 2021-01-01T00:00:00+00:00, run_after=2021-01-01T00:00:00+00:00
[2023-02-18T07:58:21.788+0000] {processor.py:175} INFO - Processing /home/airflow/.local/lib/python3.7/site-packages/airflow/example_dags/example_xcom.py took 13.663 seconds
[2023-02-18T08:01:12.324+0000] {processor.py:153} INFO - Started process (PID=697) to work on /home/airflow/.local/lib/python3.7/site-packages/airflow/example_dags/example_xcom.py
[2023-02-18T08:01:12.393+0000] {processor.py:743} INFO - Processing file /home/airflow/.local/lib/python3.7/site-packages/airflow/example_dags/example_xcom.py for tasks to queue
[2023-02-18T08:01:12.397+0000] {logging_mixin.py:137} INFO - [2023-02-18T08:01:12.396+0000] {dagbag.py:538} INFO - Filling up the DagBag from /home/airflow/.local/lib/python3.7/site-packages/airflow/example_dags/example_xcom.py
[2023-02-18T08:01:14.451+0000] {processor.py:753} INFO - DAG(s) dict_keys(['example_xcom']) retrieved from /home/airflow/.local/lib/python3.7/site-packages/airflow/example_dags/example_xcom.py
[2023-02-18T08:01:15.455+0000] {logging_mixin.py:137} INFO - [2023-02-18T08:01:15.427+0000] {dag.py:2690} INFO - Sync 1 DAGs
[2023-02-18T08:01:17.112+0000] {logging_mixin.py:137} INFO - [2023-02-18T08:01:17.111+0000] {dag.py:3441} INFO - Setting next_dagrun for example_xcom to 2021-01-01T00:00:00+00:00, run_after=2021-01-01T00:00:00+00:00
[2023-02-18T08:01:20.046+0000] {processor.py:175} INFO - Processing /home/airflow/.local/lib/python3.7/site-packages/airflow/example_dags/example_xcom.py took 7.954 seconds
[2023-02-18T08:04:27.523+0000] {processor.py:153} INFO - Started process (PID=816) to work on /home/airflow/.local/lib/python3.7/site-packages/airflow/example_dags/example_xcom.py
[2023-02-18T08:04:27.866+0000] {processor.py:743} INFO - Processing file /home/airflow/.local/lib/python3.7/site-packages/airflow/example_dags/example_xcom.py for tasks to queue
[2023-02-18T08:04:27.869+0000] {logging_mixin.py:137} INFO - [2023-02-18T08:04:27.868+0000] {dagbag.py:538} INFO - Filling up the DagBag from /home/airflow/.local/lib/python3.7/site-packages/airflow/example_dags/example_xcom.py
[2023-02-18T08:04:32.046+0000] {processor.py:753} INFO - DAG(s) dict_keys(['example_xcom']) retrieved from /home/airflow/.local/lib/python3.7/site-packages/airflow/example_dags/example_xcom.py
[2023-02-18T08:04:36.286+0000] {logging_mixin.py:137} INFO - [2023-02-18T08:04:36.285+0000] {dag.py:2690} INFO - Sync 1 DAGs
[2023-02-18T08:04:38.943+0000] {logging_mixin.py:137} INFO - [2023-02-18T08:04:38.942+0000] {dag.py:3441} INFO - Setting next_dagrun for example_xcom to 2021-01-01T00:00:00+00:00, run_after=2021-01-01T00:00:00+00:00
[2023-02-18T08:04:41.203+0000] {processor.py:175} INFO - Processing /home/airflow/.local/lib/python3.7/site-packages/airflow/example_dags/example_xcom.py took 14.173 seconds
[2023-02-18T08:09:10.994+0000] {processor.py:153} INFO - Started process (PID=978) to work on /home/airflow/.local/lib/python3.7/site-packages/airflow/example_dags/example_xcom.py
[2023-02-18T08:09:11.207+0000] {processor.py:743} INFO - Processing file /home/airflow/.local/lib/python3.7/site-packages/airflow/example_dags/example_xcom.py for tasks to queue
[2023-02-18T08:09:11.209+0000] {logging_mixin.py:137} INFO - [2023-02-18T08:09:11.209+0000] {dagbag.py:538} INFO - Filling up the DagBag from /home/airflow/.local/lib/python3.7/site-packages/airflow/example_dags/example_xcom.py
[2023-02-18T08:09:13.321+0000] {processor.py:753} INFO - DAG(s) dict_keys(['example_xcom']) retrieved from /home/airflow/.local/lib/python3.7/site-packages/airflow/example_dags/example_xcom.py
[2023-02-18T08:09:16.473+0000] {logging_mixin.py:137} INFO - [2023-02-18T08:09:16.473+0000] {dag.py:2690} INFO - Sync 1 DAGs
[2023-02-18T08:09:19.320+0000] {logging_mixin.py:137} INFO - [2023-02-18T08:09:19.243+0000] {dag.py:3441} INFO - Setting next_dagrun for example_xcom to 2021-01-01T00:00:00+00:00, run_after=2021-01-01T00:00:00+00:00
[2023-02-18T08:09:20.640+0000] {processor.py:175} INFO - Processing /home/airflow/.local/lib/python3.7/site-packages/airflow/example_dags/example_xcom.py took 10.027 seconds
[2023-02-18T08:12:39.506+0000] {processor.py:153} INFO - Started process (PID=1100) to work on /home/airflow/.local/lib/python3.7/site-packages/airflow/example_dags/example_xcom.py
[2023-02-18T08:12:40.153+0000] {processor.py:743} INFO - Processing file /home/airflow/.local/lib/python3.7/site-packages/airflow/example_dags/example_xcom.py for tasks to queue
[2023-02-18T08:12:40.156+0000] {logging_mixin.py:137} INFO - [2023-02-18T08:12:40.155+0000] {dagbag.py:538} INFO - Filling up the DagBag from /home/airflow/.local/lib/python3.7/site-packages/airflow/example_dags/example_xcom.py
[2023-02-18T08:12:42.058+0000] {processor.py:753} INFO - DAG(s) dict_keys(['example_xcom']) retrieved from /home/airflow/.local/lib/python3.7/site-packages/airflow/example_dags/example_xcom.py
[2023-02-18T08:12:44.666+0000] {logging_mixin.py:137} INFO - [2023-02-18T08:12:44.666+0000] {dag.py:2690} INFO - Sync 1 DAGs
[2023-02-18T08:12:47.781+0000] {logging_mixin.py:137} INFO - [2023-02-18T08:12:47.780+0000] {dag.py:3441} INFO - Setting next_dagrun for example_xcom to 2021-01-01T00:00:00+00:00, run_after=2021-01-01T00:00:00+00:00
[2023-02-18T08:12:51.175+0000] {processor.py:175} INFO - Processing /home/airflow/.local/lib/python3.7/site-packages/airflow/example_dags/example_xcom.py took 12.565 seconds
[2023-02-18T08:16:07.834+0000] {processor.py:153} INFO - Started process (PID=1226) to work on /home/airflow/.local/lib/python3.7/site-packages/airflow/example_dags/example_xcom.py
[2023-02-18T08:16:07.849+0000] {processor.py:743} INFO - Processing file /home/airflow/.local/lib/python3.7/site-packages/airflow/example_dags/example_xcom.py for tasks to queue
[2023-02-18T08:16:07.870+0000] {logging_mixin.py:137} INFO - [2023-02-18T08:16:07.869+0000] {dagbag.py:538} INFO - Filling up the DagBag from /home/airflow/.local/lib/python3.7/site-packages/airflow/example_dags/example_xcom.py
[2023-02-18T08:16:10.590+0000] {processor.py:753} INFO - DAG(s) dict_keys(['example_xcom']) retrieved from /home/airflow/.local/lib/python3.7/site-packages/airflow/example_dags/example_xcom.py
[2023-02-18T08:16:12.813+0000] {logging_mixin.py:137} INFO - [2023-02-18T08:16:12.813+0000] {dag.py:2690} INFO - Sync 1 DAGs
[2023-02-18T08:16:15.793+0000] {logging_mixin.py:137} INFO - [2023-02-18T08:16:15.793+0000] {dag.py:3441} INFO - Setting next_dagrun for example_xcom to 2021-01-01T00:00:00+00:00, run_after=2021-01-01T00:00:00+00:00
[2023-02-18T08:16:18.175+0000] {processor.py:175} INFO - Processing /home/airflow/.local/lib/python3.7/site-packages/airflow/example_dags/example_xcom.py took 10.807 seconds
[2023-02-18T08:19:16.220+0000] {processor.py:153} INFO - Started process (PID=1343) to work on /home/airflow/.local/lib/python3.7/site-packages/airflow/example_dags/example_xcom.py
[2023-02-18T08:19:16.400+0000] {processor.py:743} INFO - Processing file /home/airflow/.local/lib/python3.7/site-packages/airflow/example_dags/example_xcom.py for tasks to queue
[2023-02-18T08:19:16.403+0000] {logging_mixin.py:137} INFO - [2023-02-18T08:19:16.402+0000] {dagbag.py:538} INFO - Filling up the DagBag from /home/airflow/.local/lib/python3.7/site-packages/airflow/example_dags/example_xcom.py
[2023-02-18T08:19:18.945+0000] {processor.py:753} INFO - DAG(s) dict_keys(['example_xcom']) retrieved from /home/airflow/.local/lib/python3.7/site-packages/airflow/example_dags/example_xcom.py
[2023-02-18T08:19:22.063+0000] {logging_mixin.py:137} INFO - [2023-02-18T08:19:22.052+0000] {dag.py:2690} INFO - Sync 1 DAGs
[2023-02-18T08:19:25.696+0000] {logging_mixin.py:137} INFO - [2023-02-18T08:19:25.695+0000] {dag.py:3441} INFO - Setting next_dagrun for example_xcom to 2021-01-01T00:00:00+00:00, run_after=2021-01-01T00:00:00+00:00
[2023-02-18T08:19:28.001+0000] {processor.py:175} INFO - Processing /home/airflow/.local/lib/python3.7/site-packages/airflow/example_dags/example_xcom.py took 11.991 seconds
[2023-02-18T08:22:11.716+0000] {processor.py:153} INFO - Started process (PID=1455) to work on /home/airflow/.local/lib/python3.7/site-packages/airflow/example_dags/example_xcom.py
[2023-02-18T08:22:11.731+0000] {processor.py:743} INFO - Processing file /home/airflow/.local/lib/python3.7/site-packages/airflow/example_dags/example_xcom.py for tasks to queue
[2023-02-18T08:22:11.764+0000] {logging_mixin.py:137} INFO - [2023-02-18T08:22:11.763+0000] {dagbag.py:538} INFO - Filling up the DagBag from /home/airflow/.local/lib/python3.7/site-packages/airflow/example_dags/example_xcom.py
[2023-02-18T08:22:13.237+0000] {processor.py:753} INFO - DAG(s) dict_keys(['example_xcom']) retrieved from /home/airflow/.local/lib/python3.7/site-packages/airflow/example_dags/example_xcom.py
[2023-02-18T08:22:13.858+0000] {logging_mixin.py:137} INFO - [2023-02-18T08:22:13.857+0000] {dag.py:2690} INFO - Sync 1 DAGs
[2023-02-18T08:22:18.411+0000] {logging_mixin.py:137} INFO - [2023-02-18T08:22:18.410+0000] {dag.py:3441} INFO - Setting next_dagrun for example_xcom to 2021-01-01T00:00:00+00:00, run_after=2021-01-01T00:00:00+00:00
[2023-02-18T08:22:20.836+0000] {processor.py:175} INFO - Processing /home/airflow/.local/lib/python3.7/site-packages/airflow/example_dags/example_xcom.py took 9.339 seconds
[2023-02-18T08:25:18.239+0000] {processor.py:153} INFO - Started process (PID=1571) to work on /home/airflow/.local/lib/python3.7/site-packages/airflow/example_dags/example_xcom.py
[2023-02-18T08:25:18.270+0000] {processor.py:743} INFO - Processing file /home/airflow/.local/lib/python3.7/site-packages/airflow/example_dags/example_xcom.py for tasks to queue
[2023-02-18T08:25:18.274+0000] {logging_mixin.py:137} INFO - [2023-02-18T08:25:18.273+0000] {dagbag.py:538} INFO - Filling up the DagBag from /home/airflow/.local/lib/python3.7/site-packages/airflow/example_dags/example_xcom.py
[2023-02-18T08:25:23.828+0000] {processor.py:753} INFO - DAG(s) dict_keys(['example_xcom']) retrieved from /home/airflow/.local/lib/python3.7/site-packages/airflow/example_dags/example_xcom.py
[2023-02-18T08:25:25.733+0000] {logging_mixin.py:137} INFO - [2023-02-18T08:25:25.733+0000] {dag.py:2690} INFO - Sync 1 DAGs
[2023-02-18T08:25:29.894+0000] {logging_mixin.py:137} INFO - [2023-02-18T08:25:29.893+0000] {dag.py:3441} INFO - Setting next_dagrun for example_xcom to 2021-01-01T00:00:00+00:00, run_after=2021-01-01T00:00:00+00:00
[2023-02-18T08:25:32.479+0000] {processor.py:175} INFO - Processing /home/airflow/.local/lib/python3.7/site-packages/airflow/example_dags/example_xcom.py took 14.480 seconds
[2023-02-18T08:31:02.120+0000] {processor.py:153} INFO - Started process (PID=1751) to work on /home/airflow/.local/lib/python3.7/site-packages/airflow/example_dags/example_xcom.py
[2023-02-18T08:31:02.200+0000] {processor.py:743} INFO - Processing file /home/airflow/.local/lib/python3.7/site-packages/airflow/example_dags/example_xcom.py for tasks to queue
[2023-02-18T08:31:02.513+0000] {logging_mixin.py:137} INFO - [2023-02-18T08:31:02.512+0000] {dagbag.py:538} INFO - Filling up the DagBag from /home/airflow/.local/lib/python3.7/site-packages/airflow/example_dags/example_xcom.py
[2023-02-18T08:31:10.175+0000] {processor.py:753} INFO - DAG(s) dict_keys(['example_xcom']) retrieved from /home/airflow/.local/lib/python3.7/site-packages/airflow/example_dags/example_xcom.py
[2023-02-18T08:31:15.556+0000] {logging_mixin.py:137} INFO - [2023-02-18T08:31:15.556+0000] {dag.py:2690} INFO - Sync 1 DAGs
[2023-02-18T08:31:17.764+0000] {logging_mixin.py:137} INFO - [2023-02-18T08:31:17.763+0000] {dag.py:3441} INFO - Setting next_dagrun for example_xcom to 2021-01-01T00:00:00+00:00, run_after=2021-01-01T00:00:00+00:00
[2023-02-18T08:31:22.027+0000] {processor.py:175} INFO - Processing /home/airflow/.local/lib/python3.7/site-packages/airflow/example_dags/example_xcom.py took 20.053 seconds
[2023-02-18T08:39:53.789+0000] {processor.py:153} INFO - Started process (PID=2020) to work on /home/airflow/.local/lib/python3.7/site-packages/airflow/example_dags/example_xcom.py
[2023-02-18T08:39:53.967+0000] {processor.py:743} INFO - Processing file /home/airflow/.local/lib/python3.7/site-packages/airflow/example_dags/example_xcom.py for tasks to queue
[2023-02-18T08:39:53.998+0000] {logging_mixin.py:137} INFO - [2023-02-18T08:39:53.969+0000] {dagbag.py:538} INFO - Filling up the DagBag from /home/airflow/.local/lib/python3.7/site-packages/airflow/example_dags/example_xcom.py
[2023-02-18T08:40:06.094+0000] {processor.py:753} INFO - DAG(s) dict_keys(['example_xcom']) retrieved from /home/airflow/.local/lib/python3.7/site-packages/airflow/example_dags/example_xcom.py
[2023-02-18T08:40:31.564+0000] {logging_mixin.py:137} INFO - [2023-02-18T08:40:31.563+0000] {dag.py:2690} INFO - Sync 1 DAGs
[2023-02-18T09:51:29.136+0000] {processor.py:153} INFO - Started process (PID=146) to work on /home/airflow/.local/lib/python3.7/site-packages/airflow/example_dags/example_xcom.py
[2023-02-18T09:51:29.216+0000] {processor.py:743} INFO - Processing file /home/airflow/.local/lib/python3.7/site-packages/airflow/example_dags/example_xcom.py for tasks to queue
[2023-02-18T09:51:29.328+0000] {logging_mixin.py:137} INFO - [2023-02-18T09:51:29.218+0000] {dagbag.py:538} INFO - Filling up the DagBag from /home/airflow/.local/lib/python3.7/site-packages/airflow/example_dags/example_xcom.py
[2023-02-18T09:51:33.005+0000] {processor.py:753} INFO - DAG(s) dict_keys(['example_xcom']) retrieved from /home/airflow/.local/lib/python3.7/site-packages/airflow/example_dags/example_xcom.py
[2023-02-18T09:51:38.847+0000] {logging_mixin.py:137} INFO - [2023-02-18T09:51:38.845+0000] {dag.py:2690} INFO - Sync 1 DAGs
[2023-02-18T09:51:40.380+0000] {logging_mixin.py:137} INFO - [2023-02-18T09:51:40.380+0000] {dag.py:3441} INFO - Setting next_dagrun for example_xcom to 2021-01-01T00:00:00+00:00, run_after=2021-01-01T00:00:00+00:00
[2023-02-18T09:51:41.745+0000] {processor.py:175} INFO - Processing /home/airflow/.local/lib/python3.7/site-packages/airflow/example_dags/example_xcom.py took 13.035 seconds
[2023-02-18T09:53:24.878+0000] {processor.py:153} INFO - Started process (PID=241) to work on /home/airflow/.local/lib/python3.7/site-packages/airflow/example_dags/example_xcom.py
[2023-02-18T09:53:24.920+0000] {processor.py:743} INFO - Processing file /home/airflow/.local/lib/python3.7/site-packages/airflow/example_dags/example_xcom.py for tasks to queue
[2023-02-18T09:53:24.990+0000] {logging_mixin.py:137} INFO - [2023-02-18T09:53:24.923+0000] {dagbag.py:538} INFO - Filling up the DagBag from /home/airflow/.local/lib/python3.7/site-packages/airflow/example_dags/example_xcom.py
[2023-02-18T09:53:26.232+0000] {processor.py:753} INFO - DAG(s) dict_keys(['example_xcom']) retrieved from /home/airflow/.local/lib/python3.7/site-packages/airflow/example_dags/example_xcom.py
[2023-02-18T09:53:27.273+0000] {logging_mixin.py:137} INFO - [2023-02-18T09:53:27.273+0000] {dag.py:2690} INFO - Sync 1 DAGs
[2023-02-18T09:53:29.008+0000] {logging_mixin.py:137} INFO - [2023-02-18T09:53:29.007+0000] {dag.py:3441} INFO - Setting next_dagrun for example_xcom to 2021-01-01T00:00:00+00:00, run_after=2021-01-01T00:00:00+00:00
[2023-02-18T09:53:30.137+0000] {processor.py:175} INFO - Processing /home/airflow/.local/lib/python3.7/site-packages/airflow/example_dags/example_xcom.py took 5.334 seconds
[2023-02-18T09:54:45.600+0000] {processor.py:153} INFO - Started process (PID=322) to work on /home/airflow/.local/lib/python3.7/site-packages/airflow/example_dags/example_xcom.py
[2023-02-18T09:54:45.632+0000] {processor.py:743} INFO - Processing file /home/airflow/.local/lib/python3.7/site-packages/airflow/example_dags/example_xcom.py for tasks to queue
[2023-02-18T09:54:45.634+0000] {logging_mixin.py:137} INFO - [2023-02-18T09:54:45.634+0000] {dagbag.py:538} INFO - Filling up the DagBag from /home/airflow/.local/lib/python3.7/site-packages/airflow/example_dags/example_xcom.py
[2023-02-18T09:54:46.720+0000] {processor.py:753} INFO - DAG(s) dict_keys(['example_xcom']) retrieved from /home/airflow/.local/lib/python3.7/site-packages/airflow/example_dags/example_xcom.py
[2023-02-18T09:54:47.870+0000] {logging_mixin.py:137} INFO - [2023-02-18T09:54:47.869+0000] {dag.py:2690} INFO - Sync 1 DAGs
[2023-02-18T09:54:49.221+0000] {logging_mixin.py:137} INFO - [2023-02-18T09:54:49.221+0000] {dag.py:3441} INFO - Setting next_dagrun for example_xcom to 2021-01-01T00:00:00+00:00, run_after=2021-01-01T00:00:00+00:00
[2023-02-18T09:54:49.883+0000] {processor.py:175} INFO - Processing /home/airflow/.local/lib/python3.7/site-packages/airflow/example_dags/example_xcom.py took 4.488 seconds
[2023-02-18T09:55:58.607+0000] {processor.py:153} INFO - Started process (PID=374) to work on /home/airflow/.local/lib/python3.7/site-packages/airflow/example_dags/example_xcom.py
[2023-02-18T09:55:58.673+0000] {processor.py:743} INFO - Processing file /home/airflow/.local/lib/python3.7/site-packages/airflow/example_dags/example_xcom.py for tasks to queue
[2023-02-18T09:55:58.705+0000] {logging_mixin.py:137} INFO - [2023-02-18T09:55:58.705+0000] {dagbag.py:538} INFO - Filling up the DagBag from /home/airflow/.local/lib/python3.7/site-packages/airflow/example_dags/example_xcom.py
[2023-02-18T09:55:59.492+0000] {processor.py:753} INFO - DAG(s) dict_keys(['example_xcom']) retrieved from /home/airflow/.local/lib/python3.7/site-packages/airflow/example_dags/example_xcom.py
[2023-02-18T09:56:01.091+0000] {logging_mixin.py:137} INFO - [2023-02-18T09:56:01.091+0000] {dag.py:2690} INFO - Sync 1 DAGs
[2023-02-18T09:56:02.888+0000] {logging_mixin.py:137} INFO - [2023-02-18T09:56:02.887+0000] {dag.py:3441} INFO - Setting next_dagrun for example_xcom to 2021-01-01T00:00:00+00:00, run_after=2021-01-01T00:00:00+00:00
[2023-02-18T09:56:03.786+0000] {processor.py:175} INFO - Processing /home/airflow/.local/lib/python3.7/site-packages/airflow/example_dags/example_xcom.py took 5.495 seconds
[2023-02-18T09:58:35.154+0000] {processor.py:153} INFO - Started process (PID=474) to work on /home/airflow/.local/lib/python3.7/site-packages/airflow/example_dags/example_xcom.py
[2023-02-18T09:58:35.279+0000] {processor.py:743} INFO - Processing file /home/airflow/.local/lib/python3.7/site-packages/airflow/example_dags/example_xcom.py for tasks to queue
[2023-02-18T09:58:35.281+0000] {logging_mixin.py:137} INFO - [2023-02-18T09:58:35.281+0000] {dagbag.py:538} INFO - Filling up the DagBag from /home/airflow/.local/lib/python3.7/site-packages/airflow/example_dags/example_xcom.py
[2023-02-18T09:58:36.094+0000] {processor.py:753} INFO - DAG(s) dict_keys(['example_xcom']) retrieved from /home/airflow/.local/lib/python3.7/site-packages/airflow/example_dags/example_xcom.py
[2023-02-18T09:58:38.722+0000] {logging_mixin.py:137} INFO - [2023-02-18T09:58:38.722+0000] {dag.py:2690} INFO - Sync 1 DAGs
[2023-02-18T09:58:40.956+0000] {logging_mixin.py:137} INFO - [2023-02-18T09:58:40.955+0000] {dag.py:3441} INFO - Setting next_dagrun for example_xcom to 2021-01-01T00:00:00+00:00, run_after=2021-01-01T00:00:00+00:00
[2023-02-18T09:58:42.652+0000] {processor.py:175} INFO - Processing /home/airflow/.local/lib/python3.7/site-packages/airflow/example_dags/example_xcom.py took 7.774 seconds
[2023-02-18T10:00:42.199+0000] {processor.py:153} INFO - Started process (PID=559) to work on /home/airflow/.local/lib/python3.7/site-packages/airflow/example_dags/example_xcom.py
[2023-02-18T10:00:42.261+0000] {processor.py:743} INFO - Processing file /home/airflow/.local/lib/python3.7/site-packages/airflow/example_dags/example_xcom.py for tasks to queue
[2023-02-18T10:00:42.332+0000] {logging_mixin.py:137} INFO - [2023-02-18T10:00:42.264+0000] {dagbag.py:538} INFO - Filling up the DagBag from /home/airflow/.local/lib/python3.7/site-packages/airflow/example_dags/example_xcom.py
[2023-02-18T10:00:44.367+0000] {processor.py:753} INFO - DAG(s) dict_keys(['example_xcom']) retrieved from /home/airflow/.local/lib/python3.7/site-packages/airflow/example_dags/example_xcom.py
[2023-02-18T10:00:45.514+0000] {logging_mixin.py:137} INFO - [2023-02-18T10:00:45.514+0000] {dag.py:2690} INFO - Sync 1 DAGs
[2023-02-18T10:00:46.353+0000] {logging_mixin.py:137} INFO - [2023-02-18T10:00:46.352+0000] {dag.py:3441} INFO - Setting next_dagrun for example_xcom to 2021-01-01T00:00:00+00:00, run_after=2021-01-01T00:00:00+00:00
[2023-02-18T10:00:49.494+0000] {processor.py:175} INFO - Processing /home/airflow/.local/lib/python3.7/site-packages/airflow/example_dags/example_xcom.py took 7.512 seconds
[2023-02-18T10:02:14.578+0000] {processor.py:153} INFO - Started process (PID=632) to work on /home/airflow/.local/lib/python3.7/site-packages/airflow/example_dags/example_xcom.py
[2023-02-18T10:02:14.619+0000] {processor.py:743} INFO - Processing file /home/airflow/.local/lib/python3.7/site-packages/airflow/example_dags/example_xcom.py for tasks to queue
[2023-02-18T10:02:14.621+0000] {logging_mixin.py:137} INFO - [2023-02-18T10:02:14.620+0000] {dagbag.py:538} INFO - Filling up the DagBag from /home/airflow/.local/lib/python3.7/site-packages/airflow/example_dags/example_xcom.py
[2023-02-18T10:02:16.039+0000] {processor.py:753} INFO - DAG(s) dict_keys(['example_xcom']) retrieved from /home/airflow/.local/lib/python3.7/site-packages/airflow/example_dags/example_xcom.py
[2023-02-18T10:02:17.519+0000] {logging_mixin.py:137} INFO - [2023-02-18T10:02:17.519+0000] {dag.py:2690} INFO - Sync 1 DAGs
[2023-02-18T10:02:19.480+0000] {logging_mixin.py:137} INFO - [2023-02-18T10:02:19.480+0000] {dag.py:3441} INFO - Setting next_dagrun for example_xcom to 2021-01-01T00:00:00+00:00, run_after=2021-01-01T00:00:00+00:00
[2023-02-18T10:02:21.253+0000] {processor.py:175} INFO - Processing /home/airflow/.local/lib/python3.7/site-packages/airflow/example_dags/example_xcom.py took 6.970 seconds
[2023-02-18T10:04:20.248+0000] {processor.py:153} INFO - Started process (PID=716) to work on /home/airflow/.local/lib/python3.7/site-packages/airflow/example_dags/example_xcom.py
[2023-02-18T10:04:20.348+0000] {processor.py:743} INFO - Processing file /home/airflow/.local/lib/python3.7/site-packages/airflow/example_dags/example_xcom.py for tasks to queue
[2023-02-18T10:04:20.350+0000] {logging_mixin.py:137} INFO - [2023-02-18T10:04:20.350+0000] {dagbag.py:538} INFO - Filling up the DagBag from /home/airflow/.local/lib/python3.7/site-packages/airflow/example_dags/example_xcom.py
[2023-02-18T10:04:23.991+0000] {processor.py:753} INFO - DAG(s) dict_keys(['example_xcom']) retrieved from /home/airflow/.local/lib/python3.7/site-packages/airflow/example_dags/example_xcom.py
[2023-02-18T10:04:26.786+0000] {logging_mixin.py:137} INFO - [2023-02-18T10:04:26.785+0000] {dag.py:2690} INFO - Sync 1 DAGs
[2023-02-18T10:04:29.074+0000] {logging_mixin.py:137} INFO - [2023-02-18T10:04:28.935+0000] {dag.py:3441} INFO - Setting next_dagrun for example_xcom to 2021-01-01T00:00:00+00:00, run_after=2021-01-01T00:00:00+00:00
[2023-02-18T10:04:30.888+0000] {processor.py:175} INFO - Processing /home/airflow/.local/lib/python3.7/site-packages/airflow/example_dags/example_xcom.py took 10.751 seconds
[2023-02-18T10:07:24.067+0000] {processor.py:153} INFO - Started process (PID=820) to work on /home/airflow/.local/lib/python3.7/site-packages/airflow/example_dags/example_xcom.py
[2023-02-18T10:07:24.161+0000] {processor.py:743} INFO - Processing file /home/airflow/.local/lib/python3.7/site-packages/airflow/example_dags/example_xcom.py for tasks to queue
[2023-02-18T10:07:24.163+0000] {logging_mixin.py:137} INFO - [2023-02-18T10:07:24.163+0000] {dagbag.py:538} INFO - Filling up the DagBag from /home/airflow/.local/lib/python3.7/site-packages/airflow/example_dags/example_xcom.py
[2023-02-18T10:07:25.976+0000] {processor.py:753} INFO - DAG(s) dict_keys(['example_xcom']) retrieved from /home/airflow/.local/lib/python3.7/site-packages/airflow/example_dags/example_xcom.py
[2023-02-18T10:07:28.229+0000] {logging_mixin.py:137} INFO - [2023-02-18T10:07:28.228+0000] {dag.py:2690} INFO - Sync 1 DAGs
[2023-02-18T10:07:30.832+0000] {logging_mixin.py:137} INFO - [2023-02-18T10:07:30.831+0000] {dag.py:3441} INFO - Setting next_dagrun for example_xcom to 2021-01-01T00:00:00+00:00, run_after=2021-01-01T00:00:00+00:00
[2023-02-18T10:07:32.647+0000] {processor.py:175} INFO - Processing /home/airflow/.local/lib/python3.7/site-packages/airflow/example_dags/example_xcom.py took 9.322 seconds
