[2023-02-18T07:49:02.455+0000] {processor.py:153} INFO - Started process (PID=130) to work on /home/airflow/.local/lib/python3.7/site-packages/airflow/example_dags/tutorial_dag.py
[2023-02-18T07:49:02.472+0000] {processor.py:743} INFO - Processing file /home/airflow/.local/lib/python3.7/site-packages/airflow/example_dags/tutorial_dag.py for tasks to queue
[2023-02-18T07:49:02.511+0000] {logging_mixin.py:137} INFO - [2023-02-18T07:49:02.474+0000] {dagbag.py:538} INFO - Filling up the DagBag from /home/airflow/.local/lib/python3.7/site-packages/airflow/example_dags/tutorial_dag.py
[2023-02-18T07:49:03.394+0000] {processor.py:753} INFO - DAG(s) dict_keys(['tutorial_dag']) retrieved from /home/airflow/.local/lib/python3.7/site-packages/airflow/example_dags/tutorial_dag.py
[2023-02-18T07:49:04.738+0000] {logging_mixin.py:137} INFO - [2023-02-18T07:49:04.737+0000] {dag.py:2690} INFO - Sync 1 DAGs
[2023-02-18T07:49:05.635+0000] {logging_mixin.py:137} INFO - [2023-02-18T07:49:05.635+0000] {dag.py:3441} INFO - Setting next_dagrun for tutorial_dag to None, run_after=None
[2023-02-18T07:49:06.485+0000] {processor.py:175} INFO - Processing /home/airflow/.local/lib/python3.7/site-packages/airflow/example_dags/tutorial_dag.py took 4.094 seconds
[2023-02-18T07:50:31.722+0000] {processor.py:153} INFO - Started process (PID=207) to work on /home/airflow/.local/lib/python3.7/site-packages/airflow/example_dags/tutorial_dag.py
[2023-02-18T07:50:31.868+0000] {processor.py:743} INFO - Processing file /home/airflow/.local/lib/python3.7/site-packages/airflow/example_dags/tutorial_dag.py for tasks to queue
[2023-02-18T07:50:31.952+0000] {logging_mixin.py:137} INFO - [2023-02-18T07:50:31.869+0000] {dagbag.py:538} INFO - Filling up the DagBag from /home/airflow/.local/lib/python3.7/site-packages/airflow/example_dags/tutorial_dag.py
[2023-02-18T07:50:32.804+0000] {processor.py:753} INFO - DAG(s) dict_keys(['tutorial_dag']) retrieved from /home/airflow/.local/lib/python3.7/site-packages/airflow/example_dags/tutorial_dag.py
[2023-02-18T07:50:33.773+0000] {logging_mixin.py:137} INFO - [2023-02-18T07:50:33.773+0000] {dag.py:2690} INFO - Sync 1 DAGs
[2023-02-18T07:50:34.588+0000] {logging_mixin.py:137} INFO - [2023-02-18T07:50:34.587+0000] {dag.py:3441} INFO - Setting next_dagrun for tutorial_dag to None, run_after=None
[2023-02-18T07:50:35.364+0000] {processor.py:175} INFO - Processing /home/airflow/.local/lib/python3.7/site-packages/airflow/example_dags/tutorial_dag.py took 3.915 seconds
[2023-02-18T07:52:18.908+0000] {processor.py:153} INFO - Started process (PID=303) to work on /home/airflow/.local/lib/python3.7/site-packages/airflow/example_dags/tutorial_dag.py
[2023-02-18T07:52:19.018+0000] {processor.py:743} INFO - Processing file /home/airflow/.local/lib/python3.7/site-packages/airflow/example_dags/tutorial_dag.py for tasks to queue
[2023-02-18T07:52:19.020+0000] {logging_mixin.py:137} INFO - [2023-02-18T07:52:19.020+0000] {dagbag.py:538} INFO - Filling up the DagBag from /home/airflow/.local/lib/python3.7/site-packages/airflow/example_dags/tutorial_dag.py
[2023-02-18T07:52:19.628+0000] {processor.py:753} INFO - DAG(s) dict_keys(['tutorial_dag']) retrieved from /home/airflow/.local/lib/python3.7/site-packages/airflow/example_dags/tutorial_dag.py
[2023-02-18T07:52:20.546+0000] {logging_mixin.py:137} INFO - [2023-02-18T07:52:20.545+0000] {dag.py:2690} INFO - Sync 1 DAGs
[2023-02-18T07:52:21.580+0000] {logging_mixin.py:137} INFO - [2023-02-18T07:52:21.580+0000] {dag.py:3441} INFO - Setting next_dagrun for tutorial_dag to None, run_after=None
[2023-02-18T07:52:22.614+0000] {processor.py:175} INFO - Processing /home/airflow/.local/lib/python3.7/site-packages/airflow/example_dags/tutorial_dag.py took 3.860 seconds
[2023-02-18T07:53:45.691+0000] {processor.py:153} INFO - Started process (PID=383) to work on /home/airflow/.local/lib/python3.7/site-packages/airflow/example_dags/tutorial_dag.py
[2023-02-18T07:53:45.707+0000] {processor.py:743} INFO - Processing file /home/airflow/.local/lib/python3.7/site-packages/airflow/example_dags/tutorial_dag.py for tasks to queue
[2023-02-18T07:53:45.709+0000] {logging_mixin.py:137} INFO - [2023-02-18T07:53:45.709+0000] {dagbag.py:538} INFO - Filling up the DagBag from /home/airflow/.local/lib/python3.7/site-packages/airflow/example_dags/tutorial_dag.py
[2023-02-18T07:53:46.234+0000] {processor.py:753} INFO - DAG(s) dict_keys(['tutorial_dag']) retrieved from /home/airflow/.local/lib/python3.7/site-packages/airflow/example_dags/tutorial_dag.py
[2023-02-18T07:53:47.475+0000] {logging_mixin.py:137} INFO - [2023-02-18T07:53:47.475+0000] {dag.py:2690} INFO - Sync 1 DAGs
[2023-02-18T07:53:48.218+0000] {logging_mixin.py:137} INFO - [2023-02-18T07:53:48.217+0000] {dag.py:3441} INFO - Setting next_dagrun for tutorial_dag to None, run_after=None
[2023-02-18T07:53:48.765+0000] {processor.py:175} INFO - Processing /home/airflow/.local/lib/python3.7/site-packages/airflow/example_dags/tutorial_dag.py took 3.153 seconds
[2023-02-18T07:55:27.097+0000] {processor.py:153} INFO - Started process (PID=475) to work on /home/airflow/.local/lib/python3.7/site-packages/airflow/example_dags/tutorial_dag.py
[2023-02-18T07:55:27.158+0000] {processor.py:743} INFO - Processing file /home/airflow/.local/lib/python3.7/site-packages/airflow/example_dags/tutorial_dag.py for tasks to queue
[2023-02-18T07:55:27.160+0000] {logging_mixin.py:137} INFO - [2023-02-18T07:55:27.160+0000] {dagbag.py:538} INFO - Filling up the DagBag from /home/airflow/.local/lib/python3.7/site-packages/airflow/example_dags/tutorial_dag.py
[2023-02-18T07:55:27.899+0000] {processor.py:753} INFO - DAG(s) dict_keys(['tutorial_dag']) retrieved from /home/airflow/.local/lib/python3.7/site-packages/airflow/example_dags/tutorial_dag.py
[2023-02-18T07:55:29.406+0000] {logging_mixin.py:137} INFO - [2023-02-18T07:55:29.405+0000] {dag.py:2690} INFO - Sync 1 DAGs
[2023-02-18T07:55:31.054+0000] {logging_mixin.py:137} INFO - [2023-02-18T07:55:31.054+0000] {dag.py:3441} INFO - Setting next_dagrun for tutorial_dag to None, run_after=None
[2023-02-18T07:55:32.290+0000] {processor.py:175} INFO - Processing /home/airflow/.local/lib/python3.7/site-packages/airflow/example_dags/tutorial_dag.py took 5.289 seconds
[2023-02-18T07:59:20.966+0000] {processor.py:153} INFO - Started process (PID=632) to work on /home/airflow/.local/lib/python3.7/site-packages/airflow/example_dags/tutorial_dag.py
[2023-02-18T07:59:21.331+0000] {processor.py:743} INFO - Processing file /home/airflow/.local/lib/python3.7/site-packages/airflow/example_dags/tutorial_dag.py for tasks to queue
[2023-02-18T07:59:21.338+0000] {logging_mixin.py:137} INFO - [2023-02-18T07:59:21.337+0000] {dagbag.py:538} INFO - Filling up the DagBag from /home/airflow/.local/lib/python3.7/site-packages/airflow/example_dags/tutorial_dag.py
[2023-02-18T07:59:23.983+0000] {processor.py:753} INFO - DAG(s) dict_keys(['tutorial_dag']) retrieved from /home/airflow/.local/lib/python3.7/site-packages/airflow/example_dags/tutorial_dag.py
[2023-02-18T07:59:28.104+0000] {logging_mixin.py:137} INFO - [2023-02-18T07:59:28.104+0000] {dag.py:2690} INFO - Sync 1 DAGs
[2023-02-18T07:59:30.507+0000] {logging_mixin.py:137} INFO - [2023-02-18T07:59:30.506+0000] {dag.py:3441} INFO - Setting next_dagrun for tutorial_dag to None, run_after=None
[2023-02-18T07:59:33.612+0000] {processor.py:175} INFO - Processing /home/airflow/.local/lib/python3.7/site-packages/airflow/example_dags/tutorial_dag.py took 13.361 seconds
[2023-02-18T08:02:23.589+0000] {processor.py:153} INFO - Started process (PID=743) to work on /home/airflow/.local/lib/python3.7/site-packages/airflow/example_dags/tutorial_dag.py
[2023-02-18T08:02:23.597+0000] {processor.py:743} INFO - Processing file /home/airflow/.local/lib/python3.7/site-packages/airflow/example_dags/tutorial_dag.py for tasks to queue
[2023-02-18T08:02:23.879+0000] {logging_mixin.py:137} INFO - [2023-02-18T08:02:23.850+0000] {dagbag.py:538} INFO - Filling up the DagBag from /home/airflow/.local/lib/python3.7/site-packages/airflow/example_dags/tutorial_dag.py
[2023-02-18T08:02:25.584+0000] {processor.py:753} INFO - DAG(s) dict_keys(['tutorial_dag']) retrieved from /home/airflow/.local/lib/python3.7/site-packages/airflow/example_dags/tutorial_dag.py
[2023-02-18T08:02:28.070+0000] {logging_mixin.py:137} INFO - [2023-02-18T08:02:28.047+0000] {dag.py:2690} INFO - Sync 1 DAGs
[2023-02-18T08:02:30.533+0000] {logging_mixin.py:137} INFO - [2023-02-18T08:02:30.531+0000] {dag.py:3441} INFO - Setting next_dagrun for tutorial_dag to None, run_after=None
[2023-02-18T08:02:31.917+0000] {processor.py:175} INFO - Processing /home/airflow/.local/lib/python3.7/site-packages/airflow/example_dags/tutorial_dag.py took 8.423 seconds
[2023-02-18T08:06:33.334+0000] {processor.py:153} INFO - Started process (PID=885) to work on /home/airflow/.local/lib/python3.7/site-packages/airflow/example_dags/tutorial_dag.py
[2023-02-18T08:06:33.362+0000] {processor.py:743} INFO - Processing file /home/airflow/.local/lib/python3.7/site-packages/airflow/example_dags/tutorial_dag.py for tasks to queue
[2023-02-18T08:06:33.776+0000] {logging_mixin.py:137} INFO - [2023-02-18T08:06:33.774+0000] {dagbag.py:538} INFO - Filling up the DagBag from /home/airflow/.local/lib/python3.7/site-packages/airflow/example_dags/tutorial_dag.py
[2023-02-18T08:06:36.964+0000] {processor.py:753} INFO - DAG(s) dict_keys(['tutorial_dag']) retrieved from /home/airflow/.local/lib/python3.7/site-packages/airflow/example_dags/tutorial_dag.py
[2023-02-18T08:06:42.186+0000] {logging_mixin.py:137} INFO - [2023-02-18T08:06:42.185+0000] {dag.py:2690} INFO - Sync 1 DAGs
[2023-02-18T08:06:49.710+0000] {logging_mixin.py:137} INFO - [2023-02-18T08:06:49.662+0000] {dag.py:3441} INFO - Setting next_dagrun for tutorial_dag to None, run_after=None
[2023-02-18T08:06:53.345+0000] {processor.py:175} INFO - Processing /home/airflow/.local/lib/python3.7/site-packages/airflow/example_dags/tutorial_dag.py took 20.399 seconds
[2023-02-18T08:10:37.875+0000] {processor.py:153} INFO - Started process (PID=1030) to work on /home/airflow/.local/lib/python3.7/site-packages/airflow/example_dags/tutorial_dag.py
[2023-02-18T08:10:37.879+0000] {processor.py:743} INFO - Processing file /home/airflow/.local/lib/python3.7/site-packages/airflow/example_dags/tutorial_dag.py for tasks to queue
[2023-02-18T08:10:37.882+0000] {logging_mixin.py:137} INFO - [2023-02-18T08:10:37.882+0000] {dagbag.py:538} INFO - Filling up the DagBag from /home/airflow/.local/lib/python3.7/site-packages/airflow/example_dags/tutorial_dag.py
[2023-02-18T08:10:39.014+0000] {processor.py:753} INFO - DAG(s) dict_keys(['tutorial_dag']) retrieved from /home/airflow/.local/lib/python3.7/site-packages/airflow/example_dags/tutorial_dag.py
[2023-02-18T08:10:43.486+0000] {logging_mixin.py:137} INFO - [2023-02-18T08:10:43.464+0000] {dag.py:2690} INFO - Sync 1 DAGs
[2023-02-18T08:10:45.191+0000] {logging_mixin.py:137} INFO - [2023-02-18T08:10:45.190+0000] {dag.py:3441} INFO - Setting next_dagrun for tutorial_dag to None, run_after=None
[2023-02-18T08:10:48.129+0000] {processor.py:175} INFO - Processing /home/airflow/.local/lib/python3.7/site-packages/airflow/example_dags/tutorial_dag.py took 10.499 seconds
[2023-02-18T08:14:04.197+0000] {processor.py:153} INFO - Started process (PID=1149) to work on /home/airflow/.local/lib/python3.7/site-packages/airflow/example_dags/tutorial_dag.py
[2023-02-18T08:14:04.278+0000] {processor.py:743} INFO - Processing file /home/airflow/.local/lib/python3.7/site-packages/airflow/example_dags/tutorial_dag.py for tasks to queue
[2023-02-18T08:14:04.281+0000] {logging_mixin.py:137} INFO - [2023-02-18T08:14:04.280+0000] {dagbag.py:538} INFO - Filling up the DagBag from /home/airflow/.local/lib/python3.7/site-packages/airflow/example_dags/tutorial_dag.py
[2023-02-18T08:14:05.140+0000] {processor.py:753} INFO - DAG(s) dict_keys(['tutorial_dag']) retrieved from /home/airflow/.local/lib/python3.7/site-packages/airflow/example_dags/tutorial_dag.py
[2023-02-18T08:14:09.110+0000] {logging_mixin.py:137} INFO - [2023-02-18T08:14:09.109+0000] {dag.py:2690} INFO - Sync 1 DAGs
[2023-02-18T08:14:12.260+0000] {logging_mixin.py:137} INFO - [2023-02-18T08:14:12.259+0000] {dag.py:3441} INFO - Setting next_dagrun for tutorial_dag to None, run_after=None
[2023-02-18T08:14:14.021+0000] {processor.py:175} INFO - Processing /home/airflow/.local/lib/python3.7/site-packages/airflow/example_dags/tutorial_dag.py took 10.183 seconds
[2023-02-18T08:17:17.708+0000] {processor.py:153} INFO - Started process (PID=1265) to work on /home/airflow/.local/lib/python3.7/site-packages/airflow/example_dags/tutorial_dag.py
[2023-02-18T08:17:17.793+0000] {processor.py:743} INFO - Processing file /home/airflow/.local/lib/python3.7/site-packages/airflow/example_dags/tutorial_dag.py for tasks to queue
[2023-02-18T08:17:17.803+0000] {logging_mixin.py:137} INFO - [2023-02-18T08:17:17.802+0000] {dagbag.py:538} INFO - Filling up the DagBag from /home/airflow/.local/lib/python3.7/site-packages/airflow/example_dags/tutorial_dag.py
[2023-02-18T08:17:18.757+0000] {processor.py:753} INFO - DAG(s) dict_keys(['tutorial_dag']) retrieved from /home/airflow/.local/lib/python3.7/site-packages/airflow/example_dags/tutorial_dag.py
[2023-02-18T08:17:21.029+0000] {logging_mixin.py:137} INFO - [2023-02-18T08:17:21.028+0000] {dag.py:2690} INFO - Sync 1 DAGs
[2023-02-18T08:17:22.761+0000] {logging_mixin.py:137} INFO - [2023-02-18T08:17:22.761+0000] {dag.py:3441} INFO - Setting next_dagrun for tutorial_dag to None, run_after=None
[2023-02-18T08:17:24.324+0000] {processor.py:175} INFO - Processing /home/airflow/.local/lib/python3.7/site-packages/airflow/example_dags/tutorial_dag.py took 7.369 seconds
[2023-02-18T08:20:26.667+0000] {processor.py:153} INFO - Started process (PID=1389) to work on /home/airflow/.local/lib/python3.7/site-packages/airflow/example_dags/tutorial_dag.py
[2023-02-18T08:20:26.758+0000] {processor.py:743} INFO - Processing file /home/airflow/.local/lib/python3.7/site-packages/airflow/example_dags/tutorial_dag.py for tasks to queue
[2023-02-18T08:20:26.761+0000] {logging_mixin.py:137} INFO - [2023-02-18T08:20:26.761+0000] {dagbag.py:538} INFO - Filling up the DagBag from /home/airflow/.local/lib/python3.7/site-packages/airflow/example_dags/tutorial_dag.py
[2023-02-18T08:20:28.552+0000] {processor.py:753} INFO - DAG(s) dict_keys(['tutorial_dag']) retrieved from /home/airflow/.local/lib/python3.7/site-packages/airflow/example_dags/tutorial_dag.py
[2023-02-18T08:20:31.011+0000] {logging_mixin.py:137} INFO - [2023-02-18T08:20:31.011+0000] {dag.py:2690} INFO - Sync 1 DAGs
[2023-02-18T08:20:33.676+0000] {logging_mixin.py:137} INFO - [2023-02-18T08:20:33.665+0000] {dag.py:3441} INFO - Setting next_dagrun for tutorial_dag to None, run_after=None
[2023-02-18T08:20:34.615+0000] {processor.py:175} INFO - Processing /home/airflow/.local/lib/python3.7/site-packages/airflow/example_dags/tutorial_dag.py took 8.579 seconds
[2023-02-18T08:23:22.812+0000] {processor.py:153} INFO - Started process (PID=1496) to work on /home/airflow/.local/lib/python3.7/site-packages/airflow/example_dags/tutorial_dag.py
[2023-02-18T08:23:22.861+0000] {processor.py:743} INFO - Processing file /home/airflow/.local/lib/python3.7/site-packages/airflow/example_dags/tutorial_dag.py for tasks to queue
[2023-02-18T08:23:22.943+0000] {logging_mixin.py:137} INFO - [2023-02-18T08:23:22.942+0000] {dagbag.py:538} INFO - Filling up the DagBag from /home/airflow/.local/lib/python3.7/site-packages/airflow/example_dags/tutorial_dag.py
[2023-02-18T08:23:23.897+0000] {processor.py:753} INFO - DAG(s) dict_keys(['tutorial_dag']) retrieved from /home/airflow/.local/lib/python3.7/site-packages/airflow/example_dags/tutorial_dag.py
[2023-02-18T08:23:25.754+0000] {logging_mixin.py:137} INFO - [2023-02-18T08:23:25.753+0000] {dag.py:2690} INFO - Sync 1 DAGs
[2023-02-18T08:23:28.496+0000] {logging_mixin.py:137} INFO - [2023-02-18T08:23:28.496+0000] {dag.py:3441} INFO - Setting next_dagrun for tutorial_dag to None, run_after=None
[2023-02-18T08:23:29.581+0000] {processor.py:175} INFO - Processing /home/airflow/.local/lib/python3.7/site-packages/airflow/example_dags/tutorial_dag.py took 7.443 seconds
[2023-02-18T08:27:09.147+0000] {processor.py:153} INFO - Started process (PID=1628) to work on /home/airflow/.local/lib/python3.7/site-packages/airflow/example_dags/tutorial_dag.py
[2023-02-18T08:27:09.408+0000] {processor.py:743} INFO - Processing file /home/airflow/.local/lib/python3.7/site-packages/airflow/example_dags/tutorial_dag.py for tasks to queue
[2023-02-18T08:27:09.455+0000] {logging_mixin.py:137} INFO - [2023-02-18T08:27:09.455+0000] {dagbag.py:538} INFO - Filling up the DagBag from /home/airflow/.local/lib/python3.7/site-packages/airflow/example_dags/tutorial_dag.py
[2023-02-18T08:27:12.015+0000] {processor.py:753} INFO - DAG(s) dict_keys(['tutorial_dag']) retrieved from /home/airflow/.local/lib/python3.7/site-packages/airflow/example_dags/tutorial_dag.py
[2023-02-18T08:27:15.870+0000] {logging_mixin.py:137} INFO - [2023-02-18T08:27:15.869+0000] {dag.py:2690} INFO - Sync 1 DAGs
[2023-02-18T08:27:21.033+0000] {logging_mixin.py:137} INFO - [2023-02-18T08:27:21.032+0000] {dag.py:3441} INFO - Setting next_dagrun for tutorial_dag to None, run_after=None
[2023-02-18T08:27:24.104+0000] {processor.py:175} INFO - Processing /home/airflow/.local/lib/python3.7/site-packages/airflow/example_dags/tutorial_dag.py took 15.231 seconds
[2023-02-18T08:34:10.987+0000] {processor.py:153} INFO - Started process (PID=1849) to work on /home/airflow/.local/lib/python3.7/site-packages/airflow/example_dags/tutorial_dag.py
[2023-02-18T08:34:11.824+0000] {processor.py:743} INFO - Processing file /home/airflow/.local/lib/python3.7/site-packages/airflow/example_dags/tutorial_dag.py for tasks to queue
[2023-02-18T08:34:11.827+0000] {logging_mixin.py:137} INFO - [2023-02-18T08:34:11.826+0000] {dagbag.py:538} INFO - Filling up the DagBag from /home/airflow/.local/lib/python3.7/site-packages/airflow/example_dags/tutorial_dag.py
[2023-02-18T08:34:16.659+0000] {processor.py:753} INFO - DAG(s) dict_keys(['tutorial_dag']) retrieved from /home/airflow/.local/lib/python3.7/site-packages/airflow/example_dags/tutorial_dag.py
[2023-02-18T08:34:23.473+0000] {logging_mixin.py:137} INFO - [2023-02-18T08:34:23.473+0000] {dag.py:2690} INFO - Sync 1 DAGs
[2023-02-18T08:34:33.211+0000] {logging_mixin.py:137} INFO - [2023-02-18T08:34:33.211+0000] {dag.py:3441} INFO - Setting next_dagrun for tutorial_dag to None, run_after=None
[2023-02-18T08:34:38.447+0000] {processor.py:175} INFO - Processing /home/airflow/.local/lib/python3.7/site-packages/airflow/example_dags/tutorial_dag.py took 28.747 seconds
[2023-02-18T08:46:36.589+0000] {processor.py:153} INFO - Started process (PID=2187) to work on /home/airflow/.local/lib/python3.7/site-packages/airflow/example_dags/tutorial_dag.py
[2023-02-18T08:46:36.666+0000] {processor.py:743} INFO - Processing file /home/airflow/.local/lib/python3.7/site-packages/airflow/example_dags/tutorial_dag.py for tasks to queue
[2023-02-18T08:46:37.037+0000] {logging_mixin.py:137} INFO - [2023-02-18T08:46:37.037+0000] {dagbag.py:538} INFO - Filling up the DagBag from /home/airflow/.local/lib/python3.7/site-packages/airflow/example_dags/tutorial_dag.py
[2023-02-18T08:46:51.360+0000] {processor.py:753} INFO - DAG(s) dict_keys(['tutorial_dag']) retrieved from /home/airflow/.local/lib/python3.7/site-packages/airflow/example_dags/tutorial_dag.py
[2023-02-18T09:52:21.626+0000] {processor.py:153} INFO - Started process (PID=188) to work on /home/airflow/.local/lib/python3.7/site-packages/airflow/example_dags/tutorial_dag.py
[2023-02-18T09:52:21.641+0000] {processor.py:743} INFO - Processing file /home/airflow/.local/lib/python3.7/site-packages/airflow/example_dags/tutorial_dag.py for tasks to queue
[2023-02-18T09:52:21.643+0000] {logging_mixin.py:137} INFO - [2023-02-18T09:52:21.643+0000] {dagbag.py:538} INFO - Filling up the DagBag from /home/airflow/.local/lib/python3.7/site-packages/airflow/example_dags/tutorial_dag.py
[2023-02-18T09:52:21.956+0000] {processor.py:753} INFO - DAG(s) dict_keys(['tutorial_dag']) retrieved from /home/airflow/.local/lib/python3.7/site-packages/airflow/example_dags/tutorial_dag.py
[2023-02-18T09:52:25.875+0000] {logging_mixin.py:137} INFO - [2023-02-18T09:52:25.874+0000] {dag.py:2690} INFO - Sync 1 DAGs
[2023-02-18T09:52:27.752+0000] {logging_mixin.py:137} INFO - [2023-02-18T09:52:27.752+0000] {dag.py:3441} INFO - Setting next_dagrun for tutorial_dag to None, run_after=None
[2023-02-18T09:52:28.485+0000] {processor.py:175} INFO - Processing /home/airflow/.local/lib/python3.7/site-packages/airflow/example_dags/tutorial_dag.py took 6.907 seconds
[2023-02-18T09:53:50.681+0000] {processor.py:153} INFO - Started process (PID=267) to work on /home/airflow/.local/lib/python3.7/site-packages/airflow/example_dags/tutorial_dag.py
[2023-02-18T09:53:50.697+0000] {processor.py:743} INFO - Processing file /home/airflow/.local/lib/python3.7/site-packages/airflow/example_dags/tutorial_dag.py for tasks to queue
[2023-02-18T09:53:50.735+0000] {logging_mixin.py:137} INFO - [2023-02-18T09:53:50.734+0000] {dagbag.py:538} INFO - Filling up the DagBag from /home/airflow/.local/lib/python3.7/site-packages/airflow/example_dags/tutorial_dag.py
[2023-02-18T09:53:51.100+0000] {processor.py:753} INFO - DAG(s) dict_keys(['tutorial_dag']) retrieved from /home/airflow/.local/lib/python3.7/site-packages/airflow/example_dags/tutorial_dag.py
[2023-02-18T09:53:51.379+0000] {logging_mixin.py:137} INFO - [2023-02-18T09:53:51.379+0000] {dag.py:2690} INFO - Sync 1 DAGs
[2023-02-18T09:53:51.641+0000] {logging_mixin.py:137} INFO - [2023-02-18T09:53:51.640+0000] {dag.py:3441} INFO - Setting next_dagrun for tutorial_dag to None, run_after=None
[2023-02-18T09:53:51.971+0000] {processor.py:175} INFO - Processing /home/airflow/.local/lib/python3.7/site-packages/airflow/example_dags/tutorial_dag.py took 1.486 seconds
[2023-02-18T09:55:23.170+0000] {processor.py:153} INFO - Started process (PID=346) to work on /home/airflow/.local/lib/python3.7/site-packages/airflow/example_dags/tutorial_dag.py
[2023-02-18T09:55:23.186+0000] {processor.py:743} INFO - Processing file /home/airflow/.local/lib/python3.7/site-packages/airflow/example_dags/tutorial_dag.py for tasks to queue
[2023-02-18T09:55:23.188+0000] {logging_mixin.py:137} INFO - [2023-02-18T09:55:23.187+0000] {dagbag.py:538} INFO - Filling up the DagBag from /home/airflow/.local/lib/python3.7/site-packages/airflow/example_dags/tutorial_dag.py
[2023-02-18T09:55:23.950+0000] {processor.py:753} INFO - DAG(s) dict_keys(['tutorial_dag']) retrieved from /home/airflow/.local/lib/python3.7/site-packages/airflow/example_dags/tutorial_dag.py
[2023-02-18T09:55:24.717+0000] {logging_mixin.py:137} INFO - [2023-02-18T09:55:24.717+0000] {dag.py:2690} INFO - Sync 1 DAGs
[2023-02-18T09:55:25.438+0000] {logging_mixin.py:137} INFO - [2023-02-18T09:55:25.438+0000] {dag.py:3441} INFO - Setting next_dagrun for tutorial_dag to None, run_after=None
[2023-02-18T09:55:25.961+0000] {processor.py:175} INFO - Processing /home/airflow/.local/lib/python3.7/site-packages/airflow/example_dags/tutorial_dag.py took 2.933 seconds
[2023-02-18T09:59:33.877+0000] {processor.py:153} INFO - Started process (PID=513) to work on /home/airflow/.local/lib/python3.7/site-packages/airflow/example_dags/tutorial_dag.py
[2023-02-18T09:59:33.947+0000] {processor.py:743} INFO - Processing file /home/airflow/.local/lib/python3.7/site-packages/airflow/example_dags/tutorial_dag.py for tasks to queue
[2023-02-18T09:59:33.950+0000] {logging_mixin.py:137} INFO - [2023-02-18T09:59:33.949+0000] {dagbag.py:538} INFO - Filling up the DagBag from /home/airflow/.local/lib/python3.7/site-packages/airflow/example_dags/tutorial_dag.py
[2023-02-18T09:59:35.905+0000] {processor.py:753} INFO - DAG(s) dict_keys(['tutorial_dag']) retrieved from /home/airflow/.local/lib/python3.7/site-packages/airflow/example_dags/tutorial_dag.py
[2023-02-18T09:59:38.180+0000] {logging_mixin.py:137} INFO - [2023-02-18T09:59:38.180+0000] {dag.py:2690} INFO - Sync 1 DAGs
[2023-02-18T09:59:38.748+0000] {logging_mixin.py:137} INFO - [2023-02-18T09:59:38.747+0000] {dag.py:3441} INFO - Setting next_dagrun for tutorial_dag to None, run_after=None
[2023-02-18T09:59:39.703+0000] {processor.py:175} INFO - Processing /home/airflow/.local/lib/python3.7/site-packages/airflow/example_dags/tutorial_dag.py took 6.296 seconds
[2023-02-18T10:01:23.296+0000] {processor.py:153} INFO - Started process (PID=589) to work on /home/airflow/.local/lib/python3.7/site-packages/airflow/example_dags/tutorial_dag.py
[2023-02-18T10:01:23.327+0000] {processor.py:743} INFO - Processing file /home/airflow/.local/lib/python3.7/site-packages/airflow/example_dags/tutorial_dag.py for tasks to queue
[2023-02-18T10:01:23.377+0000] {logging_mixin.py:137} INFO - [2023-02-18T10:01:23.376+0000] {dagbag.py:538} INFO - Filling up the DagBag from /home/airflow/.local/lib/python3.7/site-packages/airflow/example_dags/tutorial_dag.py
[2023-02-18T10:01:24.309+0000] {processor.py:753} INFO - DAG(s) dict_keys(['tutorial_dag']) retrieved from /home/airflow/.local/lib/python3.7/site-packages/airflow/example_dags/tutorial_dag.py
[2023-02-18T10:01:26.046+0000] {logging_mixin.py:137} INFO - [2023-02-18T10:01:26.046+0000] {dag.py:2690} INFO - Sync 1 DAGs
[2023-02-18T10:01:28.142+0000] {logging_mixin.py:137} INFO - [2023-02-18T10:01:28.142+0000] {dag.py:3441} INFO - Setting next_dagrun for tutorial_dag to None, run_after=None
[2023-02-18T10:01:28.639+0000] {processor.py:175} INFO - Processing /home/airflow/.local/lib/python3.7/site-packages/airflow/example_dags/tutorial_dag.py took 5.399 seconds
[2023-02-18T10:03:12.565+0000] {processor.py:153} INFO - Started process (PID=666) to work on /home/airflow/.local/lib/python3.7/site-packages/airflow/example_dags/tutorial_dag.py
[2023-02-18T10:03:12.700+0000] {processor.py:743} INFO - Processing file /home/airflow/.local/lib/python3.7/site-packages/airflow/example_dags/tutorial_dag.py for tasks to queue
[2023-02-18T10:03:12.781+0000] {logging_mixin.py:137} INFO - [2023-02-18T10:03:12.780+0000] {dagbag.py:538} INFO - Filling up the DagBag from /home/airflow/.local/lib/python3.7/site-packages/airflow/example_dags/tutorial_dag.py
[2023-02-18T10:03:13.167+0000] {processor.py:753} INFO - DAG(s) dict_keys(['tutorial_dag']) retrieved from /home/airflow/.local/lib/python3.7/site-packages/airflow/example_dags/tutorial_dag.py
[2023-02-18T10:03:14.744+0000] {logging_mixin.py:137} INFO - [2023-02-18T10:03:14.743+0000] {dag.py:2690} INFO - Sync 1 DAGs
[2023-02-18T10:03:16.716+0000] {logging_mixin.py:137} INFO - [2023-02-18T10:03:16.716+0000] {dag.py:3441} INFO - Setting next_dagrun for tutorial_dag to None, run_after=None
[2023-02-18T10:03:17.410+0000] {processor.py:175} INFO - Processing /home/airflow/.local/lib/python3.7/site-packages/airflow/example_dags/tutorial_dag.py took 4.892 seconds
[2023-02-18T10:05:43.828+0000] {processor.py:153} INFO - Started process (PID=758) to work on /home/airflow/.local/lib/python3.7/site-packages/airflow/example_dags/tutorial_dag.py
[2023-02-18T10:05:44.018+0000] {processor.py:743} INFO - Processing file /home/airflow/.local/lib/python3.7/site-packages/airflow/example_dags/tutorial_dag.py for tasks to queue
[2023-02-18T10:05:44.021+0000] {logging_mixin.py:137} INFO - [2023-02-18T10:05:44.020+0000] {dagbag.py:538} INFO - Filling up the DagBag from /home/airflow/.local/lib/python3.7/site-packages/airflow/example_dags/tutorial_dag.py
[2023-02-18T10:05:45.797+0000] {processor.py:753} INFO - DAG(s) dict_keys(['tutorial_dag']) retrieved from /home/airflow/.local/lib/python3.7/site-packages/airflow/example_dags/tutorial_dag.py
[2023-02-18T10:05:49.558+0000] {logging_mixin.py:137} INFO - [2023-02-18T10:05:49.558+0000] {dag.py:2690} INFO - Sync 1 DAGs
[2023-02-18T10:05:51.557+0000] {logging_mixin.py:137} INFO - [2023-02-18T10:05:51.555+0000] {dag.py:3441} INFO - Setting next_dagrun for tutorial_dag to None, run_after=None
[2023-02-18T10:05:53.471+0000] {processor.py:175} INFO - Processing /home/airflow/.local/lib/python3.7/site-packages/airflow/example_dags/tutorial_dag.py took 10.015 seconds
[2023-02-18T10:08:29.352+0000] {processor.py:153} INFO - Started process (PID=865) to work on /home/airflow/.local/lib/python3.7/site-packages/airflow/example_dags/tutorial_dag.py
[2023-02-18T10:08:29.424+0000] {processor.py:743} INFO - Processing file /home/airflow/.local/lib/python3.7/site-packages/airflow/example_dags/tutorial_dag.py for tasks to queue
[2023-02-18T10:08:29.439+0000] {logging_mixin.py:137} INFO - [2023-02-18T10:08:29.426+0000] {dagbag.py:538} INFO - Filling up the DagBag from /home/airflow/.local/lib/python3.7/site-packages/airflow/example_dags/tutorial_dag.py
[2023-02-18T10:08:30.142+0000] {processor.py:753} INFO - DAG(s) dict_keys(['tutorial_dag']) retrieved from /home/airflow/.local/lib/python3.7/site-packages/airflow/example_dags/tutorial_dag.py
[2023-02-18T10:08:32.169+0000] {logging_mixin.py:137} INFO - [2023-02-18T10:08:32.169+0000] {dag.py:2690} INFO - Sync 1 DAGs
[2023-02-18T10:08:33.936+0000] {logging_mixin.py:137} INFO - [2023-02-18T10:08:33.935+0000] {dag.py:3441} INFO - Setting next_dagrun for tutorial_dag to None, run_after=None
[2023-02-18T10:08:35.062+0000] {processor.py:175} INFO - Processing /home/airflow/.local/lib/python3.7/site-packages/airflow/example_dags/tutorial_dag.py took 5.898 seconds
