[2023-02-18T07:48:40.294+0000] {processor.py:153} INFO - Started process (PID=110) to work on /home/airflow/.local/lib/python3.7/site-packages/airflow/example_dags/tutorial_taskflow_api_virtualenv.py
[2023-02-18T07:48:40.297+0000] {processor.py:743} INFO - Processing file /home/airflow/.local/lib/python3.7/site-packages/airflow/example_dags/tutorial_taskflow_api_virtualenv.py for tasks to queue
[2023-02-18T07:48:40.359+0000] {logging_mixin.py:137} INFO - [2023-02-18T07:48:40.299+0000] {dagbag.py:538} INFO - Filling up the DagBag from /home/airflow/.local/lib/python3.7/site-packages/airflow/example_dags/tutorial_taskflow_api_virtualenv.py
[2023-02-18T07:48:41.178+0000] {processor.py:753} INFO - DAG(s) dict_keys(['tutorial_taskflow_api_virtualenv']) retrieved from /home/airflow/.local/lib/python3.7/site-packages/airflow/example_dags/tutorial_taskflow_api_virtualenv.py
[2023-02-18T07:48:41.906+0000] {logging_mixin.py:137} INFO - [2023-02-18T07:48:41.905+0000] {dag.py:2690} INFO - Sync 1 DAGs
[2023-02-18T07:48:42.630+0000] {logging_mixin.py:137} INFO - [2023-02-18T07:48:42.629+0000] {dag.py:3441} INFO - Setting next_dagrun for tutorial_taskflow_api_virtualenv to None, run_after=None
[2023-02-18T07:48:43.081+0000] {processor.py:175} INFO - Processing /home/airflow/.local/lib/python3.7/site-packages/airflow/example_dags/tutorial_taskflow_api_virtualenv.py took 2.920 seconds
[2023-02-18T07:50:05.702+0000] {processor.py:153} INFO - Started process (PID=187) to work on /home/airflow/.local/lib/python3.7/site-packages/airflow/example_dags/tutorial_taskflow_api_virtualenv.py
[2023-02-18T07:50:05.807+0000] {processor.py:743} INFO - Processing file /home/airflow/.local/lib/python3.7/site-packages/airflow/example_dags/tutorial_taskflow_api_virtualenv.py for tasks to queue
[2023-02-18T07:50:05.810+0000] {logging_mixin.py:137} INFO - [2023-02-18T07:50:05.810+0000] {dagbag.py:538} INFO - Filling up the DagBag from /home/airflow/.local/lib/python3.7/site-packages/airflow/example_dags/tutorial_taskflow_api_virtualenv.py
[2023-02-18T07:50:06.759+0000] {processor.py:753} INFO - DAG(s) dict_keys(['tutorial_taskflow_api_virtualenv']) retrieved from /home/airflow/.local/lib/python3.7/site-packages/airflow/example_dags/tutorial_taskflow_api_virtualenv.py
[2023-02-18T07:50:07.434+0000] {logging_mixin.py:137} INFO - [2023-02-18T07:50:07.434+0000] {dag.py:2690} INFO - Sync 1 DAGs
[2023-02-18T07:50:08.449+0000] {logging_mixin.py:137} INFO - [2023-02-18T07:50:08.449+0000] {dag.py:3441} INFO - Setting next_dagrun for tutorial_taskflow_api_virtualenv to None, run_after=None
[2023-02-18T07:50:08.785+0000] {processor.py:175} INFO - Processing /home/airflow/.local/lib/python3.7/site-packages/airflow/example_dags/tutorial_taskflow_api_virtualenv.py took 3.130 seconds
[2023-02-18T07:51:03.007+0000] {processor.py:153} INFO - Started process (PID=232) to work on /home/airflow/.local/lib/python3.7/site-packages/airflow/example_dags/tutorial_taskflow_api_virtualenv.py
[2023-02-18T07:51:03.053+0000] {processor.py:743} INFO - Processing file /home/airflow/.local/lib/python3.7/site-packages/airflow/example_dags/tutorial_taskflow_api_virtualenv.py for tasks to queue
[2023-02-18T07:51:03.085+0000] {logging_mixin.py:137} INFO - [2023-02-18T07:51:03.084+0000] {dagbag.py:538} INFO - Filling up the DagBag from /home/airflow/.local/lib/python3.7/site-packages/airflow/example_dags/tutorial_taskflow_api_virtualenv.py
[2023-02-18T07:51:03.726+0000] {processor.py:753} INFO - DAG(s) dict_keys(['tutorial_taskflow_api_virtualenv']) retrieved from /home/airflow/.local/lib/python3.7/site-packages/airflow/example_dags/tutorial_taskflow_api_virtualenv.py
[2023-02-18T07:51:04.611+0000] {logging_mixin.py:137} INFO - [2023-02-18T07:51:04.611+0000] {dag.py:2690} INFO - Sync 1 DAGs
[2023-02-18T07:51:05.301+0000] {logging_mixin.py:137} INFO - [2023-02-18T07:51:05.301+0000] {dag.py:3441} INFO - Setting next_dagrun for tutorial_taskflow_api_virtualenv to None, run_after=None
[2023-02-18T07:51:06.005+0000] {processor.py:175} INFO - Processing /home/airflow/.local/lib/python3.7/site-packages/airflow/example_dags/tutorial_taskflow_api_virtualenv.py took 3.190 seconds
[2023-02-18T07:51:58.944+0000] {processor.py:153} INFO - Started process (PID=283) to work on /home/airflow/.local/lib/python3.7/site-packages/airflow/example_dags/tutorial_taskflow_api_virtualenv.py
[2023-02-18T07:51:58.976+0000] {processor.py:743} INFO - Processing file /home/airflow/.local/lib/python3.7/site-packages/airflow/example_dags/tutorial_taskflow_api_virtualenv.py for tasks to queue
[2023-02-18T07:51:58.978+0000] {logging_mixin.py:137} INFO - [2023-02-18T07:51:58.978+0000] {dagbag.py:538} INFO - Filling up the DagBag from /home/airflow/.local/lib/python3.7/site-packages/airflow/example_dags/tutorial_taskflow_api_virtualenv.py
[2023-02-18T07:51:59.532+0000] {processor.py:753} INFO - DAG(s) dict_keys(['tutorial_taskflow_api_virtualenv']) retrieved from /home/airflow/.local/lib/python3.7/site-packages/airflow/example_dags/tutorial_taskflow_api_virtualenv.py
[2023-02-18T07:52:00.357+0000] {logging_mixin.py:137} INFO - [2023-02-18T07:52:00.345+0000] {dag.py:2690} INFO - Sync 1 DAGs
[2023-02-18T07:52:01.814+0000] {logging_mixin.py:137} INFO - [2023-02-18T07:52:01.814+0000] {dag.py:3441} INFO - Setting next_dagrun for tutorial_taskflow_api_virtualenv to None, run_after=None
[2023-02-18T07:52:02.711+0000] {processor.py:175} INFO - Processing /home/airflow/.local/lib/python3.7/site-packages/airflow/example_dags/tutorial_taskflow_api_virtualenv.py took 3.817 seconds
[2023-02-18T07:52:49.255+0000] {processor.py:153} INFO - Started process (PID=326) to work on /home/airflow/.local/lib/python3.7/site-packages/airflow/example_dags/tutorial_taskflow_api_virtualenv.py
[2023-02-18T07:52:49.324+0000] {processor.py:743} INFO - Processing file /home/airflow/.local/lib/python3.7/site-packages/airflow/example_dags/tutorial_taskflow_api_virtualenv.py for tasks to queue
[2023-02-18T07:52:49.326+0000] {logging_mixin.py:137} INFO - [2023-02-18T07:52:49.325+0000] {dagbag.py:538} INFO - Filling up the DagBag from /home/airflow/.local/lib/python3.7/site-packages/airflow/example_dags/tutorial_taskflow_api_virtualenv.py
[2023-02-18T07:52:50.246+0000] {processor.py:753} INFO - DAG(s) dict_keys(['tutorial_taskflow_api_virtualenv']) retrieved from /home/airflow/.local/lib/python3.7/site-packages/airflow/example_dags/tutorial_taskflow_api_virtualenv.py
[2023-02-18T07:52:51.340+0000] {logging_mixin.py:137} INFO - [2023-02-18T07:52:51.340+0000] {dag.py:2690} INFO - Sync 1 DAGs
[2023-02-18T07:52:52.333+0000] {logging_mixin.py:137} INFO - [2023-02-18T07:52:52.333+0000] {dag.py:3441} INFO - Setting next_dagrun for tutorial_taskflow_api_virtualenv to None, run_after=None
[2023-02-18T07:52:53.105+0000] {processor.py:175} INFO - Processing /home/airflow/.local/lib/python3.7/site-packages/airflow/example_dags/tutorial_taskflow_api_virtualenv.py took 4.020 seconds
[2023-02-18T07:54:14.236+0000] {processor.py:153} INFO - Started process (PID=413) to work on /home/airflow/.local/lib/python3.7/site-packages/airflow/example_dags/tutorial_taskflow_api_virtualenv.py
[2023-02-18T07:54:14.283+0000] {processor.py:743} INFO - Processing file /home/airflow/.local/lib/python3.7/site-packages/airflow/example_dags/tutorial_taskflow_api_virtualenv.py for tasks to queue
[2023-02-18T07:54:14.285+0000] {logging_mixin.py:137} INFO - [2023-02-18T07:54:14.285+0000] {dagbag.py:538} INFO - Filling up the DagBag from /home/airflow/.local/lib/python3.7/site-packages/airflow/example_dags/tutorial_taskflow_api_virtualenv.py
[2023-02-18T07:54:14.956+0000] {processor.py:753} INFO - DAG(s) dict_keys(['tutorial_taskflow_api_virtualenv']) retrieved from /home/airflow/.local/lib/python3.7/site-packages/airflow/example_dags/tutorial_taskflow_api_virtualenv.py
[2023-02-18T07:54:15.844+0000] {logging_mixin.py:137} INFO - [2023-02-18T07:54:15.844+0000] {dag.py:2690} INFO - Sync 1 DAGs
[2023-02-18T07:54:16.981+0000] {logging_mixin.py:137} INFO - [2023-02-18T07:54:16.980+0000] {dag.py:3441} INFO - Setting next_dagrun for tutorial_taskflow_api_virtualenv to None, run_after=None
[2023-02-18T07:54:17.677+0000] {processor.py:175} INFO - Processing /home/airflow/.local/lib/python3.7/site-packages/airflow/example_dags/tutorial_taskflow_api_virtualenv.py took 3.664 seconds
[2023-02-18T07:55:05.110+0000] {processor.py:153} INFO - Started process (PID=457) to work on /home/airflow/.local/lib/python3.7/site-packages/airflow/example_dags/tutorial_taskflow_api_virtualenv.py
[2023-02-18T07:55:05.141+0000] {processor.py:743} INFO - Processing file /home/airflow/.local/lib/python3.7/site-packages/airflow/example_dags/tutorial_taskflow_api_virtualenv.py for tasks to queue
[2023-02-18T07:55:05.143+0000] {logging_mixin.py:137} INFO - [2023-02-18T07:55:05.143+0000] {dagbag.py:538} INFO - Filling up the DagBag from /home/airflow/.local/lib/python3.7/site-packages/airflow/example_dags/tutorial_taskflow_api_virtualenv.py
[2023-02-18T07:55:05.609+0000] {processor.py:753} INFO - DAG(s) dict_keys(['tutorial_taskflow_api_virtualenv']) retrieved from /home/airflow/.local/lib/python3.7/site-packages/airflow/example_dags/tutorial_taskflow_api_virtualenv.py
[2023-02-18T07:55:06.500+0000] {logging_mixin.py:137} INFO - [2023-02-18T07:55:06.499+0000] {dag.py:2690} INFO - Sync 1 DAGs
[2023-02-18T07:55:07.040+0000] {logging_mixin.py:137} INFO - [2023-02-18T07:55:07.039+0000] {dag.py:3441} INFO - Setting next_dagrun for tutorial_taskflow_api_virtualenv to None, run_after=None
[2023-02-18T07:55:08.148+0000] {processor.py:175} INFO - Processing /home/airflow/.local/lib/python3.7/site-packages/airflow/example_dags/tutorial_taskflow_api_virtualenv.py took 3.171 seconds
[2023-02-18T07:56:09.423+0000] {processor.py:153} INFO - Started process (PID=507) to work on /home/airflow/.local/lib/python3.7/site-packages/airflow/example_dags/tutorial_taskflow_api_virtualenv.py
[2023-02-18T07:56:09.458+0000] {processor.py:743} INFO - Processing file /home/airflow/.local/lib/python3.7/site-packages/airflow/example_dags/tutorial_taskflow_api_virtualenv.py for tasks to queue
[2023-02-18T07:56:09.474+0000] {logging_mixin.py:137} INFO - [2023-02-18T07:56:09.473+0000] {dagbag.py:538} INFO - Filling up the DagBag from /home/airflow/.local/lib/python3.7/site-packages/airflow/example_dags/tutorial_taskflow_api_virtualenv.py
[2023-02-18T07:56:11.014+0000] {processor.py:753} INFO - DAG(s) dict_keys(['tutorial_taskflow_api_virtualenv']) retrieved from /home/airflow/.local/lib/python3.7/site-packages/airflow/example_dags/tutorial_taskflow_api_virtualenv.py
[2023-02-18T07:56:12.629+0000] {logging_mixin.py:137} INFO - [2023-02-18T07:56:12.628+0000] {dag.py:2690} INFO - Sync 1 DAGs
[2023-02-18T07:56:14.726+0000] {logging_mixin.py:137} INFO - [2023-02-18T07:56:14.725+0000] {dag.py:3441} INFO - Setting next_dagrun for tutorial_taskflow_api_virtualenv to None, run_after=None
[2023-02-18T07:56:17.120+0000] {processor.py:175} INFO - Processing /home/airflow/.local/lib/python3.7/site-packages/airflow/example_dags/tutorial_taskflow_api_virtualenv.py took 8.184 seconds
[2023-02-18T07:58:24.532+0000] {processor.py:153} INFO - Started process (PID=593) to work on /home/airflow/.local/lib/python3.7/site-packages/airflow/example_dags/tutorial_taskflow_api_virtualenv.py
[2023-02-18T07:58:24.718+0000] {processor.py:743} INFO - Processing file /home/airflow/.local/lib/python3.7/site-packages/airflow/example_dags/tutorial_taskflow_api_virtualenv.py for tasks to queue
[2023-02-18T07:58:24.773+0000] {logging_mixin.py:137} INFO - [2023-02-18T07:58:24.720+0000] {dagbag.py:538} INFO - Filling up the DagBag from /home/airflow/.local/lib/python3.7/site-packages/airflow/example_dags/tutorial_taskflow_api_virtualenv.py
[2023-02-18T07:58:26.962+0000] {processor.py:753} INFO - DAG(s) dict_keys(['tutorial_taskflow_api_virtualenv']) retrieved from /home/airflow/.local/lib/python3.7/site-packages/airflow/example_dags/tutorial_taskflow_api_virtualenv.py
[2023-02-18T07:58:29.537+0000] {logging_mixin.py:137} INFO - [2023-02-18T07:58:29.537+0000] {dag.py:2690} INFO - Sync 1 DAGs
[2023-02-18T07:58:33.759+0000] {logging_mixin.py:137} INFO - [2023-02-18T07:58:33.759+0000] {dag.py:3441} INFO - Setting next_dagrun for tutorial_taskflow_api_virtualenv to None, run_after=None
[2023-02-18T07:58:35.412+0000] {processor.py:175} INFO - Processing /home/airflow/.local/lib/python3.7/site-packages/airflow/example_dags/tutorial_taskflow_api_virtualenv.py took 12.124 seconds
[2023-02-18T08:01:18.699+0000] {processor.py:153} INFO - Started process (PID=699) to work on /home/airflow/.local/lib/python3.7/site-packages/airflow/example_dags/tutorial_taskflow_api_virtualenv.py
[2023-02-18T08:01:18.833+0000] {processor.py:743} INFO - Processing file /home/airflow/.local/lib/python3.7/site-packages/airflow/example_dags/tutorial_taskflow_api_virtualenv.py for tasks to queue
[2023-02-18T08:01:18.836+0000] {logging_mixin.py:137} INFO - [2023-02-18T08:01:18.836+0000] {dagbag.py:538} INFO - Filling up the DagBag from /home/airflow/.local/lib/python3.7/site-packages/airflow/example_dags/tutorial_taskflow_api_virtualenv.py
[2023-02-18T08:01:20.743+0000] {processor.py:753} INFO - DAG(s) dict_keys(['tutorial_taskflow_api_virtualenv']) retrieved from /home/airflow/.local/lib/python3.7/site-packages/airflow/example_dags/tutorial_taskflow_api_virtualenv.py
[2023-02-18T08:01:23.944+0000] {logging_mixin.py:137} INFO - [2023-02-18T08:01:23.944+0000] {dag.py:2690} INFO - Sync 1 DAGs
[2023-02-18T08:01:27.451+0000] {logging_mixin.py:137} INFO - [2023-02-18T08:01:27.450+0000] {dag.py:3441} INFO - Setting next_dagrun for tutorial_taskflow_api_virtualenv to None, run_after=None
[2023-02-18T08:01:29.387+0000] {processor.py:175} INFO - Processing /home/airflow/.local/lib/python3.7/site-packages/airflow/example_dags/tutorial_taskflow_api_virtualenv.py took 10.763 seconds
[2023-02-18T08:04:43.384+0000] {processor.py:153} INFO - Started process (PID=825) to work on /home/airflow/.local/lib/python3.7/site-packages/airflow/example_dags/tutorial_taskflow_api_virtualenv.py
[2023-02-18T08:04:43.401+0000] {processor.py:743} INFO - Processing file /home/airflow/.local/lib/python3.7/site-packages/airflow/example_dags/tutorial_taskflow_api_virtualenv.py for tasks to queue
[2023-02-18T08:04:43.630+0000] {logging_mixin.py:137} INFO - [2023-02-18T08:04:43.629+0000] {dagbag.py:538} INFO - Filling up the DagBag from /home/airflow/.local/lib/python3.7/site-packages/airflow/example_dags/tutorial_taskflow_api_virtualenv.py
[2023-02-18T08:04:46.751+0000] {processor.py:753} INFO - DAG(s) dict_keys(['tutorial_taskflow_api_virtualenv']) retrieved from /home/airflow/.local/lib/python3.7/site-packages/airflow/example_dags/tutorial_taskflow_api_virtualenv.py
[2023-02-18T08:04:51.639+0000] {logging_mixin.py:137} INFO - [2023-02-18T08:04:51.638+0000] {dag.py:2690} INFO - Sync 1 DAGs
[2023-02-18T08:04:55.811+0000] {logging_mixin.py:137} INFO - [2023-02-18T08:04:55.810+0000] {dag.py:3441} INFO - Setting next_dagrun for tutorial_taskflow_api_virtualenv to None, run_after=None
[2023-02-18T08:04:57.872+0000] {processor.py:175} INFO - Processing /home/airflow/.local/lib/python3.7/site-packages/airflow/example_dags/tutorial_taskflow_api_virtualenv.py took 14.786 seconds
[2023-02-18T08:09:22.676+0000] {processor.py:153} INFO - Started process (PID=982) to work on /home/airflow/.local/lib/python3.7/site-packages/airflow/example_dags/tutorial_taskflow_api_virtualenv.py
[2023-02-18T08:09:22.723+0000] {processor.py:743} INFO - Processing file /home/airflow/.local/lib/python3.7/site-packages/airflow/example_dags/tutorial_taskflow_api_virtualenv.py for tasks to queue
[2023-02-18T08:09:22.726+0000] {logging_mixin.py:137} INFO - [2023-02-18T08:09:22.725+0000] {dagbag.py:538} INFO - Filling up the DagBag from /home/airflow/.local/lib/python3.7/site-packages/airflow/example_dags/tutorial_taskflow_api_virtualenv.py
[2023-02-18T08:09:24.433+0000] {processor.py:753} INFO - DAG(s) dict_keys(['tutorial_taskflow_api_virtualenv']) retrieved from /home/airflow/.local/lib/python3.7/site-packages/airflow/example_dags/tutorial_taskflow_api_virtualenv.py
[2023-02-18T08:09:26.310+0000] {logging_mixin.py:137} INFO - [2023-02-18T08:09:26.309+0000] {dag.py:2690} INFO - Sync 1 DAGs
[2023-02-18T08:09:29.094+0000] {logging_mixin.py:137} INFO - [2023-02-18T08:09:29.094+0000] {dag.py:3441} INFO - Setting next_dagrun for tutorial_taskflow_api_virtualenv to None, run_after=None
[2023-02-18T08:09:31.886+0000] {processor.py:175} INFO - Processing /home/airflow/.local/lib/python3.7/site-packages/airflow/example_dags/tutorial_taskflow_api_virtualenv.py took 9.649 seconds
[2023-02-18T08:12:52.397+0000] {processor.py:153} INFO - Started process (PID=1104) to work on /home/airflow/.local/lib/python3.7/site-packages/airflow/example_dags/tutorial_taskflow_api_virtualenv.py
[2023-02-18T08:12:52.515+0000] {processor.py:743} INFO - Processing file /home/airflow/.local/lib/python3.7/site-packages/airflow/example_dags/tutorial_taskflow_api_virtualenv.py for tasks to queue
[2023-02-18T08:12:52.518+0000] {logging_mixin.py:137} INFO - [2023-02-18T08:12:52.517+0000] {dagbag.py:538} INFO - Filling up the DagBag from /home/airflow/.local/lib/python3.7/site-packages/airflow/example_dags/tutorial_taskflow_api_virtualenv.py
[2023-02-18T08:12:56.240+0000] {processor.py:753} INFO - DAG(s) dict_keys(['tutorial_taskflow_api_virtualenv']) retrieved from /home/airflow/.local/lib/python3.7/site-packages/airflow/example_dags/tutorial_taskflow_api_virtualenv.py
[2023-02-18T08:12:59.876+0000] {logging_mixin.py:137} INFO - [2023-02-18T08:12:59.876+0000] {dag.py:2690} INFO - Sync 1 DAGs
[2023-02-18T08:13:03.108+0000] {logging_mixin.py:137} INFO - [2023-02-18T08:13:03.108+0000] {dag.py:3441} INFO - Setting next_dagrun for tutorial_taskflow_api_virtualenv to None, run_after=None
[2023-02-18T08:13:04.561+0000] {processor.py:175} INFO - Processing /home/airflow/.local/lib/python3.7/site-packages/airflow/example_dags/tutorial_taskflow_api_virtualenv.py took 12.477 seconds
[2023-02-18T08:16:17.800+0000] {processor.py:153} INFO - Started process (PID=1228) to work on /home/airflow/.local/lib/python3.7/site-packages/airflow/example_dags/tutorial_taskflow_api_virtualenv.py
[2023-02-18T08:16:17.858+0000] {processor.py:743} INFO - Processing file /home/airflow/.local/lib/python3.7/site-packages/airflow/example_dags/tutorial_taskflow_api_virtualenv.py for tasks to queue
[2023-02-18T08:16:17.861+0000] {logging_mixin.py:137} INFO - [2023-02-18T08:16:17.860+0000] {dagbag.py:538} INFO - Filling up the DagBag from /home/airflow/.local/lib/python3.7/site-packages/airflow/example_dags/tutorial_taskflow_api_virtualenv.py
[2023-02-18T08:16:18.374+0000] {processor.py:753} INFO - DAG(s) dict_keys(['tutorial_taskflow_api_virtualenv']) retrieved from /home/airflow/.local/lib/python3.7/site-packages/airflow/example_dags/tutorial_taskflow_api_virtualenv.py
[2023-02-18T08:16:19.938+0000] {logging_mixin.py:137} INFO - [2023-02-18T08:16:19.938+0000] {dag.py:2690} INFO - Sync 1 DAGs
[2023-02-18T08:16:23.416+0000] {logging_mixin.py:137} INFO - [2023-02-18T08:16:23.381+0000] {dag.py:3441} INFO - Setting next_dagrun for tutorial_taskflow_api_virtualenv to None, run_after=None
[2023-02-18T08:16:24.933+0000] {processor.py:175} INFO - Processing /home/airflow/.local/lib/python3.7/site-packages/airflow/example_dags/tutorial_taskflow_api_virtualenv.py took 7.283 seconds
[2023-02-18T08:19:29.320+0000] {processor.py:153} INFO - Started process (PID=1351) to work on /home/airflow/.local/lib/python3.7/site-packages/airflow/example_dags/tutorial_taskflow_api_virtualenv.py
[2023-02-18T08:19:29.549+0000] {processor.py:743} INFO - Processing file /home/airflow/.local/lib/python3.7/site-packages/airflow/example_dags/tutorial_taskflow_api_virtualenv.py for tasks to queue
[2023-02-18T08:19:29.551+0000] {logging_mixin.py:137} INFO - [2023-02-18T08:19:29.550+0000] {dagbag.py:538} INFO - Filling up the DagBag from /home/airflow/.local/lib/python3.7/site-packages/airflow/example_dags/tutorial_taskflow_api_virtualenv.py
[2023-02-18T08:19:31.920+0000] {processor.py:753} INFO - DAG(s) dict_keys(['tutorial_taskflow_api_virtualenv']) retrieved from /home/airflow/.local/lib/python3.7/site-packages/airflow/example_dags/tutorial_taskflow_api_virtualenv.py
[2023-02-18T08:19:34.189+0000] {logging_mixin.py:137} INFO - [2023-02-18T08:19:34.181+0000] {dag.py:2690} INFO - Sync 1 DAGs
[2023-02-18T08:19:35.794+0000] {logging_mixin.py:137} INFO - [2023-02-18T08:19:35.792+0000] {dag.py:3441} INFO - Setting next_dagrun for tutorial_taskflow_api_virtualenv to None, run_after=None
[2023-02-18T08:19:37.684+0000] {processor.py:175} INFO - Processing /home/airflow/.local/lib/python3.7/site-packages/airflow/example_dags/tutorial_taskflow_api_virtualenv.py took 8.822 seconds
[2023-02-18T08:22:22.963+0000] {processor.py:153} INFO - Started process (PID=1457) to work on /home/airflow/.local/lib/python3.7/site-packages/airflow/example_dags/tutorial_taskflow_api_virtualenv.py
[2023-02-18T08:22:23.041+0000] {processor.py:743} INFO - Processing file /home/airflow/.local/lib/python3.7/site-packages/airflow/example_dags/tutorial_taskflow_api_virtualenv.py for tasks to queue
[2023-02-18T08:22:23.057+0000] {logging_mixin.py:137} INFO - [2023-02-18T08:22:23.056+0000] {dagbag.py:538} INFO - Filling up the DagBag from /home/airflow/.local/lib/python3.7/site-packages/airflow/example_dags/tutorial_taskflow_api_virtualenv.py
[2023-02-18T08:22:25.102+0000] {processor.py:753} INFO - DAG(s) dict_keys(['tutorial_taskflow_api_virtualenv']) retrieved from /home/airflow/.local/lib/python3.7/site-packages/airflow/example_dags/tutorial_taskflow_api_virtualenv.py
[2023-02-18T08:22:27.524+0000] {logging_mixin.py:137} INFO - [2023-02-18T08:22:27.524+0000] {dag.py:2690} INFO - Sync 1 DAGs
[2023-02-18T08:22:30.411+0000] {logging_mixin.py:137} INFO - [2023-02-18T08:22:30.410+0000] {dag.py:3441} INFO - Setting next_dagrun for tutorial_taskflow_api_virtualenv to None, run_after=None
[2023-02-18T08:22:32.622+0000] {processor.py:175} INFO - Processing /home/airflow/.local/lib/python3.7/site-packages/airflow/example_dags/tutorial_taskflow_api_virtualenv.py took 10.080 seconds
[2023-02-18T08:25:35.545+0000] {processor.py:153} INFO - Started process (PID=1582) to work on /home/airflow/.local/lib/python3.7/site-packages/airflow/example_dags/tutorial_taskflow_api_virtualenv.py
[2023-02-18T08:25:35.640+0000] {processor.py:743} INFO - Processing file /home/airflow/.local/lib/python3.7/site-packages/airflow/example_dags/tutorial_taskflow_api_virtualenv.py for tasks to queue
[2023-02-18T08:25:35.643+0000] {logging_mixin.py:137} INFO - [2023-02-18T08:25:35.642+0000] {dagbag.py:538} INFO - Filling up the DagBag from /home/airflow/.local/lib/python3.7/site-packages/airflow/example_dags/tutorial_taskflow_api_virtualenv.py
[2023-02-18T08:25:39.178+0000] {processor.py:753} INFO - DAG(s) dict_keys(['tutorial_taskflow_api_virtualenv']) retrieved from /home/airflow/.local/lib/python3.7/site-packages/airflow/example_dags/tutorial_taskflow_api_virtualenv.py
[2023-02-18T08:25:41.574+0000] {logging_mixin.py:137} INFO - [2023-02-18T08:25:41.573+0000] {dag.py:2690} INFO - Sync 1 DAGs
[2023-02-18T08:25:46.018+0000] {logging_mixin.py:137} INFO - [2023-02-18T08:25:46.018+0000] {dag.py:3441} INFO - Setting next_dagrun for tutorial_taskflow_api_virtualenv to None, run_after=None
[2023-02-18T08:25:47.857+0000] {processor.py:175} INFO - Processing /home/airflow/.local/lib/python3.7/site-packages/airflow/example_dags/tutorial_taskflow_api_virtualenv.py took 12.920 seconds
[2023-02-18T08:31:21.123+0000] {processor.py:153} INFO - Started process (PID=1761) to work on /home/airflow/.local/lib/python3.7/site-packages/airflow/example_dags/tutorial_taskflow_api_virtualenv.py
[2023-02-18T08:31:21.242+0000] {processor.py:743} INFO - Processing file /home/airflow/.local/lib/python3.7/site-packages/airflow/example_dags/tutorial_taskflow_api_virtualenv.py for tasks to queue
[2023-02-18T08:31:21.245+0000] {logging_mixin.py:137} INFO - [2023-02-18T08:31:21.244+0000] {dagbag.py:538} INFO - Filling up the DagBag from /home/airflow/.local/lib/python3.7/site-packages/airflow/example_dags/tutorial_taskflow_api_virtualenv.py
[2023-02-18T08:31:28.975+0000] {processor.py:753} INFO - DAG(s) dict_keys(['tutorial_taskflow_api_virtualenv']) retrieved from /home/airflow/.local/lib/python3.7/site-packages/airflow/example_dags/tutorial_taskflow_api_virtualenv.py
[2023-02-18T08:31:34.646+0000] {logging_mixin.py:137} INFO - [2023-02-18T08:31:34.645+0000] {dag.py:2690} INFO - Sync 1 DAGs
[2023-02-18T08:31:42.847+0000] {logging_mixin.py:137} INFO - [2023-02-18T08:31:42.846+0000] {dag.py:3441} INFO - Setting next_dagrun for tutorial_taskflow_api_virtualenv to None, run_after=None
[2023-02-18T08:31:47.582+0000] {processor.py:175} INFO - Processing /home/airflow/.local/lib/python3.7/site-packages/airflow/example_dags/tutorial_taskflow_api_virtualenv.py took 27.337 seconds
[2023-02-18T08:40:41.809+0000] {processor.py:153} INFO - Started process (PID=2041) to work on /home/airflow/.local/lib/python3.7/site-packages/airflow/example_dags/tutorial_taskflow_api_virtualenv.py
[2023-02-18T08:40:41.842+0000] {processor.py:743} INFO - Processing file /home/airflow/.local/lib/python3.7/site-packages/airflow/example_dags/tutorial_taskflow_api_virtualenv.py for tasks to queue
[2023-02-18T08:40:41.845+0000] {logging_mixin.py:137} INFO - [2023-02-18T08:40:41.845+0000] {dagbag.py:538} INFO - Filling up the DagBag from /home/airflow/.local/lib/python3.7/site-packages/airflow/example_dags/tutorial_taskflow_api_virtualenv.py
[2023-02-18T08:40:56.736+0000] {processor.py:753} INFO - DAG(s) dict_keys(['tutorial_taskflow_api_virtualenv']) retrieved from /home/airflow/.local/lib/python3.7/site-packages/airflow/example_dags/tutorial_taskflow_api_virtualenv.py
[2023-02-18T08:41:07.170+0000] {logging_mixin.py:137} INFO - [2023-02-18T08:41:06.896+0000] {dag.py:2690} INFO - Sync 1 DAGs
[2023-02-18T08:41:22.211+0000] {logging_mixin.py:137} INFO - [2023-02-18T08:41:22.160+0000] {dag.py:3441} INFO - Setting next_dagrun for tutorial_taskflow_api_virtualenv to None, run_after=None
[2023-02-18T09:51:42.556+0000] {processor.py:153} INFO - Started process (PID=157) to work on /home/airflow/.local/lib/python3.7/site-packages/airflow/example_dags/tutorial_taskflow_api_virtualenv.py
[2023-02-18T09:51:42.587+0000] {processor.py:743} INFO - Processing file /home/airflow/.local/lib/python3.7/site-packages/airflow/example_dags/tutorial_taskflow_api_virtualenv.py for tasks to queue
[2023-02-18T09:51:42.590+0000] {logging_mixin.py:137} INFO - [2023-02-18T09:51:42.589+0000] {dagbag.py:538} INFO - Filling up the DagBag from /home/airflow/.local/lib/python3.7/site-packages/airflow/example_dags/tutorial_taskflow_api_virtualenv.py
[2023-02-18T09:51:43.833+0000] {processor.py:753} INFO - DAG(s) dict_keys(['tutorial_taskflow_api_virtualenv']) retrieved from /home/airflow/.local/lib/python3.7/site-packages/airflow/example_dags/tutorial_taskflow_api_virtualenv.py
[2023-02-18T09:51:45.041+0000] {logging_mixin.py:137} INFO - [2023-02-18T09:51:45.041+0000] {dag.py:2690} INFO - Sync 1 DAGs
[2023-02-18T09:51:47.265+0000] {logging_mixin.py:137} INFO - [2023-02-18T09:51:47.265+0000] {dag.py:3441} INFO - Setting next_dagrun for tutorial_taskflow_api_virtualenv to None, run_after=None
[2023-02-18T09:51:48.207+0000] {processor.py:175} INFO - Processing /home/airflow/.local/lib/python3.7/site-packages/airflow/example_dags/tutorial_taskflow_api_virtualenv.py took 5.909 seconds
[2023-02-18T09:53:30.206+0000] {processor.py:153} INFO - Started process (PID=245) to work on /home/airflow/.local/lib/python3.7/site-packages/airflow/example_dags/tutorial_taskflow_api_virtualenv.py
[2023-02-18T09:53:30.242+0000] {processor.py:743} INFO - Processing file /home/airflow/.local/lib/python3.7/site-packages/airflow/example_dags/tutorial_taskflow_api_virtualenv.py for tasks to queue
[2023-02-18T09:53:30.258+0000] {logging_mixin.py:137} INFO - [2023-02-18T09:53:30.258+0000] {dagbag.py:538} INFO - Filling up the DagBag from /home/airflow/.local/lib/python3.7/site-packages/airflow/example_dags/tutorial_taskflow_api_virtualenv.py
[2023-02-18T09:53:31.110+0000] {processor.py:753} INFO - DAG(s) dict_keys(['tutorial_taskflow_api_virtualenv']) retrieved from /home/airflow/.local/lib/python3.7/site-packages/airflow/example_dags/tutorial_taskflow_api_virtualenv.py
[2023-02-18T09:53:31.631+0000] {logging_mixin.py:137} INFO - [2023-02-18T09:53:31.629+0000] {dag.py:2690} INFO - Sync 1 DAGs
[2023-02-18T09:53:32.524+0000] {logging_mixin.py:137} INFO - [2023-02-18T09:53:32.524+0000] {dag.py:3441} INFO - Setting next_dagrun for tutorial_taskflow_api_virtualenv to None, run_after=None
[2023-02-18T09:53:33.353+0000] {processor.py:175} INFO - Processing /home/airflow/.local/lib/python3.7/site-packages/airflow/example_dags/tutorial_taskflow_api_virtualenv.py took 3.284 seconds
[2023-02-18T09:54:51.024+0000] {processor.py:153} INFO - Started process (PID=324) to work on /home/airflow/.local/lib/python3.7/site-packages/airflow/example_dags/tutorial_taskflow_api_virtualenv.py
[2023-02-18T09:54:51.121+0000] {processor.py:743} INFO - Processing file /home/airflow/.local/lib/python3.7/site-packages/airflow/example_dags/tutorial_taskflow_api_virtualenv.py for tasks to queue
[2023-02-18T09:54:51.135+0000] {logging_mixin.py:137} INFO - [2023-02-18T09:54:51.134+0000] {dagbag.py:538} INFO - Filling up the DagBag from /home/airflow/.local/lib/python3.7/site-packages/airflow/example_dags/tutorial_taskflow_api_virtualenv.py
[2023-02-18T09:54:52.199+0000] {processor.py:753} INFO - DAG(s) dict_keys(['tutorial_taskflow_api_virtualenv']) retrieved from /home/airflow/.local/lib/python3.7/site-packages/airflow/example_dags/tutorial_taskflow_api_virtualenv.py
[2023-02-18T09:54:53.206+0000] {logging_mixin.py:137} INFO - [2023-02-18T09:54:53.206+0000] {dag.py:2690} INFO - Sync 1 DAGs
[2023-02-18T09:54:54.462+0000] {logging_mixin.py:137} INFO - [2023-02-18T09:54:54.461+0000] {dag.py:3441} INFO - Setting next_dagrun for tutorial_taskflow_api_virtualenv to None, run_after=None
[2023-02-18T09:54:55.455+0000] {processor.py:175} INFO - Processing /home/airflow/.local/lib/python3.7/site-packages/airflow/example_dags/tutorial_taskflow_api_virtualenv.py took 4.587 seconds
[2023-02-18T09:56:05.030+0000] {processor.py:153} INFO - Started process (PID=380) to work on /home/airflow/.local/lib/python3.7/site-packages/airflow/example_dags/tutorial_taskflow_api_virtualenv.py
[2023-02-18T09:56:05.225+0000] {processor.py:743} INFO - Processing file /home/airflow/.local/lib/python3.7/site-packages/airflow/example_dags/tutorial_taskflow_api_virtualenv.py for tasks to queue
[2023-02-18T09:56:05.227+0000] {logging_mixin.py:137} INFO - [2023-02-18T09:56:05.226+0000] {dagbag.py:538} INFO - Filling up the DagBag from /home/airflow/.local/lib/python3.7/site-packages/airflow/example_dags/tutorial_taskflow_api_virtualenv.py
[2023-02-18T09:56:06.494+0000] {processor.py:753} INFO - DAG(s) dict_keys(['tutorial_taskflow_api_virtualenv']) retrieved from /home/airflow/.local/lib/python3.7/site-packages/airflow/example_dags/tutorial_taskflow_api_virtualenv.py
[2023-02-18T09:56:09.350+0000] {logging_mixin.py:137} INFO - [2023-02-18T09:56:09.349+0000] {dag.py:2690} INFO - Sync 1 DAGs
[2023-02-18T09:56:11.635+0000] {logging_mixin.py:137} INFO - [2023-02-18T09:56:11.634+0000] {dag.py:3441} INFO - Setting next_dagrun for tutorial_taskflow_api_virtualenv to None, run_after=None
[2023-02-18T09:56:13.936+0000] {processor.py:175} INFO - Processing /home/airflow/.local/lib/python3.7/site-packages/airflow/example_dags/tutorial_taskflow_api_virtualenv.py took 9.505 seconds
[2023-02-18T09:58:44.873+0000] {processor.py:153} INFO - Started process (PID=476) to work on /home/airflow/.local/lib/python3.7/site-packages/airflow/example_dags/tutorial_taskflow_api_virtualenv.py
[2023-02-18T09:58:45.000+0000] {processor.py:743} INFO - Processing file /home/airflow/.local/lib/python3.7/site-packages/airflow/example_dags/tutorial_taskflow_api_virtualenv.py for tasks to queue
[2023-02-18T09:58:45.004+0000] {logging_mixin.py:137} INFO - [2023-02-18T09:58:45.003+0000] {dagbag.py:538} INFO - Filling up the DagBag from /home/airflow/.local/lib/python3.7/site-packages/airflow/example_dags/tutorial_taskflow_api_virtualenv.py
[2023-02-18T09:58:47.434+0000] {processor.py:753} INFO - DAG(s) dict_keys(['tutorial_taskflow_api_virtualenv']) retrieved from /home/airflow/.local/lib/python3.7/site-packages/airflow/example_dags/tutorial_taskflow_api_virtualenv.py
[2023-02-18T09:58:49.078+0000] {logging_mixin.py:137} INFO - [2023-02-18T09:58:49.078+0000] {dag.py:2690} INFO - Sync 1 DAGs
[2023-02-18T09:58:52.221+0000] {logging_mixin.py:137} INFO - [2023-02-18T09:58:52.031+0000] {dag.py:3441} INFO - Setting next_dagrun for tutorial_taskflow_api_virtualenv to None, run_after=None
[2023-02-18T09:58:53.042+0000] {processor.py:175} INFO - Processing /home/airflow/.local/lib/python3.7/site-packages/airflow/example_dags/tutorial_taskflow_api_virtualenv.py took 8.812 seconds
[2023-02-18T10:00:50.251+0000] {processor.py:153} INFO - Started process (PID=563) to work on /home/airflow/.local/lib/python3.7/site-packages/airflow/example_dags/tutorial_taskflow_api_virtualenv.py
[2023-02-18T10:00:50.280+0000] {processor.py:743} INFO - Processing file /home/airflow/.local/lib/python3.7/site-packages/airflow/example_dags/tutorial_taskflow_api_virtualenv.py for tasks to queue
[2023-02-18T10:00:50.444+0000] {logging_mixin.py:137} INFO - [2023-02-18T10:00:50.443+0000] {dagbag.py:538} INFO - Filling up the DagBag from /home/airflow/.local/lib/python3.7/site-packages/airflow/example_dags/tutorial_taskflow_api_virtualenv.py
[2023-02-18T10:00:51.339+0000] {processor.py:753} INFO - DAG(s) dict_keys(['tutorial_taskflow_api_virtualenv']) retrieved from /home/airflow/.local/lib/python3.7/site-packages/airflow/example_dags/tutorial_taskflow_api_virtualenv.py
[2023-02-18T10:00:52.541+0000] {logging_mixin.py:137} INFO - [2023-02-18T10:00:52.540+0000] {dag.py:2690} INFO - Sync 1 DAGs
[2023-02-18T10:00:53.328+0000] {logging_mixin.py:137} INFO - [2023-02-18T10:00:53.328+0000] {dag.py:3441} INFO - Setting next_dagrun for tutorial_taskflow_api_virtualenv to None, run_after=None
[2023-02-18T10:00:54.517+0000] {processor.py:175} INFO - Processing /home/airflow/.local/lib/python3.7/site-packages/airflow/example_dags/tutorial_taskflow_api_virtualenv.py took 4.403 seconds
[2023-02-18T10:02:23.161+0000] {processor.py:153} INFO - Started process (PID=634) to work on /home/airflow/.local/lib/python3.7/site-packages/airflow/example_dags/tutorial_taskflow_api_virtualenv.py
[2023-02-18T10:02:23.256+0000] {processor.py:743} INFO - Processing file /home/airflow/.local/lib/python3.7/site-packages/airflow/example_dags/tutorial_taskflow_api_virtualenv.py for tasks to queue
[2023-02-18T10:02:23.258+0000] {logging_mixin.py:137} INFO - [2023-02-18T10:02:23.258+0000] {dagbag.py:538} INFO - Filling up the DagBag from /home/airflow/.local/lib/python3.7/site-packages/airflow/example_dags/tutorial_taskflow_api_virtualenv.py
[2023-02-18T10:02:24.633+0000] {processor.py:753} INFO - DAG(s) dict_keys(['tutorial_taskflow_api_virtualenv']) retrieved from /home/airflow/.local/lib/python3.7/site-packages/airflow/example_dags/tutorial_taskflow_api_virtualenv.py
[2023-02-18T10:02:25.992+0000] {logging_mixin.py:137} INFO - [2023-02-18T10:02:25.991+0000] {dag.py:2690} INFO - Sync 1 DAGs
[2023-02-18T10:02:27.140+0000] {logging_mixin.py:137} INFO - [2023-02-18T10:02:27.139+0000] {dag.py:3441} INFO - Setting next_dagrun for tutorial_taskflow_api_virtualenv to None, run_after=None
[2023-02-18T10:02:27.510+0000] {processor.py:175} INFO - Processing /home/airflow/.local/lib/python3.7/site-packages/airflow/example_dags/tutorial_taskflow_api_virtualenv.py took 4.841 seconds
[2023-02-18T10:04:31.787+0000] {processor.py:153} INFO - Started process (PID=718) to work on /home/airflow/.local/lib/python3.7/site-packages/airflow/example_dags/tutorial_taskflow_api_virtualenv.py
[2023-02-18T10:04:31.897+0000] {processor.py:743} INFO - Processing file /home/airflow/.local/lib/python3.7/site-packages/airflow/example_dags/tutorial_taskflow_api_virtualenv.py for tasks to queue
[2023-02-18T10:04:31.932+0000] {logging_mixin.py:137} INFO - [2023-02-18T10:04:31.932+0000] {dagbag.py:538} INFO - Filling up the DagBag from /home/airflow/.local/lib/python3.7/site-packages/airflow/example_dags/tutorial_taskflow_api_virtualenv.py
[2023-02-18T10:04:34.104+0000] {processor.py:753} INFO - DAG(s) dict_keys(['tutorial_taskflow_api_virtualenv']) retrieved from /home/airflow/.local/lib/python3.7/site-packages/airflow/example_dags/tutorial_taskflow_api_virtualenv.py
[2023-02-18T10:04:37.100+0000] {logging_mixin.py:137} INFO - [2023-02-18T10:04:37.099+0000] {dag.py:2690} INFO - Sync 1 DAGs
[2023-02-18T10:04:39.581+0000] {logging_mixin.py:137} INFO - [2023-02-18T10:04:39.530+0000] {dag.py:3441} INFO - Setting next_dagrun for tutorial_taskflow_api_virtualenv to None, run_after=None
[2023-02-18T10:04:41.443+0000] {processor.py:175} INFO - Processing /home/airflow/.local/lib/python3.7/site-packages/airflow/example_dags/tutorial_taskflow_api_virtualenv.py took 9.817 seconds
[2023-02-18T10:07:34.423+0000] {processor.py:153} INFO - Started process (PID=830) to work on /home/airflow/.local/lib/python3.7/site-packages/airflow/example_dags/tutorial_taskflow_api_virtualenv.py
[2023-02-18T10:07:34.570+0000] {processor.py:743} INFO - Processing file /home/airflow/.local/lib/python3.7/site-packages/airflow/example_dags/tutorial_taskflow_api_virtualenv.py for tasks to queue
[2023-02-18T10:07:34.572+0000] {logging_mixin.py:137} INFO - [2023-02-18T10:07:34.572+0000] {dagbag.py:538} INFO - Filling up the DagBag from /home/airflow/.local/lib/python3.7/site-packages/airflow/example_dags/tutorial_taskflow_api_virtualenv.py
[2023-02-18T10:07:37.932+0000] {processor.py:753} INFO - DAG(s) dict_keys(['tutorial_taskflow_api_virtualenv']) retrieved from /home/airflow/.local/lib/python3.7/site-packages/airflow/example_dags/tutorial_taskflow_api_virtualenv.py
[2023-02-18T10:07:39.082+0000] {logging_mixin.py:137} INFO - [2023-02-18T10:07:39.081+0000] {dag.py:2690} INFO - Sync 1 DAGs
[2023-02-18T10:07:43.031+0000] {logging_mixin.py:137} INFO - [2023-02-18T10:07:43.031+0000] {dag.py:3441} INFO - Setting next_dagrun for tutorial_taskflow_api_virtualenv to None, run_after=None
[2023-02-18T10:07:45.418+0000] {processor.py:175} INFO - Processing /home/airflow/.local/lib/python3.7/site-packages/airflow/example_dags/tutorial_taskflow_api_virtualenv.py took 11.523 seconds
