[2023-02-18T07:49:10.344+0000] {processor.py:153} INFO - Started process (PID=135) to work on /home/airflow/.local/lib/python3.7/site-packages/airflow/example_dags/tutorial_taskflow_api.py
[2023-02-18T07:49:10.347+0000] {processor.py:743} INFO - Processing file /home/airflow/.local/lib/python3.7/site-packages/airflow/example_dags/tutorial_taskflow_api.py for tasks to queue
[2023-02-18T07:49:10.408+0000] {logging_mixin.py:137} INFO - [2023-02-18T07:49:10.408+0000] {dagbag.py:538} INFO - Filling up the DagBag from /home/airflow/.local/lib/python3.7/site-packages/airflow/example_dags/tutorial_taskflow_api.py
[2023-02-18T07:49:11.551+0000] {processor.py:753} INFO - DAG(s) dict_keys(['tutorial_taskflow_api']) retrieved from /home/airflow/.local/lib/python3.7/site-packages/airflow/example_dags/tutorial_taskflow_api.py
[2023-02-18T07:49:12.397+0000] {logging_mixin.py:137} INFO - [2023-02-18T07:49:12.397+0000] {dag.py:2690} INFO - Sync 1 DAGs
[2023-02-18T07:49:13.650+0000] {logging_mixin.py:137} INFO - [2023-02-18T07:49:13.638+0000] {dag.py:3441} INFO - Setting next_dagrun for tutorial_taskflow_api to None, run_after=None
[2023-02-18T07:49:14.249+0000] {processor.py:175} INFO - Processing /home/airflow/.local/lib/python3.7/site-packages/airflow/example_dags/tutorial_taskflow_api.py took 3.982 seconds
[2023-02-18T07:50:38.098+0000] {processor.py:153} INFO - Started process (PID=212) to work on /home/airflow/.local/lib/python3.7/site-packages/airflow/example_dags/tutorial_taskflow_api.py
[2023-02-18T07:50:38.130+0000] {processor.py:743} INFO - Processing file /home/airflow/.local/lib/python3.7/site-packages/airflow/example_dags/tutorial_taskflow_api.py for tasks to queue
[2023-02-18T07:50:38.132+0000] {logging_mixin.py:137} INFO - [2023-02-18T07:50:38.132+0000] {dagbag.py:538} INFO - Filling up the DagBag from /home/airflow/.local/lib/python3.7/site-packages/airflow/example_dags/tutorial_taskflow_api.py
[2023-02-18T07:50:39.125+0000] {processor.py:753} INFO - DAG(s) dict_keys(['tutorial_taskflow_api']) retrieved from /home/airflow/.local/lib/python3.7/site-packages/airflow/example_dags/tutorial_taskflow_api.py
[2023-02-18T07:50:39.673+0000] {logging_mixin.py:137} INFO - [2023-02-18T07:50:39.672+0000] {dag.py:2690} INFO - Sync 1 DAGs
[2023-02-18T07:50:40.075+0000] {logging_mixin.py:137} INFO - [2023-02-18T07:50:40.075+0000] {dag.py:3441} INFO - Setting next_dagrun for tutorial_taskflow_api to None, run_after=None
[2023-02-18T07:50:41.355+0000] {processor.py:175} INFO - Processing /home/airflow/.local/lib/python3.7/site-packages/airflow/example_dags/tutorial_taskflow_api.py took 3.466 seconds
[2023-02-18T07:52:24.984+0000] {processor.py:153} INFO - Started process (PID=306) to work on /home/airflow/.local/lib/python3.7/site-packages/airflow/example_dags/tutorial_taskflow_api.py
[2023-02-18T07:52:25.030+0000] {processor.py:743} INFO - Processing file /home/airflow/.local/lib/python3.7/site-packages/airflow/example_dags/tutorial_taskflow_api.py for tasks to queue
[2023-02-18T07:52:25.032+0000] {logging_mixin.py:137} INFO - [2023-02-18T07:52:25.031+0000] {dagbag.py:538} INFO - Filling up the DagBag from /home/airflow/.local/lib/python3.7/site-packages/airflow/example_dags/tutorial_taskflow_api.py
[2023-02-18T07:52:25.398+0000] {processor.py:753} INFO - DAG(s) dict_keys(['tutorial_taskflow_api']) retrieved from /home/airflow/.local/lib/python3.7/site-packages/airflow/example_dags/tutorial_taskflow_api.py
[2023-02-18T07:52:26.004+0000] {logging_mixin.py:137} INFO - [2023-02-18T07:52:26.004+0000] {dag.py:2690} INFO - Sync 1 DAGs
[2023-02-18T07:52:26.917+0000] {logging_mixin.py:137} INFO - [2023-02-18T07:52:26.917+0000] {dag.py:3441} INFO - Setting next_dagrun for tutorial_taskflow_api to None, run_after=None
[2023-02-18T07:52:27.319+0000] {processor.py:175} INFO - Processing /home/airflow/.local/lib/python3.7/site-packages/airflow/example_dags/tutorial_taskflow_api.py took 2.369 seconds
[2023-02-18T07:53:51.878+0000] {processor.py:153} INFO - Started process (PID=394) to work on /home/airflow/.local/lib/python3.7/site-packages/airflow/example_dags/tutorial_taskflow_api.py
[2023-02-18T07:53:51.909+0000] {processor.py:743} INFO - Processing file /home/airflow/.local/lib/python3.7/site-packages/airflow/example_dags/tutorial_taskflow_api.py for tasks to queue
[2023-02-18T07:53:51.926+0000] {logging_mixin.py:137} INFO - [2023-02-18T07:53:51.913+0000] {dagbag.py:538} INFO - Filling up the DagBag from /home/airflow/.local/lib/python3.7/site-packages/airflow/example_dags/tutorial_taskflow_api.py
[2023-02-18T07:53:52.949+0000] {processor.py:753} INFO - DAG(s) dict_keys(['tutorial_taskflow_api']) retrieved from /home/airflow/.local/lib/python3.7/site-packages/airflow/example_dags/tutorial_taskflow_api.py
[2023-02-18T07:53:54.520+0000] {logging_mixin.py:137} INFO - [2023-02-18T07:53:54.520+0000] {dag.py:2690} INFO - Sync 1 DAGs
[2023-02-18T07:53:55.492+0000] {logging_mixin.py:137} INFO - [2023-02-18T07:53:55.491+0000] {dag.py:3441} INFO - Setting next_dagrun for tutorial_taskflow_api to None, run_after=None
[2023-02-18T07:53:56.223+0000] {processor.py:175} INFO - Processing /home/airflow/.local/lib/python3.7/site-packages/airflow/example_dags/tutorial_taskflow_api.py took 4.446 seconds
[2023-02-18T07:55:36.558+0000] {processor.py:153} INFO - Started process (PID=485) to work on /home/airflow/.local/lib/python3.7/site-packages/airflow/example_dags/tutorial_taskflow_api.py
[2023-02-18T07:55:36.582+0000] {processor.py:743} INFO - Processing file /home/airflow/.local/lib/python3.7/site-packages/airflow/example_dags/tutorial_taskflow_api.py for tasks to queue
[2023-02-18T07:55:36.599+0000] {logging_mixin.py:137} INFO - [2023-02-18T07:55:36.598+0000] {dagbag.py:538} INFO - Filling up the DagBag from /home/airflow/.local/lib/python3.7/site-packages/airflow/example_dags/tutorial_taskflow_api.py
[2023-02-18T07:55:37.367+0000] {processor.py:753} INFO - DAG(s) dict_keys(['tutorial_taskflow_api']) retrieved from /home/airflow/.local/lib/python3.7/site-packages/airflow/example_dags/tutorial_taskflow_api.py
[2023-02-18T07:55:38.648+0000] {logging_mixin.py:137} INFO - [2023-02-18T07:55:38.647+0000] {dag.py:2690} INFO - Sync 1 DAGs
[2023-02-18T07:55:40.596+0000] {logging_mixin.py:137} INFO - [2023-02-18T07:55:40.595+0000] {dag.py:3441} INFO - Setting next_dagrun for tutorial_taskflow_api to None, run_after=None
[2023-02-18T07:55:41.158+0000] {processor.py:175} INFO - Processing /home/airflow/.local/lib/python3.7/site-packages/airflow/example_dags/tutorial_taskflow_api.py took 4.803 seconds
[2023-02-18T07:59:41.967+0000] {processor.py:153} INFO - Started process (PID=644) to work on /home/airflow/.local/lib/python3.7/site-packages/airflow/example_dags/tutorial_taskflow_api.py
[2023-02-18T07:59:42.394+0000] {processor.py:743} INFO - Processing file /home/airflow/.local/lib/python3.7/site-packages/airflow/example_dags/tutorial_taskflow_api.py for tasks to queue
[2023-02-18T07:59:42.397+0000] {logging_mixin.py:137} INFO - [2023-02-18T07:59:42.396+0000] {dagbag.py:538} INFO - Filling up the DagBag from /home/airflow/.local/lib/python3.7/site-packages/airflow/example_dags/tutorial_taskflow_api.py
[2023-02-18T07:59:45.184+0000] {processor.py:753} INFO - DAG(s) dict_keys(['tutorial_taskflow_api']) retrieved from /home/airflow/.local/lib/python3.7/site-packages/airflow/example_dags/tutorial_taskflow_api.py
[2023-02-18T07:59:47.515+0000] {logging_mixin.py:137} INFO - [2023-02-18T07:59:47.515+0000] {dag.py:2690} INFO - Sync 1 DAGs
[2023-02-18T07:59:49.641+0000] {logging_mixin.py:137} INFO - [2023-02-18T07:59:49.641+0000] {dag.py:3441} INFO - Setting next_dagrun for tutorial_taskflow_api to None, run_after=None
[2023-02-18T07:59:51.196+0000] {processor.py:175} INFO - Processing /home/airflow/.local/lib/python3.7/site-packages/airflow/example_dags/tutorial_taskflow_api.py took 9.872 seconds
[2023-02-18T08:02:39.399+0000] {processor.py:153} INFO - Started process (PID=748) to work on /home/airflow/.local/lib/python3.7/site-packages/airflow/example_dags/tutorial_taskflow_api.py
[2023-02-18T08:02:39.751+0000] {processor.py:743} INFO - Processing file /home/airflow/.local/lib/python3.7/site-packages/airflow/example_dags/tutorial_taskflow_api.py for tasks to queue
[2023-02-18T08:02:39.870+0000] {logging_mixin.py:137} INFO - [2023-02-18T08:02:39.870+0000] {dagbag.py:538} INFO - Filling up the DagBag from /home/airflow/.local/lib/python3.7/site-packages/airflow/example_dags/tutorial_taskflow_api.py
[2023-02-18T08:02:41.538+0000] {processor.py:753} INFO - DAG(s) dict_keys(['tutorial_taskflow_api']) retrieved from /home/airflow/.local/lib/python3.7/site-packages/airflow/example_dags/tutorial_taskflow_api.py
[2023-02-18T08:02:45.214+0000] {logging_mixin.py:137} INFO - [2023-02-18T08:02:45.213+0000] {dag.py:2690} INFO - Sync 1 DAGs
[2023-02-18T08:02:48.197+0000] {logging_mixin.py:137} INFO - [2023-02-18T08:02:48.197+0000] {dag.py:3441} INFO - Setting next_dagrun for tutorial_taskflow_api to None, run_after=None
[2023-02-18T08:02:49.906+0000] {processor.py:175} INFO - Processing /home/airflow/.local/lib/python3.7/site-packages/airflow/example_dags/tutorial_taskflow_api.py took 11.094 seconds
[2023-02-18T08:06:57.606+0000] {processor.py:153} INFO - Started process (PID=897) to work on /home/airflow/.local/lib/python3.7/site-packages/airflow/example_dags/tutorial_taskflow_api.py
[2023-02-18T08:06:57.799+0000] {processor.py:743} INFO - Processing file /home/airflow/.local/lib/python3.7/site-packages/airflow/example_dags/tutorial_taskflow_api.py for tasks to queue
[2023-02-18T08:06:57.993+0000] {logging_mixin.py:137} INFO - [2023-02-18T08:06:57.960+0000] {dagbag.py:538} INFO - Filling up the DagBag from /home/airflow/.local/lib/python3.7/site-packages/airflow/example_dags/tutorial_taskflow_api.py
[2023-02-18T08:07:04.675+0000] {processor.py:753} INFO - DAG(s) dict_keys(['tutorial_taskflow_api']) retrieved from /home/airflow/.local/lib/python3.7/site-packages/airflow/example_dags/tutorial_taskflow_api.py
[2023-02-18T08:07:06.907+0000] {logging_mixin.py:137} INFO - [2023-02-18T08:07:06.868+0000] {dag.py:2690} INFO - Sync 1 DAGs
[2023-02-18T08:07:10.838+0000] {logging_mixin.py:137} INFO - [2023-02-18T08:07:10.837+0000] {dag.py:3441} INFO - Setting next_dagrun for tutorial_taskflow_api to None, run_after=None
[2023-02-18T08:07:12.021+0000] {processor.py:175} INFO - Processing /home/airflow/.local/lib/python3.7/site-packages/airflow/example_dags/tutorial_taskflow_api.py took 15.529 seconds
[2023-02-18T08:10:59.685+0000] {processor.py:153} INFO - Started process (PID=1042) to work on /home/airflow/.local/lib/python3.7/site-packages/airflow/example_dags/tutorial_taskflow_api.py
[2023-02-18T08:10:59.926+0000] {processor.py:743} INFO - Processing file /home/airflow/.local/lib/python3.7/site-packages/airflow/example_dags/tutorial_taskflow_api.py for tasks to queue
[2023-02-18T08:10:59.929+0000] {logging_mixin.py:137} INFO - [2023-02-18T08:10:59.928+0000] {dagbag.py:538} INFO - Filling up the DagBag from /home/airflow/.local/lib/python3.7/site-packages/airflow/example_dags/tutorial_taskflow_api.py
[2023-02-18T08:11:04.064+0000] {processor.py:753} INFO - DAG(s) dict_keys(['tutorial_taskflow_api']) retrieved from /home/airflow/.local/lib/python3.7/site-packages/airflow/example_dags/tutorial_taskflow_api.py
[2023-02-18T08:11:08.401+0000] {logging_mixin.py:137} INFO - [2023-02-18T08:11:08.401+0000] {dag.py:2690} INFO - Sync 1 DAGs
[2023-02-18T08:11:11.804+0000] {logging_mixin.py:137} INFO - [2023-02-18T08:11:11.803+0000] {dag.py:3441} INFO - Setting next_dagrun for tutorial_taskflow_api to None, run_after=None
[2023-02-18T08:11:14.993+0000] {processor.py:175} INFO - Processing /home/airflow/.local/lib/python3.7/site-packages/airflow/example_dags/tutorial_taskflow_api.py took 15.616 seconds
[2023-02-18T08:14:32.250+0000] {processor.py:153} INFO - Started process (PID=1161) to work on /home/airflow/.local/lib/python3.7/site-packages/airflow/example_dags/tutorial_taskflow_api.py
[2023-02-18T08:14:32.298+0000] {processor.py:743} INFO - Processing file /home/airflow/.local/lib/python3.7/site-packages/airflow/example_dags/tutorial_taskflow_api.py for tasks to queue
[2023-02-18T08:14:32.574+0000] {logging_mixin.py:137} INFO - [2023-02-18T08:14:32.573+0000] {dagbag.py:538} INFO - Filling up the DagBag from /home/airflow/.local/lib/python3.7/site-packages/airflow/example_dags/tutorial_taskflow_api.py
[2023-02-18T08:14:34.042+0000] {processor.py:753} INFO - DAG(s) dict_keys(['tutorial_taskflow_api']) retrieved from /home/airflow/.local/lib/python3.7/site-packages/airflow/example_dags/tutorial_taskflow_api.py
[2023-02-18T08:14:37.259+0000] {logging_mixin.py:137} INFO - [2023-02-18T08:14:37.259+0000] {dag.py:2690} INFO - Sync 1 DAGs
[2023-02-18T08:14:41.030+0000] {logging_mixin.py:137} INFO - [2023-02-18T08:14:41.029+0000] {dag.py:3441} INFO - Setting next_dagrun for tutorial_taskflow_api to None, run_after=None
[2023-02-18T08:14:42.969+0000] {processor.py:175} INFO - Processing /home/airflow/.local/lib/python3.7/site-packages/airflow/example_dags/tutorial_taskflow_api.py took 11.424 seconds
[2023-02-18T08:17:34.579+0000] {processor.py:153} INFO - Started process (PID=1278) to work on /home/airflow/.local/lib/python3.7/site-packages/airflow/example_dags/tutorial_taskflow_api.py
[2023-02-18T08:17:34.629+0000] {processor.py:743} INFO - Processing file /home/airflow/.local/lib/python3.7/site-packages/airflow/example_dags/tutorial_taskflow_api.py for tasks to queue
[2023-02-18T08:17:34.631+0000] {logging_mixin.py:137} INFO - [2023-02-18T08:17:34.631+0000] {dagbag.py:538} INFO - Filling up the DagBag from /home/airflow/.local/lib/python3.7/site-packages/airflow/example_dags/tutorial_taskflow_api.py
[2023-02-18T08:17:37.580+0000] {processor.py:753} INFO - DAG(s) dict_keys(['tutorial_taskflow_api']) retrieved from /home/airflow/.local/lib/python3.7/site-packages/airflow/example_dags/tutorial_taskflow_api.py
[2023-02-18T08:17:39.833+0000] {logging_mixin.py:137} INFO - [2023-02-18T08:17:39.785+0000] {dag.py:2690} INFO - Sync 1 DAGs
[2023-02-18T08:17:43.919+0000] {logging_mixin.py:137} INFO - [2023-02-18T08:17:43.918+0000] {dag.py:3441} INFO - Setting next_dagrun for tutorial_taskflow_api to None, run_after=None
[2023-02-18T08:17:45.287+0000] {processor.py:175} INFO - Processing /home/airflow/.local/lib/python3.7/site-packages/airflow/example_dags/tutorial_taskflow_api.py took 10.957 seconds
[2023-02-18T08:20:47.826+0000] {processor.py:153} INFO - Started process (PID=1401) to work on /home/airflow/.local/lib/python3.7/site-packages/airflow/example_dags/tutorial_taskflow_api.py
[2023-02-18T08:20:47.889+0000] {processor.py:743} INFO - Processing file /home/airflow/.local/lib/python3.7/site-packages/airflow/example_dags/tutorial_taskflow_api.py for tasks to queue
[2023-02-18T08:20:47.952+0000] {logging_mixin.py:137} INFO - [2023-02-18T08:20:47.951+0000] {dagbag.py:538} INFO - Filling up the DagBag from /home/airflow/.local/lib/python3.7/site-packages/airflow/example_dags/tutorial_taskflow_api.py
[2023-02-18T08:20:51.102+0000] {processor.py:753} INFO - DAG(s) dict_keys(['tutorial_taskflow_api']) retrieved from /home/airflow/.local/lib/python3.7/site-packages/airflow/example_dags/tutorial_taskflow_api.py
[2023-02-18T08:20:53.191+0000] {logging_mixin.py:137} INFO - [2023-02-18T08:20:53.190+0000] {dag.py:2690} INFO - Sync 1 DAGs
[2023-02-18T08:20:54.733+0000] {logging_mixin.py:137} INFO - [2023-02-18T08:20:54.732+0000] {dag.py:3441} INFO - Setting next_dagrun for tutorial_taskflow_api to None, run_after=None
[2023-02-18T08:20:55.752+0000] {processor.py:175} INFO - Processing /home/airflow/.local/lib/python3.7/site-packages/airflow/example_dags/tutorial_taskflow_api.py took 8.721 seconds
[2023-02-18T08:23:33.857+0000] {processor.py:153} INFO - Started process (PID=1508) to work on /home/airflow/.local/lib/python3.7/site-packages/airflow/example_dags/tutorial_taskflow_api.py
[2023-02-18T08:23:33.936+0000] {processor.py:743} INFO - Processing file /home/airflow/.local/lib/python3.7/site-packages/airflow/example_dags/tutorial_taskflow_api.py for tasks to queue
[2023-02-18T08:23:33.939+0000] {logging_mixin.py:137} INFO - [2023-02-18T08:23:33.938+0000] {dagbag.py:538} INFO - Filling up the DagBag from /home/airflow/.local/lib/python3.7/site-packages/airflow/example_dags/tutorial_taskflow_api.py
[2023-02-18T08:23:36.406+0000] {processor.py:753} INFO - DAG(s) dict_keys(['tutorial_taskflow_api']) retrieved from /home/airflow/.local/lib/python3.7/site-packages/airflow/example_dags/tutorial_taskflow_api.py
[2023-02-18T08:23:39.108+0000] {logging_mixin.py:137} INFO - [2023-02-18T08:23:39.108+0000] {dag.py:2690} INFO - Sync 1 DAGs
[2023-02-18T08:23:42.186+0000] {logging_mixin.py:137} INFO - [2023-02-18T08:23:42.185+0000] {dag.py:3441} INFO - Setting next_dagrun for tutorial_taskflow_api to None, run_after=None
[2023-02-18T08:23:43.770+0000] {processor.py:175} INFO - Processing /home/airflow/.local/lib/python3.7/site-packages/airflow/example_dags/tutorial_taskflow_api.py took 10.298 seconds
[2023-02-18T08:27:34.172+0000] {processor.py:153} INFO - Started process (PID=1645) to work on /home/airflow/.local/lib/python3.7/site-packages/airflow/example_dags/tutorial_taskflow_api.py
[2023-02-18T08:27:34.231+0000] {processor.py:743} INFO - Processing file /home/airflow/.local/lib/python3.7/site-packages/airflow/example_dags/tutorial_taskflow_api.py for tasks to queue
[2023-02-18T08:27:34.275+0000] {logging_mixin.py:137} INFO - [2023-02-18T08:27:34.246+0000] {dagbag.py:538} INFO - Filling up the DagBag from /home/airflow/.local/lib/python3.7/site-packages/airflow/example_dags/tutorial_taskflow_api.py
[2023-02-18T08:27:40.625+0000] {processor.py:753} INFO - DAG(s) dict_keys(['tutorial_taskflow_api']) retrieved from /home/airflow/.local/lib/python3.7/site-packages/airflow/example_dags/tutorial_taskflow_api.py
[2023-02-18T08:27:46.299+0000] {logging_mixin.py:137} INFO - [2023-02-18T08:27:46.298+0000] {dag.py:2690} INFO - Sync 1 DAGs
[2023-02-18T08:27:52.671+0000] {logging_mixin.py:137} INFO - [2023-02-18T08:27:52.670+0000] {dag.py:3441} INFO - Setting next_dagrun for tutorial_taskflow_api to None, run_after=None
[2023-02-18T08:27:54.839+0000] {processor.py:175} INFO - Processing /home/airflow/.local/lib/python3.7/site-packages/airflow/example_dags/tutorial_taskflow_api.py took 21.436 seconds
[2023-02-18T08:34:53.706+0000] {processor.py:153} INFO - Started process (PID=1870) to work on /home/airflow/.local/lib/python3.7/site-packages/airflow/example_dags/tutorial_taskflow_api.py
[2023-02-18T08:34:54.546+0000] {processor.py:743} INFO - Processing file /home/airflow/.local/lib/python3.7/site-packages/airflow/example_dags/tutorial_taskflow_api.py for tasks to queue
[2023-02-18T08:34:54.549+0000] {logging_mixin.py:137} INFO - [2023-02-18T08:34:54.548+0000] {dagbag.py:538} INFO - Filling up the DagBag from /home/airflow/.local/lib/python3.7/site-packages/airflow/example_dags/tutorial_taskflow_api.py
[2023-02-18T08:35:03.130+0000] {processor.py:753} INFO - DAG(s) dict_keys(['tutorial_taskflow_api']) retrieved from /home/airflow/.local/lib/python3.7/site-packages/airflow/example_dags/tutorial_taskflow_api.py
[2023-02-18T08:35:08.739+0000] {logging_mixin.py:137} INFO - [2023-02-18T08:35:08.662+0000] {dag.py:2690} INFO - Sync 1 DAGs
[2023-02-18T08:35:15.784+0000] {logging_mixin.py:137} INFO - [2023-02-18T08:35:15.784+0000] {dag.py:3441} INFO - Setting next_dagrun for tutorial_taskflow_api to None, run_after=None
[2023-02-18T08:35:21.611+0000] {processor.py:175} INFO - Processing /home/airflow/.local/lib/python3.7/site-packages/airflow/example_dags/tutorial_taskflow_api.py took 28.693 seconds
[2023-02-18T08:48:05.668+0000] {processor.py:153} INFO - Started process (PID=2231) to work on /home/airflow/.local/lib/python3.7/site-packages/airflow/example_dags/tutorial_taskflow_api.py
[2023-02-18T08:48:06.322+0000] {processor.py:743} INFO - Processing file /home/airflow/.local/lib/python3.7/site-packages/airflow/example_dags/tutorial_taskflow_api.py for tasks to queue
[2023-02-18T08:48:06.358+0000] {logging_mixin.py:137} INFO - [2023-02-18T08:48:06.357+0000] {dagbag.py:538} INFO - Filling up the DagBag from /home/airflow/.local/lib/python3.7/site-packages/airflow/example_dags/tutorial_taskflow_api.py
[2023-02-18T08:48:33.037+0000] {processor.py:753} INFO - DAG(s) dict_keys(['tutorial_taskflow_api']) retrieved from /home/airflow/.local/lib/python3.7/site-packages/airflow/example_dags/tutorial_taskflow_api.py
[2023-02-18T08:49:11.403+0000] {logging_mixin.py:137} INFO - [2023-02-18T08:49:11.403+0000] {dag.py:2690} INFO - Sync 1 DAGs
[2023-02-18T09:52:34.594+0000] {processor.py:153} INFO - Started process (PID=193) to work on /home/airflow/.local/lib/python3.7/site-packages/airflow/example_dags/tutorial_taskflow_api.py
[2023-02-18T09:52:34.610+0000] {processor.py:743} INFO - Processing file /home/airflow/.local/lib/python3.7/site-packages/airflow/example_dags/tutorial_taskflow_api.py for tasks to queue
[2023-02-18T09:52:34.631+0000] {logging_mixin.py:137} INFO - [2023-02-18T09:52:34.612+0000] {dagbag.py:538} INFO - Filling up the DagBag from /home/airflow/.local/lib/python3.7/site-packages/airflow/example_dags/tutorial_taskflow_api.py
[2023-02-18T09:52:35.180+0000] {processor.py:753} INFO - DAG(s) dict_keys(['tutorial_taskflow_api']) retrieved from /home/airflow/.local/lib/python3.7/site-packages/airflow/example_dags/tutorial_taskflow_api.py
[2023-02-18T09:52:39.051+0000] {logging_mixin.py:137} INFO - [2023-02-18T09:52:39.050+0000] {dag.py:2690} INFO - Sync 1 DAGs
[2023-02-18T09:52:40.740+0000] {logging_mixin.py:137} INFO - [2023-02-18T09:52:40.740+0000] {dag.py:3441} INFO - Setting next_dagrun for tutorial_taskflow_api to None, run_after=None
[2023-02-18T09:52:42.038+0000] {processor.py:175} INFO - Processing /home/airflow/.local/lib/python3.7/site-packages/airflow/example_dags/tutorial_taskflow_api.py took 7.563 seconds
[2023-02-18T09:53:54.542+0000] {processor.py:153} INFO - Started process (PID=270) to work on /home/airflow/.local/lib/python3.7/site-packages/airflow/example_dags/tutorial_taskflow_api.py
[2023-02-18T09:53:54.631+0000] {processor.py:743} INFO - Processing file /home/airflow/.local/lib/python3.7/site-packages/airflow/example_dags/tutorial_taskflow_api.py for tasks to queue
[2023-02-18T09:53:54.703+0000] {logging_mixin.py:137} INFO - [2023-02-18T09:53:54.633+0000] {dagbag.py:538} INFO - Filling up the DagBag from /home/airflow/.local/lib/python3.7/site-packages/airflow/example_dags/tutorial_taskflow_api.py
[2023-02-18T09:53:54.931+0000] {processor.py:753} INFO - DAG(s) dict_keys(['tutorial_taskflow_api']) retrieved from /home/airflow/.local/lib/python3.7/site-packages/airflow/example_dags/tutorial_taskflow_api.py
[2023-02-18T09:53:55.783+0000] {logging_mixin.py:137} INFO - [2023-02-18T09:53:55.782+0000] {dag.py:2690} INFO - Sync 1 DAGs
[2023-02-18T09:53:56.654+0000] {logging_mixin.py:137} INFO - [2023-02-18T09:53:56.654+0000] {dag.py:3441} INFO - Setting next_dagrun for tutorial_taskflow_api to None, run_after=None
[2023-02-18T09:53:57.201+0000] {processor.py:175} INFO - Processing /home/airflow/.local/lib/python3.7/site-packages/airflow/example_dags/tutorial_taskflow_api.py took 2.862 seconds
[2023-02-18T09:55:31.272+0000] {processor.py:153} INFO - Started process (PID=356) to work on /home/airflow/.local/lib/python3.7/site-packages/airflow/example_dags/tutorial_taskflow_api.py
[2023-02-18T09:55:31.301+0000] {processor.py:743} INFO - Processing file /home/airflow/.local/lib/python3.7/site-packages/airflow/example_dags/tutorial_taskflow_api.py for tasks to queue
[2023-02-18T09:55:31.303+0000] {logging_mixin.py:137} INFO - [2023-02-18T09:55:31.303+0000] {dagbag.py:538} INFO - Filling up the DagBag from /home/airflow/.local/lib/python3.7/site-packages/airflow/example_dags/tutorial_taskflow_api.py
[2023-02-18T09:55:32.541+0000] {processor.py:753} INFO - DAG(s) dict_keys(['tutorial_taskflow_api']) retrieved from /home/airflow/.local/lib/python3.7/site-packages/airflow/example_dags/tutorial_taskflow_api.py
[2023-02-18T09:55:34.292+0000] {logging_mixin.py:137} INFO - [2023-02-18T09:55:34.292+0000] {dag.py:2690} INFO - Sync 1 DAGs
[2023-02-18T09:55:36.511+0000] {logging_mixin.py:137} INFO - [2023-02-18T09:55:36.511+0000] {dag.py:3441} INFO - Setting next_dagrun for tutorial_taskflow_api to None, run_after=None
[2023-02-18T09:55:38.502+0000] {processor.py:175} INFO - Processing /home/airflow/.local/lib/python3.7/site-packages/airflow/example_dags/tutorial_taskflow_api.py took 7.295 seconds
[2023-02-18T09:59:43.122+0000] {processor.py:153} INFO - Started process (PID=518) to work on /home/airflow/.local/lib/python3.7/site-packages/airflow/example_dags/tutorial_taskflow_api.py
[2023-02-18T09:59:43.155+0000] {processor.py:743} INFO - Processing file /home/airflow/.local/lib/python3.7/site-packages/airflow/example_dags/tutorial_taskflow_api.py for tasks to queue
[2023-02-18T09:59:43.158+0000] {logging_mixin.py:137} INFO - [2023-02-18T09:59:43.157+0000] {dagbag.py:538} INFO - Filling up the DagBag from /home/airflow/.local/lib/python3.7/site-packages/airflow/example_dags/tutorial_taskflow_api.py
[2023-02-18T09:59:44.604+0000] {processor.py:753} INFO - DAG(s) dict_keys(['tutorial_taskflow_api']) retrieved from /home/airflow/.local/lib/python3.7/site-packages/airflow/example_dags/tutorial_taskflow_api.py
[2023-02-18T09:59:45.504+0000] {logging_mixin.py:137} INFO - [2023-02-18T09:59:45.475+0000] {dag.py:2690} INFO - Sync 1 DAGs
[2023-02-18T09:59:46.673+0000] {logging_mixin.py:137} INFO - [2023-02-18T09:59:46.672+0000] {dag.py:3441} INFO - Setting next_dagrun for tutorial_taskflow_api to None, run_after=None
[2023-02-18T09:59:48.583+0000] {processor.py:175} INFO - Processing /home/airflow/.local/lib/python3.7/site-packages/airflow/example_dags/tutorial_taskflow_api.py took 5.688 seconds
[2023-02-18T10:01:33.750+0000] {processor.py:153} INFO - Started process (PID=601) to work on /home/airflow/.local/lib/python3.7/site-packages/airflow/example_dags/tutorial_taskflow_api.py
[2023-02-18T10:01:33.811+0000] {processor.py:743} INFO - Processing file /home/airflow/.local/lib/python3.7/site-packages/airflow/example_dags/tutorial_taskflow_api.py for tasks to queue
[2023-02-18T10:01:33.958+0000] {logging_mixin.py:137} INFO - [2023-02-18T10:01:33.813+0000] {dagbag.py:538} INFO - Filling up the DagBag from /home/airflow/.local/lib/python3.7/site-packages/airflow/example_dags/tutorial_taskflow_api.py
[2023-02-18T10:01:35.550+0000] {processor.py:753} INFO - DAG(s) dict_keys(['tutorial_taskflow_api']) retrieved from /home/airflow/.local/lib/python3.7/site-packages/airflow/example_dags/tutorial_taskflow_api.py
[2023-02-18T10:01:37.345+0000] {logging_mixin.py:137} INFO - [2023-02-18T10:01:37.344+0000] {dag.py:2690} INFO - Sync 1 DAGs
[2023-02-18T10:01:38.759+0000] {logging_mixin.py:137} INFO - [2023-02-18T10:01:38.759+0000] {dag.py:3441} INFO - Setting next_dagrun for tutorial_taskflow_api to None, run_after=None
[2023-02-18T10:01:39.751+0000] {processor.py:175} INFO - Processing /home/airflow/.local/lib/python3.7/site-packages/airflow/example_dags/tutorial_taskflow_api.py took 6.306 seconds
[2023-02-18T10:05:55.885+0000] {processor.py:153} INFO - Started process (PID=768) to work on /home/airflow/.local/lib/python3.7/site-packages/airflow/example_dags/tutorial_taskflow_api.py
[2023-02-18T10:05:55.930+0000] {processor.py:743} INFO - Processing file /home/airflow/.local/lib/python3.7/site-packages/airflow/example_dags/tutorial_taskflow_api.py for tasks to queue
[2023-02-18T10:05:55.932+0000] {logging_mixin.py:137} INFO - [2023-02-18T10:05:55.932+0000] {dagbag.py:538} INFO - Filling up the DagBag from /home/airflow/.local/lib/python3.7/site-packages/airflow/example_dags/tutorial_taskflow_api.py
[2023-02-18T10:05:56.960+0000] {processor.py:753} INFO - DAG(s) dict_keys(['tutorial_taskflow_api']) retrieved from /home/airflow/.local/lib/python3.7/site-packages/airflow/example_dags/tutorial_taskflow_api.py
[2023-02-18T10:06:00.666+0000] {logging_mixin.py:137} INFO - [2023-02-18T10:06:00.665+0000] {dag.py:2690} INFO - Sync 1 DAGs
[2023-02-18T10:06:03.325+0000] {logging_mixin.py:137} INFO - [2023-02-18T10:06:03.324+0000] {dag.py:3441} INFO - Setting next_dagrun for tutorial_taskflow_api to None, run_after=None
[2023-02-18T10:06:04.606+0000] {processor.py:175} INFO - Processing /home/airflow/.local/lib/python3.7/site-packages/airflow/example_dags/tutorial_taskflow_api.py took 8.787 seconds
[2023-02-18T10:08:38.692+0000] {processor.py:153} INFO - Started process (PID=874) to work on /home/airflow/.local/lib/python3.7/site-packages/airflow/example_dags/tutorial_taskflow_api.py
[2023-02-18T10:08:38.722+0000] {processor.py:743} INFO - Processing file /home/airflow/.local/lib/python3.7/site-packages/airflow/example_dags/tutorial_taskflow_api.py for tasks to queue
[2023-02-18T10:08:38.724+0000] {logging_mixin.py:137} INFO - [2023-02-18T10:08:38.724+0000] {dagbag.py:538} INFO - Filling up the DagBag from /home/airflow/.local/lib/python3.7/site-packages/airflow/example_dags/tutorial_taskflow_api.py
[2023-02-18T10:08:39.305+0000] {processor.py:753} INFO - DAG(s) dict_keys(['tutorial_taskflow_api']) retrieved from /home/airflow/.local/lib/python3.7/site-packages/airflow/example_dags/tutorial_taskflow_api.py
[2023-02-18T10:08:40.283+0000] {logging_mixin.py:137} INFO - [2023-02-18T10:08:40.283+0000] {dag.py:2690} INFO - Sync 1 DAGs
[2023-02-18T10:08:41.766+0000] {logging_mixin.py:137} INFO - [2023-02-18T10:08:41.765+0000] {dag.py:3441} INFO - Setting next_dagrun for tutorial_taskflow_api to None, run_after=None
[2023-02-18T10:08:43.776+0000] {processor.py:175} INFO - Processing /home/airflow/.local/lib/python3.7/site-packages/airflow/example_dags/tutorial_taskflow_api.py took 5.117 seconds
